TN:
SF:/root/mfem/examples/ex1p.cpp
FN:63,main
FNDA:4,main
FNF:1
FNH:1
DA:63,4
DA:71,4
DA:72,4
DA:73,4
DA:74,4
DA:75,4
DA:76,4
DA:85,4
DA:87,4
DA:95,4
DA:98,4
DA:99,4
DA:101,0
DA:103,0
DA:105,0
DA:108,4
DA:110,1
DA:115,8
DA:116,4
DA:121,8
DA:130,4
DA:131,20
DA:133,16
DA:140,8
DA:144,12
DA:146,8
DA:155,4
DA:157,4
DA:160,0
DA:164,0
DA:166,0
DA:171,0
DA:174,8
DA:176,4
DA:178,1
DA:186,4
DA:188,4
DA:190,4
DA:198,4
DA:199,4
DA:204,8
DA:210,8
DA:211,4
DA:212,4
DA:218,4
DA:219,4
DA:223,4
DA:229,4
DA:231,0
DA:239,0
DA:245,4
DA:247,8
DA:250,4
DA:251,4
DA:253,4
DA:254,4
DA:258,4
DA:263,8
DA:264,4
DA:265,4
DA:267,12
DA:269,4
DA:271,8
DA:273,4
DA:277,4
DA:279,4
DA:281,8
DA:282,8
DA:284,4
DA:288,4
DA:290,4
LF:71
LH:62
end_of_record
TN:
SF:/root/mfem/fem/bilinearform.hpp
FN:378,_ZNK4mfem12BilinearForm15GetProlongationEv
FN:381,_ZNK4mfem12BilinearForm14GetRestrictionEv
FN:784,_ZNK4mfem17MixedBilinearForm15GetProlongationEv
FN:788,_ZNK4mfem17MixedBilinearForm14GetRestrictionEv
FNDA:0,_ZNK4mfem12BilinearForm14GetRestrictionEv
FNDA:0,_ZNK4mfem12BilinearForm15GetProlongationEv
FNDA:0,_ZNK4mfem17MixedBilinearForm14GetRestrictionEv
FNDA:0,_ZNK4mfem17MixedBilinearForm15GetProlongationEv
FNF:4
FNH:0
DA:378,0
DA:379,0
DA:381,0
DA:382,0
DA:784,0
DA:785,0
DA:788,0
DA:789,0
DA:966,0
LF:9
LH:0
end_of_record
TN:
SF:/root/mfem/fem/bilininteg.hpp
FN:1977,_ZN4mfem19DiffusionIntegratorC2ERNS_11CoefficientE
FNDA:4,_ZN4mfem19DiffusionIntegratorC2ERNS_11CoefficientE
FNF:1
FNH:1
DA:243,0
DA:1977,4
DA:1978,4
LF:3
LH:2
end_of_record
TN:
SF:/root/mfem/fem/ceed/operator.hpp
FN:45,_ZN4mfem4ceed8OperatorD0Ev
FN:45,_ZN4mfem4ceed8OperatorD2Ev
FNDA:0,_ZN4mfem4ceed8OperatorD0Ev
FNDA:0,_ZN4mfem4ceed8OperatorD2Ev
FNF:2
FNH:0
DA:45,0
DA:46,0
DA:52,0
LF:3
LH:0
end_of_record
TN:
SF:/root/mfem/fem/coefficient.hpp
FN:87,_ZN4mfem19ConstantCoefficient4EvalERNS_21ElementTransformationERKNS_16IntegrationPointE
FNDA:1146880,_ZN4mfem19ConstantCoefficient4EvalERNS_21ElementTransformationERKNS_16IntegrationPointE
FNF:1
FNH:1
DA:45,4
DA:78,4
DA:84,4
DA:87,1146880
DA:89,1146880
LF:5
LH:5
end_of_record
TN:
SF:/root/mfem/fem/eltrans.hpp
FN:167,_ZN4mfem21ElementTransformationD0Ev
FN:167,_ZN4mfem21ElementTransformationD2Ev
FN:443,_ZN4mfem27IsoparametricTransformationD0Ev
FN:443,_ZN4mfem27IsoparametricTransformationD2Ev
FNDA:0,_ZN4mfem21ElementTransformationD0Ev
FNDA:0,_ZN4mfem27IsoparametricTransformationD0Ev
FNDA:64,_ZN4mfem21ElementTransformationD2Ev
FNDA:64,_ZN4mfem27IsoparametricTransformationD2Ev
FNF:4
FNH:2
DA:167,64
DA:443,128
LF:2
LH:2
end_of_record
TN:
SF:/root/mfem/fem/fe.hpp
FN:628,_ZN4mfem19ScalarFiniteElement13CheckScalarFEERKNS_13FiniteElementE
FN:718,_ZNK4mfem18NodalFiniteElement21GetLocalInterpolationERNS_21ElementTransformationERNS_11DenseMatrixE
FN:725,_ZNK4mfem18NodalFiniteElement17GetTransferMatrixERKNS_13FiniteElementERNS_21ElementTransformationERNS_11DenseMatrixE
FN:2161,_ZNK4mfem24NodalTensorFiniteElement12GetDofToQuadERKNS_15IntegrationRuleENS_9DofToQuad4ModeE
FNDA:0,_ZN4mfem19ScalarFiniteElement13CheckScalarFEERKNS_13FiniteElementE
FNDA:0,_ZNK4mfem18NodalFiniteElement17GetTransferMatrixERKNS_13FiniteElementERNS_21ElementTransformationERNS_11DenseMatrixE
FNDA:0,_ZNK4mfem18NodalFiniteElement21GetLocalInterpolationERNS_21ElementTransformationERNS_11DenseMatrixE
FNDA:0,_ZNK4mfem24NodalTensorFiniteElement12GetDofToQuadERKNS_15IntegrationRuleENS_9DofToQuad4ModeE
FNF:4
FNH:0
DA:315,0
DA:332,0
DA:628,0
DA:630,0
DA:632,0
DA:718,0
DA:720,0
DA:725,0
DA:728,0
DA:2161,0
DA:2164,0
DA:2165,0
DA:2166,0
LF:13
LH:0
end_of_record
TN:
SF:/root/mfem/fem/fe_coll.hpp
FN:61,_ZNK4mfem23FiniteElementCollection4NameEv
FN:67,_ZNK4mfem23FiniteElementCollection29TraceFiniteElementForGeometryENS_8Geometry4TypeE
FN:214,_ZNK4mfem15H1_FECollection24FiniteElementForGeometryENS_8Geometry4TypeE
FN:217,_ZNK4mfem15H1_FECollection14DofForGeometryENS_8Geometry4TypeE
FN:222,_ZNK4mfem15H1_FECollection4NameEv
FN:223,_ZNK4mfem15H1_FECollection11GetContTypeEv
FN:236,_ZNK4mfem15H1_FECollection5CloneEi
FN:289,_ZNK4mfem15L2_FECollection24FiniteElementForGeometryENS_8Geometry4TypeE
FN:304,_ZNK4mfem15L2_FECollection4NameEv
FN:355,_ZNK4mfem15RT_FECollection24FiniteElementForGeometryENS_8Geometry4TypeE
FN:362,_ZNK4mfem15RT_FECollection4NameEv
FN:405,_ZNK4mfem15ND_FECollection24FiniteElementForGeometryENS_8Geometry4TypeE
FN:412,_ZNK4mfem15ND_FECollection4NameEv
FN:476,_ZNK4mfem17NURBSFECollection4NameEv
FN:508,_ZNK4mfem18LinearFECollection4NameEv
FN:537,_ZNK4mfem21QuadraticFECollection4NameEv
FN:560,_ZNK4mfem24QuadraticPosFECollection4NameEv
FN:591,_ZNK4mfem17CubicFECollection4NameEv
FN:614,_ZNK4mfem27CrouzeixRaviartFECollection4NameEv
FN:639,_ZNK4mfem27LinearNonConf3DFECollection4NameEv
FN:664,_ZNK4mfem18RT0_2DFECollection4NameEv
FN:688,_ZNK4mfem18RT1_2DFECollection4NameEv
FN:712,_ZNK4mfem18RT2_2DFECollection4NameEv
FN:736,_ZNK4mfem19Const2DFECollection4NameEv
FN:761,_ZNK4mfem27LinearDiscont2DFECollection4NameEv
FN:785,_ZNK4mfem32GaussLinearDiscont2DFECollection4NameEv
FN:802,_ZNK4mfem20P1OnQuadFECollection4NameEv
FN:826,_ZNK4mfem30QuadraticDiscont2DFECollection4NameEv
FN:844,_ZNK4mfem33QuadraticPosDiscont2DFECollection4NameEv
FN:867,_ZNK4mfem35GaussQuadraticDiscont2DFECollection4NameEv
FN:891,_ZNK4mfem26CubicDiscont2DFECollection4NameEv
FN:916,_ZNK4mfem19Const3DFECollection4NameEv
FN:940,_ZNK4mfem27LinearDiscont3DFECollection4NameEv
FN:965,_ZNK4mfem30QuadraticDiscont3DFECollection4NameEv
FN:991,_ZNK4mfem25RefinedLinearFECollection4NameEv
FN:1015,_ZNK4mfem18ND1_3DFECollection4NameEv
FN:1039,_ZNK4mfem18RT0_3DFECollection4NameEv
FN:1062,_ZNK4mfem18RT1_3DFECollection4NameEv
FN:1077,_ZNK4mfem18Local_FECollection24FiniteElementForGeometryENS_8Geometry4TypeE
FN:1080,_ZNK4mfem18Local_FECollection14DofForGeometryENS_8Geometry4TypeE
FN:1082,_ZNK4mfem18Local_FECollection22DofOrderForOrientationENS_8Geometry4TypeEi
FN:1085,_ZNK4mfem18Local_FECollection4NameEv
FN:1087,_ZN4mfem18Local_FECollectionD0Ev
FN:1087,_ZN4mfem18Local_FECollectionD2Ev
FN:1088,_ZNK4mfem18Local_FECollection11GetContTypeEv
FNDA:0,_ZN4mfem18Local_FECollectionD0Ev
FNDA:0,_ZN4mfem18Local_FECollectionD2Ev
FNDA:0,_ZNK4mfem15H1_FECollection11GetContTypeEv
FNDA:0,_ZNK4mfem15H1_FECollection14DofForGeometryENS_8Geometry4TypeE
FNDA:0,_ZNK4mfem15H1_FECollection24FiniteElementForGeometryENS_8Geometry4TypeE
FNDA:0,_ZNK4mfem15H1_FECollection4NameEv
FNDA:0,_ZNK4mfem15H1_FECollection5CloneEi
FNDA:0,_ZNK4mfem15L2_FECollection24FiniteElementForGeometryENS_8Geometry4TypeE
FNDA:0,_ZNK4mfem15L2_FECollection4NameEv
FNDA:0,_ZNK4mfem15ND_FECollection24FiniteElementForGeometryENS_8Geometry4TypeE
FNDA:0,_ZNK4mfem15ND_FECollection4NameEv
FNDA:0,_ZNK4mfem15RT_FECollection24FiniteElementForGeometryENS_8Geometry4TypeE
FNDA:0,_ZNK4mfem15RT_FECollection4NameEv
FNDA:0,_ZNK4mfem17CubicFECollection4NameEv
FNDA:0,_ZNK4mfem17NURBSFECollection4NameEv
FNDA:0,_ZNK4mfem18LinearFECollection4NameEv
FNDA:0,_ZNK4mfem18Local_FECollection11GetContTypeEv
FNDA:0,_ZNK4mfem18Local_FECollection14DofForGeometryENS_8Geometry4TypeE
FNDA:0,_ZNK4mfem18Local_FECollection22DofOrderForOrientationENS_8Geometry4TypeEi
FNDA:0,_ZNK4mfem18Local_FECollection24FiniteElementForGeometryENS_8Geometry4TypeE
FNDA:0,_ZNK4mfem18Local_FECollection4NameEv
FNDA:0,_ZNK4mfem18ND1_3DFECollection4NameEv
FNDA:0,_ZNK4mfem18RT0_2DFECollection4NameEv
FNDA:0,_ZNK4mfem18RT0_3DFECollection4NameEv
FNDA:0,_ZNK4mfem18RT1_2DFECollection4NameEv
FNDA:0,_ZNK4mfem18RT1_3DFECollection4NameEv
FNDA:0,_ZNK4mfem18RT2_2DFECollection4NameEv
FNDA:0,_ZNK4mfem19Const2DFECollection4NameEv
FNDA:0,_ZNK4mfem19Const3DFECollection4NameEv
FNDA:0,_ZNK4mfem20P1OnQuadFECollection4NameEv
FNDA:0,_ZNK4mfem21QuadraticFECollection4NameEv
FNDA:0,_ZNK4mfem23FiniteElementCollection29TraceFiniteElementForGeometryENS_8Geometry4TypeE
FNDA:0,_ZNK4mfem23FiniteElementCollection4NameEv
FNDA:0,_ZNK4mfem24QuadraticPosFECollection4NameEv
FNDA:0,_ZNK4mfem25RefinedLinearFECollection4NameEv
FNDA:0,_ZNK4mfem26CubicDiscont2DFECollection4NameEv
FNDA:0,_ZNK4mfem27CrouzeixRaviartFECollection4NameEv
FNDA:0,_ZNK4mfem27LinearDiscont2DFECollection4NameEv
FNDA:0,_ZNK4mfem27LinearDiscont3DFECollection4NameEv
FNDA:0,_ZNK4mfem27LinearNonConf3DFECollection4NameEv
FNDA:0,_ZNK4mfem30QuadraticDiscont2DFECollection4NameEv
FNDA:0,_ZNK4mfem30QuadraticDiscont3DFECollection4NameEv
FNDA:0,_ZNK4mfem32GaussLinearDiscont2DFECollection4NameEv
FNDA:0,_ZNK4mfem33QuadraticPosDiscont2DFECollection4NameEv
FNDA:0,_ZNK4mfem35GaussQuadraticDiscont2DFECollection4NameEv
FNF:45
FNH:0
DA:61,0
DA:67,0
DA:70,0
DA:214,0
DA:216,0
DA:217,0
DA:218,0
DA:222,0
DA:223,0
DA:236,0
DA:237,0
DA:289,0
DA:292,0
DA:304,0
DA:355,0
DA:357,0
DA:362,0
DA:405,0
DA:407,0
DA:412,0
DA:476,0
DA:508,0
DA:537,0
DA:560,0
DA:591,0
DA:614,0
DA:639,0
DA:664,0
DA:688,0
DA:712,0
DA:736,0
DA:761,0
DA:785,0
DA:802,0
DA:826,0
DA:844,0
DA:867,0
DA:891,0
DA:916,0
DA:940,0
DA:965,0
DA:991,0
DA:1015,0
DA:1039,0
DA:1062,0
DA:1077,0
DA:1079,0
DA:1080,0
DA:1081,0
DA:1082,0
DA:1084,0
DA:1085,0
DA:1087,0
DA:1088,0
LF:54
LH:0
end_of_record
TN:
SF:/root/mfem/fem/fespace.hpp
FN:439,_ZNK4mfem18FiniteElementSpace21GetProlongationMatrixEv
FN:455,_ZNK4mfem18FiniteElementSpace20GetRestrictionMatrixEv
FN:1113,_ZN4mfem24L2ProjectionGridTransfer12L2ProjectionD0Ev
FN:1113,_ZN4mfem24L2ProjectionGridTransfer12L2ProjectionD2Ev
FN:1129,_ZN4mfem24L2ProjectionGridTransfer14L2ProlongationD0Ev
FN:1129,_ZN4mfem24L2ProjectionGridTransfer14L2ProlongationD2Ev
FN:1147,_ZN4mfem15UsesTensorBasisERKNS_18FiniteElementSpaceE
FNDA:0,_ZN4mfem15UsesTensorBasisERKNS_18FiniteElementSpaceE
FNDA:0,_ZN4mfem24L2ProjectionGridTransfer12L2ProjectionD0Ev
FNDA:0,_ZN4mfem24L2ProjectionGridTransfer12L2ProjectionD2Ev
FNDA:0,_ZN4mfem24L2ProjectionGridTransfer14L2ProlongationD0Ev
FNDA:0,_ZN4mfem24L2ProjectionGridTransfer14L2ProlongationD2Ev
FNDA:0,_ZNK4mfem18FiniteElementSpace20GetRestrictionMatrixEv
FNDA:0,_ZNK4mfem18FiniteElementSpace21GetProlongationMatrixEv
FNF:7
FNH:0
DA:439,0
DA:440,0
DA:455,0
DA:456,0
DA:531,8
DA:849,4
DA:1113,0
DA:1129,0
DA:1147,0
DA:1149,0
LF:10
LH:2
end_of_record
TN:
SF:/root/mfem/fem/gridfunc.hpp
FN:85,_ZN4mfem12GridFunctionC2EPNS_18FiniteElementSpaceE
FN:691,_ZN4mfem12GridFunctionD0Ev
FN:691,_ZN4mfem12GridFunctionD2Ev
FNDA:0,_ZN4mfem12GridFunctionD0Ev
FNDA:4,_ZN4mfem12GridFunctionC2EPNS_18FiniteElementSpaceE
FNDA:12,_ZN4mfem12GridFunctionD2Ev
FNF:3
FNH:2
DA:77,4
DA:85,4
DA:86,4
DA:120,0
DA:691,12
LF:5
LH:4
end_of_record
TN:
SF:/root/mfem/fem/linearform.hpp
FN:66,_ZN4mfem10LinearFormC2EPNS_18FiniteElementSpaceE
FNDA:4,_ZN4mfem10LinearFormC2EPNS_18FiniteElementSpaceE
FNF:1
FNH:1
DA:66,4
DA:67,4
LF:2
LH:2
end_of_record
TN:
SF:/root/mfem/fem/lininteg.hpp
FN:39,_ZN4mfem20LinearFormIntegrator10SetIntRuleEPKNS_15IntegrationRuleE
FN:100,_ZN4mfem18DomainLFIntegratorC2ERNS_11CoefficientEii
FNDA:0,_ZN4mfem20LinearFormIntegrator10SetIntRuleEPKNS_15IntegrationRuleE
FNDA:4,_ZN4mfem18DomainLFIntegratorC2ERNS_11CoefficientEii
FNF:2
FNH:1
DA:27,4
DA:39,0
DA:56,4
DA:57,4
DA:58,4
DA:100,4
DA:103,4
LF:7
LH:6
end_of_record
TN:
SF:/root/mfem/fem/nonlinearform.hpp
FN:169,_ZNK4mfem13NonlinearForm15GetProlongationEv
FN:171,_ZNK4mfem13NonlinearForm14GetRestrictionEv
FNDA:0,_ZNK4mfem13NonlinearForm14GetRestrictionEv
FNDA:0,_ZNK4mfem13NonlinearForm15GetProlongationEv
FNF:2
FNH:0
DA:169,0
DA:171,0
DA:172,0
LF:3
LH:0
end_of_record
TN:
SF:/root/mfem/fem/nonlininteg.hpp
FNF:0
FNH:0
DA:36,4
DA:112,0
DA:113,0
LF:3
LH:1
end_of_record
TN:
SF:/root/mfem/fem/pbilinearform.hpp
FN:56,_ZN4mfem15ParBilinearFormC2EPNS_21ParFiniteElementSpaceE
FN:162,_ZNK4mfem15ParBilinearForm15GetProlongationEv
FN:168,_ZNK4mfem15ParBilinearForm14GetRestrictionEv
FN:188,_ZN4mfem15ParBilinearFormD0Ev
FN:188,_ZN4mfem15ParBilinearFormD2Ev
FN:278,_ZN4mfem20ParMixedBilinearFormD0Ev
FN:278,_ZN4mfem20ParMixedBilinearFormD2Ev
FN:325,_ZN4mfem25ParDiscreteLinearOperatorD0Ev
FN:325,_ZN4mfem25ParDiscreteLinearOperatorD2Ev
FNDA:0,_ZN4mfem15ParBilinearFormD0Ev
FNDA:0,_ZN4mfem20ParMixedBilinearFormD0Ev
FNDA:0,_ZN4mfem20ParMixedBilinearFormD2Ev
FNDA:0,_ZN4mfem25ParDiscreteLinearOperatorD0Ev
FNDA:0,_ZN4mfem25ParDiscreteLinearOperatorD2Ev
FNDA:0,_ZNK4mfem15ParBilinearForm14GetRestrictionEv
FNDA:0,_ZNK4mfem15ParBilinearForm15GetProlongationEv
FNDA:4,_ZN4mfem15ParBilinearFormC2EPNS_21ParFiniteElementSpaceE
FNDA:4,_ZN4mfem15ParBilinearFormD2Ev
FNF:9
FNH:2
DA:56,4
DA:57,4
DA:58,4
DA:59,4
DA:162,0
DA:163,0
DA:168,0
DA:169,0
DA:188,8
DA:278,0
DA:325,0
LF:11
LH:5
end_of_record
TN:
SF:/root/mfem/fem/pfespace.hpp
FN:366,_ZNK4mfem21ParFiniteElementSpace20GetRestrictionMatrixEv
FN:404,_ZN4mfem21ParFiniteElementSpaceD0Ev
FN:404,_ZN4mfem21ParFiniteElementSpaceD2Ev
FNDA:0,_ZN4mfem21ParFiniteElementSpaceD0Ev
FNDA:0,_ZNK4mfem21ParFiniteElementSpace20GetRestrictionMatrixEv
FNDA:4,_ZN4mfem21ParFiniteElementSpaceD2Ev
FNF:3
FNH:1
DA:299,4
DA:366,0
DA:367,0
DA:404,12
LF:4
LH:2
end_of_record
TN:
SF:/root/mfem/fem/pgridfunc.hpp
FN:56,_ZN4mfem15ParGridFunctionC2EPNS_21ParFiniteElementSpaceE
FN:424,_ZN4mfem15ParGridFunctionD0Ev
FN:424,_ZN4mfem15ParGridFunctionD2Ev
FNDA:0,_ZN4mfem15ParGridFunctionD0Ev
FNDA:4,_ZN4mfem15ParGridFunctionC2EPNS_21ParFiniteElementSpaceE
FNDA:12,_ZN4mfem15ParGridFunctionD2Ev
FNF:3
FNH:2
DA:50,4
DA:56,4
DA:102,4
DA:424,24
LF:4
LH:4
end_of_record
TN:
SF:/root/mfem/fem/plinearform.hpp
FNF:0
FNH:0
DA:26,4
DA:46,4
LF:2
LH:2
end_of_record
TN:
SF:/root/mfem/fem/pnonlinearform.hpp
FN:69,_ZN4mfem16ParNonlinearFormD0Ev
FN:69,_ZN4mfem16ParNonlinearFormD2Ev
FNDA:0,_ZN4mfem16ParNonlinearFormD0Ev
FNDA:0,_ZN4mfem16ParNonlinearFormD2Ev
FNF:2
FNH:0
DA:69,0
LF:1
LH:0
end_of_record
TN:
SF:/root/mfem/general/array.hpp
FN:645,_ZN4mfem5ArrayINS_13OptionsParser6OptionEE8GrowSizeEi
FN:736,_ZN4mfem5ArrayINS_13OptionsParser6OptionEE6AppendERKS2_
FNDA:20,_ZN4mfem5ArrayINS_13OptionsParser6OptionEE8GrowSizeEi
FNDA:36,_ZN4mfem5ArrayINS_13OptionsParser6OptionEE6AppendERKS2_
FNF:2
FNH:2
DA:58,8
DA:64,4
DA:65,4
DA:86,36
DA:128,4
DA:645,20
DA:647,32
DA:649,20
DA:651,20
DA:652,20
DA:653,20
DA:667,36
DA:669,20
DA:671,36
DA:736,36
DA:738,36
DA:739,36
DA:740,36
DA:878,8
DA:880,4
LF:20
LH:20
end_of_record
TN:
SF:/root/mfem/general/communication.hpp
FNF:0
FNH:0
DA:38,4
DA:41,4
DA:43,4
DA:45,4
LF:4
LH:4
end_of_record
TN:
SF:/root/mfem/general/device.hpp
FNF:0
FNH:0
DA:186,4
LF:1
LH:1
end_of_record
TN:
SF:/root/mfem/general/mem_alloc.hpp
FN:93,_ZN4mfem5StackIPNS_11TetrahedronELi1024EE5ClearEv
FN:190,_ZN4mfem8MemAllocINS_11TetrahedronELi1024EE5ClearEv
FNDA:16,_ZN4mfem8MemAllocINS_11TetrahedronELi1024EE5ClearEv
FNDA:24,_ZN4mfem5StackIPNS_11TetrahedronELi1024EE5ClearEv
FNF:2
FNH:2
DA:52,8
DA:93,24
DA:96,24
DA:98,0
DA:99,0
DA:101,24
DA:103,0
DA:104,0
DA:106,24
DA:107,24
DA:108,24
DA:141,0
DA:162,8
DA:190,16
DA:193,16
DA:195,0
DA:196,0
DA:197,0
DA:199,16
DA:200,16
DA:201,16
LF:21
LH:13
end_of_record
TN:
SF:/root/mfem/general/mem_manager.hpp
FN:812,_ZN4mfem6MemoryIdE3NewEi
FN:812,_ZN4mfem6MemoryIiE3NewEi
FN:822,_ZN4mfem6MemoryINS_13OptionsParser6OptionEE3NewEiNS_10MemoryTypeE
FN:926,_ZN4mfem6MemoryINS_13OptionsParser6OptionEE6DeleteEv
FN:926,_ZN4mfem6MemoryINS_4Mesh10NCFaceInfoEE6DeleteEv
FN:926,_ZN4mfem6MemoryINS_4Mesh8FaceInfoEE6DeleteEv
FN:926,_ZN4mfem6MemoryINS_6TripleIiiiEEE6DeleteEv
FN:926,_ZN4mfem6MemoryINS_6VertexEE6DeleteEv
FN:926,_ZN4mfem6MemoryINS_9EmbeddingEE6DeleteEv
FN:926,_ZN4mfem6MemoryIPNS_16GeometricFactorsEE6DeleteEv
FN:926,_ZN4mfem6MemoryIPNS_20FaceGeometricFactorsEE6DeleteEv
FN:926,_ZN4mfem6MemoryIPNS_7ElementEE6DeleteEv
FN:926,_ZN4mfem6MemoryIdE6DeleteEv
FN:926,_ZN4mfem6MemoryIiE6DeleteEv
FN:1070,_ZN4mfem6MemoryINS_13OptionsParser6OptionEE8CopyFromERKS3_i
FNDA:4,_ZN4mfem6MemoryIiE3NewEi
FNDA:8,_ZN4mfem6MemoryINS_4Mesh10NCFaceInfoEE6DeleteEv
FNDA:8,_ZN4mfem6MemoryINS_4Mesh8FaceInfoEE6DeleteEv
FNDA:8,_ZN4mfem6MemoryINS_6TripleIiiiEEE6DeleteEv
FNDA:8,_ZN4mfem6MemoryINS_6VertexEE6DeleteEv
FNDA:8,_ZN4mfem6MemoryINS_9EmbeddingEE6DeleteEv
FNDA:8,_ZN4mfem6MemoryIPNS_16GeometricFactorsEE6DeleteEv
FNDA:8,_ZN4mfem6MemoryIPNS_20FaceGeometricFactorsEE6DeleteEv
FNDA:8,_ZN4mfem6MemoryIdE3NewEi
FNDA:20,_ZN4mfem6MemoryINS_13OptionsParser6OptionEE3NewEiNS_10MemoryTypeE
FNDA:20,_ZN4mfem6MemoryINS_13OptionsParser6OptionEE8CopyFromERKS3_i
FNDA:24,_ZN4mfem6MemoryINS_13OptionsParser6OptionEE6DeleteEv
FNDA:24,_ZN4mfem6MemoryIPNS_7ElementEE6DeleteEv
FNDA:396,_ZN4mfem6MemoryIdE6DeleteEv
FNDA:1438364,_ZN4mfem6MemoryIiE6DeleteEv
FNF:15
FNH:15
DA:173,12
DA:196,20
DA:255,20
DA:259,20
DA:262,56
DA:523,32
DA:731,0
DA:786,56
DA:796,44
DA:797,44
DA:798,44
DA:799,24
DA:800,0
DA:812,12
DA:814,12
DA:815,12
DA:816,12
DA:817,12
DA:818,0
DA:819,12
DA:822,20
DA:824,20
DA:825,20
DA:827,20
DA:828,20
DA:829,20
DA:830,20
DA:831,20
DA:926,1438864
DA:928,1438864
DA:929,1438864
DA:932,1438864
DA:933,0
DA:935,1438864
DA:937,1438864
DA:954,4
DA:1065,20
DA:1066,0
DA:1070,20
DA:1072,20
DA:1074,20
DA:1078,16
DA:1084,0
DA:1086,20
LF:44
LH:38
end_of_record
TN:
SF:/root/mfem/general/optparser.hpp
FN:82,_ZN4mfem13OptionsParser9AddOptionEPbPKcS3_S3_S3_S3_b
FNDA:12,_ZN4mfem13OptionsParser9AddOptionEPbPKcS3_S3_S3_S3_b
FNF:1
FNH:1
DA:31,4
DA:50,36
DA:51,36
DA:74,4
DA:76,4
DA:82,12
DA:87,12
DA:89,12
DA:91,12
DA:97,4
DA:114,8
DA:145,4
LF:12
LH:12
end_of_record
TN:
SF:/root/mfem/general/socketstream.hpp
FN:255,_ZN4mfem12socketstreamC1EPKcib
FNDA:4,_ZN4mfem12socketstreamC1EPKcib
FNF:1
FNH:1
DA:255,4
DA:256,4
LF:2
LH:2
end_of_record
TN:
SF:/root/mfem/linalg/constraints.hpp
FN:61,_ZN4mfem17ConstrainedSolverD0Ev
FN:61,_ZN4mfem17ConstrainedSolverD2Ev
FN:235,_ZN4mfem17EliminationSolver11SetOperatorERKNS_8OperatorE
FN:268,_ZNK4mfem19EliminationCGSolver19BuildPreconditionerEv
FN:276,_ZNK4mfem19EliminationCGSolver11BuildKrylovEv
FN:302,_ZN4mfem24PenaltyConstrainedSolver11SetOperatorERKNS_8OperatorE
FN:338,_ZNK4mfem16PenaltyPCGSolver19BuildPreconditionerEv
FN:346,_ZNK4mfem16PenaltyPCGSolver11BuildKrylovEv
FNDA:0,_ZN4mfem17ConstrainedSolverD0Ev
FNDA:0,_ZN4mfem17ConstrainedSolverD2Ev
FNDA:0,_ZN4mfem17EliminationSolver11SetOperatorERKNS_8OperatorE
FNDA:0,_ZN4mfem24PenaltyConstrainedSolver11SetOperatorERKNS_8OperatorE
FNDA:0,_ZNK4mfem16PenaltyPCGSolver11BuildKrylovEv
FNDA:0,_ZNK4mfem16PenaltyPCGSolver19BuildPreconditionerEv
FNDA:0,_ZNK4mfem19EliminationCGSolver11BuildKrylovEv
FNDA:0,_ZNK4mfem19EliminationCGSolver19BuildPreconditionerEv
FNF:8
FNH:0
DA:61,0
DA:235,0
DA:236,0
DA:268,0
DA:270,0
DA:272,0
DA:273,0
DA:276,0
DA:277,0
DA:302,0
DA:303,0
DA:338,0
DA:340,0
DA:342,0
DA:343,0
DA:346,0
DA:347,0
LF:17
LH:0
end_of_record
TN:
SF:/root/mfem/linalg/densemat.hpp
FNF:0
FNH:0
LF:0
LH:0
end_of_record
TN:
SF:/root/mfem/linalg/handle.hpp
FNF:0
FNH:0
DA:56,4
DA:61,4
DA:72,8
DA:88,4
LF:4
LH:4
end_of_record
TN:
SF:/root/mfem/linalg/hypre.hpp
FN:479,_ZNK4mfem14HypreParMatrix4MultERKNS_6VectorERS1_
FN:481,_ZNK4mfem14HypreParMatrix13MultTransposeERKNS_6VectorERS1_
FN:588,_ZN4mfem14HypreParMatrixD0Ev
FN:588,_ZN4mfem14HypreParMatrixD2Ev
FN:808,_ZN4mfem11HypreSolver11SetOperatorERKNS_8OperatorE
FN:839,_ZNK4mfem13HypreTriSolvecvP19hypre_Solver_structEv
FN:841,_ZNK4mfem13HypreTriSolve8SetupFcnEv
FN:843,_ZNK4mfem13HypreTriSolve8SolveFcnEv
FN:847,_ZN4mfem13HypreTriSolveD0Ev
FN:847,_ZN4mfem13HypreTriSolveD2Ev
FN:1014,_ZNK4mfem13HypreIdentitycvP19hypre_Solver_structEv
FN:1016,_ZNK4mfem13HypreIdentity8SetupFcnEv
FN:1018,_ZNK4mfem13HypreIdentity8SolveFcnEv
FN:1021,_ZN4mfem13HypreIdentityD0Ev
FN:1021,_ZN4mfem13HypreIdentityD2Ev
FN:1040,_ZN4mfem14HypreDiagScaleD0Ev
FN:1040,_ZN4mfem14HypreDiagScaleD2Ev
FNDA:0,_ZN4mfem11HypreSolver11SetOperatorERKNS_8OperatorE
FNDA:0,_ZN4mfem13HypreIdentityD0Ev
FNDA:0,_ZN4mfem13HypreIdentityD2Ev
FNDA:0,_ZN4mfem13HypreTriSolveD0Ev
FNDA:0,_ZN4mfem13HypreTriSolveD2Ev
FNDA:0,_ZN4mfem14HypreDiagScaleD0Ev
FNDA:0,_ZN4mfem14HypreDiagScaleD2Ev
FNDA:0,_ZN4mfem14HypreParMatrixD0Ev
FNDA:0,_ZN4mfem14HypreParMatrixD2Ev
FNDA:0,_ZNK4mfem13HypreIdentity8SetupFcnEv
FNDA:0,_ZNK4mfem13HypreIdentity8SolveFcnEv
FNDA:0,_ZNK4mfem13HypreIdentitycvP19hypre_Solver_structEv
FNDA:0,_ZNK4mfem13HypreTriSolve8SetupFcnEv
FNDA:0,_ZNK4mfem13HypreTriSolve8SolveFcnEv
FNDA:0,_ZNK4mfem13HypreTriSolvecvP19hypre_Solver_structEv
FNDA:0,_ZNK4mfem14HypreParMatrix13MultTransposeERKNS_6VectorERS1_
FNDA:0,_ZNK4mfem14HypreParMatrix4MultERKNS_6VectorERS1_
FNF:17
FNH:0
DA:454,4
DA:479,0
DA:480,0
DA:481,0
DA:482,0
DA:588,0
DA:808,0
DA:809,0
DA:839,0
DA:841,0
DA:842,0
DA:843,0
DA:844,0
DA:847,0
DA:1014,0
DA:1016,0
DA:1017,0
DA:1018,0
DA:1019,0
DA:1021,0
DA:1040,0
DA:1254,0
LF:22
LH:1
end_of_record
TN:
SF:/root/mfem/linalg/operator.hpp
FN:86,_ZNK4mfem8Operator14GetMemoryClassEv
FN:93,_ZNK4mfem8Operator13MultTransposeERKNS_6VectorERS1_
FN:98,_ZNK4mfem8Operator11GetGradientERKNS_6VectorE
FN:106,_ZNK4mfem8Operator15GetProlongationEv
FN:109,_ZNK4mfem8Operator14GetRestrictionEv
FN:112,_ZNK4mfem8Operator21GetOutputProlongationEv
FN:120,_ZNK4mfem8Operator29GetOutputRestrictionTransposeEv
FN:123,_ZNK4mfem8Operator20GetOutputRestrictionEv
FN:456,_ZN4mfem21TimeDependentOperatorD0Ev
FN:456,_ZN4mfem21TimeDependentOperatorD2Ev
FN:634,_ZN4mfem32SecondOrderTimeDependentOperatorD0Ev
FN:634,_ZN4mfem32SecondOrderTimeDependentOperatorD2Ev
FN:859,_ZN4mfem19ConstrainedOperatorD0Ev
FN:859,_ZN4mfem19ConstrainedOperatorD2Ev
FN:912,_ZN4mfem30RectangularConstrainedOperatorD0Ev
FN:912,_ZN4mfem30RectangularConstrainedOperatorD2Ev
FNDA:0,_ZN4mfem19ConstrainedOperatorD0Ev
FNDA:0,_ZN4mfem19ConstrainedOperatorD2Ev
FNDA:0,_ZN4mfem21TimeDependentOperatorD0Ev
FNDA:0,_ZN4mfem21TimeDependentOperatorD2Ev
FNDA:0,_ZN4mfem30RectangularConstrainedOperatorD0Ev
FNDA:0,_ZN4mfem30RectangularConstrainedOperatorD2Ev
FNDA:0,_ZN4mfem32SecondOrderTimeDependentOperatorD0Ev
FNDA:0,_ZN4mfem32SecondOrderTimeDependentOperatorD2Ev
FNDA:0,_ZNK4mfem8Operator11GetGradientERKNS_6VectorE
FNDA:0,_ZNK4mfem8Operator13MultTransposeERKNS_6VectorERS1_
FNDA:0,_ZNK4mfem8Operator14GetMemoryClassEv
FNDA:0,_ZNK4mfem8Operator14GetRestrictionEv
FNDA:0,_ZNK4mfem8Operator15GetProlongationEv
FNDA:0,_ZNK4mfem8Operator20GetOutputRestrictionEv
FNDA:0,_ZNK4mfem8Operator21GetOutputProlongationEv
FNDA:0,_ZNK4mfem8Operator29GetOutputRestrictionTransposeEv
FNF:16
FNH:0
DA:86,0
DA:93,0
DA:94,0
DA:98,0
DA:100,0
DA:101,0
DA:106,0
DA:109,0
DA:112,0
DA:114,0
DA:120,0
DA:123,0
DA:125,0
DA:456,0
DA:634,0
DA:859,0
DA:912,0
LF:17
LH:0
end_of_record
TN:
SF:/root/mfem/linalg/solvers.hpp
FN:147,_ZN4mfem22OperatorJacobiSmootherD0Ev
FN:147,_ZN4mfem22OperatorJacobiSmootherD2Ev
FN:199,_ZN4mfem25OperatorChebyshevSmootherD0Ev
FN:199,_ZN4mfem25OperatorChebyshevSmootherD2Ev
FN:270,_ZN4mfem8CGSolverC2EP19ompi_communicator_t
FNDA:0,_ZN4mfem22OperatorJacobiSmootherD0Ev
FNDA:0,_ZN4mfem22OperatorJacobiSmootherD2Ev
FNDA:0,_ZN4mfem25OperatorChebyshevSmootherD0Ev
FNDA:0,_ZN4mfem25OperatorChebyshevSmootherD2Ev
FNDA:4,_ZN4mfem8CGSolverC2EP19ompi_communicator_t
FNF:5
FNH:1
DA:97,4
DA:99,4
DA:120,0
DA:147,0
DA:199,0
DA:270,4
DA:274,4
LF:7
LH:4
end_of_record
TN:
SF:/root/mfem/linalg/sparsemat.hpp
FN:623,_ZN4mfem12SparseMatrixD0Ev
FN:623,_ZN4mfem12SparseMatrixD2Ev
FNDA:0,_ZN4mfem12SparseMatrixD0Ev
FNDA:0,_ZN4mfem12SparseMatrixD2Ev
FNF:2
FNH:0
DA:623,0
DA:624,0
DA:625,0
DA:646,0
LF:4
LH:0
end_of_record
TN:
SF:/root/mfem/linalg/vector.hpp
FN:592,_ZN4mfem6VectorD0Ev
FN:592,_ZN4mfem6VectorD2Ev
FNDA:0,_ZN4mfem6VectorD0Ev
FNDA:0,_ZN4mfem6VectorD2Ev
FNF:2
FNH:0
DA:70,16
DA:470,8
DA:472,8
DA:474,8
DA:475,8
DA:479,0
DA:592,80
DA:594,92
DA:595,0
LF:9
LH:7
end_of_record
TN:
SF:/root/mfem/mesh/mesh.hpp
FN:1502,_ZN4mfem4MeshD0Ev
FN:1502,_ZN4mfem4MeshD2Ev
FNDA:0,_ZN4mfem4MeshD0Ev
FNDA:8,_ZN4mfem4MeshD2Ev
FNF:2
FNH:1
DA:811,4
DA:829,4
DA:885,4
DA:1226,0
DA:1502,24
LF:5
LH:4
end_of_record
TN:
SF:/root/mfem/mesh/ncmesh.hpp
FNF:0
FNH:0
LF:0
LH:0
end_of_record
TN:
SF:/root/mfem/mesh/tetrahedron.hpp
FN:116,_ZN4mfem11TetrahedronD0Ev
FN:116,_ZN4mfem11TetrahedronD2Ev
FNDA:0,_ZN4mfem11TetrahedronD0Ev
FNDA:0,_ZN4mfem11TetrahedronD2Ev
FNF:2
FNH:0
DA:116,0
LF:1
LH:0
end_of_record
TN:
SF:/usr/include/c++/10/bits/basic_ios.h
FNF:0
FNH:0
DA:282,0
DA:392,8
DA:393,8
DA:460,4
DA:462,4
LF:5
LH:4
end_of_record
TN:
SF:/usr/include/c++/10/bits/basic_string.h
FNF:0
FNH:0
DA:187,0
DA:191,4
DA:195,8
DA:219,0
DA:225,4
DA:239,12
DA:245,0
DA:356,4
DA:671,12
LF:9
LH:6
end_of_record
TN:
SF:/usr/include/c++/10/bits/basic_string.tcc
FN:206,_ZNSt7__cxx1112basic_stringIcSt11char_traitsIcESaIcEE12_M_constructIPKcEEvT_S8_St20forward_iterator_tag
FNDA:4,_ZNSt7__cxx1112basic_stringIcSt11char_traitsIcESaIcEE12_M_constructIPKcEEvT_S8_St20forward_iterator_tag
FNF:1
FNH:1
DA:206,4
DA:211,4
DA:212,0
DA:215,4
DA:217,4
DA:219,0
DA:220,0
DA:232,4
DA:233,4
LF:9
LH:6
end_of_record
TN:
SF:/usr/include/c++/10/bits/char_traits.h
FNF:0
FNH:0
DA:357,0
DA:431,4
DA:437,4
LF:3
LH:2
end_of_record
TN:
SF:/usr/include/c++/10/bits/ios_base.h
FNF:0
FNH:0
DA:88,0
DA:100,0
DA:678,0
DA:731,12
DA:754,8
LF:5
LH:2
end_of_record
TN:
SF:/usr/include/c++/10/bits/locale_facets.h
FN:872,_ZNKSt5ctypeIcE5widenEc
FN:1084,_ZNKSt5ctypeIcE8do_widenEc
FNDA:0,_ZNKSt5ctypeIcE8do_widenEc
FNDA:9,_ZNKSt5ctypeIcE5widenEc
FNF:2
FNH:1
DA:872,9
DA:874,9
DA:875,9
DA:876,0
DA:877,0
DA:1084,0
DA:1085,0
LF:7
LH:3
end_of_record
TN:
SF:/usr/include/c++/10/bits/stl_algobase.h
FNF:0
FNH:0
DA:259,20
DA:260,12
LF:2
LH:2
end_of_record
TN:
SF:/usr/include/c++/10/bits/stl_iterator_base_funcs.h
FNF:0
FNH:0
DA:104,4
LF:1
LH:1
end_of_record
TN:
SF:/usr/include/c++/10/ext/new_allocator.h
FNF:0
FNH:0
DA:139,0
LF:1
LH:0
end_of_record
TN:
SF:/usr/include/c++/10/iomanip
FNF:0
FNH:0
DA:111,0
DA:180,8
DA:210,0
DA:240,8
LF:4
LH:2
end_of_record
TN:
SF:/usr/include/c++/10/iostream
FNF:0
FNH:0
LF:0
LH:0
end_of_record
TN:
SF:/usr/include/c++/10/istream
FNF:0
FNH:0
DA:104,0
DA:856,0
LF:2
LH:0
end_of_record
TN:
SF:/usr/include/c++/10/ostream
FNF:0
FNH:0
DA:93,0
DA:113,5
DA:518,0
DA:611,21
LF:4
LH:2
end_of_record
TN:
SF:/usr/include/c++/10/sstream
FNF:0
FNH:0
DA:678,8
LF:1
LH:1
end_of_record
TN:
SF:/usr/include/c++/10/streambuf
FNF:0
FNH:0
LF:0
LH:0
end_of_record
TN:
SF:/usr/include/x86_64-linux-gnu/bits/string_fortified.h
FNF:0
FNH:0
DA:29,16
DA:30,16
LF:2
LH:2
end_of_record
TN:
SF:/usr/lib/x86_64-linux-gnu/openmpi/include/openmpi/ompi/mpi/cxx/comm.h
FNF:0
FNH:0
DA:66,0
DA:80,0
LF:2
LH:0
end_of_record
TN:
SF:/usr/lib/x86_64-linux-gnu/openmpi/include/openmpi/ompi/mpi/cxx/comm_inln.h
FN:27,_ZNK3MPI4Comm4SendEPKviRKNS_8DatatypeEii
FN:34,_ZNK3MPI4Comm4RecvEPviRKNS_8DatatypeEiiRNS_6StatusE
FN:41,_ZNK3MPI4Comm4RecvEPviRKNS_8DatatypeEii
FN:49,_ZNK3MPI4Comm5BsendEPKviRKNS_8DatatypeEii
FN:57,_ZNK3MPI4Comm5SsendEPKviRKNS_8DatatypeEii
FN:65,_ZNK3MPI4Comm5RsendEPKviRKNS_8DatatypeEii
FN:73,_ZNK3MPI4Comm5IsendEPKviRKNS_8DatatypeEii
FN:83,_ZNK3MPI4Comm6IbsendEPKviRKNS_8DatatypeEii
FN:93,_ZNK3MPI4Comm6IssendEPKviRKNS_8DatatypeEii
FN:103,_ZNK3MPI4Comm6IrsendEPKviRKNS_8DatatypeEii
FN:113,_ZNK3MPI4Comm5IrecvEPviRKNS_8DatatypeEii
FN:124,_ZNK3MPI4Comm6IprobeEiiRNS_6StatusE
FN:132,_ZNK3MPI4Comm6IprobeEii
FN:140,_ZNK3MPI4Comm5ProbeEiiRNS_6StatusE
FN:146,_ZNK3MPI4Comm5ProbeEii
FN:152,_ZNK3MPI4Comm9Send_initEPKviRKNS_8DatatypeEii
FN:162,_ZNK3MPI4Comm10Bsend_initEPKviRKNS_8DatatypeEii
FN:172,_ZNK3MPI4Comm10Ssend_initEPKviRKNS_8DatatypeEii
FN:182,_ZNK3MPI4Comm10Rsend_initEPKviRKNS_8DatatypeEii
FN:192,_ZNK3MPI4Comm9Recv_initEPviRKNS_8DatatypeEii
FN:202,_ZNK3MPI4Comm8SendrecvEPKviRKNS_8DatatypeEiiPviS5_iiRNS_6StatusE
FN:216,_ZNK3MPI4Comm8SendrecvEPKviRKNS_8DatatypeEiiPviS5_ii
FN:230,_ZNK3MPI4Comm16Sendrecv_replaceEPviRKNS_8DatatypeEiiiiRNS_6StatusE
FN:241,_ZNK3MPI4Comm16Sendrecv_replaceEPviRKNS_8DatatypeEiiii
FN:256,_ZNK3MPI4Comm9Get_groupEv
FN:264,_ZNK3MPI4Comm8Get_sizeEv
FN:272,_ZNK3MPI4Comm8Get_rankEv
FN:289,_ZN3MPI4Comm4FreeEv
FN:295,_ZNK3MPI4Comm8Is_interEv
FN:308,_ZNK3MPI4Comm7BarrierEv
FN:314,_ZNK3MPI4Comm5BcastEPviRKNS_8DatatypeEi
FN:321,_ZNK3MPI4Comm6GatherEPKviRKNS_8DatatypeEPviS5_i
FN:331,_ZNK3MPI4Comm7GathervEPKviRKNS_8DatatypeEPvPKiS8_S5_i
FN:343,_ZNK3MPI4Comm7ScatterEPKviRKNS_8DatatypeEPviS5_i
FN:353,_ZNK3MPI4Comm8ScattervEPKvPKiS4_RKNS_8DatatypeEPviS7_i
FN:366,_ZNK3MPI4Comm9AllgatherEPKviRKNS_8DatatypeEPviS5_
FN:376,_ZNK3MPI4Comm10AllgathervEPKviRKNS_8DatatypeEPvPKiS8_S5_
FN:389,_ZNK3MPI4Comm8AlltoallEPKviRKNS_8DatatypeEPviS5_
FN:399,_ZNK3MPI4Comm9AlltoallvEPKvPKiS4_RKNS_8DatatypeEPvS4_S4_S7_
FN:414,_ZNK3MPI4Comm9AlltoallwEPKvPKiS4_PKNS_8DatatypeEPvS4_S4_S7_
FN:442,_ZNK3MPI4Comm6ReduceEPKvPviRKNS_8DatatypeERKNS_2OpEi
FN:450,_ZNK3MPI4Comm9AllreduceEPKvPviRKNS_8DatatypeERKNS_2OpE
FN:457,_ZNK3MPI4Comm14Reduce_scatterEPKvPvPiRKNS_8DatatypeERKNS_2OpE
FN:471,_ZN3MPI4Comm10DisconnectEv
FN:499,_ZNK3MPI4Comm8Get_nameEPcRi
FN:505,_ZN3MPI4Comm8Set_nameEPKc
FN:515,_ZNK3MPI4Comm12Get_topologyEv
FN:527,_ZN3MPI4Comm5AbortEi
FN:539,_ZNK3MPI4Comm14Get_errhandlerEv
FN:547,_ZN3MPI4Comm14Set_errhandlerERKNS_10ErrhandlerE
FN:625,_ZNK3MPI4Comm8Set_attrEiPKv
FN:631,_ZNK3MPI4Comm8Get_attrEiPv
FN:639,_ZN3MPI4Comm11Delete_attrEi
FNDA:0,_ZN3MPI4Comm10DisconnectEv
FNDA:0,_ZN3MPI4Comm11Delete_attrEi
FNDA:0,_ZN3MPI4Comm14Set_errhandlerERKNS_10ErrhandlerE
FNDA:0,_ZN3MPI4Comm4FreeEv
FNDA:0,_ZN3MPI4Comm5AbortEi
FNDA:0,_ZN3MPI4Comm8Set_nameEPKc
FNDA:0,_ZNK3MPI4Comm10AllgathervEPKviRKNS_8DatatypeEPvPKiS8_S5_
FNDA:0,_ZNK3MPI4Comm10Bsend_initEPKviRKNS_8DatatypeEii
FNDA:0,_ZNK3MPI4Comm10Rsend_initEPKviRKNS_8DatatypeEii
FNDA:0,_ZNK3MPI4Comm10Ssend_initEPKviRKNS_8DatatypeEii
FNDA:0,_ZNK3MPI4Comm12Get_topologyEv
FNDA:0,_ZNK3MPI4Comm14Get_errhandlerEv
FNDA:0,_ZNK3MPI4Comm14Reduce_scatterEPKvPvPiRKNS_8DatatypeERKNS_2OpE
FNDA:0,_ZNK3MPI4Comm16Sendrecv_replaceEPviRKNS_8DatatypeEiiii
FNDA:0,_ZNK3MPI4Comm16Sendrecv_replaceEPviRKNS_8DatatypeEiiiiRNS_6StatusE
FNDA:0,_ZNK3MPI4Comm4RecvEPviRKNS_8DatatypeEii
FNDA:0,_ZNK3MPI4Comm4RecvEPviRKNS_8DatatypeEiiRNS_6StatusE
FNDA:0,_ZNK3MPI4Comm4SendEPKviRKNS_8DatatypeEii
FNDA:0,_ZNK3MPI4Comm5BcastEPviRKNS_8DatatypeEi
FNDA:0,_ZNK3MPI4Comm5BsendEPKviRKNS_8DatatypeEii
FNDA:0,_ZNK3MPI4Comm5IrecvEPviRKNS_8DatatypeEii
FNDA:0,_ZNK3MPI4Comm5IsendEPKviRKNS_8DatatypeEii
FNDA:0,_ZNK3MPI4Comm5ProbeEii
FNDA:0,_ZNK3MPI4Comm5ProbeEiiRNS_6StatusE
FNDA:0,_ZNK3MPI4Comm5RsendEPKviRKNS_8DatatypeEii
FNDA:0,_ZNK3MPI4Comm5SsendEPKviRKNS_8DatatypeEii
FNDA:0,_ZNK3MPI4Comm6GatherEPKviRKNS_8DatatypeEPviS5_i
FNDA:0,_ZNK3MPI4Comm6IbsendEPKviRKNS_8DatatypeEii
FNDA:0,_ZNK3MPI4Comm6IprobeEii
FNDA:0,_ZNK3MPI4Comm6IprobeEiiRNS_6StatusE
FNDA:0,_ZNK3MPI4Comm6IrsendEPKviRKNS_8DatatypeEii
FNDA:0,_ZNK3MPI4Comm6IssendEPKviRKNS_8DatatypeEii
FNDA:0,_ZNK3MPI4Comm6ReduceEPKvPviRKNS_8DatatypeERKNS_2OpEi
FNDA:0,_ZNK3MPI4Comm7BarrierEv
FNDA:0,_ZNK3MPI4Comm7GathervEPKviRKNS_8DatatypeEPvPKiS8_S5_i
FNDA:0,_ZNK3MPI4Comm7ScatterEPKviRKNS_8DatatypeEPviS5_i
FNDA:0,_ZNK3MPI4Comm8AlltoallEPKviRKNS_8DatatypeEPviS5_
FNDA:0,_ZNK3MPI4Comm8Get_attrEiPv
FNDA:0,_ZNK3MPI4Comm8Get_nameEPcRi
FNDA:0,_ZNK3MPI4Comm8Get_rankEv
FNDA:0,_ZNK3MPI4Comm8Get_sizeEv
FNDA:0,_ZNK3MPI4Comm8Is_interEv
FNDA:0,_ZNK3MPI4Comm8ScattervEPKvPKiS4_RKNS_8DatatypeEPviS7_i
FNDA:0,_ZNK3MPI4Comm8SendrecvEPKviRKNS_8DatatypeEiiPviS5_ii
FNDA:0,_ZNK3MPI4Comm8SendrecvEPKviRKNS_8DatatypeEiiPviS5_iiRNS_6StatusE
FNDA:0,_ZNK3MPI4Comm8Set_attrEiPKv
FNDA:0,_ZNK3MPI4Comm9AllgatherEPKviRKNS_8DatatypeEPviS5_
FNDA:0,_ZNK3MPI4Comm9AllreduceEPKvPviRKNS_8DatatypeERKNS_2OpE
FNDA:0,_ZNK3MPI4Comm9AlltoallvEPKvPKiS4_RKNS_8DatatypeEPvS4_S4_S7_
FNDA:0,_ZNK3MPI4Comm9AlltoallwEPKvPKiS4_PKNS_8DatatypeEPvS4_S4_S7_
FNDA:0,_ZNK3MPI4Comm9Get_groupEv
FNDA:0,_ZNK3MPI4Comm9Recv_initEPviRKNS_8DatatypeEii
FNDA:0,_ZNK3MPI4Comm9Send_initEPKviRKNS_8DatatypeEii
FNF:53
FNH:0
DA:27,0
DA:30,0
DA:31,0
DA:34,0
DA:37,0
DA:38,0
DA:41,0
DA:44,0
DA:45,0
DA:46,0
DA:49,0
DA:52,0
DA:53,0
DA:54,0
DA:57,0
DA:60,0
DA:61,0
DA:62,0
DA:65,0
DA:68,0
DA:69,0
DA:70,0
DA:73,0
DA:77,0
DA:78,0
DA:79,0
DA:83,0
DA:87,0
DA:88,0
DA:89,0
DA:93,0
DA:97,0
DA:98,0
DA:99,0
DA:103,0
DA:107,0
DA:108,0
DA:109,0
DA:113,0
DA:117,0
DA:118,0
DA:119,0
DA:124,0
DA:127,0
DA:128,0
DA:132,0
DA:135,0
DA:136,0
DA:140,0
DA:142,0
DA:143,0
DA:146,0
DA:148,0
DA:149,0
DA:152,0
DA:156,0
DA:157,0
DA:158,0
DA:162,0
DA:166,0
DA:167,0
DA:168,0
DA:172,0
DA:176,0
DA:177,0
DA:178,0
DA:182,0
DA:186,0
DA:187,0
DA:188,0
DA:192,0
DA:196,0
DA:197,0
DA:198,0
DA:202,0
DA:208,0
DA:212,0
DA:213,0
DA:216,0
DA:222,0
DA:226,0
DA:227,0
DA:230,0
DA:235,0
DA:236,0
DA:238,0
DA:241,0
DA:246,0
DA:247,0
DA:249,0
DA:256,0
DA:259,0
DA:260,0
DA:264,0
DA:267,0
DA:268,0
DA:272,0
DA:275,0
DA:276,0
DA:289,0
DA:291,0
DA:292,0
DA:295,0
DA:298,0
DA:299,0
DA:308,0
DA:310,0
DA:311,0
DA:314,0
DA:317,0
DA:318,0
DA:321,0
DA:326,0
DA:327,0
DA:328,0
DA:331,0
DA:336,0
DA:339,0
DA:340,0
DA:343,0
DA:348,0
DA:349,0
DA:350,0
DA:353,0
DA:358,0
DA:362,0
DA:363,0
DA:366,0
DA:370,0
DA:372,0
DA:373,0
DA:376,0
DA:381,0
DA:385,0
DA:386,0
DA:389,0
DA:393,0
DA:395,0
DA:396,0
DA:399,0
DA:405,0
DA:410,0
DA:411,0
DA:414,0
DA:420,0
DA:421,0
DA:425,0
DA:426,0
DA:427,0
DA:430,0
DA:436,0
DA:438,0
DA:439,0
DA:442,0
DA:446,0
DA:447,0
DA:450,0
DA:453,0
DA:454,0
DA:457,0
DA:462,0
DA:463,0
DA:464,0
DA:471,0
DA:473,0
DA:474,0
DA:499,0
DA:501,0
DA:502,0
DA:505,0
DA:507,0
DA:508,0
DA:515,0
DA:518,0
DA:519,0
DA:527,0
DA:529,0
DA:530,0
DA:539,0
DA:542,0
DA:543,0
DA:547,0
DA:549,0
DA:550,0
DA:625,0
DA:627,0
DA:628,0
DA:631,0
DA:634,0
DA:635,0
DA:639,0
DA:641,0
DA:642,0
LF:193
LH:0
end_of_record
TN:
SF:/usr/lib/x86_64-linux-gnu/openmpi/include/openmpi/ompi/mpi/cxx/datatype.h
FN:70,_ZN3MPI8DatatypeD0Ev
FN:70,_ZN3MPI8DatatypeD2Ev
FNDA:0,_ZN3MPI8DatatypeD0Ev
FNDA:0,_ZN3MPI8DatatypeD2Ev
FNF:2
FNH:0
DA:70,0
DA:72,0
DA:88,0
DA:90,0
LF:4
LH:0
end_of_record
TN:
SF:/usr/lib/x86_64-linux-gnu/openmpi/include/openmpi/ompi/mpi/cxx/datatype_inln.h
FN:29,_ZNK3MPI8Datatype17Create_contiguousEi
FN:37,_ZNK3MPI8Datatype13Create_vectorEiii
FN:46,_ZNK3MPI8Datatype14Create_indexedEiPKiS2_
FN:75,_ZNK3MPI8Datatype15Create_hindexedEiPKiPKl
FN:86,_ZNK3MPI8Datatype14Create_hvectorEiil
FN:97,_ZNK3MPI8Datatype20Create_indexed_blockEiiPKi
FN:107,_ZNK3MPI8Datatype14Create_resizedEll
FN:116,_ZNK3MPI8Datatype8Get_sizeEv
FN:124,_ZNK3MPI8Datatype10Get_extentERlS1_
FN:130,_ZNK3MPI8Datatype15Get_true_extentERlS1_
FN:136,_ZN3MPI8Datatype6CommitEv
FN:142,_ZNK3MPI8Datatype4PackEPKviPviRiRKNS_4CommE
FN:151,_ZNK3MPI8Datatype6UnpackEPKviPviRiRKNS_4CommE
FN:160,_ZNK3MPI8Datatype9Pack_sizeEiRKNS_4CommE
FN:168,_ZNK3MPI8Datatype13Pack_externalEPKcPKviPvlRl
FN:176,_ZNK3MPI8Datatype18Pack_external_sizeEPKci
FN:184,_ZNK3MPI8Datatype15Unpack_externalEPKcPKvlRlPvi
FN:196,_ZNK3MPI8Datatype15Create_subarrayEiPKiS2_S2_i
FN:210,_ZNK3MPI8Datatype13Create_darrayEiiiPKiS2_S2_S2_i
FN:263,_ZNK3MPI8Datatype3DupEv
FN:332,_ZN3MPI8Datatype11Delete_attrEi
FN:344,_ZNK3MPI8Datatype8Get_attrEiPv
FN:354,_ZNK3MPI8Datatype12Get_contentsEiiiPiPlPS0_
FN:376,_ZNK3MPI8Datatype12Get_envelopeERiS1_S1_S1_
FN:384,_ZNK3MPI8Datatype8Get_nameEPcRi
FN:390,_ZN3MPI8Datatype8Set_attrEiPKv
FN:396,_ZN3MPI8Datatype8Set_nameEPKc
FNDA:0,_ZN3MPI8Datatype11Delete_attrEi
FNDA:0,_ZN3MPI8Datatype6CommitEv
FNDA:0,_ZN3MPI8Datatype8Set_attrEiPKv
FNDA:0,_ZN3MPI8Datatype8Set_nameEPKc
FNDA:0,_ZNK3MPI8Datatype10Get_extentERlS1_
FNDA:0,_ZNK3MPI8Datatype12Get_contentsEiiiPiPlPS0_
FNDA:0,_ZNK3MPI8Datatype12Get_envelopeERiS1_S1_S1_
FNDA:0,_ZNK3MPI8Datatype13Create_darrayEiiiPKiS2_S2_S2_i
FNDA:0,_ZNK3MPI8Datatype13Create_vectorEiii
FNDA:0,_ZNK3MPI8Datatype13Pack_externalEPKcPKviPvlRl
FNDA:0,_ZNK3MPI8Datatype14Create_hvectorEiil
FNDA:0,_ZNK3MPI8Datatype14Create_indexedEiPKiS2_
FNDA:0,_ZNK3MPI8Datatype14Create_resizedEll
FNDA:0,_ZNK3MPI8Datatype15Create_hindexedEiPKiPKl
FNDA:0,_ZNK3MPI8Datatype15Create_subarrayEiPKiS2_S2_i
FNDA:0,_ZNK3MPI8Datatype15Get_true_extentERlS1_
FNDA:0,_ZNK3MPI8Datatype15Unpack_externalEPKcPKvlRlPvi
FNDA:0,_ZNK3MPI8Datatype17Create_contiguousEi
FNDA:0,_ZNK3MPI8Datatype18Pack_external_sizeEPKci
FNDA:0,_ZNK3MPI8Datatype20Create_indexed_blockEiiPKi
FNDA:0,_ZNK3MPI8Datatype3DupEv
FNDA:0,_ZNK3MPI8Datatype4PackEPKviPviRiRKNS_4CommE
FNDA:0,_ZNK3MPI8Datatype6UnpackEPKviPviRiRKNS_4CommE
FNDA:0,_ZNK3MPI8Datatype8Get_attrEiPv
FNDA:0,_ZNK3MPI8Datatype8Get_nameEPcRi
FNDA:0,_ZNK3MPI8Datatype8Get_sizeEv
FNDA:0,_ZNK3MPI8Datatype9Pack_sizeEiRKNS_4CommE
FNF:27
FNH:0
DA:29,0
DA:32,0
DA:33,0
DA:37,0
DA:41,0
DA:42,0
DA:46,0
DA:51,0
DA:52,0
DA:53,0
DA:75,0
DA:79,0
DA:81,0
DA:82,0
DA:86,0
DA:90,0
DA:91,0
DA:93,0
DA:97,0
DA:101,0
DA:102,0
DA:103,0
DA:107,0
DA:111,0
DA:112,0
DA:116,0
DA:119,0
DA:120,0
DA:124,0
DA:126,0
DA:127,0
DA:130,0
DA:132,0
DA:133,0
DA:136,0
DA:138,0
DA:139,0
DA:142,0
DA:146,0
DA:148,0
DA:151,0
DA:155,0
DA:156,0
DA:157,0
DA:160,0
DA:163,0
DA:164,0
DA:168,0
DA:171,0
DA:172,0
DA:173,0
DA:176,0
DA:179,0
DA:180,0
DA:184,0
DA:187,0
DA:188,0
DA:189,0
DA:196,0
DA:202,0
DA:205,0
DA:206,0
DA:210,0
DA:216,0
DA:221,0
DA:222,0
DA:263,0
DA:266,0
DA:267,0
DA:332,0
DA:334,0
DA:335,0
DA:344,0
DA:348,0
DA:349,0
DA:354,0
DA:360,0
DA:362,0
DA:369,0
DA:370,0
DA:372,0
DA:373,0
DA:376,0
DA:379,0
DA:381,0
DA:384,0
DA:386,0
DA:387,0
DA:390,0
DA:392,0
DA:393,0
DA:396,0
DA:398,0
DA:399,0
LF:94
LH:0
end_of_record
TN:
SF:/usr/lib/x86_64-linux-gnu/openmpi/include/openmpi/ompi/mpi/cxx/errhandler.h
FN:27,_ZN3MPI10ErrhandlerD0Ev
FN:27,_ZN3MPI10ErrhandlerD2Ev
FNDA:0,_ZN3MPI10ErrhandlerD0Ev
FNDA:0,_ZN3MPI10ErrhandlerD2Ev
FNF:2
FNH:0
DA:27,0
DA:30,0
DA:51,0
LF:3
LH:0
end_of_record
TN:
SF:/usr/lib/x86_64-linux-gnu/openmpi/include/openmpi/ompi/mpi/cxx/errhandler_inln.h
FN:42,_ZN3MPI10Errhandler4FreeEv
FNDA:0,_ZN3MPI10Errhandler4FreeEv
FNF:1
FNH:0
DA:42,0
DA:44,0
DA:45,0
LF:3
LH:0
end_of_record
TN:
SF:/usr/lib/x86_64-linux-gnu/openmpi/include/openmpi/ompi/mpi/cxx/functions_inln.h
FNF:0
FNH:0
DA:142,0
DA:143,0
LF:2
LH:0
end_of_record
TN:
SF:/usr/lib/x86_64-linux-gnu/openmpi/include/openmpi/ompi/mpi/cxx/group.h
FN:67,_ZN3MPI5GroupD0Ev
FN:67,_ZN3MPI5GroupD2Ev
FNDA:0,_ZN3MPI5GroupD0Ev
FNDA:0,_ZN3MPI5GroupD2Ev
FNF:2
FNH:0
DA:62,0
DA:67,0
DA:77,0
LF:3
LH:0
end_of_record
TN:
SF:/usr/lib/x86_64-linux-gnu/openmpi/include/openmpi/ompi/mpi/cxx/group_inln.h
FN:26,_ZNK3MPI5Group8Get_sizeEv
FN:34,_ZNK3MPI5Group8Get_rankEv
FN:82,_ZNK3MPI5Group4InclEiPKi
FN:90,_ZNK3MPI5Group4ExclEiPKi
FN:98,_ZNK3MPI5Group10Range_inclEiPA3_Ki
FN:112,_ZNK3MPI5Group10Range_exclEiPA3_Ki
FN:126,_ZN3MPI5Group4FreeEv
FNDA:0,_ZN3MPI5Group4FreeEv
FNDA:0,_ZNK3MPI5Group10Range_exclEiPA3_Ki
FNDA:0,_ZNK3MPI5Group10Range_inclEiPA3_Ki
FNDA:0,_ZNK3MPI5Group4ExclEiPKi
FNDA:0,_ZNK3MPI5Group4InclEiPKi
FNDA:0,_ZNK3MPI5Group8Get_rankEv
FNDA:0,_ZNK3MPI5Group8Get_sizeEv
FNF:7
FNH:0
DA:26,0
DA:29,0
DA:30,0
DA:34,0
DA:37,0
DA:38,0
DA:82,0
DA:85,0
DA:86,0
DA:90,0
DA:93,0
DA:94,0
DA:98,0
DA:101,0
DA:108,0
DA:112,0
DA:115,0
DA:122,0
DA:126,0
DA:128,0
DA:129,0
LF:21
LH:0
end_of_record
TN:
SF:/usr/lib/x86_64-linux-gnu/openmpi/include/openmpi/ompi/mpi/cxx/info.h
FN:63,_ZN3MPI4InfoD0Ev
FN:63,_ZN3MPI4InfoD2Ev
FNDA:0,_ZN3MPI4InfoD0Ev
FNDA:0,_ZN3MPI4InfoD2Ev
FNF:2
FNH:0
DA:61,0
DA:63,0
DA:73,0
LF:3
LH:0
end_of_record
TN:
SF:/usr/lib/x86_64-linux-gnu/openmpi/include/openmpi/ompi/mpi/cxx/info_inln.h
FN:30,_ZN3MPI4Info6DeleteEPKc
FN:36,_ZNK3MPI4Info3DupEv
FN:44,_ZN3MPI4Info4FreeEv
FN:50,_ZNK3MPI4Info3GetEPKciPc
FN:58,_ZNK3MPI4Info9Get_nkeysEv
FN:66,_ZNK3MPI4Info10Get_nthkeyEiPc
FN:72,_ZNK3MPI4Info12Get_valuelenEPKcRi
FN:80,_ZN3MPI4Info3SetEPKcS2_
FNDA:0,_ZN3MPI4Info3SetEPKcS2_
FNDA:0,_ZN3MPI4Info4FreeEv
FNDA:0,_ZN3MPI4Info6DeleteEPKc
FNDA:0,_ZNK3MPI4Info10Get_nthkeyEiPc
FNDA:0,_ZNK3MPI4Info12Get_valuelenEPKcRi
FNDA:0,_ZNK3MPI4Info3DupEv
FNDA:0,_ZNK3MPI4Info3GetEPKciPc
FNDA:0,_ZNK3MPI4Info9Get_nkeysEv
FNF:8
FNH:0
DA:30,0
DA:32,0
DA:33,0
DA:36,0
DA:39,0
DA:40,0
DA:44,0
DA:46,0
DA:47,0
DA:50,0
DA:53,0
DA:54,0
DA:58,0
DA:61,0
DA:62,0
DA:66,0
DA:68,0
DA:69,0
DA:72,0
DA:75,0
DA:76,0
DA:80,0
DA:82,0
DA:83,0
LF:24
LH:0
end_of_record
TN:
SF:/usr/lib/x86_64-linux-gnu/openmpi/include/openmpi/ompi/mpi/cxx/intercomm.h
FNF:0
FNH:0
DA:34,0
LF:1
LH:0
end_of_record
TN:
SF:/usr/lib/x86_64-linux-gnu/openmpi/include/openmpi/ompi/mpi/cxx/intercomm_inln.h
FN:30,_ZNK3MPI9Intercomm5CloneEv
FN:39,_ZNK3MPI9Intercomm15Get_remote_sizeEv
FN:47,_ZNK3MPI9Intercomm16Get_remote_groupEv
FN:55,_ZNK3MPI9Intercomm5MergeEb
FN:68,_ZNK3MPI9Intercomm6CreateERKNS_5GroupE
FN:76,_ZNK3MPI9Intercomm5SplitEii
FNDA:0,_ZNK3MPI9Intercomm15Get_remote_sizeEv
FNDA:0,_ZNK3MPI9Intercomm16Get_remote_groupEv
FNDA:0,_ZNK3MPI9Intercomm5CloneEv
FNDA:0,_ZNK3MPI9Intercomm5MergeEb
FNDA:0,_ZNK3MPI9Intercomm5SplitEii
FNDA:0,_ZNK3MPI9Intercomm6CreateERKNS_5GroupE
FNF:6
FNH:0
DA:30,0
DA:33,0
DA:34,0
DA:35,0
DA:39,0
DA:42,0
DA:43,0
DA:47,0
DA:50,0
DA:51,0
DA:55,0
DA:58,0
DA:59,0
DA:68,0
DA:71,0
DA:72,0
DA:76,0
DA:79,0
DA:80,0
LF:19
LH:0
end_of_record
TN:
SF:/usr/lib/x86_64-linux-gnu/openmpi/include/openmpi/ompi/mpi/cxx/intracomm.h
FNF:0
FNH:0
DA:25,0
LF:1
LH:0
end_of_record
TN:
SF:/usr/lib/x86_64-linux-gnu/openmpi/include/openmpi/ompi/mpi/cxx/intracomm_inln.h
FN:23,_ZN3MPI9IntracommC2EP19ompi_communicator_t
FN:39,_ZNK3MPI9Intracomm4ScanEPKvPviRKNS_8DatatypeERKNS_2OpE
FN:46,_ZNK3MPI9Intracomm6ExscanEPKvPviRKNS_8DatatypeERKNS_2OpE
FN:62,_ZNK3MPI9Intracomm5CloneEv
FN:71,_ZNK3MPI9Intracomm6CreateERKNS_5GroupE
FN:79,_ZNK3MPI9Intracomm5SplitEii
FN:89,_ZNK3MPI9Intracomm16Create_intercommEiRKNS_4CommEii
FN:100,_ZNK3MPI9Intracomm11Create_cartEiPKiPKbb
FN:115,_ZNK3MPI9Intracomm12Create_graphEiPKiS2_b
FN:130,_ZNK3MPI9Intracomm6AcceptEPKcRKNS_4InfoEi
FN:142,_ZNK3MPI9Intracomm7ConnectEPKcRKNS_4InfoEi
FN:154,_ZNK3MPI9Intracomm5SpawnEPKcPS2_iRKNS_4InfoEi
FN:167,_ZNK3MPI9Intracomm5SpawnEPKcPS2_iRKNS_4InfoEiPi
FN:180,_ZN3MPI9Intracomm14Spawn_multipleEiPPKcPS3_PKiPKNS_4InfoEi
FN:200,_ZN3MPI9Intracomm24convert_info_to_mpi_infoEiPKNS_4InfoE
FN:212,_ZN3MPI9Intracomm14Spawn_multipleEiPPKcPS3_PKiPKNS_4InfoEiPi
FNDA:0,_ZN3MPI9Intracomm14Spawn_multipleEiPPKcPS3_PKiPKNS_4InfoEi
FNDA:0,_ZN3MPI9Intracomm14Spawn_multipleEiPPKcPS3_PKiPKNS_4InfoEiPi
FNDA:0,_ZN3MPI9Intracomm24convert_info_to_mpi_infoEiPKNS_4InfoE
FNDA:0,_ZN3MPI9IntracommC2EP19ompi_communicator_t
FNDA:0,_ZNK3MPI9Intracomm11Create_cartEiPKiPKbb
FNDA:0,_ZNK3MPI9Intracomm12Create_graphEiPKiS2_b
FNDA:0,_ZNK3MPI9Intracomm16Create_intercommEiRKNS_4CommEii
FNDA:0,_ZNK3MPI9Intracomm4ScanEPKvPviRKNS_8DatatypeERKNS_2OpE
FNDA:0,_ZNK3MPI9Intracomm5CloneEv
FNDA:0,_ZNK3MPI9Intracomm5SpawnEPKcPS2_iRKNS_4InfoEi
FNDA:0,_ZNK3MPI9Intracomm5SpawnEPKcPS2_iRKNS_4InfoEiPi
FNDA:0,_ZNK3MPI9Intracomm5SplitEii
FNDA:0,_ZNK3MPI9Intracomm6AcceptEPKcRKNS_4InfoEi
FNDA:0,_ZNK3MPI9Intracomm6CreateERKNS_5GroupE
FNDA:0,_ZNK3MPI9Intracomm6ExscanEPKvPviRKNS_8DatatypeERKNS_2OpE
FNDA:0,_ZNK3MPI9Intracomm7ConnectEPKcRKNS_4InfoEi
FNF:16
FNH:0
DA:23,0
DA:24,0
DA:25,0
DA:26,0
DA:27,0
DA:28,0
DA:30,0
DA:34,0
DA:36,0
DA:39,0
DA:42,0
DA:43,0
DA:46,0
DA:50,0
DA:51,0
DA:62,0
DA:65,0
DA:66,0
DA:67,0
DA:71,0
DA:74,0
DA:75,0
DA:79,0
DA:82,0
DA:83,0
DA:89,0
DA:94,0
DA:96,0
DA:100,0
DA:103,0
DA:104,0
DA:105,0
DA:108,0
DA:110,0
DA:111,0
DA:115,0
DA:119,0
DA:121,0
DA:130,0
DA:135,0
DA:137,0
DA:142,0
DA:147,0
DA:149,0
DA:154,0
DA:159,0
DA:160,0
DA:162,0
DA:167,0
DA:172,0
DA:173,0
DA:175,0
DA:180,0
DA:188,0
DA:190,0
DA:195,0
DA:196,0
DA:200,0
DA:202,0
DA:204,0
DA:205,0
DA:208,0
DA:212,0
DA:221,0
DA:223,0
DA:228,0
DA:229,0
LF:67
LH:0
end_of_record
TN:
SF:/usr/lib/x86_64-linux-gnu/openmpi/include/openmpi/ompi/mpi/cxx/op_inln.h
FN:76,_ZN3MPI2OpD0Ev
FN:76,_ZN3MPI2OpD2Ev
FN:119,_ZN3MPI2Op4InitEPFvPKvPviRKNS_8DatatypeEEb
FN:128,_ZN3MPI2Op4FreeEv
FN:135,_ZNK3MPI2Op12Reduce_localEPKvPviRKNS_8DatatypeE
FN:144,_ZNK3MPI2Op14Is_commutativeEv
FNDA:0,_ZN3MPI2Op4FreeEv
FNDA:0,_ZN3MPI2Op4InitEPFvPKvPviRKNS_8DatatypeEEb
FNDA:0,_ZN3MPI2OpD0Ev
FNDA:0,_ZN3MPI2OpD2Ev
FNDA:0,_ZNK3MPI2Op12Reduce_localEPKvPviRKNS_8DatatypeE
FNDA:0,_ZNK3MPI2Op14Is_commutativeEv
FNF:6
FNH:0
DA:76,0
DA:82,0
DA:102,0
DA:119,0
DA:121,0
DA:123,0
DA:124,0
DA:128,0
DA:130,0
DA:131,0
DA:135,0
DA:138,0
DA:139,0
DA:140,0
DA:144,0
DA:147,0
DA:148,0
LF:17
LH:0
end_of_record
TN:
SF:/usr/lib/x86_64-linux-gnu/openmpi/include/openmpi/ompi/mpi/cxx/request.h
FN:61,_ZN3MPI7RequestD0Ev
FN:61,_ZN3MPI7RequestD2Ev
FN:177,_ZN3MPI8PrequestD0Ev
FN:177,_ZN3MPI8PrequestD2Ev
FN:209,_ZN3MPI8GrequestD0Ev
FN:209,_ZN3MPI8GrequestD2Ev
FNDA:0,_ZN3MPI7RequestD0Ev
FNDA:0,_ZN3MPI7RequestD2Ev
FNDA:0,_ZN3MPI8GrequestD0Ev
FNDA:0,_ZN3MPI8GrequestD2Ev
FNDA:0,_ZN3MPI8PrequestD0Ev
FNDA:0,_ZN3MPI8PrequestD2Ev
FNF:6
FNH:0
DA:61,0
DA:62,0
DA:175,0
DA:177,0
DA:209,0
LF:5
LH:0
end_of_record
TN:
SF:/usr/lib/x86_64-linux-gnu/openmpi/include/openmpi/ompi/mpi/cxx/request_inln.h
FN:27,_ZN3MPI7Request4WaitERNS_6StatusE
FN:33,_ZN3MPI7Request4WaitEv
FN:39,_ZN3MPI7Request4FreeEv
FN:45,_ZN3MPI7Request4TestERNS_6StatusE
FN:53,_ZN3MPI7Request4TestEv
FN:288,_ZNK3MPI7Request6CancelEv
FN:294,_ZN3MPI8Prequest5StartEv
FN:315,_ZNK3MPI7Request10Get_statusERNS_6StatusE
FN:330,_ZNK3MPI7Request10Get_statusEv
FN:362,_ZN3MPI8Grequest8CompleteEv
FNDA:0,_ZN3MPI7Request4FreeEv
FNDA:0,_ZN3MPI7Request4TestERNS_6StatusE
FNDA:0,_ZN3MPI7Request4TestEv
FNDA:0,_ZN3MPI7Request4WaitERNS_6StatusE
FNDA:0,_ZN3MPI7Request4WaitEv
FNDA:0,_ZN3MPI8Grequest8CompleteEv
FNDA:0,_ZN3MPI8Prequest5StartEv
FNDA:0,_ZNK3MPI7Request10Get_statusERNS_6StatusE
FNDA:0,_ZNK3MPI7Request10Get_statusEv
FNDA:0,_ZNK3MPI7Request6CancelEv
FNF:10
FNH:0
DA:27,0
DA:29,0
DA:30,0
DA:33,0
DA:35,0
DA:36,0
DA:39,0
DA:41,0
DA:42,0
DA:45,0
DA:48,0
DA:49,0
DA:53,0
DA:56,0
DA:57,0
DA:288,0
DA:290,0
DA:291,0
DA:294,0
DA:296,0
DA:297,0
DA:315,0
DA:317,0
DA:323,0
DA:324,0
DA:327,0
DA:330,0
DA:337,0
DA:338,0
DA:362,0
DA:364,0
DA:365,0
LF:32
LH:0
end_of_record
TN:
SF:/usr/lib/x86_64-linux-gnu/openmpi/include/openmpi/ompi/mpi/cxx/status.h
FN:64,_ZN3MPI6StatusD0Ev
FN:64,_ZN3MPI6StatusD2Ev
FNDA:0,_ZN3MPI6StatusD0Ev
FNDA:0,_ZN3MPI6StatusD2Ev
FNF:2
FNH:0
DA:64,0
DA:73,0
LF:2
LH:0
end_of_record
TN:
SF:/usr/lib/x86_64-linux-gnu/openmpi/include/openmpi/ompi/mpi/cxx/status_inln.h
FN:26,_ZNK3MPI6Status9Get_countERKNS_8DatatypeE
FN:34,_ZNK3MPI6Status12Is_cancelledEv
FN:42,_ZNK3MPI6Status12Get_elementsERKNS_8DatatypeE
FN:53,_ZNK3MPI6Status10Get_sourceEv
FN:61,_ZN3MPI6Status10Set_sourceEi
FN:67,_ZNK3MPI6Status7Get_tagEv
FN:75,_ZN3MPI6Status7Set_tagEi
FN:81,_ZNK3MPI6Status9Get_errorEv
FN:89,_ZN3MPI6Status9Set_errorEi
FN:95,_ZN3MPI6Status12Set_elementsERKNS_8DatatypeEi
FN:101,_ZN3MPI6Status13Set_cancelledEb
FNDA:0,_ZN3MPI6Status10Set_sourceEi
FNDA:0,_ZN3MPI6Status12Set_elementsERKNS_8DatatypeEi
FNDA:0,_ZN3MPI6Status13Set_cancelledEb
FNDA:0,_ZN3MPI6Status7Set_tagEi
FNDA:0,_ZN3MPI6Status9Set_errorEi
FNDA:0,_ZNK3MPI6Status10Get_sourceEv
FNDA:0,_ZNK3MPI6Status12Get_elementsERKNS_8DatatypeE
FNDA:0,_ZNK3MPI6Status12Is_cancelledEv
FNDA:0,_ZNK3MPI6Status7Get_tagEv
FNDA:0,_ZNK3MPI6Status9Get_countERKNS_8DatatypeE
FNDA:0,_ZNK3MPI6Status9Get_errorEv
FNF:11
FNH:0
DA:26,0
DA:29,0
DA:30,0
DA:34,0
DA:37,0
DA:38,0
DA:42,0
DA:45,0
DA:46,0
DA:53,0
DA:56,0
DA:57,0
DA:61,0
DA:63,0
DA:64,0
DA:67,0
DA:70,0
DA:71,0
DA:75,0
DA:77,0
DA:78,0
DA:81,0
DA:84,0
DA:85,0
DA:89,0
DA:91,0
DA:92,0
DA:95,0
DA:97,0
DA:98,0
DA:101,0
DA:103,0
DA:104,0
LF:33
LH:0
end_of_record
TN:
SF:/usr/lib/x86_64-linux-gnu/openmpi/include/openmpi/ompi/mpi/cxx/topology.h
FNF:0
FNH:0
LF:0
LH:0
end_of_record
TN:
SF:/usr/lib/x86_64-linux-gnu/openmpi/include/openmpi/ompi/mpi/cxx/topology_inln.h
FN:28,_ZN3MPI8CartcommC2ERKP19ompi_communicator_t
FN:59,_ZNK3MPI8Cartcomm7Get_dimEv
FN:67,_ZNK3MPI8Cartcomm8Get_topoEiPiPbS1_
FN:83,_ZNK3MPI8Cartcomm13Get_cart_rankEPKi
FN:91,_ZNK3MPI8Cartcomm10Get_coordsEiiPi
FN:97,_ZNK3MPI8Cartcomm5ShiftEiiRiS1_
FN:104,_ZNK3MPI8Cartcomm3SubEPKb
FN:119,_ZNK3MPI8Cartcomm3MapEiPKiPKb
FN:133,_ZNK3MPI8Cartcomm5CloneEv
FN:146,_ZN3MPI9GraphcommC2ERKP19ompi_communicator_t
FN:177,_ZNK3MPI9Graphcomm8Get_dimsEPiS1_
FN:183,_ZNK3MPI9Graphcomm8Get_topoEiiPiS1_
FN:190,_ZNK3MPI9Graphcomm19Get_neighbors_countEi
FN:198,_ZNK3MPI9Graphcomm13Get_neighborsEiiPi
FN:205,_ZNK3MPI9Graphcomm3MapEiPKiS2_
FN:214,_ZNK3MPI9Graphcomm5CloneEv
FNDA:0,_ZN3MPI8CartcommC2ERKP19ompi_communicator_t
FNDA:0,_ZN3MPI9GraphcommC2ERKP19ompi_communicator_t
FNDA:0,_ZNK3MPI8Cartcomm10Get_coordsEiiPi
FNDA:0,_ZNK3MPI8Cartcomm13Get_cart_rankEPKi
FNDA:0,_ZNK3MPI8Cartcomm3MapEiPKiPKb
FNDA:0,_ZNK3MPI8Cartcomm3SubEPKb
FNDA:0,_ZNK3MPI8Cartcomm5CloneEv
FNDA:0,_ZNK3MPI8Cartcomm5ShiftEiiRiS1_
FNDA:0,_ZNK3MPI8Cartcomm7Get_dimEv
FNDA:0,_ZNK3MPI8Cartcomm8Get_topoEiPiPbS1_
FNDA:0,_ZNK3MPI9Graphcomm13Get_neighborsEiiPi
FNDA:0,_ZNK3MPI9Graphcomm19Get_neighbors_countEi
FNDA:0,_ZNK3MPI9Graphcomm3MapEiPKiS2_
FNDA:0,_ZNK3MPI9Graphcomm5CloneEv
FNDA:0,_ZNK3MPI9Graphcomm8Get_dimsEPiS1_
FNDA:0,_ZNK3MPI9Graphcomm8Get_topoEiiPiS1_
FNF:16
FNH:0
DA:28,0
DA:29,0
DA:30,0
DA:31,0
DA:32,0
DA:33,0
DA:35,0
DA:38,0
DA:40,0
DA:59,0
DA:62,0
DA:63,0
DA:67,0
DA:70,0
DA:72,0
DA:73,0
DA:75,0
DA:76,0
DA:77,0
DA:79,0
DA:80,0
DA:83,0
DA:86,0
DA:87,0
DA:91,0
DA:93,0
DA:94,0
DA:97,0
DA:100,0
DA:101,0
DA:104,0
DA:107,0
DA:108,0
DA:109,0
DA:110,0
DA:113,0
DA:114,0
DA:115,0
DA:119,0
DA:121,0
DA:122,0
DA:123,0
DA:126,0
DA:127,0
DA:128,0
DA:133,0
DA:136,0
DA:137,0
DA:138,0
DA:146,0
DA:147,0
DA:148,0
DA:149,0
DA:150,0
DA:151,0
DA:153,0
DA:156,0
DA:158,0
DA:177,0
DA:179,0
DA:180,0
DA:183,0
DA:186,0
DA:187,0
DA:190,0
DA:193,0
DA:194,0
DA:198,0
DA:201,0
DA:202,0
DA:205,0
DA:209,0
DA:210,0
DA:214,0
DA:217,0
DA:218,0
DA:219,0
LF:77
LH:0
end_of_record
TN:
SF:/usr/lib/x86_64-linux-gnu/openmpi/include/openmpi/ompi/mpi/cxx/win.h
FN:63,_ZN3MPI3WinD0Ev
FN:63,_ZN3MPI3WinD2Ev
FNDA:0,_ZN3MPI3WinD0Ev
FNDA:0,_ZN3MPI3WinD2Ev
FNF:2
FNH:0
DA:63,0
LF:1
LH:0
end_of_record
TN:
SF:/usr/lib/x86_64-linux-gnu/openmpi/include/openmpi/ompi/mpi/cxx/win_inln.h
FN:30,_ZNK3MPI3Win14Get_errhandlerEv
FN:39,_ZNK3MPI3Win14Set_errhandlerERKNS_10ErrhandlerE
FN:51,_ZNK3MPI3Win10AccumulateEPKviRKNS_8DatatypeEiliS5_RKNS_2OpE
FN:65,_ZNK3MPI3Win8CompleteEv
FN:83,_ZNK3MPI3Win5FenceEi
FN:90,_ZNK3MPI3Win3GetEPKviRKNS_8DatatypeEiliS5_
FN:104,_ZNK3MPI3Win9Get_groupEv
FN:113,_ZNK3MPI3Win4LockEiii
FN:120,_ZNK3MPI3Win4PostERKNS_5GroupEi
FN:127,_ZNK3MPI3Win3PutEPKviRKNS_8DatatypeEiliS5_
FN:141,_ZNK3MPI3Win5StartERKNS_5GroupEi
FN:148,_ZNK3MPI3Win4TestEv
FN:158,_ZNK3MPI3Win6UnlockEi
FN:165,_ZNK3MPI3Win4WaitEv
FN:176,_ZNK3MPI3Win15Call_errhandlerEi
FN:242,_ZN3MPI3Win11Delete_attrEi
FN:277,_ZNK3MPI3Win8Get_nameEPcRi
FN:284,_ZN3MPI3Win8Set_attrEiPKv
FN:291,_ZN3MPI3Win8Set_nameEPKc
FNDA:0,_ZN3MPI3Win11Delete_attrEi
FNDA:0,_ZN3MPI3Win8Set_attrEiPKv
FNDA:0,_ZN3MPI3Win8Set_nameEPKc
FNDA:0,_ZNK3MPI3Win10AccumulateEPKviRKNS_8DatatypeEiliS5_RKNS_2OpE
FNDA:0,_ZNK3MPI3Win14Get_errhandlerEv
FNDA:0,_ZNK3MPI3Win14Set_errhandlerERKNS_10ErrhandlerE
FNDA:0,_ZNK3MPI3Win15Call_errhandlerEi
FNDA:0,_ZNK3MPI3Win3GetEPKviRKNS_8DatatypeEiliS5_
FNDA:0,_ZNK3MPI3Win3PutEPKviRKNS_8DatatypeEiliS5_
FNDA:0,_ZNK3MPI3Win4LockEiii
FNDA:0,_ZNK3MPI3Win4PostERKNS_5GroupEi
FNDA:0,_ZNK3MPI3Win4TestEv
FNDA:0,_ZNK3MPI3Win4WaitEv
FNDA:0,_ZNK3MPI3Win5FenceEi
FNDA:0,_ZNK3MPI3Win5StartERKNS_5GroupEi
FNDA:0,_ZNK3MPI3Win6UnlockEi
FNDA:0,_ZNK3MPI3Win8CompleteEv
FNDA:0,_ZNK3MPI3Win8Get_nameEPcRi
FNDA:0,_ZNK3MPI3Win9Get_groupEv
FNF:19
FNH:0
DA:30,0
DA:33,0
DA:34,0
DA:39,0
DA:41,0
DA:42,0
DA:51,0
DA:57,0
DA:59,0
DA:61,0
DA:65,0
DA:67,0
DA:68,0
DA:83,0
DA:85,0
DA:86,0
DA:90,0
DA:96,0
DA:98,0
DA:100,0
DA:104,0
DA:107,0
DA:108,0
DA:113,0
DA:115,0
DA:116,0
DA:120,0
DA:122,0
DA:123,0
DA:127,0
DA:133,0
DA:135,0
DA:137,0
DA:141,0
DA:143,0
DA:144,0
DA:148,0
DA:151,0
DA:152,0
DA:158,0
DA:160,0
DA:161,0
DA:165,0
DA:167,0
DA:168,0
DA:176,0
DA:178,0
DA:179,0
DA:242,0
DA:244,0
DA:245,0
DA:277,0
DA:279,0
DA:280,0
DA:284,0
DA:286,0
DA:287,0
DA:291,0
DA:293,0
DA:294,0
LF:60
LH:0
end_of_record
