2023-11-09 07:27:22,116:INFO:ËøôÊòØ‰∏ÄÊù°INFOÁ∫ßÂà´ÁöÑÊó•Âøó
2023-11-09 07:27:22,116:DEBUG:ËøôÊòØ‰∏ÄÊù°DEBUGÁ∫ßÂà´ÁöÑÊó•Âøó
2023-11-09 07:27:22,128:ERROR:
2023-11-09 07:27:22,128:ERROR:Processing issues:   0%|          | 0/1 [00:00<?, ?it/s]
2023-11-09 07:27:22,128:DEBUG:Processing mfem issue2884
2023-11-09 07:27:22,128:ERROR:
2023-11-09 07:27:22,128:ERROR:Processing test cases for mfem issue2884:   0%|          | 0/2 [00:00<?, ?it/s]
2023-11-09 07:27:22,128:ERROR:[A
2023-11-09 07:27:22,455:DEBUG:Deleted old branch branch_987d2e0
2023-11-09 07:27:22,689:DEBUG:Switched to new branch branch_987d2e0 at 987d2e043bad3a99841b88354dce0c0932cb8642
2023-11-09 07:27:22,689:DEBUG:Target directory: /root/mfem/mfem-code-analyzer/bugs/issue2884
2023-11-09 07:27:22,690:DEBUG:Copied tests/unit/fem/test_pa_coeff.cpp to /root/mfem/mfem-code-analyzer/bugs/issue2884/test_pa_coeff.cpp
2023-11-09 07:27:22,690:ERROR:
2023-11-09 07:27:22,690:ERROR:Processing test cases for mfem issue2884:  50%|#####     | 1/2 [00:00<00:00,  1.78it/s]
2023-11-09 07:27:22,690:ERROR:[A
2023-11-09 07:27:23,106:DEBUG:Deleted old branch branch_987d2e0
2023-11-09 07:27:23,332:DEBUG:Switched to new branch branch_987d2e0 at 987d2e043bad3a99841b88354dce0c0932cb8642
2023-11-09 07:27:23,333:DEBUG:Target directory: /root/mfem/mfem-code-analyzer/bugs/issue2884
2023-11-09 07:27:23,333:DEBUG:Copied tests/unit/fem/test_pa_grad.cpp to /root/mfem/mfem-code-analyzer/bugs/issue2884/test_pa_grad.cpp
2023-11-09 07:27:23,334:ERROR:
2023-11-09 07:27:23,334:ERROR:Processing test cases for mfem issue2884: 100%|##########| 2/2 [00:01<00:00,  1.64it/s]
2023-11-09 07:27:23,334:ERROR:[A
2023-11-09 07:27:23,334:ERROR:[A
2023-11-09 07:27:23,335:INFO:Processing issue: {'name': 'issue2884', 'bug_sha': '637849387ff1fa6a7bcfa6fbecafb98dedb84880', 'fix_sha': '987d2e043bad3a99841b88354dce0c0932cb8642', 'testcase': 'tests/unit/fem/test_pa_coeff.cpp,tests/unit/fem/test_pa_grad.cpp', 'testname': 'H1 pa_coeff,Hcurl/Hdiv pa_coeff,Hcurl/Hdiv mixed pa_coeff,ParallelPAGradient,PA Gradient,Nonlinear Convection', 'url': 'https://github.com/mfem/mfem/commit/987d2e043bad3a99841b88354dce0c0932cb8642'}
2023-11-09 07:27:23,335:INFO:Running bug version: 637849387ff1fa6a7bcfa6fbecafb98dedb84880
2023-11-09 07:27:23,716:DEBUG:No existing branch named branch_6378493, continue...
2023-11-09 07:27:23,962:DEBUG:Switched to new branch branch_6378493 at 637849387ff1fa6a7bcfa6fbecafb98dedb84880
2023-11-09 07:27:23,962:DEBUG:Copied fix file /root/mfem/mfem-code-analyzer/bugs/issue2884/test_pa_coeff.cpp to /root/mfem/mfem/tests/unit/fem/test_pa_coeff.cpp
2023-11-09 07:27:23,962:DEBUG:Copied fix file /root/mfem/mfem-code-analyzer/bugs/issue2884/test_pa_grad.cpp to /root/mfem/mfem/tests/unit/fem/test_pa_grad.cpp
2023-11-09 07:28:26,706:DEBUG:-- (optional) USER_CONFIG = /root/mfem/mfem/config/user.cmake
2023-11-09 07:28:26,706:DEBUG:-- USE_XSDK_DEFAULTS = 'OFF'
2023-11-09 07:28:26,706:DEBUG:-- The CXX compiler identification is GNU 10.5.0
2023-11-09 07:28:26,706:DEBUG:-- Detecting CXX compiler ABI info
2023-11-09 07:28:26,706:DEBUG:-- Detecting CXX compiler ABI info - done
2023-11-09 07:28:26,706:DEBUG:-- Check for working CXX compiler: /usr/bin/c++ - skipped
2023-11-09 07:28:26,706:DEBUG:-- Detecting CXX compile features
2023-11-09 07:28:26,706:DEBUG:-- Detecting CXX compile features - done
2023-11-09 07:28:26,707:DEBUG:-- Looking for POSIXClocks ...
2023-11-09 07:28:26,707:DEBUG:--    checking library: <standard c/c++>
2023-11-09 07:28:26,707:DEBUG:-- Found POSIXClocks: TRUE
2023-11-09 07:28:26,707:DEBUG:-- MFEM: using package POSIXCLOCKS
2023-11-09 07:28:26,707:DEBUG:-- MFEM build type: CMAKE_BUILD_TYPE = Release
2023-11-09 07:28:26,707:DEBUG:-- MFEM version: v4.4.0
2023-11-09 07:28:26,707:DEBUG:-- MFEM git string: heads/branch_6378493-0-g637849387ff1fa6a7bcfa6fbecafb98dedb84880
2023-11-09 07:28:26,707:DEBUG:-- Writing substitute header --> "mfem.hpp"
2023-11-09 07:28:26,707:DEBUG:-- Writing substitute header --> "mfem-performance.hpp"
2023-11-09 07:28:26,707:DEBUG:-- performance_ex1: add flags "-march=native -Wall -pedantic --param max-completely-peel-times=3"
2023-11-09 07:28:26,707:DEBUG:-- Could NOT find Doxygen (missing: DOXYGEN_EXECUTABLE)
2023-11-09 07:28:26,708:DEBUG:-- CMAKE_INSTALL_PREFIX = /usr/local
2023-11-09 07:28:26,708:DEBUG:-- Configuring done
2023-11-09 07:28:26,708:DEBUG:-- Generating done
2023-11-09 07:28:26,708:DEBUG:-- Build files have been written to: /root/mfem/mfem/build
2023-11-09 07:28:26,708:DEBUG:[  1%] Copying meshing miniapps data files ...
2023-11-09 07:28:26,708:DEBUG:[  1%] Copying the data directory ...
2023-11-09 07:28:26,708:DEBUG:[  1%] Built target benchmarks
2023-11-09 07:28:26,708:DEBUG:[  2%] Building CXX object CMakeFiles/mfem.dir/general/array.cpp.o
2023-11-09 07:28:26,708:DEBUG:[  2%] Building CXX object CMakeFiles/mfem.dir/general/binaryio.cpp.o
2023-11-09 07:28:26,708:DEBUG:[  3%] Building CXX object CMakeFiles/mfem.dir/general/error.cpp.o
2023-11-09 07:28:26,709:DEBUG:[  3%] Building CXX object CMakeFiles/mfem.dir/general/device.cpp.o
2023-11-09 07:28:26,709:DEBUG:[  3%] Building CXX object CMakeFiles/mfem.dir/general/cuda.cpp.o
2023-11-09 07:28:26,709:DEBUG:[  3%] Building CXX object CMakeFiles/mfem.dir/general/gecko.cpp.o
2023-11-09 07:28:26,709:DEBUG:[  3%] Building CXX object CMakeFiles/mfem.dir/general/globals.cpp.o
2023-11-09 07:28:26,709:DEBUG:[  3%] Building CXX object CMakeFiles/mfem.dir/general/hash.cpp.o
2023-11-09 07:28:26,709:DEBUG:[  3%] Building CXX object CMakeFiles/mfem.dir/general/mem_manager.cpp.o
2023-11-09 07:28:26,709:DEBUG:[  3%] Built target copy_miniapps_meshing_data
2023-11-09 07:28:26,709:DEBUG:[  3%] Built target copy_data
2023-11-09 07:28:26,709:DEBUG:[  4%] Building CXX object CMakeFiles/mfem.dir/general/isockstream.cpp.o
2023-11-09 07:28:26,709:DEBUG:[  5%] Building CXX object CMakeFiles/mfem.dir/general/optparser.cpp.o
2023-11-09 07:28:26,709:DEBUG:[  5%] Building CXX object CMakeFiles/mfem.dir/general/osockstream.cpp.o
2023-11-09 07:28:26,710:DEBUG:[  5%] Building CXX object CMakeFiles/mfem.dir/general/occa.cpp.o
2023-11-09 07:28:26,710:DEBUG:[  6%] Building CXX object CMakeFiles/mfem.dir/general/stable3d.cpp.o
2023-11-09 07:28:26,710:DEBUG:[  6%] Building CXX object CMakeFiles/mfem.dir/general/tic_toc.cpp.o
2023-11-09 07:28:26,710:DEBUG:[  6%] Building CXX object CMakeFiles/mfem.dir/general/sets.cpp.o
2023-11-09 07:28:26,710:DEBUG:[  7%] Building CXX object CMakeFiles/mfem.dir/general/hip.cpp.o
2023-11-09 07:28:26,710:DEBUG:[  7%] Building CXX object CMakeFiles/mfem.dir/general/version.cpp.o
2023-11-09 07:28:26,710:DEBUG:[  7%] Building CXX object CMakeFiles/mfem.dir/general/socketstream.cpp.o
2023-11-09 07:28:26,710:DEBUG:[  7%] Building CXX object CMakeFiles/mfem.dir/general/table.cpp.o
2023-11-09 07:28:26,710:DEBUG:[  7%] Built target exec_prerequisites
2023-11-09 07:28:26,710:DEBUG:[  7%] Building CXX object CMakeFiles/mfem.dir/general/tinyxml2.cpp.o
2023-11-09 07:28:26,710:DEBUG:[  7%] Building CXX object CMakeFiles/mfem.dir/linalg/auxiliary.cpp.o
2023-11-09 07:28:26,711:DEBUG:[  8%] Building CXX object CMakeFiles/mfem.dir/linalg/blockmatrix.cpp.o
2023-11-09 07:28:26,711:DEBUG:[  8%] Building CXX object CMakeFiles/mfem.dir/linalg/blockoperator.cpp.o
2023-11-09 07:28:26,711:DEBUG:[  8%] Building CXX object CMakeFiles/mfem.dir/linalg/blockvector.cpp.o
2023-11-09 07:28:26,711:DEBUG:[  8%] Building CXX object CMakeFiles/mfem.dir/linalg/complex_operator.cpp.o
2023-11-09 07:28:26,711:DEBUG:[  9%] Building CXX object CMakeFiles/mfem.dir/linalg/constraints.cpp.o
2023-11-09 07:28:26,711:DEBUG:[  9%] Building CXX object CMakeFiles/mfem.dir/linalg/densemat.cpp.o
2023-11-09 07:28:26,711:DEBUG:[  9%] Building CXX object CMakeFiles/mfem.dir/linalg/handle.cpp.o
2023-11-09 07:28:26,711:DEBUG:[  9%] Building CXX object CMakeFiles/mfem.dir/linalg/symmat.cpp.o
2023-11-09 07:28:26,711:DEBUG:[ 10%] Building CXX object CMakeFiles/mfem.dir/linalg/matrix.cpp.o
2023-11-09 07:28:26,711:DEBUG:[ 10%] Building CXX object CMakeFiles/mfem.dir/linalg/operator.cpp.o
2023-11-09 07:28:26,711:DEBUG:[ 10%] Building CXX object CMakeFiles/mfem.dir/linalg/solvers.cpp.o
2023-11-09 07:28:26,711:DEBUG:[ 10%] Building CXX object CMakeFiles/mfem.dir/linalg/ode.cpp.o
2023-11-09 07:28:26,711:DEBUG:[ 10%] Building CXX object CMakeFiles/mfem.dir/linalg/sparsesmoothers.cpp.o
2023-11-09 07:28:26,711:DEBUG:[ 11%] Building CXX object CMakeFiles/mfem.dir/linalg/sparsemat.cpp.o
2023-11-09 07:28:26,712:DEBUG:[ 12%] Building CXX object CMakeFiles/mfem.dir/linalg/vector.cpp.o
2023-11-09 07:28:26,712:DEBUG:[ 12%] Building CXX object CMakeFiles/mfem.dir/mesh/element.cpp.o
2023-11-09 07:28:26,712:DEBUG:[ 12%] Building CXX object CMakeFiles/mfem.dir/mesh/gmsh.cpp.o
2023-11-09 07:28:26,712:DEBUG:[ 12%] Building CXX object CMakeFiles/mfem.dir/mesh/mesh.cpp.o
2023-11-09 07:28:26,712:DEBUG:[ 12%] Building CXX object CMakeFiles/mfem.dir/mesh/hexahedron.cpp.o
2023-11-09 07:28:26,712:DEBUG:[ 13%] Building CXX object CMakeFiles/mfem.dir/mesh/mesh_readers.cpp.o
2023-11-09 07:28:26,712:DEBUG:[ 13%] Building CXX object CMakeFiles/mfem.dir/mesh/mesh_operators.cpp.o
2023-11-09 07:28:26,712:DEBUG:[ 13%] Building CXX object CMakeFiles/mfem.dir/mesh/ncmesh.cpp.o
2023-11-09 07:28:26,712:DEBUG:[ 14%] Building CXX object CMakeFiles/mfem.dir/mesh/nurbs.cpp.o
2023-11-09 07:28:26,712:DEBUG:[ 14%] Building CXX object CMakeFiles/mfem.dir/mesh/point.cpp.o
2023-11-09 07:28:26,712:DEBUG:[ 14%] Building CXX object CMakeFiles/mfem.dir/mesh/quadrilateral.cpp.o
2023-11-09 07:28:26,712:DEBUG:[ 14%] Building CXX object CMakeFiles/mfem.dir/mesh/pyramid.cpp.o
2023-11-09 07:28:26,712:DEBUG:[ 14%] Building CXX object CMakeFiles/mfem.dir/mesh/tetrahedron.cpp.o
2023-11-09 07:28:26,712:DEBUG:[ 14%] Building CXX object CMakeFiles/mfem.dir/mesh/vertex.cpp.o
2023-11-09 07:28:26,712:DEBUG:[ 15%] Building CXX object CMakeFiles/mfem.dir/mesh/segment.cpp.o
2023-11-09 07:28:26,712:DEBUG:[ 15%] Building CXX object CMakeFiles/mfem.dir/mesh/triangle.cpp.o
2023-11-09 07:28:26,713:DEBUG:[ 15%] Building CXX object CMakeFiles/mfem.dir/mesh/wedge.cpp.o
2023-11-09 07:28:26,713:DEBUG:[ 16%] Building CXX object CMakeFiles/mfem.dir/mesh/vtk.cpp.o
2023-11-09 07:28:26,713:DEBUG:[ 16%] Building CXX object CMakeFiles/mfem.dir/fem/bilinearform.cpp.o
2023-11-09 07:28:26,713:DEBUG:[ 17%] Building CXX object CMakeFiles/mfem.dir/fem/bilininteg.cpp.o
2023-11-09 07:28:26,713:DEBUG:[ 18%] Building CXX object CMakeFiles/mfem.dir/fem/bilininteg_convection_pa.cpp.o
2023-11-09 07:28:26,713:DEBUG:[ 18%] Building CXX object CMakeFiles/mfem.dir/fem/bilininteg_convection_mf.cpp.o
2023-11-09 07:28:26,713:DEBUG:[ 18%] Building CXX object CMakeFiles/mfem.dir/fem/bilinearform_ext.cpp.o
2023-11-09 07:28:26,713:DEBUG:[ 18%] Building CXX object CMakeFiles/mfem.dir/fem/bilininteg_br2.cpp.o
2023-11-09 07:28:26,713:DEBUG:[ 18%] Building CXX object CMakeFiles/mfem.dir/fem/bilininteg_convection_ea.cpp.o
2023-11-09 07:28:26,713:DEBUG:[ 18%] Building CXX object CMakeFiles/mfem.dir/fem/bilininteg_dgtrace_pa.cpp.o
2023-11-09 07:28:26,713:DEBUG:[ 18%] Building CXX object CMakeFiles/mfem.dir/fem/bilininteg_dgtrace_ea.cpp.o
2023-11-09 07:28:26,713:DEBUG:[ 19%] Building CXX object CMakeFiles/mfem.dir/fem/bilininteg_diffusion_mf.cpp.o
2023-11-09 07:28:26,713:DEBUG:[ 19%] Building CXX object CMakeFiles/mfem.dir/fem/bilininteg_diffusion_pa.cpp.o
2023-11-09 07:28:26,713:DEBUG:[ 19%] Building CXX object CMakeFiles/mfem.dir/fem/bilininteg_diffusion_ea.cpp.o
2023-11-09 07:28:26,713:DEBUG:[ 19%] Building CXX object CMakeFiles/mfem.dir/fem/bilininteg_divergence.cpp.o
2023-11-09 07:28:26,713:DEBUG:[ 20%] Building CXX object CMakeFiles/mfem.dir/fem/bilininteg_hcurl.cpp.o
2023-11-09 07:28:26,713:DEBUG:[ 20%] Building CXX object CMakeFiles/mfem.dir/fem/bilininteg_hdiv.cpp.o
2023-11-09 07:28:26,714:DEBUG:[ 20%] Building CXX object CMakeFiles/mfem.dir/fem/bilininteg_gradient.cpp.o
2023-11-09 07:28:26,714:DEBUG:[ 20%] Building CXX object CMakeFiles/mfem.dir/fem/bilininteg_vectorfe.cpp.o
2023-11-09 07:28:26,714:DEBUG:[ 21%] Building CXX object CMakeFiles/mfem.dir/fem/bilininteg_mass_mf.cpp.o
2023-11-09 07:28:26,714:DEBUG:[ 21%] Building CXX object CMakeFiles/mfem.dir/fem/bilininteg_mass_ea.cpp.o
2023-11-09 07:28:26,714:DEBUG:[ 21%] Building CXX object CMakeFiles/mfem.dir/fem/bilininteg_mass_pa.cpp.o
2023-11-09 07:28:26,714:DEBUG:[ 22%] Building CXX object CMakeFiles/mfem.dir/fem/bilininteg_transpose_ea.cpp.o
2023-11-09 07:28:26,714:DEBUG:[ 22%] Building CXX object CMakeFiles/mfem.dir/fem/bilininteg_vecdiffusion.cpp.o
2023-11-09 07:28:26,714:DEBUG:[ 22%] Building CXX object CMakeFiles/mfem.dir/fem/bilininteg_vecdiffusion_mf.cpp.o
2023-11-09 07:28:26,714:DEBUG:[ 22%] Building CXX object CMakeFiles/mfem.dir/fem/bilininteg_vecmass.cpp.o
2023-11-09 07:28:26,714:DEBUG:[ 23%] Building CXX object CMakeFiles/mfem.dir/fem/bilininteg_vecmass_mf.cpp.o
2023-11-09 07:28:26,714:DEBUG:[ 23%] Building CXX object CMakeFiles/mfem.dir/fem/coefficient.cpp.o
2023-11-09 07:28:26,714:DEBUG:[ 23%] Building CXX object CMakeFiles/mfem.dir/fem/complex_fem.cpp.o
2023-11-09 07:28:26,714:DEBUG:[ 23%] Building CXX object CMakeFiles/mfem.dir/fem/convergence.cpp.o
2023-11-09 07:28:26,714:DEBUG:[ 24%] Building CXX object CMakeFiles/mfem.dir/fem/datacollection.cpp.o
2023-11-09 07:28:26,714:DEBUG:[ 24%] Building CXX object CMakeFiles/mfem.dir/fem/doftrans.cpp.o
2023-11-09 07:28:26,714:DEBUG:[ 24%] Building CXX object CMakeFiles/mfem.dir/fem/eltrans.cpp.o
2023-11-09 07:28:26,715:DEBUG:[ 25%] Building CXX object CMakeFiles/mfem.dir/fem/estimators.cpp.o
2023-11-09 07:28:26,715:DEBUG:[ 25%] Building CXX object CMakeFiles/mfem.dir/fem/fe/fe_base.cpp.o
2023-11-09 07:28:26,715:DEBUG:[ 25%] Building CXX object CMakeFiles/mfem.dir/fem/fe.cpp.o
2023-11-09 07:28:26,715:DEBUG:[ 25%] Building CXX object CMakeFiles/mfem.dir/fem/fe/fe_fixed_order.cpp.o
2023-11-09 07:28:26,715:DEBUG:[ 26%] Building CXX object CMakeFiles/mfem.dir/fem/fe/fe_h1.cpp.o
2023-11-09 07:28:26,715:DEBUG:[ 26%] Building CXX object CMakeFiles/mfem.dir/fem/fe/fe_l2.cpp.o
2023-11-09 07:28:26,715:DEBUG:[ 26%] Building CXX object CMakeFiles/mfem.dir/fem/fe/fe_nd.cpp.o
2023-11-09 07:28:26,715:DEBUG:[ 26%] Building CXX object CMakeFiles/mfem.dir/fem/fe/fe_nurbs.cpp.o
2023-11-09 07:28:26,715:DEBUG:[ 27%] Building CXX object CMakeFiles/mfem.dir/fem/fe/fe_pos.cpp.o
2023-11-09 07:28:26,715:DEBUG:[ 27%] Building CXX object CMakeFiles/mfem.dir/fem/fe/fe_rt.cpp.o
2023-11-09 07:28:26,715:DEBUG:[ 27%] Building CXX object CMakeFiles/mfem.dir/fem/fe/fe_ser.cpp.o
2023-11-09 07:28:26,715:DEBUG:[ 27%] Building CXX object CMakeFiles/mfem.dir/fem/fe_coll.cpp.o
2023-11-09 07:28:26,715:DEBUG:[ 28%] Building CXX object CMakeFiles/mfem.dir/fem/fespace.cpp.o
2023-11-09 07:28:26,715:DEBUG:[ 28%] Building CXX object CMakeFiles/mfem.dir/fem/geom.cpp.o
2023-11-09 07:28:26,715:DEBUG:[ 28%] Building CXX object CMakeFiles/mfem.dir/fem/gridfunc.cpp.o
2023-11-09 07:28:26,715:DEBUG:[ 29%] Building CXX object CMakeFiles/mfem.dir/fem/hybridization.cpp.o
2023-11-09 07:28:26,716:DEBUG:[ 29%] Building CXX object CMakeFiles/mfem.dir/fem/intrules.cpp.o
2023-11-09 07:28:26,716:DEBUG:[ 29%] Building CXX object CMakeFiles/mfem.dir/fem/ceed/algebraic.cpp.o
2023-11-09 07:28:26,716:DEBUG:[ 29%] Building CXX object CMakeFiles/mfem.dir/fem/ceed/full-assembly.cpp.o
2023-11-09 07:28:26,716:DEBUG:[ 30%] Building CXX object CMakeFiles/mfem.dir/fem/ceed/solvers-atpmg.cpp.o
2023-11-09 07:28:26,716:DEBUG:[ 30%] Building CXX object CMakeFiles/mfem.dir/fem/ceed/convection.cpp.o
2023-11-09 07:28:26,716:DEBUG:[ 30%] Building CXX object CMakeFiles/mfem.dir/fem/ceed/diffusion.cpp.o
2023-11-09 07:28:26,716:DEBUG:[ 30%] Building CXX object CMakeFiles/mfem.dir/fem/ceed/nlconvection.cpp.o
2023-11-09 07:28:26,716:DEBUG:[ 31%] Building CXX object CMakeFiles/mfem.dir/fem/ceed/mass.cpp.o
2023-11-09 07:28:26,716:DEBUG:[ 31%] Building CXX object CMakeFiles/mfem.dir/fem/ceed/operator.cpp.o
2023-11-09 07:28:26,716:DEBUG:[ 31%] Building CXX object CMakeFiles/mfem.dir/fem/ceed/util.cpp.o
2023-11-09 07:28:26,716:DEBUG:[ 32%] Building CXX object CMakeFiles/mfem.dir/fem/linearform.cpp.o
2023-11-09 07:28:26,716:DEBUG:[ 32%] Building CXX object CMakeFiles/mfem.dir/fem/multigrid.cpp.o
2023-11-09 07:28:26,716:DEBUG:[ 32%] Building CXX object CMakeFiles/mfem.dir/fem/lininteg.cpp.o
2023-11-09 07:28:26,716:DEBUG:[ 32%] Building CXX object CMakeFiles/mfem.dir/fem/nonlinearform.cpp.o
2023-11-09 07:28:26,716:DEBUG:[ 33%] Building CXX object CMakeFiles/mfem.dir/fem/nonlinearform_ext.cpp.o
2023-11-09 07:28:26,716:DEBUG:[ 33%] Building CXX object CMakeFiles/mfem.dir/fem/nonlininteg.cpp.o
2023-11-09 07:28:26,717:DEBUG:[ 33%] Building CXX object CMakeFiles/mfem.dir/fem/fespacehierarchy.cpp.o
2023-11-09 07:28:26,717:DEBUG:[ 33%] Building CXX object CMakeFiles/mfem.dir/fem/nonlininteg_vectorconvection.cpp.o
2023-11-09 07:28:26,717:DEBUG:[ 34%] Building CXX object CMakeFiles/mfem.dir/fem/nonlininteg_vectorconvection_mf.cpp.o
2023-11-09 07:28:26,717:DEBUG:[ 34%] Building CXX object CMakeFiles/mfem.dir/fem/qinterp/det.cpp.o
2023-11-09 07:28:26,717:DEBUG:[ 34%] Building CXX object CMakeFiles/mfem.dir/fem/qinterp/eval_by_nodes.cpp.o
2023-11-09 07:28:26,717:DEBUG:[ 34%] Building CXX object CMakeFiles/mfem.dir/fem/qinterp/eval_by_vdim.cpp.o
2023-11-09 07:28:26,717:DEBUG:[ 35%] Building CXX object CMakeFiles/mfem.dir/fem/qinterp/grad_by_nodes.cpp.o
2023-11-09 07:28:26,717:DEBUG:[ 35%] Building CXX object CMakeFiles/mfem.dir/fem/qinterp/grad_by_vdim.cpp.o
2023-11-09 07:28:26,717:DEBUG:[ 35%] Building CXX object CMakeFiles/mfem.dir/fem/qinterp/grad_phys_by_nodes.cpp.o
2023-11-09 07:28:26,717:DEBUG:[ 36%] Building CXX object CMakeFiles/mfem.dir/fem/qinterp/grad_phys_by_vdim.cpp.o
2023-11-09 07:28:26,717:DEBUG:[ 36%] Building CXX object CMakeFiles/mfem.dir/fem/quadinterpolator.cpp.o
2023-11-09 07:28:26,717:DEBUG:[ 36%] Building CXX object CMakeFiles/mfem.dir/fem/quadinterpolator_face.cpp.o
2023-11-09 07:28:26,717:DEBUG:[ 36%] Building CXX object CMakeFiles/mfem.dir/fem/restriction.cpp.o
2023-11-09 07:28:26,717:DEBUG:[ 37%] Building CXX object CMakeFiles/mfem.dir/fem/staticcond.cpp.o
2023-11-09 07:28:26,717:DEBUG:[ 37%] Building CXX object CMakeFiles/mfem.dir/fem/tmop.cpp.o
2023-11-09 07:28:26,717:DEBUG:[ 37%] Building CXX object CMakeFiles/mfem.dir/fem/tmop/tmop_pa.cpp.o
2023-11-09 07:28:26,717:DEBUG:[ 37%] Building CXX object CMakeFiles/mfem.dir/fem/tmop/tmop_pa_da3.cpp.o
2023-11-09 07:28:26,718:DEBUG:[ 38%] Building CXX object CMakeFiles/mfem.dir/fem/tmop/tmop_pa_h2d.cpp.o
2023-11-09 07:28:26,718:DEBUG:[ 38%] Building CXX object CMakeFiles/mfem.dir/fem/tmop/tmop_pa_h2d_c0.cpp.o
2023-11-09 07:28:26,718:DEBUG:[ 38%] Building CXX object CMakeFiles/mfem.dir/fem/tmop/tmop_pa_h2m.cpp.o
2023-11-09 07:28:26,718:DEBUG:[ 39%] Building CXX object CMakeFiles/mfem.dir/fem/tmop/tmop_pa_h2m_c0.cpp.o
2023-11-09 07:28:26,718:DEBUG:[ 39%] Building CXX object CMakeFiles/mfem.dir/fem/tmop/tmop_pa_h2s_c0.cpp.o
2023-11-09 07:28:26,718:DEBUG:[ 39%] Building CXX object CMakeFiles/mfem.dir/fem/tmop/tmop_pa_h2s.cpp.o
2023-11-09 07:28:26,718:DEBUG:[ 39%] Building CXX object CMakeFiles/mfem.dir/fem/tmop/tmop_pa_h3d.cpp.o
2023-11-09 07:28:26,718:DEBUG:[ 40%] Building CXX object CMakeFiles/mfem.dir/fem/tmop/tmop_pa_h3d_c0.cpp.o
2023-11-09 07:28:26,718:DEBUG:[ 40%] Building CXX object CMakeFiles/mfem.dir/fem/tmop/tmop_pa_h3m.cpp.o
2023-11-09 07:28:26,718:DEBUG:[ 40%] Building CXX object CMakeFiles/mfem.dir/fem/tmop/tmop_pa_h3m_c0.cpp.o
2023-11-09 07:28:26,718:DEBUG:[ 40%] Building CXX object CMakeFiles/mfem.dir/fem/tmop/tmop_pa_h3s.cpp.o
2023-11-09 07:28:26,718:DEBUG:[ 41%] Building CXX object CMakeFiles/mfem.dir/fem/tmop/tmop_pa_h3s_c0.cpp.o
2023-11-09 07:28:26,718:DEBUG:[ 41%] Building CXX object CMakeFiles/mfem.dir/fem/tmop/tmop_pa_jp2.cpp.o
2023-11-09 07:28:26,718:DEBUG:[ 41%] Building CXX object CMakeFiles/mfem.dir/fem/tmop/tmop_pa_jp3.cpp.o
2023-11-09 07:28:26,718:DEBUG:[ 41%] Building CXX object CMakeFiles/mfem.dir/fem/tmop/tmop_pa_p2.cpp.o
2023-11-09 07:28:26,718:DEBUG:[ 42%] Building CXX object CMakeFiles/mfem.dir/fem/tmop/tmop_pa_p2_c0.cpp.o
2023-11-09 07:28:26,719:DEBUG:[ 42%] Building CXX object CMakeFiles/mfem.dir/fem/tmop/tmop_pa_p3.cpp.o
2023-11-09 07:28:26,719:DEBUG:[ 42%] Building CXX object CMakeFiles/mfem.dir/fem/tmop/tmop_pa_p3_c0.cpp.o
2023-11-09 07:28:26,719:DEBUG:[ 43%] Building CXX object CMakeFiles/mfem.dir/fem/tmop/tmop_pa_tc2.cpp.o
2023-11-09 07:28:26,719:DEBUG:[ 43%] Building CXX object CMakeFiles/mfem.dir/fem/tmop/tmop_pa_tc3.cpp.o
2023-11-09 07:28:26,719:DEBUG:[ 43%] Building CXX object CMakeFiles/mfem.dir/fem/tmop/tmop_pa_w2.cpp.o
2023-11-09 07:28:26,719:DEBUG:[ 43%] Building CXX object CMakeFiles/mfem.dir/fem/tmop/tmop_pa_w2_c0.cpp.o
2023-11-09 07:28:26,719:DEBUG:[ 44%] Building CXX object CMakeFiles/mfem.dir/fem/tmop/tmop_pa_w3.cpp.o
2023-11-09 07:28:26,719:DEBUG:[ 44%] Building CXX object CMakeFiles/mfem.dir/fem/tmop/tmop_pa_w3_c0.cpp.o
2023-11-09 07:28:26,719:DEBUG:[ 44%] Building CXX object CMakeFiles/mfem.dir/fem/tmop_tools.cpp.o
2023-11-09 07:28:26,719:DEBUG:[ 44%] Building CXX object CMakeFiles/mfem.dir/fem/tmop_amr.cpp.o
2023-11-09 07:28:26,719:DEBUG:[ 45%] Building CXX object CMakeFiles/mfem.dir/fem/gslib.cpp.o
2023-11-09 07:28:26,719:DEBUG:[ 45%] Building CXX object CMakeFiles/mfem.dir/fem/transfer.cpp.o
2023-11-09 07:28:26,719:DEBUG:[ 45%] Building CXX object CMakeFiles/mfem.dir/fem/lor.cpp.o
2023-11-09 07:28:26,719:DEBUG:[ 46%] Linking CXX static library libmfem.a
2023-11-09 07:28:26,719:DEBUG:[ 46%] Built target mfem
2023-11-09 07:28:26,719:DEBUG:[ 46%] Building CXX object miniapps/meshing/CMakeFiles/klein-bottle.dir/klein-bottle.cpp.o
2023-11-09 07:28:26,719:DEBUG:[ 47%] Building CXX object miniapps/autodiff/CMakeFiles/seqtest.dir/seq_test.cpp.o
2023-11-09 07:28:26,720:DEBUG:[ 47%] Building CXX object miniapps/meshing/CMakeFiles/toroid.dir/toroid.cpp.o
2023-11-09 07:28:26,720:DEBUG:[ 48%] Building CXX object miniapps/meshing/CMakeFiles/mesh-explorer.dir/mesh-explorer.cpp.o
2023-11-09 07:28:26,720:DEBUG:[ 48%] Building CXX object miniapps/meshing/CMakeFiles/shaper.dir/shaper.cpp.o
2023-11-09 07:28:26,720:DEBUG:[ 48%] Building CXX object miniapps/meshing/CMakeFiles/polar-nc.dir/polar-nc.cpp.o
2023-11-09 07:28:26,720:DEBUG:[ 48%] Building CXX object miniapps/meshing/CMakeFiles/mobius-strip.dir/mobius-strip.cpp.o
2023-11-09 07:28:26,720:DEBUG:[ 48%] Building CXX object miniapps/common/CMakeFiles/mfem-common.dir/fem_extras.cpp.o
2023-11-09 07:28:26,720:DEBUG:[ 49%] Building CXX object miniapps/meshing/CMakeFiles/extruder.dir/extruder.cpp.o
2023-11-09 07:28:26,720:DEBUG:[ 49%] Building CXX object miniapps/meshing/CMakeFiles/trimmer.dir/trimmer.cpp.o
2023-11-09 07:28:26,720:DEBUG:[ 49%] Building CXX object miniapps/toys/CMakeFiles/toy_life.dir/life.cpp.o
2023-11-09 07:28:26,720:DEBUG:[ 49%] Building CXX object miniapps/toys/CMakeFiles/toy_mandel.dir/mandel.cpp.o
2023-11-09 07:28:26,720:DEBUG:[ 49%] Building CXX object miniapps/performance/CMakeFiles/performance_ex1.dir/ex1.cpp.o
2023-11-09 07:28:26,720:DEBUG:[ 49%] Building CXX object miniapps/common/CMakeFiles/mfem-common.dir/mesh_extras.cpp.o
2023-11-09 07:28:26,720:DEBUG:[ 49%] Building CXX object miniapps/tools/CMakeFiles/convert-dc.dir/convert-dc.cpp.o
2023-11-09 07:28:26,720:DEBUG:[ 50%] Building CXX object miniapps/meshing/CMakeFiles/minimal-surface.dir/minimal-surface.cpp.o
2023-11-09 07:28:26,720:DEBUG:[ 50%] Building CXX object miniapps/toys/CMakeFiles/toy_automata.dir/automata.cpp.o
2023-11-09 07:28:26,720:DEBUG:[ 50%] Building CXX object miniapps/tools/CMakeFiles/load-dc.dir/load-dc.cpp.o
2023-11-09 07:28:26,721:DEBUG:[ 50%] Building CXX object miniapps/meshing/CMakeFiles/twist.dir/twist.cpp.o
2023-11-09 07:28:26,721:DEBUG:[ 50%] Building CXX object miniapps/toys/CMakeFiles/toy_lissajous.dir/lissajous.cpp.o
2023-11-09 07:28:26,721:DEBUG:[ 50%] Building CXX object miniapps/tools/CMakeFiles/lor-transfer.dir/lor-transfer.cpp.o
2023-11-09 07:28:26,721:DEBUG:[ 50%] Building CXX object miniapps/autodiff/CMakeFiles/seqadiff.dir/seq_example.cpp.o
2023-11-09 07:28:26,721:DEBUG:[ 50%] Building CXX object tests/unit/CMakeFiles/debug_device_tests.dir/unit_test_main.cpp.o
2023-11-09 07:28:26,721:DEBUG:[ 50%] Building CXX object miniapps/solvers/CMakeFiles/lor_solvers.dir/lor_solvers.cpp.o
2023-11-09 07:28:26,721:DEBUG:[ 50%] Building CXX object miniapps/mtop/CMakeFiles/seqheat.dir/seqheat.cpp.o
2023-11-09 07:28:26,721:DEBUG:[ 51%] Building CXX object miniapps/mtop/CMakeFiles/seqheat.dir/paramnonlinearform.cpp.o
2023-11-09 07:28:26,721:DEBUG:[ 51%] Building CXX object miniapps/toys/CMakeFiles/toy_mondrian.dir/mondrian.cpp.o
2023-11-09 07:28:26,721:DEBUG:[ 52%] Building CXX object miniapps/nurbs/CMakeFiles/nurbs_ex1.dir/nurbs_ex1.cpp.o
2023-11-09 07:28:26,721:DEBUG:[ 52%] Building CXX object tests/unit/CMakeFiles/debug_device_tests.dir/miniapps/test_debug_device.cpp.o
2023-11-09 07:28:26,721:DEBUG:[ 52%] Building CXX object tests/unit/CMakeFiles/unit_tests.dir/general/test_array.cpp.o
2023-11-09 07:28:26,721:DEBUG:[ 52%] Building CXX object tests/unit/CMakeFiles/unit_tests.dir/general/test_mem.cpp.o
2023-11-09 07:28:26,721:DEBUG:[ 52%] Building CXX object miniapps/mtop/CMakeFiles/seqheat.dir/mtop_integrators.cpp.o
2023-11-09 07:28:26,721:DEBUG:[ 53%] Building CXX object tests/unit/CMakeFiles/sedov_tests_cpu.dir/unit_test_main.cpp.o
2023-11-09 07:28:26,721:DEBUG:[ 53%] Building CXX object tests/unit/CMakeFiles/unit_tests.dir/unit_test_main.cpp.o
2023-11-09 07:28:26,721:DEBUG:[ 53%] Building CXX object tests/unit/CMakeFiles/sedov_tests_debug.dir/miniapps/test_sedov.cpp.o
2023-11-09 07:28:26,721:DEBUG:[ 53%] Building CXX object tests/unit/CMakeFiles/sedov_tests_debug.dir/unit_test_main.cpp.o
2023-11-09 07:28:26,721:DEBUG:[ 53%] Building CXX object tests/unit/CMakeFiles/unit_tests.dir/general/test_text.cpp.o
2023-11-09 07:28:26,721:DEBUG:[ 54%] Building CXX object tests/unit/CMakeFiles/tmop_pa_tests_cpu.dir/unit_test_main.cpp.o
2023-11-09 07:28:26,721:DEBUG:[ 55%] Building CXX object tests/unit/CMakeFiles/sedov_tests_cpu.dir/miniapps/test_sedov.cpp.o
2023-11-09 07:28:26,721:DEBUG:[ 56%] Building CXX object tests/unit/CMakeFiles/unit_tests.dir/general/test_umpire_mem.cpp.o
2023-11-09 07:28:26,721:DEBUG:[ 56%] Building CXX object examples/CMakeFiles/ex0.dir/ex0.cpp.o
2023-11-09 07:28:26,721:DEBUG:[ 56%] Building CXX object tests/unit/CMakeFiles/tmop_pa_tests_debug.dir/unit_test_main.cpp.o
2023-11-09 07:28:26,721:DEBUG:[ 57%] Building CXX object examples/CMakeFiles/ex30.dir/ex30.cpp.o
2023-11-09 07:28:26,721:DEBUG:[ 58%] Building CXX object examples/CMakeFiles/ex5.dir/ex5.cpp.o
2023-11-09 07:28:26,721:DEBUG:[ 58%] Building CXX object examples/CMakeFiles/ex2.dir/ex2.cpp.o
2023-11-09 07:28:26,721:DEBUG:[ 59%] Building CXX object examples/CMakeFiles/ex1.dir/ex1.cpp.o
2023-11-09 07:28:26,722:DEBUG:[ 59%] Building CXX object examples/CMakeFiles/ex3.dir/ex3.cpp.o
2023-11-09 07:28:26,722:DEBUG:[ 59%] Building CXX object examples/CMakeFiles/ex4.dir/ex4.cpp.o
2023-11-09 07:28:26,722:DEBUG:[ 60%] Linking CXX executable extruder
2023-11-09 07:28:26,722:DEBUG:[ 60%] Building CXX object tests/unit/CMakeFiles/unit_tests.dir/general/test_zlib.cpp.o
2023-11-09 07:28:26,722:DEBUG:[ 60%] Linking CXX executable load-dc
2023-11-09 07:28:26,722:DEBUG:[ 60%] Linking CXX executable seqtest
2023-11-09 07:28:26,722:DEBUG:[ 60%] Linking CXX executable twist
2023-11-09 07:28:26,722:DEBUG:[ 60%] Building CXX object tests/unit/CMakeFiles/tmop_pa_tests_cpu.dir/miniapps/test_tmop_pa.cpp.o
2023-11-09 07:28:26,722:DEBUG:[ 60%] Linking CXX executable ex30
2023-11-09 07:28:26,722:DEBUG:[ 60%] Built target seqtest
2023-11-09 07:28:26,722:DEBUG:[ 60%] Building CXX object tests/unit/CMakeFiles/unit_tests.dir/linalg/test_cg_indefinite.cpp.o
2023-11-09 07:28:26,722:DEBUG:[ 60%] Building CXX object examples/CMakeFiles/ex6.dir/ex6.cpp.o
2023-11-09 07:28:26,722:DEBUG:[ 60%] Linking CXX executable mobius-strip
2023-11-09 07:28:26,722:DEBUG:[ 60%] Linking CXX executable toy_automata
2023-11-09 07:28:26,722:DEBUG:[ 61%] Building CXX object tests/unit/CMakeFiles/unit_tests.dir/linalg/test_chebyshev.cpp.o
2023-11-09 07:28:26,722:DEBUG:[ 61%] Built target extruder
2023-11-09 07:28:26,722:DEBUG:[ 61%] Built target load-dc
2023-11-09 07:28:26,722:DEBUG:[ 61%] Linking CXX executable ex0
2023-11-09 07:28:26,722:DEBUG:[ 61%] Linking CXX executable ex2
2023-11-09 07:28:26,722:DEBUG:[ 61%] Linking CXX executable ex4
2023-11-09 07:28:26,722:DEBUG:[ 61%] Building CXX object tests/unit/CMakeFiles/unit_tests.dir/linalg/test_complex_operator.cpp.o
2023-11-09 07:28:26,722:DEBUG:[ 61%] Linking CXX executable convert-dc
2023-11-09 07:28:26,722:DEBUG:[ 62%] Linking CXX executable toroid
2023-11-09 07:28:26,722:DEBUG:[ 63%] Linking CXX executable klein-bottle
2023-11-09 07:28:26,722:DEBUG:[ 64%] Building CXX object examples/CMakeFiles/ex7.dir/ex7.cpp.o
2023-11-09 07:28:26,722:DEBUG:[ 64%] Built target ex30
2023-11-09 07:28:26,722:DEBUG:[ 64%] Linking CXX executable ex3
2023-11-09 07:28:26,722:DEBUG:[ 65%] Linking CXX executable toy_mandel
2023-11-09 07:28:26,722:DEBUG:[ 65%] Building CXX object examples/CMakeFiles/ex8.dir/ex8.cpp.o
2023-11-09 07:28:26,722:DEBUG:[ 65%] Built target twist
2023-11-09 07:28:26,722:DEBUG:[ 65%] Building CXX object examples/CMakeFiles/ex10.dir/ex10.cpp.o
2023-11-09 07:28:26,722:DEBUG:[ 65%] Building CXX object examples/CMakeFiles/ex14.dir/ex14.cpp.o
2023-11-09 07:28:26,722:DEBUG:[ 66%] Building CXX object examples/CMakeFiles/ex9.dir/ex9.cpp.o
2023-11-09 07:28:26,722:DEBUG:[ 66%] Linking CXX executable nurbs_ex1
2023-11-09 07:28:26,722:DEBUG:[ 67%] Linking CXX executable toy_life
2023-11-09 07:28:26,723:DEBUG:[ 67%] Linking CXX executable trimmer
2023-11-09 07:28:26,723:DEBUG:[ 67%] Linking CXX executable shaper
2023-11-09 07:28:26,723:DEBUG:[ 67%] Linking CXX executable ex1
2023-11-09 07:28:26,723:DEBUG:[ 67%] Building CXX object examples/CMakeFiles/ex15.dir/ex15.cpp.o
2023-11-09 07:28:26,723:DEBUG:[ 67%] Built target mobius-strip
2023-11-09 07:28:26,723:DEBUG:[ 67%] Building CXX object examples/CMakeFiles/ex16.dir/ex16.cpp.o
2023-11-09 07:28:26,723:DEBUG:[ 67%] Building CXX object tests/unit/CMakeFiles/unit_tests.dir/linalg/test_constrainedsolver.cpp.o
2023-11-09 07:28:26,723:DEBUG:[ 68%] Linking CXX executable lor-transfer
2023-11-09 07:28:26,723:DEBUG:[ 68%] Linking CXX executable ex5
2023-11-09 07:28:26,723:DEBUG:[ 68%] Linking CXX executable toy_lissajous
2023-11-09 07:28:26,723:DEBUG:[ 68%] Built target toy_automata
2023-11-09 07:28:26,723:DEBUG:[ 68%] Building CXX object examples/CMakeFiles/ex17.dir/ex17.cpp.o
2023-11-09 07:28:26,723:DEBUG:[ 68%] Built target ex4
2023-11-09 07:28:26,723:DEBUG:[ 68%] Building CXX object examples/CMakeFiles/ex18.dir/ex18.cpp.o
2023-11-09 07:28:26,723:DEBUG:[ 68%] Built target ex0
2023-11-09 07:28:26,723:DEBUG:[ 68%] Building CXX object tests/unit/CMakeFiles/unit_tests.dir/linalg/test_direct_solvers.cpp.o
2023-11-09 07:28:26,723:DEBUG:[ 68%] Built target ex2
2023-11-09 07:28:26,723:DEBUG:[ 68%] Built target toroid
2023-11-09 07:28:26,723:DEBUG:[ 68%] Built target toy_mandel
2023-11-09 07:28:26,723:DEBUG:[ 68%] Built target ex3
2023-11-09 07:28:26,723:DEBUG:[ 69%] Built target convert-dc
2023-11-09 07:28:26,723:DEBUG:[ 69%] Building CXX object examples/CMakeFiles/ex19.dir/ex19.cpp.o
2023-11-09 07:28:26,723:DEBUG:[ 70%] Building CXX object tests/unit/CMakeFiles/unit_tests.dir/linalg/test_hypre_ilu.cpp.o
2023-11-09 07:28:26,723:DEBUG:[ 70%] Building CXX object examples/CMakeFiles/ex21.dir/ex21.cpp.o
2023-11-09 07:28:26,723:DEBUG:[ 71%] Building CXX object examples/CMakeFiles/ex20.dir/ex20.cpp.o
2023-11-09 07:28:26,723:DEBUG:[ 71%] Building CXX object tests/unit/CMakeFiles/unit_tests.dir/linalg/test_hypre_vector.cpp.o
2023-11-09 07:28:26,723:DEBUG:[ 71%] Built target klein-bottle
2023-11-09 07:28:26,723:DEBUG:[ 71%] Linking CXX executable toy_mondrian
2023-11-09 07:28:26,723:DEBUG:[ 71%] Building CXX object tests/unit/CMakeFiles/unit_tests.dir/linalg/test_ilu.cpp.o
2023-11-09 07:28:26,723:DEBUG:[ 71%] Built target shaper
2023-11-09 07:28:26,723:DEBUG:[ 71%] Building CXX object tests/unit/CMakeFiles/unit_tests.dir/linalg/test_matrix_block.cpp.o
2023-11-09 07:28:26,723:DEBUG:[ 71%] Built target toy_life
2023-11-09 07:28:26,723:DEBUG:[ 72%] Building CXX object tests/unit/CMakeFiles/unit_tests.dir/linalg/test_matrix_dense.cpp.o
2023-11-09 07:28:26,723:DEBUG:[ 72%] Built target nurbs_ex1
2023-11-09 07:28:26,724:DEBUG:[ 72%] Building CXX object tests/unit/CMakeFiles/unit_tests.dir/linalg/test_matrix_hypre.cpp.o
2023-11-09 07:28:26,724:DEBUG:[ 72%] Built target trimmer
2023-11-09 07:28:26,724:DEBUG:[ 72%] Linking CXX executable lor_solvers
2023-11-09 07:28:26,724:DEBUG:[ 73%] Building CXX object examples/CMakeFiles/ex22.dir/ex22.cpp.o
2023-11-09 07:28:26,724:DEBUG:[ 73%] Linking CXX executable seqadiff
2023-11-09 07:28:26,724:DEBUG:[ 73%] Built target lor-transfer
2023-11-09 07:28:26,724:DEBUG:[ 73%] Built target ex1
2023-11-09 07:28:26,724:DEBUG:[ 73%] Building CXX object tests/unit/CMakeFiles/unit_tests.dir/linalg/test_matrix_rectangular.cpp.o
2023-11-09 07:28:26,724:DEBUG:[ 73%] Building CXX object examples/CMakeFiles/ex23.dir/ex23.cpp.o
2023-11-09 07:28:26,724:DEBUG:[ 73%] Built target ex5
2023-11-09 07:28:26,724:DEBUG:[ 73%] Built target toy_lissajous
2023-11-09 07:28:26,724:DEBUG:[ 73%] Linking CXX executable polar-nc
2023-11-09 07:28:26,724:DEBUG:[ 74%] Building CXX object examples/CMakeFiles/ex24.dir/ex24.cpp.o
2023-11-09 07:28:26,724:DEBUG:[ 74%] Linking CXX static library libmfem-common.a
2023-11-09 07:28:26,724:DEBUG:[ 74%] Building CXX object examples/CMakeFiles/ex25.dir/ex25.cpp.o
2023-11-09 07:28:26,724:DEBUG:[ 74%] Built target mfem-common
2023-11-09 07:28:26,724:DEBUG:[ 74%] Building CXX object tests/unit/CMakeFiles/unit_tests.dir/linalg/test_matrix_sparse.cpp.o
2023-11-09 07:28:26,724:DEBUG:[ 74%] Built target toy_mondrian
2023-11-09 07:28:26,724:DEBUG:[ 74%] Building CXX object examples/CMakeFiles/ex26.dir/ex26.cpp.o
2023-11-09 07:28:26,724:DEBUG:[ 74%] Built target lor_solvers
2023-11-09 07:28:26,724:DEBUG:[ 74%] Built target seqadiff
2023-11-09 07:28:26,724:DEBUG:[ 74%] Building CXX object examples/CMakeFiles/ex27.dir/ex27.cpp.o
2023-11-09 07:28:26,724:DEBUG:[ 75%] Building CXX object tests/unit/CMakeFiles/unit_tests.dir/linalg/test_matrix_square.cpp.o
2023-11-09 07:28:26,724:DEBUG:[ 75%] Building CXX object examples/CMakeFiles/ex28.dir/ex28.cpp.o
2023-11-09 07:28:26,724:DEBUG:[ 75%] Built target polar-nc
2023-11-09 07:28:26,724:DEBUG:[ 75%] Building CXX object tests/unit/CMakeFiles/unit_tests.dir/linalg/test_ode.cpp.o
2023-11-09 07:28:26,724:DEBUG:[ 75%] Building CXX object tests/unit/CMakeFiles/unit_tests.dir/linalg/test_ode2.cpp.o
2023-11-09 07:28:26,724:DEBUG:[ 75%] Linking CXX executable minimal-surface
2023-11-09 07:28:26,724:DEBUG:[ 75%] Linking CXX executable mesh-explorer
2023-11-09 07:28:26,724:DEBUG:[ 75%] Linking CXX executable seqheat
2023-11-09 07:28:26,725:DEBUG:[ 76%] Building CXX object tests/unit/CMakeFiles/unit_tests.dir/linalg/test_operator.cpp.o
2023-11-09 07:28:26,725:DEBUG:[ 76%] Linking CXX executable ex6
2023-11-09 07:28:26,725:DEBUG:[ 76%] Linking CXX executable ex14
2023-11-09 07:28:26,725:DEBUG:[ 76%] Built target mesh-explorer
2023-11-09 07:28:26,725:DEBUG:[ 76%] Building CXX object tests/unit/CMakeFiles/unit_tests.dir/linalg/test_vector.cpp.o
2023-11-09 07:28:26,725:DEBUG:[ 76%] Built target minimal-surface
2023-11-09 07:28:26,725:DEBUG:[ 77%] Building CXX object tests/unit/CMakeFiles/tmop_pa_tests_debug.dir/miniapps/test_tmop_pa.cpp.o
2023-11-09 07:28:26,725:DEBUG:[ 77%] Building CXX object tests/unit/CMakeFiles/unit_tests.dir/mesh/test_fms.cpp.o
2023-11-09 07:28:26,725:DEBUG:[ 77%] Building CXX object tests/unit/CMakeFiles/unit_tests.dir/mesh/test_mesh.cpp.o
2023-11-09 07:28:26,725:DEBUG:[ 77%] Built target seqheat
2023-11-09 07:28:26,725:DEBUG:[ 77%] Linking CXX executable ex7
2023-11-09 07:28:26,725:DEBUG:[ 77%] Building CXX object examples/CMakeFiles/ex29.dir/ex29.cpp.o
2023-11-09 07:28:26,725:DEBUG:[ 78%] Building CXX object tests/unit/CMakeFiles/unit_tests.dir/mesh/test_ncmesh.cpp.o
2023-11-09 07:28:26,725:DEBUG:[ 78%] Building CXX object tests/unit/CMakeFiles/unit_tests.dir/mesh/test_pmesh.cpp.o
2023-11-09 07:28:26,725:DEBUG:[ 78%] Building CXX object tests/unit/CMakeFiles/unit_tests.dir/mesh/test_periodic_mesh.cpp.o
2023-11-09 07:28:26,725:DEBUG:[ 78%] Linking CXX executable ex8
2023-11-09 07:28:26,725:DEBUG:[ 78%] Linking CXX executable ex16
2023-11-09 07:28:26,725:DEBUG:[ 78%] Building CXX object tests/unit/CMakeFiles/unit_tests.dir/mesh/test_vtu.cpp.o
2023-11-09 07:28:26,725:DEBUG:[ 79%] Building CXX object tests/unit/CMakeFiles/unit_tests.dir/fem/test_1d_bilininteg.cpp.o
2023-11-09 07:28:26,725:DEBUG:[ 80%] Linking CXX executable ex17
2023-11-09 07:28:26,725:DEBUG:[ 80%] Built target ex6
2023-11-09 07:28:26,725:DEBUG:[ 80%] Building CXX object tests/unit/CMakeFiles/unit_tests.dir/fem/test_2d_bilininteg.cpp.o
2023-11-09 07:28:26,725:DEBUG:[ 80%] Built target ex14
2023-11-09 07:28:26,725:DEBUG:[ 80%] Building CXX object tests/unit/CMakeFiles/unit_tests.dir/fem/test_3d_bilininteg.cpp.o
2023-11-09 07:28:26,725:DEBUG:[ 81%] Building CXX object tests/unit/CMakeFiles/unit_tests.dir/fem/test_assemblediagonalpa.cpp.o
2023-11-09 07:28:26,725:DEBUG:[ 81%] Linking CXX executable ex20
2023-11-09 07:28:26,725:DEBUG:[ 81%] Building CXX object tests/unit/CMakeFiles/unit_tests.dir/fem/test_assembly_levels.cpp.o
2023-11-09 07:28:26,725:DEBUG:[ 81%] Built target ex7
2023-11-09 07:28:26,725:DEBUG:[ 81%] Building CXX object tests/unit/CMakeFiles/unit_tests.dir/fem/test_bilinearform.cpp.o
2023-11-09 07:28:26,725:DEBUG:[ 81%] Built target ex8
2023-11-09 07:28:26,726:DEBUG:[ 81%] Building CXX object tests/unit/CMakeFiles/unit_tests.dir/fem/test_blocknonlinearform.cpp.o
2023-11-09 07:28:26,726:DEBUG:[ 81%] Linking CXX executable ex9
2023-11-09 07:28:26,726:DEBUG:[ 81%] Linking CXX executable ex19
2023-11-09 07:28:26,726:DEBUG:[ 81%] Built target ex16
2023-11-09 07:28:26,726:DEBUG:[ 82%] Building CXX object tests/unit/CMakeFiles/unit_tests.dir/fem/test_calcshape.cpp.o
2023-11-09 07:28:26,726:DEBUG:[ 82%] Building CXX object tests/unit/CMakeFiles/unit_tests.dir/fem/test_calcvshape.cpp.o
2023-11-09 07:28:26,726:DEBUG:[ 83%] Linking CXX executable ex10
2023-11-09 07:28:26,726:DEBUG:[ 83%] Linking CXX executable ex21
2023-11-09 07:28:26,726:DEBUG:[ 83%] Built target ex17
2023-11-09 07:28:26,726:DEBUG:[ 83%] Building CXX object tests/unit/CMakeFiles/unit_tests.dir/fem/test_calcdshape.cpp.o
2023-11-09 07:28:26,726:DEBUG:[ 83%] Building CXX object tests/unit/CMakeFiles/unit_tests.dir/fem/test_calccurlshape.cpp.o
2023-11-09 07:28:26,726:DEBUG:[ 83%] Linking CXX executable ex24
2023-11-09 07:28:26,726:DEBUG:[ 83%] Building CXX object tests/unit/CMakeFiles/unit_tests.dir/fem/test_coefficient.cpp.o
2023-11-09 07:28:26,726:DEBUG:[ 84%] Building CXX object tests/unit/CMakeFiles/unit_tests.dir/fem/test_calcdivshape.cpp.o
2023-11-09 07:28:26,726:DEBUG:[ 84%] Linking CXX executable ex22
2023-11-09 07:28:26,726:DEBUG:[ 84%] Building CXX object tests/unit/CMakeFiles/unit_tests.dir/fem/test_datacollection.cpp.o
2023-11-09 07:28:26,726:DEBUG:[ 85%] Linking CXX executable ex15
2023-11-09 07:28:26,726:DEBUG:[ 85%] Linking CXX executable ex23
2023-11-09 07:28:26,726:DEBUG:[ 85%] Built target ex19
2023-11-09 07:28:26,726:DEBUG:[ 85%] Built target ex20
2023-11-09 07:28:26,726:DEBUG:[ 85%] Building CXX object tests/unit/CMakeFiles/unit_tests.dir/fem/test_derefine.cpp.o
2023-11-09 07:28:26,726:DEBUG:[ 85%] Built target ex9
2023-11-09 07:28:26,726:DEBUG:[ 86%] Building CXX object tests/unit/CMakeFiles/unit_tests.dir/fem/test_estimator.cpp.o
2023-11-09 07:28:26,726:DEBUG:[ 86%] Building CXX object tests/unit/CMakeFiles/unit_tests.dir/fem/test_face_elem_trans.cpp.o
2023-11-09 07:28:26,726:DEBUG:[ 86%] Building CXX object tests/unit/CMakeFiles/unit_tests.dir/fem/test_face_permutation.cpp.o
2023-11-09 07:28:26,726:DEBUG:[ 86%] Built target ex21
2023-11-09 07:28:26,726:DEBUG:[ 86%] Built target ex10
2023-11-09 07:28:26,726:DEBUG:[ 87%] Building CXX object tests/unit/CMakeFiles/unit_tests.dir/fem/test_fe.cpp.o
2023-11-09 07:28:26,726:DEBUG:[ 87%] Building CXX object tests/unit/CMakeFiles/unit_tests.dir/fem/test_get_value.cpp.o
2023-11-09 07:28:26,726:DEBUG:[ 87%] Building CXX object tests/unit/CMakeFiles/unit_tests.dir/fem/test_getderivative.cpp.o
2023-11-09 07:28:26,726:DEBUG:[ 87%] Built target ex24
2023-11-09 07:28:26,726:DEBUG:[ 87%] Linking CXX executable ex26
2023-11-09 07:28:26,726:DEBUG:[ 87%] Linking CXX executable ex18
2023-11-09 07:28:26,727:DEBUG:[ 87%] Built target ex22
2023-11-09 07:28:26,727:DEBUG:[ 88%] Linking CXX executable ex27
2023-11-09 07:28:26,727:DEBUG:[ 88%] Built target ex15
2023-11-09 07:28:26,727:DEBUG:[ 88%] Built target ex23
2023-11-09 07:28:26,727:DEBUG:[ 88%] Linking CXX executable ex28
2023-11-09 07:28:26,727:DEBUG:[ 89%] Linking CXX executable ex25
2023-11-09 07:28:26,727:DEBUG:[ 89%] Built target ex18
2023-11-09 07:28:26,727:DEBUG:[ 89%] Built target ex26
2023-11-09 07:28:26,727:DEBUG:[ 89%] Built target ex27
2023-11-09 07:28:26,727:DEBUG:[ 89%] Built target ex28
2023-11-09 07:28:26,727:DEBUG:[ 89%] Built target ex25
2023-11-09 07:28:26,727:DEBUG:[ 90%] Linking CXX executable ex29
2023-11-09 07:28:26,727:DEBUG:[ 90%] Built target ex29
2023-11-09 07:28:26,727:DEBUG:[ 91%] Linking CXX executable performance_ex1
2023-11-09 07:28:26,727:DEBUG:[ 91%] Built target performance_ex1
2023-11-09 07:28:26,727:DEBUG:Consolidate compiler generated dependencies of target mfem
2023-11-09 07:28:26,727:DEBUG:[100%] Built target mfem
2023-11-09 07:28:26,727:DEBUG:Install the project...
2023-11-09 07:28:26,727:DEBUG:-- Install configuration: "Release"
2023-11-09 07:28:26,727:DEBUG:-- Installing: /usr/local/lib/libmfem.a
2023-11-09 07:28:26,727:DEBUG:-- Installing: /usr/local/include/mfem.hpp
2023-11-09 07:28:26,727:DEBUG:-- Installing: /usr/local/include/mfem-performance.hpp
2023-11-09 07:28:26,727:DEBUG:-- Installing: /usr/local/include/mfem/mfem.hpp
2023-11-09 07:28:26,727:DEBUG:-- Installing: /usr/local/include/mfem/mfem-performance.hpp
2023-11-09 07:28:26,727:DEBUG:-- Up-to-date: /usr/local/include/mfem/general
2023-11-09 07:28:26,727:DEBUG:-- Installing: /usr/local/include/mfem/general/hip.hpp
2023-11-09 07:28:26,727:DEBUG:-- Installing: /usr/local/include/mfem/general/mem_manager.hpp
2023-11-09 07:28:26,727:DEBUG:-- Installing: /usr/local/include/mfem/general/tassign.hpp
2023-11-09 07:28:26,727:DEBUG:-- Installing: /usr/local/include/mfem/general/binaryio.hpp
2023-11-09 07:28:26,727:DEBUG:-- Installing: /usr/local/include/mfem/general/socketstream.hpp
2023-11-09 07:28:26,727:DEBUG:-- Installing: /usr/local/include/mfem/general/osockstream.hpp
2023-11-09 07:28:26,727:DEBUG:-- Installing: /usr/local/include/mfem/general/globals.hpp
2023-11-09 07:28:26,727:DEBUG:-- Installing: /usr/local/include/mfem/general/hash.hpp
2023-11-09 07:28:26,727:DEBUG:-- Installing: /usr/local/include/mfem/general/sort_pairs.hpp
2023-11-09 07:28:26,727:DEBUG:-- Installing: /usr/local/include/mfem/general/isockstream.hpp
2023-11-09 07:28:26,728:DEBUG:-- Installing: /usr/local/include/mfem/general/error.hpp
2023-11-09 07:28:26,728:DEBUG:-- Installing: /usr/local/include/mfem/general/occa.hpp
2023-11-09 07:28:26,728:DEBUG:-- Installing: /usr/local/include/mfem/general/forall.hpp
2023-11-09 07:28:26,728:DEBUG:-- Installing: /usr/local/include/mfem/general/tic_toc.hpp
2023-11-09 07:28:26,728:DEBUG:-- Installing: /usr/local/include/mfem/general/sets.hpp
2023-11-09 07:28:26,728:DEBUG:-- Installing: /usr/local/include/mfem/general/backends.hpp
2023-11-09 07:28:26,728:DEBUG:-- Installing: /usr/local/include/mfem/general/table.hpp
2023-11-09 07:28:26,728:DEBUG:-- Installing: /usr/local/include/mfem/general/annotation.hpp
2023-11-09 07:28:26,728:DEBUG:-- Installing: /usr/local/include/mfem/general/mem_alloc.hpp
2023-11-09 07:28:26,728:DEBUG:-- Installing: /usr/local/include/mfem/general/text.hpp
2023-11-09 07:28:26,728:DEBUG:-- Installing: /usr/local/include/mfem/general/stable3d.hpp
2023-11-09 07:28:26,728:DEBUG:-- Installing: /usr/local/include/mfem/general/cuda.hpp
2023-11-09 07:28:26,728:DEBUG:-- Installing: /usr/local/include/mfem/general/gecko.hpp
2023-11-09 07:28:26,728:DEBUG:-- Installing: /usr/local/include/mfem/general/device.hpp
2023-11-09 07:28:26,728:DEBUG:-- Installing: /usr/local/include/mfem/general/optparser.hpp
2023-11-09 07:28:26,728:DEBUG:-- Installing: /usr/local/include/mfem/general/communication.hpp
2023-11-09 07:28:26,728:DEBUG:-- Installing: /usr/local/include/mfem/general/array.hpp
2023-11-09 07:28:26,728:DEBUG:-- Installing: /usr/local/include/mfem/general/zstr.hpp
2023-11-09 07:28:26,728:DEBUG:-- Installing: /usr/local/include/mfem/general/adios2stream.hpp
2023-11-09 07:28:26,728:DEBUG:-- Installing: /usr/local/include/mfem/general/version.hpp
2023-11-09 07:28:26,728:DEBUG:-- Up-to-date: /usr/local/include/mfem/linalg
2023-11-09 07:28:26,728:DEBUG:-- Installing: /usr/local/include/mfem/linalg/slepc.hpp
2023-11-09 07:28:26,728:DEBUG:-- Installing: /usr/local/include/mfem/linalg/ginkgo.hpp
2023-11-09 07:28:26,728:DEBUG:-- Installing: /usr/local/include/mfem/linalg/hypre.hpp
2023-11-09 07:28:26,728:DEBUG:-- Installing: /usr/local/include/mfem/linalg/operator.hpp
2023-11-09 07:28:26,728:DEBUG:-- Installing: /usr/local/include/mfem/linalg/vector.hpp
2023-11-09 07:28:26,728:DEBUG:-- Installing: /usr/local/include/mfem/linalg/blockmatrix.hpp
2023-11-09 07:28:26,728:DEBUG:-- Installing: /usr/local/include/mfem/linalg/blockvector.hpp
2023-11-09 07:28:26,728:DEBUG:-- Installing: /usr/local/include/mfem/linalg/hypre_parcsr.hpp
2023-11-09 07:28:26,728:DEBUG:-- Installing: /usr/local/include/mfem/linalg/solvers.hpp
2023-11-09 07:28:26,728:DEBUG:-- Up-to-date: /usr/local/include/mfem/linalg/simd
2023-11-09 07:28:26,729:DEBUG:-- Installing: /usr/local/include/mfem/linalg/simd/qpx256.hpp
2023-11-09 07:28:26,729:DEBUG:-- Installing: /usr/local/include/mfem/linalg/simd/qpx.hpp
2023-11-09 07:28:26,729:DEBUG:-- Installing: /usr/local/include/mfem/linalg/simd/vsx128.hpp
2023-11-09 07:28:26,729:DEBUG:-- Installing: /usr/local/include/mfem/linalg/simd/m512.hpp
2023-11-09 07:28:26,729:DEBUG:-- Installing: /usr/local/include/mfem/linalg/simd/x86.hpp
2023-11-09 07:28:26,729:DEBUG:-- Installing: /usr/local/include/mfem/linalg/simd/vsx.hpp
2023-11-09 07:28:26,729:DEBUG:-- Installing: /usr/local/include/mfem/linalg/simd/sve.hpp
2023-11-09 07:28:26,729:DEBUG:-- Installing: /usr/local/include/mfem/linalg/simd/m256.hpp
2023-11-09 07:28:26,729:DEBUG:-- Installing: /usr/local/include/mfem/linalg/simd/m128.hpp
2023-11-09 07:28:26,729:DEBUG:-- Installing: /usr/local/include/mfem/linalg/simd/auto.hpp
2023-11-09 07:28:26,729:DEBUG:-- Installing: /usr/local/include/mfem/linalg/hiop.hpp
2023-11-09 07:28:26,729:DEBUG:-- Installing: /usr/local/include/mfem/linalg/tlayout.hpp
2023-11-09 07:28:26,729:DEBUG:-- Installing: /usr/local/include/mfem/linalg/invariants.hpp
2023-11-09 07:28:26,729:DEBUG:-- Installing: /usr/local/include/mfem/linalg/amgxsolver.hpp
2023-11-09 07:28:26,729:DEBUG:-- Installing: /usr/local/include/mfem/linalg/complex_operator.hpp
2023-11-09 07:28:26,729:DEBUG:-- Installing: /usr/local/include/mfem/linalg/densemat.hpp
2023-11-09 07:28:26,729:DEBUG:-- Installing: /usr/local/include/mfem/linalg/ode.hpp
2023-11-09 07:28:26,729:DEBUG:-- Installing: /usr/local/include/mfem/linalg/symmat.hpp
2023-11-09 07:28:26,729:DEBUG:-- Installing: /usr/local/include/mfem/linalg/blockoperator.hpp
2023-11-09 07:28:26,729:DEBUG:-- Installing: /usr/local/include/mfem/linalg/mumps.hpp
2023-11-09 07:28:26,729:DEBUG:-- Installing: /usr/local/include/mfem/linalg/strumpack.hpp
2023-11-09 07:28:26,729:DEBUG:-- Installing: /usr/local/include/mfem/linalg/tmatrix.hpp
2023-11-09 07:28:26,729:DEBUG:-- Installing: /usr/local/include/mfem/linalg/linalg.hpp
2023-11-09 07:28:26,729:DEBUG:-- Installing: /usr/local/include/mfem/linalg/handle.hpp
2023-11-09 07:28:26,729:DEBUG:-- Installing: /usr/local/include/mfem/linalg/petsc.hpp
2023-11-09 07:28:26,729:DEBUG:-- Installing: /usr/local/include/mfem/linalg/sparsemat.hpp
2023-11-09 07:28:26,729:DEBUG:-- Installing: /usr/local/include/mfem/linalg/sundials.hpp
2023-11-09 07:28:26,729:DEBUG:-- Installing: /usr/local/include/mfem/linalg/kernels.hpp
2023-11-09 07:28:26,729:DEBUG:-- Installing: /usr/local/include/mfem/linalg/auxiliary.hpp
2023-11-09 07:28:26,729:DEBUG:-- Installing: /usr/local/include/mfem/linalg/dtensor.hpp
2023-11-09 07:28:26,729:DEBUG:-- Installing: /usr/local/include/mfem/linalg/superlu.hpp
2023-11-09 07:28:26,729:DEBUG:-- Installing: /usr/local/include/mfem/linalg/dinvariants.hpp
2023-11-09 07:28:26,730:DEBUG:-- Installing: /usr/local/include/mfem/linalg/sparsesmoothers.hpp
2023-11-09 07:28:26,730:DEBUG:-- Installing: /usr/local/include/mfem/linalg/matrix.hpp
2023-11-09 07:28:26,730:DEBUG:-- Installing: /usr/local/include/mfem/linalg/cpardiso.hpp
2023-11-09 07:28:26,730:DEBUG:-- Installing: /usr/local/include/mfem/linalg/petscinternals.hpp
2023-11-09 07:28:26,730:DEBUG:-- Installing: /usr/local/include/mfem/linalg/simd.hpp
2023-11-09 07:28:26,730:DEBUG:-- Installing: /usr/local/include/mfem/linalg/ttensor.hpp
2023-11-09 07:28:26,730:DEBUG:-- Installing: /usr/local/include/mfem/linalg/constraints.hpp
2023-11-09 07:28:26,730:DEBUG:-- Up-to-date: /usr/local/include/mfem/mesh
2023-11-09 07:28:26,730:DEBUG:-- Installing: /usr/local/include/mfem/mesh/vtk.hpp
2023-11-09 07:28:26,730:DEBUG:-- Installing: /usr/local/include/mfem/mesh/tetrahedron.hpp
2023-11-09 07:28:26,730:DEBUG:-- Installing: /usr/local/include/mfem/mesh/tmesh.hpp
2023-11-09 07:28:26,730:DEBUG:-- Installing: /usr/local/include/mfem/mesh/gmsh.hpp
2023-11-09 07:28:26,730:DEBUG:-- Installing: /usr/local/include/mfem/mesh/element.hpp
2023-11-09 07:28:26,730:DEBUG:-- Installing: /usr/local/include/mfem/mesh/mesh_headers.hpp
2023-11-09 07:28:26,730:DEBUG:-- Installing: /usr/local/include/mfem/mesh/ncmesh_tables.hpp
2023-11-09 07:28:26,730:DEBUG:-- Installing: /usr/local/include/mfem/mesh/nurbs.hpp
2023-11-09 07:28:26,730:DEBUG:-- Installing: /usr/local/include/mfem/mesh/triangle.hpp
2023-11-09 07:28:26,730:DEBUG:-- Installing: /usr/local/include/mfem/mesh/segment.hpp
2023-11-09 07:28:26,730:DEBUG:-- Installing: /usr/local/include/mfem/mesh/quadrilateral.hpp
2023-11-09 07:28:26,730:DEBUG:-- Installing: /usr/local/include/mfem/mesh/pumi.hpp
2023-11-09 07:28:26,730:DEBUG:-- Installing: /usr/local/include/mfem/mesh/wedge.hpp
2023-11-09 07:28:26,730:DEBUG:-- Installing: /usr/local/include/mfem/mesh/pmesh.hpp
2023-11-09 07:28:26,730:DEBUG:-- Installing: /usr/local/include/mfem/mesh/ncmesh.hpp
2023-11-09 07:28:26,730:DEBUG:-- Installing: /usr/local/include/mfem/mesh/pyramid.hpp
2023-11-09 07:28:26,730:DEBUG:-- Installing: /usr/local/include/mfem/mesh/mesh_operators.hpp
2023-11-09 07:28:26,730:DEBUG:-- Installing: /usr/local/include/mfem/mesh/pncmesh.hpp
2023-11-09 07:28:26,730:DEBUG:-- Installing: /usr/local/include/mfem/mesh/vertex.hpp
2023-11-09 07:28:26,730:DEBUG:-- Installing: /usr/local/include/mfem/mesh/mesh.hpp
2023-11-09 07:28:26,730:DEBUG:-- Installing: /usr/local/include/mfem/mesh/point.hpp
2023-11-09 07:28:26,730:DEBUG:-- Installing: /usr/local/include/mfem/mesh/hexahedron.hpp
2023-11-09 07:28:26,730:DEBUG:-- Installing: /usr/local/include/mfem/mesh/mesquite.hpp
2023-11-09 07:28:26,731:DEBUG:-- Up-to-date: /usr/local/include/mfem/fem
2023-11-09 07:28:26,731:DEBUG:-- Installing: /usr/local/include/mfem/fem/pgridfunc.hpp
2023-11-09 07:28:26,731:DEBUG:-- Installing: /usr/local/include/mfem/fem/estimators.hpp
2023-11-09 07:28:26,731:DEBUG:-- Installing: /usr/local/include/mfem/fem/lininteg.hpp
2023-11-09 07:28:26,731:DEBUG:-- Installing: /usr/local/include/mfem/fem/tfe.hpp
2023-11-09 07:28:26,731:DEBUG:-- Installing: /usr/local/include/mfem/fem/linearform.hpp
2023-11-09 07:28:26,731:DEBUG:-- Installing: /usr/local/include/mfem/fem/complex_fem.hpp
2023-11-09 07:28:26,731:DEBUG:-- Installing: /usr/local/include/mfem/fem/sidredatacollection.hpp
2023-11-09 07:28:26,731:DEBUG:-- Installing: /usr/local/include/mfem/fem/convergence.hpp
2023-11-09 07:28:26,731:DEBUG:-- Installing: /usr/local/include/mfem/fem/fe_coll.hpp
2023-11-09 07:28:26,731:DEBUG:-- Installing: /usr/local/include/mfem/fem/transfer.hpp
2023-11-09 07:28:26,731:DEBUG:-- Installing: /usr/local/include/mfem/fem/pfespace.hpp
2023-11-09 07:28:26,731:DEBUG:-- Installing: /usr/local/include/mfem/fem/restriction.hpp
2023-11-09 07:28:26,731:DEBUG:-- Installing: /usr/local/include/mfem/fem/tmop_amr.hpp
2023-11-09 07:28:26,731:DEBUG:-- Installing: /usr/local/include/mfem/fem/tcoefficient.hpp
2023-11-09 07:28:26,731:DEBUG:-- Installing: /usr/local/include/mfem/fem/fespace.hpp
2023-11-09 07:28:26,731:DEBUG:-- Installing: /usr/local/include/mfem/fem/hybridization.hpp
2023-11-09 07:28:26,731:DEBUG:-- Installing: /usr/local/include/mfem/fem/fem.hpp
2023-11-09 07:28:26,731:DEBUG:-- Installing: /usr/local/include/mfem/fem/coefficient.hpp
2023-11-09 07:28:26,731:DEBUG:-- Installing: /usr/local/include/mfem/fem/plinearform.hpp
2023-11-09 07:28:26,731:DEBUG:-- Installing: /usr/local/include/mfem/fem/nonlinearform_ext.hpp
2023-11-09 07:28:26,731:DEBUG:-- Installing: /usr/local/include/mfem/fem/nonlininteg.hpp
2023-11-09 07:28:26,731:DEBUG:-- Installing: /usr/local/include/mfem/fem/fmsconvert.hpp
2023-11-09 07:28:26,731:DEBUG:-- Installing: /usr/local/include/mfem/fem/fespacehierarchy.hpp
2023-11-09 07:28:26,731:DEBUG:-- Installing: /usr/local/include/mfem/fem/bilininteg.hpp
2023-11-09 07:28:26,731:DEBUG:-- Installing: /usr/local/include/mfem/fem/adios2datacollection.hpp
2023-11-09 07:28:26,731:DEBUG:-- Installing: /usr/local/include/mfem/fem/doftrans.hpp
2023-11-09 07:28:26,731:DEBUG:-- Installing: /usr/local/include/mfem/fem/bilinearform.hpp
2023-11-09 07:28:26,731:DEBUG:-- Installing: /usr/local/include/mfem/fem/gridfunc.hpp
2023-11-09 07:28:26,731:DEBUG:-- Up-to-date: /usr/local/include/mfem/fem/ceed
2023-11-09 07:28:26,731:DEBUG:-- Installing: /usr/local/include/mfem/fem/ceed/mass.hpp
2023-11-09 07:28:26,731:DEBUG:-- Installing: /usr/local/include/mfem/fem/ceed/diffusion.hpp
2023-11-09 07:28:26,731:DEBUG:-- Installing: /usr/local/include/mfem/fem/ceed/algebraic.hpp
2023-11-09 07:28:26,732:DEBUG:-- Installing: /usr/local/include/mfem/fem/ceed/operator.hpp
2023-11-09 07:28:26,732:DEBUG:-- Installing: /usr/local/include/mfem/fem/ceed/solvers-atpmg.hpp
2023-11-09 07:28:26,732:DEBUG:-- Installing: /usr/local/include/mfem/fem/ceed/coefficient.hpp
2023-11-09 07:28:26,732:DEBUG:-- Installing: /usr/local/include/mfem/fem/ceed/convection.hpp
2023-11-09 07:28:26,732:DEBUG:-- Installing: /usr/local/include/mfem/fem/ceed/util.hpp
2023-11-09 07:28:26,732:DEBUG:-- Installing: /usr/local/include/mfem/fem/ceed/nlconvection.hpp
2023-11-09 07:28:26,732:DEBUG:-- Installing: /usr/local/include/mfem/fem/ceed/integrator.hpp
2023-11-09 07:28:26,732:DEBUG:-- Installing: /usr/local/include/mfem/fem/ceed/full-assembly.hpp
2023-11-09 07:28:26,732:DEBUG:-- Installing: /usr/local/include/mfem/fem/tbilinearform.hpp
2023-11-09 07:28:26,732:DEBUG:-- Installing: /usr/local/include/mfem/fem/fmsdatacollection.hpp
2023-11-09 07:28:26,732:DEBUG:-- Installing: /usr/local/include/mfem/fem/eltrans.hpp
2023-11-09 07:28:26,732:DEBUG:-- Installing: /usr/local/include/mfem/fem/multigrid.hpp
2023-11-09 07:28:26,732:DEBUG:-- Up-to-date: /usr/local/include/mfem/fem/tmop
2023-11-09 07:28:26,732:DEBUG:-- Installing: /usr/local/include/mfem/fem/tmop/tmop_pa.hpp
2023-11-09 07:28:26,732:DEBUG:-- Installing: /usr/local/include/mfem/fem/conduitdatacollection.hpp
2023-11-09 07:28:26,732:DEBUG:-- Installing: /usr/local/include/mfem/fem/quadinterpolator.hpp
2023-11-09 07:28:26,732:DEBUG:-- Installing: /usr/local/include/mfem/fem/quadinterpolator_face.hpp
2023-11-09 07:28:26,732:DEBUG:-- Up-to-date: /usr/local/include/mfem/fem/qinterp
2023-11-09 07:28:26,732:DEBUG:-- Installing: /usr/local/include/mfem/fem/qinterp/dispatch.hpp
2023-11-09 07:28:26,732:DEBUG:-- Installing: /usr/local/include/mfem/fem/qinterp/grad.hpp
2023-11-09 07:28:26,732:DEBUG:-- Installing: /usr/local/include/mfem/fem/qinterp/eval.hpp
2023-11-09 07:28:26,732:DEBUG:-- Installing: /usr/local/include/mfem/fem/tintrules.hpp
2023-11-09 07:28:26,732:DEBUG:-- Installing: /usr/local/include/mfem/fem/tmop.hpp
2023-11-09 07:28:26,732:DEBUG:-- Up-to-date: /usr/local/include/mfem/fem/fe
2023-11-09 07:28:26,732:DEBUG:-- Installing: /usr/local/include/mfem/fem/fe/fe_l2.hpp
2023-11-09 07:28:26,732:DEBUG:-- Installing: /usr/local/include/mfem/fem/fe/fe_ser.hpp
2023-11-09 07:28:26,732:DEBUG:-- Installing: /usr/local/include/mfem/fem/fe/fe_h1.hpp
2023-11-09 07:28:26,732:DEBUG:-- Installing: /usr/local/include/mfem/fem/fe/fe_pos.hpp
2023-11-09 07:28:26,732:DEBUG:-- Installing: /usr/local/include/mfem/fem/fe/fe_nurbs.hpp
2023-11-09 07:28:26,732:DEBUG:-- Installing: /usr/local/include/mfem/fem/fe/fe_nd.hpp
2023-11-09 07:28:26,732:DEBUG:-- Installing: /usr/local/include/mfem/fem/fe/fe_rt.hpp
2023-11-09 07:28:26,732:DEBUG:-- Installing: /usr/local/include/mfem/fem/fe/fe_base.hpp
2023-11-09 07:28:26,733:DEBUG:-- Installing: /usr/local/include/mfem/fem/fe/fe_fixed_order.hpp
2023-11-09 07:28:26,733:DEBUG:-- Installing: /usr/local/include/mfem/fem/prestriction.hpp
2023-11-09 07:28:26,733:DEBUG:-- Installing: /usr/local/include/mfem/fem/gslib.hpp
2023-11-09 07:28:26,733:DEBUG:-- Installing: /usr/local/include/mfem/fem/kernels.hpp
2023-11-09 07:28:26,733:DEBUG:-- Installing: /usr/local/include/mfem/fem/pnonlinearform.hpp
2023-11-09 07:28:26,733:DEBUG:-- Installing: /usr/local/include/mfem/fem/teltrans.hpp
2023-11-09 07:28:26,733:DEBUG:-- Installing: /usr/local/include/mfem/fem/pbilinearform.hpp
2023-11-09 07:28:26,733:DEBUG:-- Installing: /usr/local/include/mfem/fem/geom.hpp
2023-11-09 07:28:26,733:DEBUG:-- Installing: /usr/local/include/mfem/fem/tbilininteg.hpp
2023-11-09 07:28:26,733:DEBUG:-- Installing: /usr/local/include/mfem/fem/tevaluator.hpp
2023-11-09 07:28:26,733:DEBUG:-- Installing: /usr/local/include/mfem/fem/tmop_tools.hpp
2023-11-09 07:28:26,733:DEBUG:-- Installing: /usr/local/include/mfem/fem/nonlinearform.hpp
2023-11-09 07:28:26,733:DEBUG:-- Installing: /usr/local/include/mfem/fem/tfespace.hpp
2023-11-09 07:28:26,733:DEBUG:-- Installing: /usr/local/include/mfem/fem/staticcond.hpp
2023-11-09 07:28:26,733:DEBUG:-- Installing: /usr/local/include/mfem/fem/bilinearform_ext.hpp
2023-11-09 07:28:26,733:DEBUG:-- Installing: /usr/local/include/mfem/fem/fe.hpp
2023-11-09 07:28:26,733:DEBUG:-- Installing: /usr/local/include/mfem/fem/intrules.hpp
2023-11-09 07:28:26,733:DEBUG:-- Installing: /usr/local/include/mfem/fem/datacollection.hpp
2023-11-09 07:28:26,733:DEBUG:-- Installing: /usr/local/include/mfem/fem/lor.hpp
2023-11-09 07:28:26,733:DEBUG:-- Installing: /usr/local/include/mfem/config/config.hpp
2023-11-09 07:28:26,733:DEBUG:-- Installing: /usr/local/include/mfem/config/tconfig.hpp
2023-11-09 07:28:26,733:DEBUG:-- Installing: /usr/local/lib/cmake/mfem/MFEMConfig.cmake
2023-11-09 07:28:26,733:DEBUG:-- Installing: /usr/local/lib/cmake/mfem/MFEMConfigVersion.cmake
2023-11-09 07:28:26,733:DEBUG:-- Old export file "/usr/local/lib/cmake/mfem/MFEMTargets.cmake" will be replaced.  Removing files [/usr/local/lib/cmake/mfem/MFEMTargets-release.cmake].
2023-11-09 07:28:26,733:DEBUG:-- Installing: /usr/local/lib/cmake/mfem/MFEMTargets.cmake
2023-11-09 07:28:26,733:DEBUG:-- Installing: /usr/local/lib/cmake/mfem/MFEMTargets-release.cmake
2023-11-09 07:28:26,733:DEBUG:-- Installing: /usr/local/share/mfem/test.mk
2023-11-09 07:28:26,733:DEBUG:-- Installing: /usr/local/share/mfem/config.mk
2023-11-09 07:28:26,733:DEBUG:[  0%] Built target copy_data
2023-11-09 07:28:26,733:DEBUG:[  1%] Built target copy_miniapps_meshing_data
2023-11-09 07:28:26,733:DEBUG:[ 65%] Built target mfem
2023-11-09 07:28:26,733:DEBUG:Consolidate compiler generated dependencies of target sedov_tests_cpu
2023-11-09 07:28:26,733:DEBUG:Consolidate compiler generated dependencies of target tmop_pa_tests_debug
2023-11-09 07:28:26,734:DEBUG:Consolidate compiler generated dependencies of target tmop_pa_tests_cpu
2023-11-09 07:28:26,734:DEBUG:Consolidate compiler generated dependencies of target sedov_tests_debug
2023-11-09 07:28:26,734:DEBUG:Consolidate compiler generated dependencies of target debug_device_tests
2023-11-09 07:28:26,734:DEBUG:[ 65%] Building CXX object tests/unit/CMakeFiles/tmop_pa_tests_debug.dir/unit_test_main.cpp.o
2023-11-09 07:28:26,734:DEBUG:[ 65%] Building CXX object tests/unit/CMakeFiles/sedov_tests_cpu.dir/unit_test_main.cpp.o
2023-11-09 07:28:26,734:DEBUG:[ 65%] Building CXX object tests/unit/CMakeFiles/sedov_tests_debug.dir/unit_test_main.cpp.o
2023-11-09 07:28:26,734:DEBUG:[ 65%] Building CXX object tests/unit/CMakeFiles/debug_device_tests.dir/unit_test_main.cpp.o
2023-11-09 07:28:26,734:DEBUG:[ 67%] Building CXX object tests/unit/CMakeFiles/tmop_pa_tests_cpu.dir/unit_test_main.cpp.o
2023-11-09 07:28:26,734:DEBUG:Consolidate compiler generated dependencies of target unit_tests
2023-11-09 07:28:26,734:DEBUG:[ 67%] Building CXX object tests/unit/CMakeFiles/unit_tests.dir/fem/test_pa_idinterp.cpp.o
2023-11-09 07:28:26,734:DEBUG:[ 68%] Building CXX object tests/unit/CMakeFiles/unit_tests.dir/unit_test_main.cpp.o
2023-11-09 07:28:26,734:DEBUG:[ 68%] Building CXX object tests/unit/CMakeFiles/unit_tests.dir/fem/test_intrules.cpp.o
2023-11-09 07:28:26,734:DEBUG:[ 68%] Building CXX object tests/unit/CMakeFiles/unit_tests.dir/fem/test_lor.cpp.o
2023-11-09 07:28:26,734:DEBUG:[ 68%] Building CXX object tests/unit/CMakeFiles/unit_tests.dir/fem/test_inversetransform.cpp.o
2023-11-09 07:28:26,734:DEBUG:[ 68%] Building CXX object tests/unit/CMakeFiles/unit_tests.dir/fem/test_lexicographic_ordering.cpp.o
2023-11-09 07:28:26,734:DEBUG:[ 68%] Building CXX object tests/unit/CMakeFiles/unit_tests.dir/fem/test_operatorjacobismoother.cpp.o
2023-11-09 07:28:26,734:DEBUG:[ 70%] Building CXX object tests/unit/CMakeFiles/unit_tests.dir/fem/test_intruletypes.cpp.o
2023-11-09 07:28:26,734:DEBUG:[ 70%] Building CXX object tests/unit/CMakeFiles/unit_tests.dir/fem/test_lin_interp.cpp.o
2023-11-09 07:28:26,734:DEBUG:[ 71%] Building CXX object tests/unit/CMakeFiles/unit_tests.dir/fem/test_linear_fes.cpp.o
2023-11-09 07:28:26,734:DEBUG:[ 71%] Building CXX object tests/unit/CMakeFiles/unit_tests.dir/fem/test_quadraturefunc.cpp.o
2023-11-09 07:28:26,734:DEBUG:[ 71%] Building CXX object tests/unit/CMakeFiles/unit_tests.dir/fem/test_pa_kernels.cpp.o
2023-11-09 07:28:26,734:DEBUG:[ 71%] Building CXX object tests/unit/CMakeFiles/unit_tests.dir/fem/test_pa_grad.cpp.o
2023-11-09 07:28:26,734:DEBUG:[ 71%] Building CXX object tests/unit/CMakeFiles/unit_tests.dir/fem/test_sum_bilin.cpp.o
2023-11-09 07:28:26,734:DEBUG:[ 72%] Building CXX object tests/unit/CMakeFiles/unit_tests.dir/fem/test_pa_coeff.cpp.o
2023-11-09 07:28:26,734:DEBUG:[ 74%] Building CXX object tests/unit/CMakeFiles/unit_tests.dir/fem/test_quadf_coef.cpp.o
2023-11-09 07:28:26,734:DEBUG:[ 74%] Building CXX object tests/unit/CMakeFiles/unit_tests.dir/fem/test_sparse_matrix.cpp.o
2023-11-09 07:28:26,734:DEBUG:[ 75%] Building CXX object tests/unit/CMakeFiles/unit_tests.dir/fem/test_tet_reorder.cpp.o
2023-11-09 07:28:26,734:DEBUG:[ 75%] Building CXX object tests/unit/CMakeFiles/unit_tests.dir/fem/test_transfer.cpp.o
2023-11-09 07:28:26,734:DEBUG:[ 75%] Building CXX object tests/unit/CMakeFiles/unit_tests.dir/fem/test_var_order.cpp.o
2023-11-09 07:28:26,734:ERROR:/root/mfem/mfem/fem/intrules.cpp: In member function ‚Äòmfem::IntegrationRule* mfem::IntegrationRules::SegmentIntegrationRule(int)‚Äô:
/root/mfem/mfem/fem/intrules.cpp:1145:11: warning: function may return address of local variable [-Wreturn-local-addr]
 1145 |    return ir;
      |           ^~
/root/mfem/mfem/fem/intrules.cpp:1084:20: note: declared here
 1084 |    IntegrationRule tmp, *ir;
      |                    ^~~
In file included from /usr/include/signal.h:328,
                 from /root/mfem/mfem/tests/unit/catch.hpp:8030,
                 from /root/mfem/mfem/tests/unit/unit_tests.hpp:15,
                 from /root/mfem/mfem/tests/unit/run_unit_tests.hpp:15,
                 from /root/mfem/mfem/tests/unit/unit_test_main.cpp:14:
/root/mfem/mfem/tests/unit/catch.hpp:10818:58: error: call to non-‚Äòconstexpr‚Äô function ‚Äòlong int sysconf(int)‚Äô
10818 |     static constexpr std::size_t sigStackSize = 32768 >= MINSIGSTKSZ ? 32768 : MINSIGSTKSZ;
      |                                                          ^~~~~~~~~~~
In file included from /usr/include/x86_64-linux-gnu/bits/sigstksz.h:24,
                 from /usr/include/signal.h:328,
                 from /root/mfem/mfem/tests/unit/catch.hpp:8030,
                 from /root/mfem/mfem/tests/unit/unit_tests.hpp:15,
                 from /root/mfem/mfem/tests/unit/run_unit_tests.hpp:15,
                 from /root/mfem/mfem/tests/unit/unit_test_main.cpp:14:
/usr/include/unistd.h:640:17: note: ‚Äòlong int sysconf(int)‚Äô declared here
  640 | extern long int sysconf (int __name) __THROW;
      |                 ^~~~~~~
In file included from /root/mfem/mfem/tests/unit/unit_tests.hpp:15,
                 from /root/mfem/mfem/tests/unit/run_unit_tests.hpp:15,
                 from /root/mfem/mfem/tests/unit/unit_test_main.cpp:14:
/root/mfem/mfem/tests/unit/catch.hpp:10877:45: error: size of array ‚ÄòaltStackMem‚Äô is not an integral constant-expression
10877 |     char FatalConditionHandler::altStackMem[sigStackSize] = {};
      |                                             ^~~~~~~~~~~~
In file included from /usr/include/signal.h:328,
                 from /root/mfem/mfem/tests/unit/catch.hpp:8030,
                 from /root/mfem/mfem/tests/unit/unit_tests.hpp:15,
                 from /root/mfem/mfem/tests/unit/run_unit_tests.hpp:15,
                 from /root/mfem/mfem/tests/unit/unit_test_main.cpp:14:
/root/mfem/mfem/tests/unit/catch.hpp:10818:58: error: call to non-‚Äòconstexpr‚Äô function ‚Äòlong int sysconf(int)‚Äô
10818 |     static constexpr std::size_t sigStackSize = 32768 >= MINSIGSTKSZ ? 32768 : MINSIGSTKSZ;
      |                                                          ^~~~~~~~~~~
In file included from /usr/include/x86_64-linux-gnu/bits/sigstksz.h:24,
                 from /usr/include/signal.h:328,
                 from /root/mfem/mfem/tests/unit/catch.hpp:8030,
                 from /root/mfem/mfem/tests/unit/unit_tests.hpp:15,
                 from /root/mfem/mfem/tests/unit/run_unit_tests.hpp:15,
                 from /root/mfem/mfem/tests/unit/unit_test_main.cpp:14:
/usr/include/unistd.h:640:17: note: ‚Äòlong int sysconf(int)‚Äô declared here
  640 | extern long int sysconf (int __name) __THROW;
      |                 ^~~~~~~
In file included from /root/mfem/mfem/tests/unit/unit_tests.hpp:15,
                 from /root/mfem/mfem/tests/unit/run_unit_tests.hpp:15,
                 from /root/mfem/mfem/tests/unit/unit_test_main.cpp:14:
/root/mfem/mfem/tests/unit/catch.hpp:10877:45: error: size of array ‚ÄòaltStackMem‚Äô is not an integral constant-expression
10877 |     char FatalConditionHandler::altStackMem[sigStackSize] = {};
      |                                             ^~~~~~~~~~~~
In file included from /usr/include/signal.h:328,
                 from /root/mfem/mfem/tests/unit/catch.hpp:8030,
                 from /root/mfem/mfem/tests/unit/unit_tests.hpp:15,
                 from /root/mfem/mfem/tests/unit/run_unit_tests.hpp:15,
                 from /root/mfem/mfem/tests/unit/unit_test_main.cpp:14:
/root/mfem/mfem/tests/unit/catch.hpp:10818:58: error: call to non-‚Äòconstexpr‚Äô function ‚Äòlong int sysconf(int)‚Äô
10818 |     static constexpr std::size_t sigStackSize = 32768 >= MINSIGSTKSZ ? 32768 : MINSIGSTKSZ;
      |                                                          ^~~~~~~~~~~
In file included from /usr/include/x86_64-linux-gnu/bits/sigstksz.h:24,
                 from /usr/include/signal.h:328,
                 from /root/mfem/mfem/tests/unit/catch.hpp:8030,
                 from /root/mfem/mfem/tests/unit/unit_tests.hpp:15,
                 from /root/mfem/mfem/tests/unit/run_unit_tests.hpp:15,
                 from /root/mfem/mfem/tests/unit/unit_test_main.cpp:14:
/usr/include/unistd.h:640:17: note: ‚Äòlong int sysconf(int)‚Äô declared here
  640 | extern long int sysconf (int __name) __THROW;
      |                 ^~~~~~~
In file included from /root/mfem/mfem/tests/unit/unit_tests.hpp:15,
                 from /root/mfem/mfem/tests/unit/run_unit_tests.hpp:15,
                 from /root/mfem/mfem/tests/unit/unit_test_main.cpp:14:
/root/mfem/mfem/tests/unit/catch.hpp:10877:45: error: size of array ‚ÄòaltStackMem‚Äô is not an integral constant-expression
10877 |     char FatalConditionHandler::altStackMem[sigStackSize] = {};
      |                                             ^~~~~~~~~~~~
In file included from /usr/include/signal.h:328,
                 from /root/mfem/mfem/tests/unit/catch.hpp:8030,
                 from /root/mfem/mfem/tests/unit/unit_tests.hpp:15,
                 from /root/mfem/mfem/tests/unit/run_unit_tests.hpp:15,
                 from /root/mfem/mfem/tests/unit/unit_test_main.cpp:14:
/root/mfem/mfem/tests/unit/catch.hpp:10818:58: error: call to non-‚Äòconstexpr‚Äô function ‚Äòlong int sysconf(int)‚Äô
10818 |     static constexpr std::size_t sigStackSize = 32768 >= MINSIGSTKSZ ? 32768 : MINSIGSTKSZ;
      |                                                          ^~~~~~~~~~~
In file included from /usr/include/x86_64-linux-gnu/bits/sigstksz.h:24,
                 from /usr/include/signal.h:328,
                 from /root/mfem/mfem/tests/unit/catch.hpp:8030,
                 from /root/mfem/mfem/tests/unit/unit_tests.hpp:15,
                 from /root/mfem/mfem/tests/unit/run_unit_tests.hpp:15,
                 from /root/mfem/mfem/tests/unit/unit_test_main.cpp:14:
/usr/include/unistd.h:640:17: note: ‚Äòlong int sysconf(int)‚Äô declared here
  640 | extern long int sysconf (int __name) __THROW;
      |                 ^~~~~~~
In file included from /root/mfem/mfem/tests/unit/unit_tests.hpp:15,
                 from /root/mfem/mfem/tests/unit/run_unit_tests.hpp:15,
                 from /root/mfem/mfem/tests/unit/unit_test_main.cpp:14:
/root/mfem/mfem/tests/unit/catch.hpp:10877:45: error: size of array ‚ÄòaltStackMem‚Äô is not an integral constant-expression
10877 |     char FatalConditionHandler::altStackMem[sigStackSize] = {};
      |                                             ^~~~~~~~~~~~
In file included from /usr/include/signal.h:328,
                 from /root/mfem/mfem/tests/unit/catch.hpp:8030,
                 from /root/mfem/mfem/tests/unit/unit_tests.hpp:15,
                 from /root/mfem/mfem/tests/unit/run_unit_tests.hpp:15,
                 from /root/mfem/mfem/tests/unit/unit_test_main.cpp:14:
/root/mfem/mfem/tests/unit/catch.hpp:10818:58: error: call to non-‚Äòconstexpr‚Äô function ‚Äòlong int sysconf(int)‚Äô
10818 |     static constexpr std::size_t sigStackSize = 32768 >= MINSIGSTKSZ ? 32768 : MINSIGSTKSZ;
      |                                                          ^~~~~~~~~~~
In file included from /usr/include/x86_64-linux-gnu/bits/sigstksz.h:24,
                 from /usr/include/signal.h:328,
                 from /root/mfem/mfem/tests/unit/catch.hpp:8030,
                 from /root/mfem/mfem/tests/unit/unit_tests.hpp:15,
                 from /root/mfem/mfem/tests/unit/run_unit_tests.hpp:15,
                 from /root/mfem/mfem/tests/unit/unit_test_main.cpp:14:
/usr/include/unistd.h:640:17: note: ‚Äòlong int sysconf(int)‚Äô declared here
  640 | extern long int sysconf (int __name) __THROW;
      |                 ^~~~~~~
In file included from /root/mfem/mfem/tests/unit/unit_tests.hpp:15,
                 from /root/mfem/mfem/tests/unit/run_unit_tests.hpp:15,
                 from /root/mfem/mfem/tests/unit/unit_test_main.cpp:14:
/root/mfem/mfem/tests/unit/catch.hpp:10877:45: error: size of array ‚ÄòaltStackMem‚Äô is not an integral constant-expression
10877 |     char FatalConditionHandler::altStackMem[sigStackSize] = {};
      |                                             ^~~~~~~~~~~~
In file included from /usr/include/signal.h:328,
                 from /root/mfem/mfem/tests/unit/catch.hpp:8030,
                 from /root/mfem/mfem/tests/unit/unit_tests.hpp:15,
                 from /root/mfem/mfem/tests/unit/run_unit_tests.hpp:15,
                 from /root/mfem/mfem/tests/unit/unit_test_main.cpp:14:
/root/mfem/mfem/tests/unit/catch.hpp:10818:58: error: call to non-‚Äòconstexpr‚Äô function ‚Äòlong int sysconf(int)‚Äô
10818 |     static constexpr std::size_t sigStackSize = 32768 >= MINSIGSTKSZ ? 32768 : MINSIGSTKSZ;
      |                                                          ^~~~~~~~~~~
In file included from /usr/include/x86_64-linux-gnu/bits/sigstksz.h:24,
                 from /usr/include/signal.h:328,
                 from /root/mfem/mfem/tests/unit/catch.hpp:8030,
                 from /root/mfem/mfem/tests/unit/unit_tests.hpp:15,
                 from /root/mfem/mfem/tests/unit/run_unit_tests.hpp:15,
                 from /root/mfem/mfem/tests/unit/unit_test_main.cpp:14:
/usr/include/unistd.h:640:17: note: ‚Äòlong int sysconf(int)‚Äô declared here
  640 | extern long int sysconf (int __name) __THROW;
      |                 ^~~~~~~
In file included from /root/mfem/mfem/tests/unit/unit_tests.hpp:15,
                 from /root/mfem/mfem/tests/unit/run_unit_tests.hpp:15,
                 from /root/mfem/mfem/tests/unit/unit_test_main.cpp:14:
/root/mfem/mfem/tests/unit/catch.hpp:10877:45: error: size of array ‚ÄòaltStackMem‚Äô is not an integral constant-expression
10877 |     char FatalConditionHandler::altStackMem[sigStackSize] = {};
      |                                             ^~~~~~~~~~~~
make[3]: *** [tests/unit/CMakeFiles/debug_device_tests.dir/build.make:76: tests/unit/CMakeFiles/debug_device_tests.dir/unit_test_main.cpp.o] Error 1
make[2]: *** [CMakeFiles/Makefile2:1062: tests/unit/CMakeFiles/debug_device_tests.dir/all] Error 2
make[2]: *** Waiting for unfinished jobs....
make[3]: *** [tests/unit/CMakeFiles/sedov_tests_cpu.dir/build.make:76: tests/unit/CMakeFiles/sedov_tests_cpu.dir/unit_test_main.cpp.o] Error 1
make[3]: *** Waiting for unfinished jobs....
make[3]: *** [tests/unit/CMakeFiles/tmop_pa_tests_cpu.dir/build.make:76: tests/unit/CMakeFiles/tmop_pa_tests_cpu.dir/unit_test_main.cpp.o] Error 1
make[3]: *** Waiting for unfinished jobs....
make[3]: *** [tests/unit/CMakeFiles/sedov_tests_debug.dir/build.make:76: tests/unit/CMakeFiles/sedov_tests_debug.dir/unit_test_main.cpp.o] Error 1
make[3]: *** Waiting for unfinished jobs....
make[3]: *** [tests/unit/CMakeFiles/tmop_pa_tests_debug.dir/build.make:76: tests/unit/CMakeFiles/tmop_pa_tests_debug.dir/unit_test_main.cpp.o] Error 1
make[3]: *** Waiting for unfinished jobs....
make[3]: *** [tests/unit/CMakeFiles/unit_tests.dir/build.make:76: tests/unit/CMakeFiles/unit_tests.dir/unit_test_main.cpp.o] Error 1
make[3]: *** Waiting for unfinished jobs....
make[2]: *** [CMakeFiles/Makefile2:1010: tests/unit/CMakeFiles/tmop_pa_tests_cpu.dir/all] Error 2
make[2]: *** [CMakeFiles/Makefile2:983: tests/unit/CMakeFiles/sedov_tests_debug.dir/all] Error 2
make[2]: *** [CMakeFiles/Makefile2:957: tests/unit/CMakeFiles/sedov_tests_cpu.dir/all] Error 2
make[2]: *** [CMakeFiles/Makefile2:1036: tests/unit/CMakeFiles/tmop_pa_tests_debug.dir/all] Error 2
make[2]: *** [CMakeFiles/Makefile2:931: tests/unit/CMakeFiles/unit_tests.dir/all] Error 2
make[1]: *** [CMakeFiles/Makefile2:859: CMakeFiles/exec.dir/rule] Error 2
make: *** [Makefile:257: exec] Error 2
In file included from /usr/include/signal.h:328,
                 from /root/mfem/mfem/tests/unit/catch.hpp:8030,
                 from /root/mfem/mfem/tests/unit/unit_tests.hpp:15,
                 from /root/mfem/mfem/tests/unit/run_unit_tests.hpp:15,
                 from /root/mfem/mfem/tests/unit/unit_test_main.cpp:14:
/root/mfem/mfem/tests/unit/catch.hpp:10818:58: error: call to non-‚Äòconstexpr‚Äô function ‚Äòlong int sysconf(int)‚Äô
10818 |     static constexpr std::size_t sigStackSize = 32768 >= MINSIGSTKSZ ? 32768 : MINSIGSTKSZ;
      |                                                          ^~~~~~~~~~~
In file included from /usr/include/x86_64-linux-gnu/bits/sigstksz.h:24,
                 from /usr/include/signal.h:328,
                 from /root/mfem/mfem/tests/unit/catch.hpp:8030,
                 from /root/mfem/mfem/tests/unit/unit_tests.hpp:15,
                 from /root/mfem/mfem/tests/unit/run_unit_tests.hpp:15,
                 from /root/mfem/mfem/tests/unit/unit_test_main.cpp:14:
/usr/include/unistd.h:640:17: note: ‚Äòlong int sysconf(int)‚Äô declared here
  640 | extern long int sysconf (int __name) __THROW;
      |                 ^~~~~~~
In file included from /root/mfem/mfem/tests/unit/unit_tests.hpp:15,
                 from /root/mfem/mfem/tests/unit/run_unit_tests.hpp:15,
                 from /root/mfem/mfem/tests/unit/unit_test_main.cpp:14:
/root/mfem/mfem/tests/unit/catch.hpp:10877:45: error: size of array ‚ÄòaltStackMem‚Äô is not an integral constant-expression
10877 |     char FatalConditionHandler::altStackMem[sigStackSize] = {};
      |                                             ^~~~~~~~~~~~
In file included from /usr/include/signal.h:328,
                 from /root/mfem/mfem/tests/unit/catch.hpp:8030,
                 from /root/mfem/mfem/tests/unit/unit_tests.hpp:15,
                 from /root/mfem/mfem/tests/unit/run_unit_tests.hpp:15,
                 from /root/mfem/mfem/tests/unit/unit_test_main.cpp:14:
/root/mfem/mfem/tests/unit/catch.hpp:10818:58: error: call to non-‚Äòconstexpr‚Äô function ‚Äòlong int sysconf(int)‚Äô
10818 |     static constexpr std::size_t sigStackSize = 32768 >= MINSIGSTKSZ ? 32768 : MINSIGSTKSZ;
      |                                                          ^~~~~~~~~~~
In file included from /usr/include/x86_64-linux-gnu/bits/sigstksz.h:24,
                 from /usr/include/signal.h:328,
                 from /root/mfem/mfem/tests/unit/catch.hpp:8030,
                 from /root/mfem/mfem/tests/unit/unit_tests.hpp:15,
                 from /root/mfem/mfem/tests/unit/run_unit_tests.hpp:15,
                 from /root/mfem/mfem/tests/unit/unit_test_main.cpp:14:
/usr/include/unistd.h:640:17: note: ‚Äòlong int sysconf(int)‚Äô declared here
  640 | extern long int sysconf (int __name) __THROW;
      |                 ^~~~~~~
In file included from /root/mfem/mfem/tests/unit/unit_tests.hpp:15,
                 from /root/mfem/mfem/tests/unit/run_unit_tests.hpp:15,
                 from /root/mfem/mfem/tests/unit/unit_test_main.cpp:14:
/root/mfem/mfem/tests/unit/catch.hpp:10877:45: error: size of array ‚ÄòaltStackMem‚Äô is not an integral constant-expression
10877 |     char FatalConditionHandler::altStackMem[sigStackSize] = {};
      |                                             ^~~~~~~~~~~~
In file included from /usr/include/signal.h:328,
                 from /root/mfem/mfem/tests/unit/catch.hpp:8030,
                 from /root/mfem/mfem/tests/unit/unit_tests.hpp:15,
                 from /root/mfem/mfem/tests/unit/run_unit_tests.hpp:15,
                 from /root/mfem/mfem/tests/unit/unit_test_main.cpp:14:
/root/mfem/mfem/tests/unit/catch.hpp:10818:58: error: call to non-‚Äòconstexpr‚Äô function ‚Äòlong int sysconf(int)‚Äô
10818 |     static constexpr std::size_t sigStackSize = 32768 >= MINSIGSTKSZ ? 32768 : MINSIGSTKSZ;
      |                                                          ^~~~~~~~~~~
In file included from /usr/include/x86_64-linux-gnu/bits/sigstksz.h:24,
                 from /usr/include/signal.h:328,
                 from /root/mfem/mfem/tests/unit/catch.hpp:8030,
                 from /root/mfem/mfem/tests/unit/unit_tests.hpp:15,
                 from /root/mfem/mfem/tests/unit/run_unit_tests.hpp:15,
                 from /root/mfem/mfem/tests/unit/unit_test_main.cpp:14:
/usr/include/unistd.h:640:17: note: ‚Äòlong int sysconf(int)‚Äô declared here
  640 | extern long int sysconf (int __name) __THROW;
      |                 ^~~~~~~
In file included from /root/mfem/mfem/tests/unit/unit_tests.hpp:15,
                 from /root/mfem/mfem/tests/unit/run_unit_tests.hpp:15,
                 from /root/mfem/mfem/tests/unit/unit_test_main.cpp:14:
/root/mfem/mfem/tests/unit/catch.hpp:10877:45: error: size of array ‚ÄòaltStackMem‚Äô is not an integral constant-expression
10877 |     char FatalConditionHandler::altStackMem[sigStackSize] = {};
      |                                             ^~~~~~~~~~~~
In file included from /usr/include/signal.h:328,
                 from /root/mfem/mfem/tests/unit/catch.hpp:8030,
                 from /root/mfem/mfem/tests/unit/unit_tests.hpp:15,
                 from /root/mfem/mfem/tests/unit/run_unit_tests.hpp:15,
                 from /root/mfem/mfem/tests/unit/unit_test_main.cpp:14:
/root/mfem/mfem/tests/unit/catch.hpp:10818:58: error: call to non-‚Äòconstexpr‚Äô function ‚Äòlong int sysconf(int)‚Äô
10818 |     static constexpr std::size_t sigStackSize = 32768 >= MINSIGSTKSZ ? 32768 : MINSIGSTKSZ;
      |                                                          ^~~~~~~~~~~
In file included from /usr/include/x86_64-linux-gnu/bits/sigstksz.h:24,
                 from /usr/include/signal.h:328,
                 from /root/mfem/mfem/tests/unit/catch.hpp:8030,
                 from /root/mfem/mfem/tests/unit/unit_tests.hpp:15,
                 from /root/mfem/mfem/tests/unit/run_unit_tests.hpp:15,
                 from /root/mfem/mfem/tests/unit/unit_test_main.cpp:14:
/usr/include/unistd.h:640:17: note: ‚Äòlong int sysconf(int)‚Äô declared here
  640 | extern long int sysconf (int __name) __THROW;
      |                 ^~~~~~~
In file included from /root/mfem/mfem/tests/unit/unit_tests.hpp:15,
                 from /root/mfem/mfem/tests/unit/run_unit_tests.hpp:15,
                 from /root/mfem/mfem/tests/unit/unit_test_main.cpp:14:
/root/mfem/mfem/tests/unit/catch.hpp:10877:45: error: size of array ‚ÄòaltStackMem‚Äô is not an integral constant-expression
10877 |     char FatalConditionHandler::altStackMem[sigStackSize] = {};
      |                                             ^~~~~~~~~~~~
In file included from /usr/include/signal.h:328,
                 from /root/mfem/mfem/tests/unit/catch.hpp:8030,
                 from /root/mfem/mfem/tests/unit/unit_tests.hpp:15,
                 from /root/mfem/mfem/tests/unit/run_unit_tests.hpp:15,
                 from /root/mfem/mfem/tests/unit/unit_test_main.cpp:14:
/root/mfem/mfem/tests/unit/catch.hpp:10818:58: error: call to non-‚Äòconstexpr‚Äô function ‚Äòlong int sysconf(int)‚Äô
10818 |     static constexpr std::size_t sigStackSize = 32768 >= MINSIGSTKSZ ? 32768 : MINSIGSTKSZ;
      |                                                          ^~~~~~~~~~~
In file included from /usr/include/x86_64-linux-gnu/bits/sigstksz.h:24,
                 from /usr/include/signal.h:328,
                 from /root/mfem/mfem/tests/unit/catch.hpp:8030,
                 from /root/mfem/mfem/tests/unit/unit_tests.hpp:15,
                 from /root/mfem/mfem/tests/unit/run_unit_tests.hpp:15,
                 from /root/mfem/mfem/tests/unit/unit_test_main.cpp:14:
/usr/include/unistd.h:640:17: note: ‚Äòlong int sysconf(int)‚Äô declared here
  640 | extern long int sysconf (int __name) __THROW;
      |                 ^~~~~~~
In file included from /root/mfem/mfem/tests/unit/unit_tests.hpp:15,
                 from /root/mfem/mfem/tests/unit/run_unit_tests.hpp:15,
                 from /root/mfem/mfem/tests/unit/unit_test_main.cpp:14:
/root/mfem/mfem/tests/unit/catch.hpp:10877:45: error: size of array ‚ÄòaltStackMem‚Äô is not an integral constant-expression
10877 |     char FatalConditionHandler::altStackMem[sigStackSize] = {};
      |                                             ^~~~~~~~~~~~
In file included from /usr/include/signal.h:328,
                 from /root/mfem/mfem/tests/unit/catch.hpp:8030,
                 from /root/mfem/mfem/tests/unit/unit_tests.hpp:15,
                 from /root/mfem/mfem/tests/unit/run_unit_tests.hpp:15,
                 from /root/mfem/mfem/tests/unit/unit_test_main.cpp:14:
/root/mfem/mfem/tests/unit/catch.hpp:10818:58: error: call to non-‚Äòconstexpr‚Äô function ‚Äòlong int sysconf(int)‚Äô
10818 |     static constexpr std::size_t sigStackSize = 32768 >= MINSIGSTKSZ ? 32768 : MINSIGSTKSZ;
      |                                                          ^~~~~~~~~~~
In file included from /usr/include/x86_64-linux-gnu/bits/sigstksz.h:24,
                 from /usr/include/signal.h:328,
                 from /root/mfem/mfem/tests/unit/catch.hpp:8030,
                 from /root/mfem/mfem/tests/unit/unit_tests.hpp:15,
                 from /root/mfem/mfem/tests/unit/run_unit_tests.hpp:15,
                 from /root/mfem/mfem/tests/unit/unit_test_main.cpp:14:
/usr/include/unistd.h:640:17: note: ‚Äòlong int sysconf(int)‚Äô declared here
  640 | extern long int sysconf (int __name) __THROW;
      |                 ^~~~~~~
In file included from /root/mfem/mfem/tests/unit/unit_tests.hpp:15,
                 from /root/mfem/mfem/tests/unit/run_unit_tests.hpp:15,
                 from /root/mfem/mfem/tests/unit/unit_test_main.cpp:14:
/root/mfem/mfem/tests/unit/catch.hpp:10877:45: error: size of array ‚ÄòaltStackMem‚Äô is not an integral constant-expression
10877 |     char FatalConditionHandler::altStackMem[sigStackSize] = {};
      |                                             ^~~~~~~~~~~~
make[2]: *** [tests/unit/CMakeFiles/unit_tests.dir/build.make:76: tests/unit/CMakeFiles/unit_tests.dir/unit_test_main.cpp.o] Error 1
make[1]: *** [CMakeFiles/Makefile2:931: tests/unit/CMakeFiles/unit_tests.dir/all] Error 2
make[1]: *** Waiting for unfinished jobs....
make[2]: *** [tests/unit/CMakeFiles/sedov_tests_cpu.dir/build.make:76: tests/unit/CMakeFiles/sedov_tests_cpu.dir/unit_test_main.cpp.o] Error 1
make[1]: *** [CMakeFiles/Makefile2:957: tests/unit/CMakeFiles/sedov_tests_cpu.dir/all] Error 2
make[2]: *** [tests/unit/CMakeFiles/sedov_tests_debug.dir/build.make:76: tests/unit/CMakeFiles/sedov_tests_debug.dir/unit_test_main.cpp.o] Error 1
make[1]: *** [CMakeFiles/Makefile2:983: tests/unit/CMakeFiles/sedov_tests_debug.dir/all] Error 2
make[2]: *** [tests/unit/CMakeFiles/tmop_pa_tests_debug.dir/build.make:76: tests/unit/CMakeFiles/tmop_pa_tests_debug.dir/unit_test_main.cpp.o] Error 1
make[1]: *** [CMakeFiles/Makefile2:1036: tests/unit/CMakeFiles/tmop_pa_tests_debug.dir/all] Error 2
make[2]: *** [tests/unit/CMakeFiles/debug_device_tests.dir/build.make:76: tests/unit/CMakeFiles/debug_device_tests.dir/unit_test_main.cpp.o] Error 1
make[1]: *** [CMakeFiles/Makefile2:1062: tests/unit/CMakeFiles/debug_device_tests.dir/all] Error 2
make[2]: *** [tests/unit/CMakeFiles/tmop_pa_tests_cpu.dir/build.make:76: tests/unit/CMakeFiles/tmop_pa_tests_cpu.dir/unit_test_main.cpp.o] Error 1
make[1]: *** [CMakeFiles/Makefile2:1010: tests/unit/CMakeFiles/tmop_pa_tests_cpu.dir/all] Error 2
make: *** [Makefile:146: all] Error 2

2023-11-09 07:28:26,735:DEBUG:-- (optional) USER_CONFIG = /root/mfem/mfem/config/user.cmake
-- USE_XSDK_DEFAULTS = 'OFF'
-- The CXX compiler identification is GNU 10.5.0
-- Detecting CXX compiler ABI info
-- Detecting CXX compiler ABI info - done
-- Check for working CXX compiler: /usr/bin/c++ - skipped
-- Detecting CXX compile features
-- Detecting CXX compile features - done
-- Looking for POSIXClocks ...
--    checking library: <standard c/c++>
-- Found POSIXClocks: TRUE  
-- MFEM: using package POSIXCLOCKS
-- MFEM build type: CMAKE_BUILD_TYPE = Release
-- MFEM version: v4.4.0
-- MFEM git string: heads/branch_6378493-0-g637849387ff1fa6a7bcfa6fbecafb98dedb84880
-- Writing substitute header --> "mfem.hpp"
-- Writing substitute header --> "mfem-performance.hpp"
-- performance_ex1: add flags "-march=native -Wall -pedantic --param max-completely-peel-times=3"
-- Could NOT find Doxygen (missing: DOXYGEN_EXECUTABLE) 
-- CMAKE_INSTALL_PREFIX = /usr/local
-- Configuring done
-- Generating done
-- Build files have been written to: /root/mfem/mfem/build
[  1%] Copying meshing miniapps data files ...
[  1%] Copying the data directory ...
[  1%] Built target benchmarks
[  2%] Building CXX object CMakeFiles/mfem.dir/general/array.cpp.o
[  2%] Building CXX object CMakeFiles/mfem.dir/general/binaryio.cpp.o
[  3%] Building CXX object CMakeFiles/mfem.dir/general/error.cpp.o
[  3%] Building CXX object CMakeFiles/mfem.dir/general/device.cpp.o
[  3%] Building CXX object CMakeFiles/mfem.dir/general/cuda.cpp.o
[  3%] Building CXX object CMakeFiles/mfem.dir/general/gecko.cpp.o
[  3%] Building CXX object CMakeFiles/mfem.dir/general/globals.cpp.o
[  3%] Building CXX object CMakeFiles/mfem.dir/general/hash.cpp.o
[  3%] Building CXX object CMakeFiles/mfem.dir/general/mem_manager.cpp.o
[  3%] Built target copy_miniapps_meshing_data
[  3%] Built target copy_data
[  4%] Building CXX object CMakeFiles/mfem.dir/general/isockstream.cpp.o
[  5%] Building CXX object CMakeFiles/mfem.dir/general/optparser.cpp.o
[  5%] Building CXX object CMakeFiles/mfem.dir/general/osockstream.cpp.o
[  5%] Building CXX object CMakeFiles/mfem.dir/general/occa.cpp.o
[  6%] Building CXX object CMakeFiles/mfem.dir/general/stable3d.cpp.o
[  6%] Building CXX object CMakeFiles/mfem.dir/general/tic_toc.cpp.o
[  6%] Building CXX object CMakeFiles/mfem.dir/general/sets.cpp.o
[  7%] Building CXX object CMakeFiles/mfem.dir/general/hip.cpp.o
[  7%] Building CXX object CMakeFiles/mfem.dir/general/version.cpp.o
[  7%] Building CXX object CMakeFiles/mfem.dir/general/socketstream.cpp.o
[  7%] Building CXX object CMakeFiles/mfem.dir/general/table.cpp.o
[  7%] Built target exec_prerequisites
[  7%] Building CXX object CMakeFiles/mfem.dir/general/tinyxml2.cpp.o
[  7%] Building CXX object CMakeFiles/mfem.dir/linalg/auxiliary.cpp.o
[  8%] Building CXX object CMakeFiles/mfem.dir/linalg/blockmatrix.cpp.o
[  8%] Building CXX object CMakeFiles/mfem.dir/linalg/blockoperator.cpp.o
[  8%] Building CXX object CMakeFiles/mfem.dir/linalg/blockvector.cpp.o
[  8%] Building CXX object CMakeFiles/mfem.dir/linalg/complex_operator.cpp.o
[  9%] Building CXX object CMakeFiles/mfem.dir/linalg/constraints.cpp.o
[  9%] Building CXX object CMakeFiles/mfem.dir/linalg/densemat.cpp.o
[  9%] Building CXX object CMakeFiles/mfem.dir/linalg/handle.cpp.o
[  9%] Building CXX object CMakeFiles/mfem.dir/linalg/symmat.cpp.o
[ 10%] Building CXX object CMakeFiles/mfem.dir/linalg/matrix.cpp.o
[ 10%] Building CXX object CMakeFiles/mfem.dir/linalg/operator.cpp.o
[ 10%] Building CXX object CMakeFiles/mfem.dir/linalg/solvers.cpp.o
[ 10%] Building CXX object CMakeFiles/mfem.dir/linalg/ode.cpp.o
[ 10%] Building CXX object CMakeFiles/mfem.dir/linalg/sparsesmoothers.cpp.o
[ 11%] Building CXX object CMakeFiles/mfem.dir/linalg/sparsemat.cpp.o
[ 12%] Building CXX object CMakeFiles/mfem.dir/linalg/vector.cpp.o
[ 12%] Building CXX object CMakeFiles/mfem.dir/mesh/element.cpp.o
[ 12%] Building CXX object CMakeFiles/mfem.dir/mesh/gmsh.cpp.o
[ 12%] Building CXX object CMakeFiles/mfem.dir/mesh/mesh.cpp.o
[ 12%] Building CXX object CMakeFiles/mfem.dir/mesh/hexahedron.cpp.o
[ 13%] Building CXX object CMakeFiles/mfem.dir/mesh/mesh_readers.cpp.o
[ 13%] Building CXX object CMakeFiles/mfem.dir/mesh/mesh_operators.cpp.o
[ 13%] Building CXX object CMakeFiles/mfem.dir/mesh/ncmesh.cpp.o
[ 14%] Building CXX object CMakeFiles/mfem.dir/mesh/nurbs.cpp.o
[ 14%] Building CXX object CMakeFiles/mfem.dir/mesh/point.cpp.o
[ 14%] Building CXX object CMakeFiles/mfem.dir/mesh/quadrilateral.cpp.o
[ 14%] Building CXX object CMakeFiles/mfem.dir/mesh/pyramid.cpp.o
[ 14%] Building CXX object CMakeFiles/mfem.dir/mesh/tetrahedron.cpp.o
[ 14%] Building CXX object CMakeFiles/mfem.dir/mesh/vertex.cpp.o
[ 15%] Building CXX object CMakeFiles/mfem.dir/mesh/segment.cpp.o
[ 15%] Building CXX object CMakeFiles/mfem.dir/mesh/triangle.cpp.o
[ 15%] Building CXX object CMakeFiles/mfem.dir/mesh/wedge.cpp.o
[ 16%] Building CXX object CMakeFiles/mfem.dir/mesh/vtk.cpp.o
[ 16%] Building CXX object CMakeFiles/mfem.dir/fem/bilinearform.cpp.o
[ 17%] Building CXX object CMakeFiles/mfem.dir/fem/bilininteg.cpp.o
[ 18%] Building CXX object CMakeFiles/mfem.dir/fem/bilininteg_convection_pa.cpp.o
[ 18%] Building CXX object CMakeFiles/mfem.dir/fem/bilininteg_convection_mf.cpp.o
[ 18%] Building CXX object CMakeFiles/mfem.dir/fem/bilinearform_ext.cpp.o
[ 18%] Building CXX object CMakeFiles/mfem.dir/fem/bilininteg_br2.cpp.o
[ 18%] Building CXX object CMakeFiles/mfem.dir/fem/bilininteg_convection_ea.cpp.o
[ 18%] Building CXX object CMakeFiles/mfem.dir/fem/bilininteg_dgtrace_pa.cpp.o
[ 18%] Building CXX object CMakeFiles/mfem.dir/fem/bilininteg_dgtrace_ea.cpp.o
[ 19%] Building CXX object CMakeFiles/mfem.dir/fem/bilininteg_diffusion_mf.cpp.o
[ 19%] Building CXX object CMakeFiles/mfem.dir/fem/bilininteg_diffusion_pa.cpp.o
[ 19%] Building CXX object CMakeFiles/mfem.dir/fem/bilininteg_diffusion_ea.cpp.o
[ 19%] Building CXX object CMakeFiles/mfem.dir/fem/bilininteg_divergence.cpp.o
[ 20%] Building CXX object CMakeFiles/mfem.dir/fem/bilininteg_hcurl.cpp.o
[ 20%] Building CXX object CMakeFiles/mfem.dir/fem/bilininteg_hdiv.cpp.o
[ 20%] Building CXX object CMakeFiles/mfem.dir/fem/bilininteg_gradient.cpp.o
[ 20%] Building CXX object CMakeFiles/mfem.dir/fem/bilininteg_vectorfe.cpp.o
[ 21%] Building CXX object CMakeFiles/mfem.dir/fem/bilininteg_mass_mf.cpp.o
[ 21%] Building CXX object CMakeFiles/mfem.dir/fem/bilininteg_mass_ea.cpp.o
[ 21%] Building CXX object CMakeFiles/mfem.dir/fem/bilininteg_mass_pa.cpp.o
[ 22%] Building CXX object CMakeFiles/mfem.dir/fem/bilininteg_transpose_ea.cpp.o
[ 22%] Building CXX object CMakeFiles/mfem.dir/fem/bilininteg_vecdiffusion.cpp.o
[ 22%] Building CXX object CMakeFiles/mfem.dir/fem/bilininteg_vecdiffusion_mf.cpp.o
[ 22%] Building CXX object CMakeFiles/mfem.dir/fem/bilininteg_vecmass.cpp.o
[ 23%] Building CXX object CMakeFiles/mfem.dir/fem/bilininteg_vecmass_mf.cpp.o
[ 23%] Building CXX object CMakeFiles/mfem.dir/fem/coefficient.cpp.o
[ 23%] Building CXX object CMakeFiles/mfem.dir/fem/complex_fem.cpp.o
[ 23%] Building CXX object CMakeFiles/mfem.dir/fem/convergence.cpp.o
[ 24%] Building CXX object CMakeFiles/mfem.dir/fem/datacollection.cpp.o
[ 24%] Building CXX object CMakeFiles/mfem.dir/fem/doftrans.cpp.o
[ 24%] Building CXX object CMakeFiles/mfem.dir/fem/eltrans.cpp.o
[ 25%] Building CXX object CMakeFiles/mfem.dir/fem/estimators.cpp.o
[ 25%] Building CXX object CMakeFiles/mfem.dir/fem/fe/fe_base.cpp.o
[ 25%] Building CXX object CMakeFiles/mfem.dir/fem/fe.cpp.o
[ 25%] Building CXX object CMakeFiles/mfem.dir/fem/fe/fe_fixed_order.cpp.o
[ 26%] Building CXX object CMakeFiles/mfem.dir/fem/fe/fe_h1.cpp.o
[ 26%] Building CXX object CMakeFiles/mfem.dir/fem/fe/fe_l2.cpp.o
[ 26%] Building CXX object CMakeFiles/mfem.dir/fem/fe/fe_nd.cpp.o
[ 26%] Building CXX object CMakeFiles/mfem.dir/fem/fe/fe_nurbs.cpp.o
[ 27%] Building CXX object CMakeFiles/mfem.dir/fem/fe/fe_pos.cpp.o
[ 27%] Building CXX object CMakeFiles/mfem.dir/fem/fe/fe_rt.cpp.o
[ 27%] Building CXX object CMakeFiles/mfem.dir/fem/fe/fe_ser.cpp.o
[ 27%] Building CXX object CMakeFiles/mfem.dir/fem/fe_coll.cpp.o
[ 28%] Building CXX object CMakeFiles/mfem.dir/fem/fespace.cpp.o
[ 28%] Building CXX object CMakeFiles/mfem.dir/fem/geom.cpp.o
[ 28%] Building CXX object CMakeFiles/mfem.dir/fem/gridfunc.cpp.o
[ 29%] Building CXX object CMakeFiles/mfem.dir/fem/hybridization.cpp.o
[ 29%] Building CXX object CMakeFiles/mfem.dir/fem/intrules.cpp.o
[ 29%] Building CXX object CMakeFiles/mfem.dir/fem/ceed/algebraic.cpp.o
[ 29%] Building CXX object CMakeFiles/mfem.dir/fem/ceed/full-assembly.cpp.o
[ 30%] Building CXX object CMakeFiles/mfem.dir/fem/ceed/solvers-atpmg.cpp.o
[ 30%] Building CXX object CMakeFiles/mfem.dir/fem/ceed/convection.cpp.o
[ 30%] Building CXX object CMakeFiles/mfem.dir/fem/ceed/diffusion.cpp.o
[ 30%] Building CXX object CMakeFiles/mfem.dir/fem/ceed/nlconvection.cpp.o
[ 31%] Building CXX object CMakeFiles/mfem.dir/fem/ceed/mass.cpp.o
[ 31%] Building CXX object CMakeFiles/mfem.dir/fem/ceed/operator.cpp.o
[ 31%] Building CXX object CMakeFiles/mfem.dir/fem/ceed/util.cpp.o
[ 32%] Building CXX object CMakeFiles/mfem.dir/fem/linearform.cpp.o
[ 32%] Building CXX object CMakeFiles/mfem.dir/fem/multigrid.cpp.o
[ 32%] Building CXX object CMakeFiles/mfem.dir/fem/lininteg.cpp.o
[ 32%] Building CXX object CMakeFiles/mfem.dir/fem/nonlinearform.cpp.o
[ 33%] Building CXX object CMakeFiles/mfem.dir/fem/nonlinearform_ext.cpp.o
[ 33%] Building CXX object CMakeFiles/mfem.dir/fem/nonlininteg.cpp.o
[ 33%] Building CXX object CMakeFiles/mfem.dir/fem/fespacehierarchy.cpp.o
[ 33%] Building CXX object CMakeFiles/mfem.dir/fem/nonlininteg_vectorconvection.cpp.o
[ 34%] Building CXX object CMakeFiles/mfem.dir/fem/nonlininteg_vectorconvection_mf.cpp.o
[ 34%] Building CXX object CMakeFiles/mfem.dir/fem/qinterp/det.cpp.o
[ 34%] Building CXX object CMakeFiles/mfem.dir/fem/qinterp/eval_by_nodes.cpp.o
[ 34%] Building CXX object CMakeFiles/mfem.dir/fem/qinterp/eval_by_vdim.cpp.o
[ 35%] Building CXX object CMakeFiles/mfem.dir/fem/qinterp/grad_by_nodes.cpp.o
[ 35%] Building CXX object CMakeFiles/mfem.dir/fem/qinterp/grad_by_vdim.cpp.o
[ 35%] Building CXX object CMakeFiles/mfem.dir/fem/qinterp/grad_phys_by_nodes.cpp.o
[ 36%] Building CXX object CMakeFiles/mfem.dir/fem/qinterp/grad_phys_by_vdim.cpp.o
[ 36%] Building CXX object CMakeFiles/mfem.dir/fem/quadinterpolator.cpp.o
[ 36%] Building CXX object CMakeFiles/mfem.dir/fem/quadinterpolator_face.cpp.o
[ 36%] Building CXX object CMakeFiles/mfem.dir/fem/restriction.cpp.o
[ 37%] Building CXX object CMakeFiles/mfem.dir/fem/staticcond.cpp.o
[ 37%] Building CXX object CMakeFiles/mfem.dir/fem/tmop.cpp.o
[ 37%] Building CXX object CMakeFiles/mfem.dir/fem/tmop/tmop_pa.cpp.o
[ 37%] Building CXX object CMakeFiles/mfem.dir/fem/tmop/tmop_pa_da3.cpp.o
[ 38%] Building CXX object CMakeFiles/mfem.dir/fem/tmop/tmop_pa_h2d.cpp.o
[ 38%] Building CXX object CMakeFiles/mfem.dir/fem/tmop/tmop_pa_h2d_c0.cpp.o
[ 38%] Building CXX object CMakeFiles/mfem.dir/fem/tmop/tmop_pa_h2m.cpp.o
[ 39%] Building CXX object CMakeFiles/mfem.dir/fem/tmop/tmop_pa_h2m_c0.cpp.o
[ 39%] Building CXX object CMakeFiles/mfem.dir/fem/tmop/tmop_pa_h2s_c0.cpp.o
[ 39%] Building CXX object CMakeFiles/mfem.dir/fem/tmop/tmop_pa_h2s.cpp.o
[ 39%] Building CXX object CMakeFiles/mfem.dir/fem/tmop/tmop_pa_h3d.cpp.o
[ 40%] Building CXX object CMakeFiles/mfem.dir/fem/tmop/tmop_pa_h3d_c0.cpp.o
[ 40%] Building CXX object CMakeFiles/mfem.dir/fem/tmop/tmop_pa_h3m.cpp.o
[ 40%] Building CXX object CMakeFiles/mfem.dir/fem/tmop/tmop_pa_h3m_c0.cpp.o
[ 40%] Building CXX object CMakeFiles/mfem.dir/fem/tmop/tmop_pa_h3s.cpp.o
[ 41%] Building CXX object CMakeFiles/mfem.dir/fem/tmop/tmop_pa_h3s_c0.cpp.o
[ 41%] Building CXX object CMakeFiles/mfem.dir/fem/tmop/tmop_pa_jp2.cpp.o
[ 41%] Building CXX object CMakeFiles/mfem.dir/fem/tmop/tmop_pa_jp3.cpp.o
[ 41%] Building CXX object CMakeFiles/mfem.dir/fem/tmop/tmop_pa_p2.cpp.o
[ 42%] Building CXX object CMakeFiles/mfem.dir/fem/tmop/tmop_pa_p2_c0.cpp.o
[ 42%] Building CXX object CMakeFiles/mfem.dir/fem/tmop/tmop_pa_p3.cpp.o
[ 42%] Building CXX object CMakeFiles/mfem.dir/fem/tmop/tmop_pa_p3_c0.cpp.o
[ 43%] Building CXX object CMakeFiles/mfem.dir/fem/tmop/tmop_pa_tc2.cpp.o
[ 43%] Building CXX object CMakeFiles/mfem.dir/fem/tmop/tmop_pa_tc3.cpp.o
[ 43%] Building CXX object CMakeFiles/mfem.dir/fem/tmop/tmop_pa_w2.cpp.o
[ 43%] Building CXX object CMakeFiles/mfem.dir/fem/tmop/tmop_pa_w2_c0.cpp.o
[ 44%] Building CXX object CMakeFiles/mfem.dir/fem/tmop/tmop_pa_w3.cpp.o
[ 44%] Building CXX object CMakeFiles/mfem.dir/fem/tmop/tmop_pa_w3_c0.cpp.o
[ 44%] Building CXX object CMakeFiles/mfem.dir/fem/tmop_tools.cpp.o
[ 44%] Building CXX object CMakeFiles/mfem.dir/fem/tmop_amr.cpp.o
[ 45%] Building CXX object CMakeFiles/mfem.dir/fem/gslib.cpp.o
[ 45%] Building CXX object CMakeFiles/mfem.dir/fem/transfer.cpp.o
[ 45%] Building CXX object CMakeFiles/mfem.dir/fem/lor.cpp.o
[ 46%] Linking CXX static library libmfem.a
[ 46%] Built target mfem
[ 46%] Building CXX object miniapps/meshing/CMakeFiles/klein-bottle.dir/klein-bottle.cpp.o
[ 47%] Building CXX object miniapps/autodiff/CMakeFiles/seqtest.dir/seq_test.cpp.o
[ 47%] Building CXX object miniapps/meshing/CMakeFiles/toroid.dir/toroid.cpp.o
[ 48%] Building CXX object miniapps/meshing/CMakeFiles/mesh-explorer.dir/mesh-explorer.cpp.o
[ 48%] Building CXX object miniapps/meshing/CMakeFiles/shaper.dir/shaper.cpp.o
[ 48%] Building CXX object miniapps/meshing/CMakeFiles/polar-nc.dir/polar-nc.cpp.o
[ 48%] Building CXX object miniapps/meshing/CMakeFiles/mobius-strip.dir/mobius-strip.cpp.o
[ 48%] Building CXX object miniapps/common/CMakeFiles/mfem-common.dir/fem_extras.cpp.o
[ 49%] Building CXX object miniapps/meshing/CMakeFiles/extruder.dir/extruder.cpp.o
[ 49%] Building CXX object miniapps/meshing/CMakeFiles/trimmer.dir/trimmer.cpp.o
[ 49%] Building CXX object miniapps/toys/CMakeFiles/toy_life.dir/life.cpp.o
[ 49%] Building CXX object miniapps/toys/CMakeFiles/toy_mandel.dir/mandel.cpp.o
[ 49%] Building CXX object miniapps/performance/CMakeFiles/performance_ex1.dir/ex1.cpp.o
[ 49%] Building CXX object miniapps/common/CMakeFiles/mfem-common.dir/mesh_extras.cpp.o
[ 49%] Building CXX object miniapps/tools/CMakeFiles/convert-dc.dir/convert-dc.cpp.o
[ 50%] Building CXX object miniapps/meshing/CMakeFiles/minimal-surface.dir/minimal-surface.cpp.o
[ 50%] Building CXX object miniapps/toys/CMakeFiles/toy_automata.dir/automata.cpp.o
[ 50%] Building CXX object miniapps/tools/CMakeFiles/load-dc.dir/load-dc.cpp.o
[ 50%] Building CXX object miniapps/meshing/CMakeFiles/twist.dir/twist.cpp.o
[ 50%] Building CXX object miniapps/toys/CMakeFiles/toy_lissajous.dir/lissajous.cpp.o
[ 50%] Building CXX object miniapps/tools/CMakeFiles/lor-transfer.dir/lor-transfer.cpp.o
[ 50%] Building CXX object miniapps/autodiff/CMakeFiles/seqadiff.dir/seq_example.cpp.o
[ 50%] Building CXX object tests/unit/CMakeFiles/debug_device_tests.dir/unit_test_main.cpp.o
[ 50%] Building CXX object miniapps/solvers/CMakeFiles/lor_solvers.dir/lor_solvers.cpp.o
[ 50%] Building CXX object miniapps/mtop/CMakeFiles/seqheat.dir/seqheat.cpp.o
[ 51%] Building CXX object miniapps/mtop/CMakeFiles/seqheat.dir/paramnonlinearform.cpp.o
[ 51%] Building CXX object miniapps/toys/CMakeFiles/toy_mondrian.dir/mondrian.cpp.o
[ 52%] Building CXX object miniapps/nurbs/CMakeFiles/nurbs_ex1.dir/nurbs_ex1.cpp.o
[ 52%] Building CXX object tests/unit/CMakeFiles/debug_device_tests.dir/miniapps/test_debug_device.cpp.o
[ 52%] Building CXX object tests/unit/CMakeFiles/unit_tests.dir/general/test_array.cpp.o
[ 52%] Building CXX object tests/unit/CMakeFiles/unit_tests.dir/general/test_mem.cpp.o
[ 52%] Building CXX object miniapps/mtop/CMakeFiles/seqheat.dir/mtop_integrators.cpp.o
[ 53%] Building CXX object tests/unit/CMakeFiles/sedov_tests_cpu.dir/unit_test_main.cpp.o
[ 53%] Building CXX object tests/unit/CMakeFiles/unit_tests.dir/unit_test_main.cpp.o
[ 53%] Building CXX object tests/unit/CMakeFiles/sedov_tests_debug.dir/miniapps/test_sedov.cpp.o
[ 53%] Building CXX object tests/unit/CMakeFiles/sedov_tests_debug.dir/unit_test_main.cpp.o
[ 53%] Building CXX object tests/unit/CMakeFiles/unit_tests.dir/general/test_text.cpp.o
[ 54%] Building CXX object tests/unit/CMakeFiles/tmop_pa_tests_cpu.dir/unit_test_main.cpp.o
[ 55%] Building CXX object tests/unit/CMakeFiles/sedov_tests_cpu.dir/miniapps/test_sedov.cpp.o
[ 56%] Building CXX object tests/unit/CMakeFiles/unit_tests.dir/general/test_umpire_mem.cpp.o
[ 56%] Building CXX object examples/CMakeFiles/ex0.dir/ex0.cpp.o
[ 56%] Building CXX object tests/unit/CMakeFiles/tmop_pa_tests_debug.dir/unit_test_main.cpp.o
[ 57%] Building CXX object examples/CMakeFiles/ex30.dir/ex30.cpp.o
[ 58%] Building CXX object examples/CMakeFiles/ex5.dir/ex5.cpp.o
[ 58%] Building CXX object examples/CMakeFiles/ex2.dir/ex2.cpp.o
[ 59%] Building CXX object examples/CMakeFiles/ex1.dir/ex1.cpp.o
[ 59%] Building CXX object examples/CMakeFiles/ex3.dir/ex3.cpp.o
[ 59%] Building CXX object examples/CMakeFiles/ex4.dir/ex4.cpp.o
[ 60%] Linking CXX executable extruder
[ 60%] Building CXX object tests/unit/CMakeFiles/unit_tests.dir/general/test_zlib.cpp.o
[ 60%] Linking CXX executable load-dc
[ 60%] Linking CXX executable seqtest
[ 60%] Linking CXX executable twist
[ 60%] Building CXX object tests/unit/CMakeFiles/tmop_pa_tests_cpu.dir/miniapps/test_tmop_pa.cpp.o
[ 60%] Linking CXX executable ex30
[ 60%] Built target seqtest
[ 60%] Building CXX object tests/unit/CMakeFiles/unit_tests.dir/linalg/test_cg_indefinite.cpp.o
[ 60%] Building CXX object examples/CMakeFiles/ex6.dir/ex6.cpp.o
[ 60%] Linking CXX executable mobius-strip
[ 60%] Linking CXX executable toy_automata
[ 61%] Building CXX object tests/unit/CMakeFiles/unit_tests.dir/linalg/test_chebyshev.cpp.o
[ 61%] Built target extruder
[ 61%] Built target load-dc
[ 61%] Linking CXX executable ex0
[ 61%] Linking CXX executable ex2
[ 61%] Linking CXX executable ex4
[ 61%] Building CXX object tests/unit/CMakeFiles/unit_tests.dir/linalg/test_complex_operator.cpp.o
[ 61%] Linking CXX executable convert-dc
[ 62%] Linking CXX executable toroid
[ 63%] Linking CXX executable klein-bottle
[ 64%] Building CXX object examples/CMakeFiles/ex7.dir/ex7.cpp.o
[ 64%] Built target ex30
[ 64%] Linking CXX executable ex3
[ 65%] Linking CXX executable toy_mandel
[ 65%] Building CXX object examples/CMakeFiles/ex8.dir/ex8.cpp.o
[ 65%] Built target twist
[ 65%] Building CXX object examples/CMakeFiles/ex10.dir/ex10.cpp.o
[ 65%] Building CXX object examples/CMakeFiles/ex14.dir/ex14.cpp.o
[ 66%] Building CXX object examples/CMakeFiles/ex9.dir/ex9.cpp.o
[ 66%] Linking CXX executable nurbs_ex1
[ 67%] Linking CXX executable toy_life
[ 67%] Linking CXX executable trimmer
[ 67%] Linking CXX executable shaper
[ 67%] Linking CXX executable ex1
[ 67%] Building CXX object examples/CMakeFiles/ex15.dir/ex15.cpp.o
[ 67%] Built target mobius-strip
[ 67%] Building CXX object examples/CMakeFiles/ex16.dir/ex16.cpp.o
[ 67%] Building CXX object tests/unit/CMakeFiles/unit_tests.dir/linalg/test_constrainedsolver.cpp.o
[ 68%] Linking CXX executable lor-transfer
[ 68%] Linking CXX executable ex5
[ 68%] Linking CXX executable toy_lissajous
[ 68%] Built target toy_automata
[ 68%] Building CXX object examples/CMakeFiles/ex17.dir/ex17.cpp.o
[ 68%] Built target ex4
[ 68%] Building CXX object examples/CMakeFiles/ex18.dir/ex18.cpp.o
[ 68%] Built target ex0
[ 68%] Building CXX object tests/unit/CMakeFiles/unit_tests.dir/linalg/test_direct_solvers.cpp.o
[ 68%] Built target ex2
[ 68%] Built target toroid
[ 68%] Built target toy_mandel
[ 68%] Built target ex3
[ 69%] Built target convert-dc
[ 69%] Building CXX object examples/CMakeFiles/ex19.dir/ex19.cpp.o
[ 70%] Building CXX object tests/unit/CMakeFiles/unit_tests.dir/linalg/test_hypre_ilu.cpp.o
[ 70%] Building CXX object examples/CMakeFiles/ex21.dir/ex21.cpp.o
[ 71%] Building CXX object examples/CMakeFiles/ex20.dir/ex20.cpp.o
[ 71%] Building CXX object tests/unit/CMakeFiles/unit_tests.dir/linalg/test_hypre_vector.cpp.o
[ 71%] Built target klein-bottle
[ 71%] Linking CXX executable toy_mondrian
[ 71%] Building CXX object tests/unit/CMakeFiles/unit_tests.dir/linalg/test_ilu.cpp.o
[ 71%] Built target shaper
[ 71%] Building CXX object tests/unit/CMakeFiles/unit_tests.dir/linalg/test_matrix_block.cpp.o
[ 71%] Built target toy_life
[ 72%] Building CXX object tests/unit/CMakeFiles/unit_tests.dir/linalg/test_matrix_dense.cpp.o
[ 72%] Built target nurbs_ex1
[ 72%] Building CXX object tests/unit/CMakeFiles/unit_tests.dir/linalg/test_matrix_hypre.cpp.o
[ 72%] Built target trimmer
[ 72%] Linking CXX executable lor_solvers
[ 73%] Building CXX object examples/CMakeFiles/ex22.dir/ex22.cpp.o
[ 73%] Linking CXX executable seqadiff
[ 73%] Built target lor-transfer
[ 73%] Built target ex1
[ 73%] Building CXX object tests/unit/CMakeFiles/unit_tests.dir/linalg/test_matrix_rectangular.cpp.o
[ 73%] Building CXX object examples/CMakeFiles/ex23.dir/ex23.cpp.o
[ 73%] Built target ex5
[ 73%] Built target toy_lissajous
[ 73%] Linking CXX executable polar-nc
[ 74%] Building CXX object examples/CMakeFiles/ex24.dir/ex24.cpp.o
[ 74%] Linking CXX static library libmfem-common.a
[ 74%] Building CXX object examples/CMakeFiles/ex25.dir/ex25.cpp.o
[ 74%] Built target mfem-common
[ 74%] Building CXX object tests/unit/CMakeFiles/unit_tests.dir/linalg/test_matrix_sparse.cpp.o
[ 74%] Built target toy_mondrian
[ 74%] Building CXX object examples/CMakeFiles/ex26.dir/ex26.cpp.o
[ 74%] Built target lor_solvers
[ 74%] Built target seqadiff
[ 74%] Building CXX object examples/CMakeFiles/ex27.dir/ex27.cpp.o
[ 75%] Building CXX object tests/unit/CMakeFiles/unit_tests.dir/linalg/test_matrix_square.cpp.o
[ 75%] Building CXX object examples/CMakeFiles/ex28.dir/ex28.cpp.o
[ 75%] Built target polar-nc
[ 75%] Building CXX object tests/unit/CMakeFiles/unit_tests.dir/linalg/test_ode.cpp.o
[ 75%] Building CXX object tests/unit/CMakeFiles/unit_tests.dir/linalg/test_ode2.cpp.o
[ 75%] Linking CXX executable minimal-surface
[ 75%] Linking CXX executable mesh-explorer
[ 75%] Linking CXX executable seqheat
[ 76%] Building CXX object tests/unit/CMakeFiles/unit_tests.dir/linalg/test_operator.cpp.o
[ 76%] Linking CXX executable ex6
[ 76%] Linking CXX executable ex14
[ 76%] Built target mesh-explorer
[ 76%] Building CXX object tests/unit/CMakeFiles/unit_tests.dir/linalg/test_vector.cpp.o
[ 76%] Built target minimal-surface
[ 77%] Building CXX object tests/unit/CMakeFiles/tmop_pa_tests_debug.dir/miniapps/test_tmop_pa.cpp.o
[ 77%] Building CXX object tests/unit/CMakeFiles/unit_tests.dir/mesh/test_fms.cpp.o
[ 77%] Building CXX object tests/unit/CMakeFiles/unit_tests.dir/mesh/test_mesh.cpp.o
[ 77%] Built target seqheat
[ 77%] Linking CXX executable ex7
[ 77%] Building CXX object examples/CMakeFiles/ex29.dir/ex29.cpp.o
[ 78%] Building CXX object tests/unit/CMakeFiles/unit_tests.dir/mesh/test_ncmesh.cpp.o
[ 78%] Building CXX object tests/unit/CMakeFiles/unit_tests.dir/mesh/test_pmesh.cpp.o
[ 78%] Building CXX object tests/unit/CMakeFiles/unit_tests.dir/mesh/test_periodic_mesh.cpp.o
[ 78%] Linking CXX executable ex8
[ 78%] Linking CXX executable ex16
[ 78%] Building CXX object tests/unit/CMakeFiles/unit_tests.dir/mesh/test_vtu.cpp.o
[ 79%] Building CXX object tests/unit/CMakeFiles/unit_tests.dir/fem/test_1d_bilininteg.cpp.o
[ 80%] Linking CXX executable ex17
[ 80%] Built target ex6
[ 80%] Building CXX object tests/unit/CMakeFiles/unit_tests.dir/fem/test_2d_bilininteg.cpp.o
[ 80%] Built target ex14
[ 80%] Building CXX object tests/unit/CMakeFiles/unit_tests.dir/fem/test_3d_bilininteg.cpp.o
[ 81%] Building CXX object tests/unit/CMakeFiles/unit_tests.dir/fem/test_assemblediagonalpa.cpp.o
[ 81%] Linking CXX executable ex20
[ 81%] Building CXX object tests/unit/CMakeFiles/unit_tests.dir/fem/test_assembly_levels.cpp.o
[ 81%] Built target ex7
[ 81%] Building CXX object tests/unit/CMakeFiles/unit_tests.dir/fem/test_bilinearform.cpp.o
[ 81%] Built target ex8
[ 81%] Building CXX object tests/unit/CMakeFiles/unit_tests.dir/fem/test_blocknonlinearform.cpp.o
[ 81%] Linking CXX executable ex9
[ 81%] Linking CXX executable ex19
[ 81%] Built target ex16
[ 82%] Building CXX object tests/unit/CMakeFiles/unit_tests.dir/fem/test_calcshape.cpp.o
[ 82%] Building CXX object tests/unit/CMakeFiles/unit_tests.dir/fem/test_calcvshape.cpp.o
[ 83%] Linking CXX executable ex10
[ 83%] Linking CXX executable ex21
[ 83%] Built target ex17
[ 83%] Building CXX object tests/unit/CMakeFiles/unit_tests.dir/fem/test_calcdshape.cpp.o
[ 83%] Building CXX object tests/unit/CMakeFiles/unit_tests.dir/fem/test_calccurlshape.cpp.o
[ 83%] Linking CXX executable ex24
[ 83%] Building CXX object tests/unit/CMakeFiles/unit_tests.dir/fem/test_coefficient.cpp.o
[ 84%] Building CXX object tests/unit/CMakeFiles/unit_tests.dir/fem/test_calcdivshape.cpp.o
[ 84%] Linking CXX executable ex22
[ 84%] Building CXX object tests/unit/CMakeFiles/unit_tests.dir/fem/test_datacollection.cpp.o
[ 85%] Linking CXX executable ex15
[ 85%] Linking CXX executable ex23
[ 85%] Built target ex19
[ 85%] Built target ex20
[ 85%] Building CXX object tests/unit/CMakeFiles/unit_tests.dir/fem/test_derefine.cpp.o
[ 85%] Built target ex9
[ 86%] Building CXX object tests/unit/CMakeFiles/unit_tests.dir/fem/test_estimator.cpp.o
[ 86%] Building CXX object tests/unit/CMakeFiles/unit_tests.dir/fem/test_face_elem_trans.cpp.o
[ 86%] Building CXX object tests/unit/CMakeFiles/unit_tests.dir/fem/test_face_permutation.cpp.o
[ 86%] Built target ex21
[ 86%] Built target ex10
[ 87%] Building CXX object tests/unit/CMakeFiles/unit_tests.dir/fem/test_fe.cpp.o
[ 87%] Building CXX object tests/unit/CMakeFiles/unit_tests.dir/fem/test_get_value.cpp.o
[ 87%] Building CXX object tests/unit/CMakeFiles/unit_tests.dir/fem/test_getderivative.cpp.o
[ 87%] Built target ex24
[ 87%] Linking CXX executable ex26
[ 87%] Linking CXX executable ex18
[ 87%] Built target ex22
[ 88%] Linking CXX executable ex27
[ 88%] Built target ex15
[ 88%] Built target ex23
[ 88%] Linking CXX executable ex28
[ 89%] Linking CXX executable ex25
[ 89%] Built target ex18
[ 89%] Built target ex26
[ 89%] Built target ex27
[ 89%] Built target ex28
[ 89%] Built target ex25
[ 90%] Linking CXX executable ex29
[ 90%] Built target ex29
[ 91%] Linking CXX executable performance_ex1
[ 91%] Built target performance_ex1
Consolidate compiler generated dependencies of target mfem
[100%] Built target mfem
Install the project...
-- Install configuration: "Release"
-- Installing: /usr/local/lib/libmfem.a
-- Installing: /usr/local/include/mfem.hpp
-- Installing: /usr/local/include/mfem-performance.hpp
-- Installing: /usr/local/include/mfem/mfem.hpp
-- Installing: /usr/local/include/mfem/mfem-performance.hpp
-- Up-to-date: /usr/local/include/mfem/general
-- Installing: /usr/local/include/mfem/general/hip.hpp
-- Installing: /usr/local/include/mfem/general/mem_manager.hpp
-- Installing: /usr/local/include/mfem/general/tassign.hpp
-- Installing: /usr/local/include/mfem/general/binaryio.hpp
-- Installing: /usr/local/include/mfem/general/socketstream.hpp
-- Installing: /usr/local/include/mfem/general/osockstream.hpp
-- Installing: /usr/local/include/mfem/general/globals.hpp
-- Installing: /usr/local/include/mfem/general/hash.hpp
-- Installing: /usr/local/include/mfem/general/sort_pairs.hpp
-- Installing: /usr/local/include/mfem/general/isockstream.hpp
-- Installing: /usr/local/include/mfem/general/error.hpp
-- Installing: /usr/local/include/mfem/general/occa.hpp
-- Installing: /usr/local/include/mfem/general/forall.hpp
-- Installing: /usr/local/include/mfem/general/tic_toc.hpp
-- Installing: /usr/local/include/mfem/general/sets.hpp
-- Installing: /usr/local/include/mfem/general/backends.hpp
-- Installing: /usr/local/include/mfem/general/table.hpp
-- Installing: /usr/local/include/mfem/general/annotation.hpp
-- Installing: /usr/local/include/mfem/general/mem_alloc.hpp
-- Installing: /usr/local/include/mfem/general/text.hpp
-- Installing: /usr/local/include/mfem/general/stable3d.hpp
-- Installing: /usr/local/include/mfem/general/cuda.hpp
-- Installing: /usr/local/include/mfem/general/gecko.hpp
-- Installing: /usr/local/include/mfem/general/device.hpp
-- Installing: /usr/local/include/mfem/general/optparser.hpp
-- Installing: /usr/local/include/mfem/general/communication.hpp
-- Installing: /usr/local/include/mfem/general/array.hpp
-- Installing: /usr/local/include/mfem/general/zstr.hpp
-- Installing: /usr/local/include/mfem/general/adios2stream.hpp
-- Installing: /usr/local/include/mfem/general/version.hpp
-- Up-to-date: /usr/local/include/mfem/linalg
-- Installing: /usr/local/include/mfem/linalg/slepc.hpp
-- Installing: /usr/local/include/mfem/linalg/ginkgo.hpp
-- Installing: /usr/local/include/mfem/linalg/hypre.hpp
-- Installing: /usr/local/include/mfem/linalg/operator.hpp
-- Installing: /usr/local/include/mfem/linalg/vector.hpp
-- Installing: /usr/local/include/mfem/linalg/blockmatrix.hpp
-- Installing: /usr/local/include/mfem/linalg/blockvector.hpp
-- Installing: /usr/local/include/mfem/linalg/hypre_parcsr.hpp
-- Installing: /usr/local/include/mfem/linalg/solvers.hpp
-- Up-to-date: /usr/local/include/mfem/linalg/simd
-- Installing: /usr/local/include/mfem/linalg/simd/qpx256.hpp
-- Installing: /usr/local/include/mfem/linalg/simd/qpx.hpp
-- Installing: /usr/local/include/mfem/linalg/simd/vsx128.hpp
-- Installing: /usr/local/include/mfem/linalg/simd/m512.hpp
-- Installing: /usr/local/include/mfem/linalg/simd/x86.hpp
-- Installing: /usr/local/include/mfem/linalg/simd/vsx.hpp
-- Installing: /usr/local/include/mfem/linalg/simd/sve.hpp
-- Installing: /usr/local/include/mfem/linalg/simd/m256.hpp
-- Installing: /usr/local/include/mfem/linalg/simd/m128.hpp
-- Installing: /usr/local/include/mfem/linalg/simd/auto.hpp
-- Installing: /usr/local/include/mfem/linalg/hiop.hpp
-- Installing: /usr/local/include/mfem/linalg/tlayout.hpp
-- Installing: /usr/local/include/mfem/linalg/invariants.hpp
-- Installing: /usr/local/include/mfem/linalg/amgxsolver.hpp
-- Installing: /usr/local/include/mfem/linalg/complex_operator.hpp
-- Installing: /usr/local/include/mfem/linalg/densemat.hpp
-- Installing: /usr/local/include/mfem/linalg/ode.hpp
-- Installing: /usr/local/include/mfem/linalg/symmat.hpp
-- Installing: /usr/local/include/mfem/linalg/blockoperator.hpp
-- Installing: /usr/local/include/mfem/linalg/mumps.hpp
-- Installing: /usr/local/include/mfem/linalg/strumpack.hpp
-- Installing: /usr/local/include/mfem/linalg/tmatrix.hpp
-- Installing: /usr/local/include/mfem/linalg/linalg.hpp
-- Installing: /usr/local/include/mfem/linalg/handle.hpp
-- Installing: /usr/local/include/mfem/linalg/petsc.hpp
-- Installing: /usr/local/include/mfem/linalg/sparsemat.hpp
-- Installing: /usr/local/include/mfem/linalg/sundials.hpp
-- Installing: /usr/local/include/mfem/linalg/kernels.hpp
-- Installing: /usr/local/include/mfem/linalg/auxiliary.hpp
-- Installing: /usr/local/include/mfem/linalg/dtensor.hpp
-- Installing: /usr/local/include/mfem/linalg/superlu.hpp
-- Installing: /usr/local/include/mfem/linalg/dinvariants.hpp
-- Installing: /usr/local/include/mfem/linalg/sparsesmoothers.hpp
-- Installing: /usr/local/include/mfem/linalg/matrix.hpp
-- Installing: /usr/local/include/mfem/linalg/cpardiso.hpp
-- Installing: /usr/local/include/mfem/linalg/petscinternals.hpp
-- Installing: /usr/local/include/mfem/linalg/simd.hpp
-- Installing: /usr/local/include/mfem/linalg/ttensor.hpp
-- Installing: /usr/local/include/mfem/linalg/constraints.hpp
-- Up-to-date: /usr/local/include/mfem/mesh
-- Installing: /usr/local/include/mfem/mesh/vtk.hpp
-- Installing: /usr/local/include/mfem/mesh/tetrahedron.hpp
-- Installing: /usr/local/include/mfem/mesh/tmesh.hpp
-- Installing: /usr/local/include/mfem/mesh/gmsh.hpp
-- Installing: /usr/local/include/mfem/mesh/element.hpp
-- Installing: /usr/local/include/mfem/mesh/mesh_headers.hpp
-- Installing: /usr/local/include/mfem/mesh/ncmesh_tables.hpp
-- Installing: /usr/local/include/mfem/mesh/nurbs.hpp
-- Installing: /usr/local/include/mfem/mesh/triangle.hpp
-- Installing: /usr/local/include/mfem/mesh/segment.hpp
-- Installing: /usr/local/include/mfem/mesh/quadrilateral.hpp
-- Installing: /usr/local/include/mfem/mesh/pumi.hpp
-- Installing: /usr/local/include/mfem/mesh/wedge.hpp
-- Installing: /usr/local/include/mfem/mesh/pmesh.hpp
-- Installing: /usr/local/include/mfem/mesh/ncmesh.hpp
-- Installing: /usr/local/include/mfem/mesh/pyramid.hpp
-- Installing: /usr/local/include/mfem/mesh/mesh_operators.hpp
-- Installing: /usr/local/include/mfem/mesh/pncmesh.hpp
-- Installing: /usr/local/include/mfem/mesh/vertex.hpp
-- Installing: /usr/local/include/mfem/mesh/mesh.hpp
-- Installing: /usr/local/include/mfem/mesh/point.hpp
-- Installing: /usr/local/include/mfem/mesh/hexahedron.hpp
-- Installing: /usr/local/include/mfem/mesh/mesquite.hpp
-- Up-to-date: /usr/local/include/mfem/fem
-- Installing: /usr/local/include/mfem/fem/pgridfunc.hpp
-- Installing: /usr/local/include/mfem/fem/estimators.hpp
-- Installing: /usr/local/include/mfem/fem/lininteg.hpp
-- Installing: /usr/local/include/mfem/fem/tfe.hpp
-- Installing: /usr/local/include/mfem/fem/linearform.hpp
-- Installing: /usr/local/include/mfem/fem/complex_fem.hpp
-- Installing: /usr/local/include/mfem/fem/sidredatacollection.hpp
-- Installing: /usr/local/include/mfem/fem/convergence.hpp
-- Installing: /usr/local/include/mfem/fem/fe_coll.hpp
-- Installing: /usr/local/include/mfem/fem/transfer.hpp
-- Installing: /usr/local/include/mfem/fem/pfespace.hpp
-- Installing: /usr/local/include/mfem/fem/restriction.hpp
-- Installing: /usr/local/include/mfem/fem/tmop_amr.hpp
-- Installing: /usr/local/include/mfem/fem/tcoefficient.hpp
-- Installing: /usr/local/include/mfem/fem/fespace.hpp
-- Installing: /usr/local/include/mfem/fem/hybridization.hpp
-- Installing: /usr/local/include/mfem/fem/fem.hpp
-- Installing: /usr/local/include/mfem/fem/coefficient.hpp
-- Installing: /usr/local/include/mfem/fem/plinearform.hpp
-- Installing: /usr/local/include/mfem/fem/nonlinearform_ext.hpp
-- Installing: /usr/local/include/mfem/fem/nonlininteg.hpp
-- Installing: /usr/local/include/mfem/fem/fmsconvert.hpp
-- Installing: /usr/local/include/mfem/fem/fespacehierarchy.hpp
-- Installing: /usr/local/include/mfem/fem/bilininteg.hpp
-- Installing: /usr/local/include/mfem/fem/adios2datacollection.hpp
-- Installing: /usr/local/include/mfem/fem/doftrans.hpp
-- Installing: /usr/local/include/mfem/fem/bilinearform.hpp
-- Installing: /usr/local/include/mfem/fem/gridfunc.hpp
-- Up-to-date: /usr/local/include/mfem/fem/ceed
-- Installing: /usr/local/include/mfem/fem/ceed/mass.hpp
-- Installing: /usr/local/include/mfem/fem/ceed/diffusion.hpp
-- Installing: /usr/local/include/mfem/fem/ceed/algebraic.hpp
-- Installing: /usr/local/include/mfem/fem/ceed/operator.hpp
-- Installing: /usr/local/include/mfem/fem/ceed/solvers-atpmg.hpp
-- Installing: /usr/local/include/mfem/fem/ceed/coefficient.hpp
-- Installing: /usr/local/include/mfem/fem/ceed/convection.hpp
-- Installing: /usr/local/include/mfem/fem/ceed/util.hpp
-- Installing: /usr/local/include/mfem/fem/ceed/nlconvection.hpp
-- Installing: /usr/local/include/mfem/fem/ceed/integrator.hpp
-- Installing: /usr/local/include/mfem/fem/ceed/full-assembly.hpp
-- Installing: /usr/local/include/mfem/fem/tbilinearform.hpp
-- Installing: /usr/local/include/mfem/fem/fmsdatacollection.hpp
-- Installing: /usr/local/include/mfem/fem/eltrans.hpp
-- Installing: /usr/local/include/mfem/fem/multigrid.hpp
-- Up-to-date: /usr/local/include/mfem/fem/tmop
-- Installing: /usr/local/include/mfem/fem/tmop/tmop_pa.hpp
-- Installing: /usr/local/include/mfem/fem/conduitdatacollection.hpp
-- Installing: /usr/local/include/mfem/fem/quadinterpolator.hpp
-- Installing: /usr/local/include/mfem/fem/quadinterpolator_face.hpp
-- Up-to-date: /usr/local/include/mfem/fem/qinterp
-- Installing: /usr/local/include/mfem/fem/qinterp/dispatch.hpp
-- Installing: /usr/local/include/mfem/fem/qinterp/grad.hpp
-- Installing: /usr/local/include/mfem/fem/qinterp/eval.hpp
-- Installing: /usr/local/include/mfem/fem/tintrules.hpp
-- Installing: /usr/local/include/mfem/fem/tmop.hpp
-- Up-to-date: /usr/local/include/mfem/fem/fe
-- Installing: /usr/local/include/mfem/fem/fe/fe_l2.hpp
-- Installing: /usr/local/include/mfem/fem/fe/fe_ser.hpp
-- Installing: /usr/local/include/mfem/fem/fe/fe_h1.hpp
-- Installing: /usr/local/include/mfem/fem/fe/fe_pos.hpp
-- Installing: /usr/local/include/mfem/fem/fe/fe_nurbs.hpp
-- Installing: /usr/local/include/mfem/fem/fe/fe_nd.hpp
-- Installing: /usr/local/include/mfem/fem/fe/fe_rt.hpp
-- Installing: /usr/local/include/mfem/fem/fe/fe_base.hpp
-- Installing: /usr/local/include/mfem/fem/fe/fe_fixed_order.hpp
-- Installing: /usr/local/include/mfem/fem/prestriction.hpp
-- Installing: /usr/local/include/mfem/fem/gslib.hpp
-- Installing: /usr/local/include/mfem/fem/kernels.hpp
-- Installing: /usr/local/include/mfem/fem/pnonlinearform.hpp
-- Installing: /usr/local/include/mfem/fem/teltrans.hpp
-- Installing: /usr/local/include/mfem/fem/pbilinearform.hpp
-- Installing: /usr/local/include/mfem/fem/geom.hpp
-- Installing: /usr/local/include/mfem/fem/tbilininteg.hpp
-- Installing: /usr/local/include/mfem/fem/tevaluator.hpp
-- Installing: /usr/local/include/mfem/fem/tmop_tools.hpp
-- Installing: /usr/local/include/mfem/fem/nonlinearform.hpp
-- Installing: /usr/local/include/mfem/fem/tfespace.hpp
-- Installing: /usr/local/include/mfem/fem/staticcond.hpp
-- Installing: /usr/local/include/mfem/fem/bilinearform_ext.hpp
-- Installing: /usr/local/include/mfem/fem/fe.hpp
-- Installing: /usr/local/include/mfem/fem/intrules.hpp
-- Installing: /usr/local/include/mfem/fem/datacollection.hpp
-- Installing: /usr/local/include/mfem/fem/lor.hpp
-- Installing: /usr/local/include/mfem/config/config.hpp
-- Installing: /usr/local/include/mfem/config/tconfig.hpp
-- Installing: /usr/local/lib/cmake/mfem/MFEMConfig.cmake
-- Installing: /usr/local/lib/cmake/mfem/MFEMConfigVersion.cmake
-- Old export file "/usr/local/lib/cmake/mfem/MFEMTargets.cmake" will be replaced.  Removing files [/usr/local/lib/cmake/mfem/MFEMTargets-release.cmake].
-- Installing: /usr/local/lib/cmake/mfem/MFEMTargets.cmake
-- Installing: /usr/local/lib/cmake/mfem/MFEMTargets-release.cmake
-- Installing: /usr/local/share/mfem/test.mk
-- Installing: /usr/local/share/mfem/config.mk
[  0%] Built target copy_data
[  1%] Built target copy_miniapps_meshing_data
[ 65%] Built target mfem
Consolidate compiler generated dependencies of target sedov_tests_cpu
Consolidate compiler generated dependencies of target tmop_pa_tests_debug
Consolidate compiler generated dependencies of target tmop_pa_tests_cpu
Consolidate compiler generated dependencies of target sedov_tests_debug
Consolidate compiler generated dependencies of target debug_device_tests
[ 65%] Building CXX object tests/unit/CMakeFiles/tmop_pa_tests_debug.dir/unit_test_main.cpp.o
[ 65%] Building CXX object tests/unit/CMakeFiles/sedov_tests_cpu.dir/unit_test_main.cpp.o
[ 65%] Building CXX object tests/unit/CMakeFiles/sedov_tests_debug.dir/unit_test_main.cpp.o
[ 65%] Building CXX object tests/unit/CMakeFiles/debug_device_tests.dir/unit_test_main.cpp.o
[ 67%] Building CXX object tests/unit/CMakeFiles/tmop_pa_tests_cpu.dir/unit_test_main.cpp.o
Consolidate compiler generated dependencies of target unit_tests
[ 67%] Building CXX object tests/unit/CMakeFiles/unit_tests.dir/fem/test_pa_idinterp.cpp.o
[ 68%] Building CXX object tests/unit/CMakeFiles/unit_tests.dir/unit_test_main.cpp.o
[ 68%] Building CXX object tests/unit/CMakeFiles/unit_tests.dir/fem/test_intrules.cpp.o
[ 68%] Building CXX object tests/unit/CMakeFiles/unit_tests.dir/fem/test_lor.cpp.o
[ 68%] Building CXX object tests/unit/CMakeFiles/unit_tests.dir/fem/test_inversetransform.cpp.o
[ 68%] Building CXX object tests/unit/CMakeFiles/unit_tests.dir/fem/test_lexicographic_ordering.cpp.o
[ 68%] Building CXX object tests/unit/CMakeFiles/unit_tests.dir/fem/test_operatorjacobismoother.cpp.o
[ 70%] Building CXX object tests/unit/CMakeFiles/unit_tests.dir/fem/test_intruletypes.cpp.o
[ 70%] Building CXX object tests/unit/CMakeFiles/unit_tests.dir/fem/test_lin_interp.cpp.o
[ 71%] Building CXX object tests/unit/CMakeFiles/unit_tests.dir/fem/test_linear_fes.cpp.o
[ 71%] Building CXX object tests/unit/CMakeFiles/unit_tests.dir/fem/test_quadraturefunc.cpp.o
[ 71%] Building CXX object tests/unit/CMakeFiles/unit_tests.dir/fem/test_pa_kernels.cpp.o
[ 71%] Building CXX object tests/unit/CMakeFiles/unit_tests.dir/fem/test_pa_grad.cpp.o
[ 71%] Building CXX object tests/unit/CMakeFiles/unit_tests.dir/fem/test_sum_bilin.cpp.o
[ 72%] Building CXX object tests/unit/CMakeFiles/unit_tests.dir/fem/test_pa_coeff.cpp.o
[ 74%] Building CXX object tests/unit/CMakeFiles/unit_tests.dir/fem/test_quadf_coef.cpp.o
[ 74%] Building CXX object tests/unit/CMakeFiles/unit_tests.dir/fem/test_sparse_matrix.cpp.o
[ 75%] Building CXX object tests/unit/CMakeFiles/unit_tests.dir/fem/test_tet_reorder.cpp.o
[ 75%] Building CXX object tests/unit/CMakeFiles/unit_tests.dir/fem/test_transfer.cpp.o
[ 75%] Building CXX object tests/unit/CMakeFiles/unit_tests.dir/fem/test_var_order.cpp.o

2023-11-09 07:28:26,741:INFO:Running test case: H1 pa_coeff
2023-11-09 07:28:26,741:INFO:CWD: /root/mfem/mfem/build/tests/unit
2023-11-09 07:28:26,741:INFO:ÂºÄÂßãËøêË°åÊµãËØïÁî®‰æã H1 pa_coeff ...
H1 pa_coeff ‰∏çÂ≠òÂú®‰∫éÊµãËØïÁî®‰æãÂàóË°®‰∏≠

2023-11-09 07:28:26,741:ERROR:/root/mfem/mfem-code-analyzer/get_normal_testcase_covarage/run_tesscase.sh: line 11: ./unit_tests: No such file or directory
/root/mfem/mfem-code-analyzer/get_normal_testcase_covarage/run_tesscase.sh: line 21: ./unit_tests: No such file or directory

2023-11-09 07:28:26,747:INFO:Running test case: Hcurl/Hdiv pa_coeff
2023-11-09 07:28:26,747:INFO:CWD: /root/mfem/mfem/build/tests/unit
2023-11-09 07:28:26,747:INFO:ÂºÄÂßãËøêË°åÊµãËØïÁî®‰æã Hcurl/Hdiv pa_coeff ...
Hcurl/Hdiv pa_coeff ‰∏çÂ≠òÂú®‰∫éÊµãËØïÁî®‰æãÂàóË°®‰∏≠

2023-11-09 07:28:26,747:ERROR:/root/mfem/mfem-code-analyzer/get_normal_testcase_covarage/run_tesscase.sh: line 11: ./unit_tests: No such file or directory
/root/mfem/mfem-code-analyzer/get_normal_testcase_covarage/run_tesscase.sh: line 21: ./unit_tests: No such file or directory

2023-11-09 07:28:26,752:INFO:Running test case: Hcurl/Hdiv mixed pa_coeff
2023-11-09 07:28:26,753:INFO:CWD: /root/mfem/mfem/build/tests/unit
2023-11-09 07:28:26,753:INFO:ÂºÄÂßãËøêË°åÊµãËØïÁî®‰æã Hcurl/Hdiv mixed pa_coeff ...
Hcurl/Hdiv mixed pa_coeff ‰∏çÂ≠òÂú®‰∫éÊµãËØïÁî®‰æãÂàóË°®‰∏≠

2023-11-09 07:28:26,753:ERROR:/root/mfem/mfem-code-analyzer/get_normal_testcase_covarage/run_tesscase.sh: line 11: ./unit_tests: No such file or directory
/root/mfem/mfem-code-analyzer/get_normal_testcase_covarage/run_tesscase.sh: line 21: ./unit_tests: No such file or directory

2023-11-09 07:28:26,758:INFO:Running test case: ParallelPAGradient
2023-11-09 07:28:26,758:INFO:CWD: /root/mfem/mfem/build/tests/unit
2023-11-09 07:28:26,759:INFO:ÂºÄÂßãËøêË°åÊµãËØïÁî®‰æã ParallelPAGradient ...
ParallelPAGradient ‰∏çÂ≠òÂú®‰∫éÊµãËØïÁî®‰æãÂàóË°®‰∏≠

2023-11-09 07:28:26,759:ERROR:/root/mfem/mfem-code-analyzer/get_normal_testcase_covarage/run_tesscase.sh: line 11: ./unit_tests: No such file or directory
/root/mfem/mfem-code-analyzer/get_normal_testcase_covarage/run_tesscase.sh: line 21: ./unit_tests: No such file or directory

2023-11-09 07:28:26,764:INFO:Running test case: PA Gradient
2023-11-09 07:28:26,764:INFO:CWD: /root/mfem/mfem/build/tests/unit
2023-11-09 07:28:26,765:INFO:ÂºÄÂßãËøêË°åÊµãËØïÁî®‰æã PA Gradient ...
PA Gradient ‰∏çÂ≠òÂú®‰∫éÊµãËØïÁî®‰æãÂàóË°®‰∏≠

2023-11-09 07:28:26,765:ERROR:/root/mfem/mfem-code-analyzer/get_normal_testcase_covarage/run_tesscase.sh: line 11: ./unit_tests: No such file or directory
/root/mfem/mfem-code-analyzer/get_normal_testcase_covarage/run_tesscase.sh: line 21: ./unit_tests: No such file or directory

2023-11-09 07:28:26,770:INFO:Running test case: Nonlinear Convection
2023-11-09 07:28:26,771:INFO:CWD: /root/mfem/mfem/build/tests/unit
2023-11-09 07:28:26,771:INFO:ÂºÄÂßãËøêË°åÊµãËØïÁî®‰æã Nonlinear Convection ...
Nonlinear Convection ‰∏çÂ≠òÂú®‰∫éÊµãËØïÁî®‰æãÂàóË°®‰∏≠

2023-11-09 07:28:26,771:ERROR:/root/mfem/mfem-code-analyzer/get_normal_testcase_covarage/run_tesscase.sh: line 11: ./unit_tests: No such file or directory
/root/mfem/mfem-code-analyzer/get_normal_testcase_covarage/run_tesscase.sh: line 21: ./unit_tests: No such file or directory

2023-11-09 07:28:26,771:INFO:Running fix version: 987d2e043bad3a99841b88354dce0c0932cb8642
2023-11-09 07:28:26,771:DEBUG:Processing issue:
2023-11-09 07:28:27,076:DEBUG:Deleted old branch branch_987d2e0
2023-11-09 07:28:27,295:DEBUG:Switched to new branch branch_987d2e0 at 987d2e043bad3a99841b88354dce0c0932cb8642
2023-11-09 07:28:49,670:ERROR:
2023-11-09 07:28:49,670:ERROR:Processing issues:   0%|          | 0/1 [01:27<?, ?it/s]
2023-11-09 07:28:49,670:ERROR:Traceback (most recent call last):
2023-11-09 07:28:49,670:ERROR:  File "/root/mfem/mfem-code-analyzer/get_normal_testcase_covarage/run_mfme_testcase.py", line 299, in <module>
2023-11-09 07:28:49,671:ERROR:processor.process_yaml_file()
2023-11-09 07:28:49,671:ERROR:  File "/root/mfem/mfem-code-analyzer/get_normal_testcase_covarage/run_mfme_testcase.py", line 147, in process_yaml_file
2023-11-09 07:28:49,672:ERROR:self.process_mfem_issue(issue_data)
2023-11-09 07:28:49,672:ERROR:  File "/root/mfem/mfem-code-analyzer/get_normal_testcase_covarage/run_mfme_testcase.py", line 113, in process_mfem_issue
2023-11-09 07:28:49,672:ERROR:self.compile_mfem()
2023-11-09 07:28:49,672:ERROR:  File "/root/mfem/mfem-code-analyzer/get_normal_testcase_covarage/run_mfme_testcase.py", line 234, in compile_mfem
2023-11-09 07:28:49,673:ERROR:result = subprocess.run(["bash", bash_path], capture_output=True, text=True)
2023-11-09 07:28:49,673:ERROR:  File "/usr/lib/python3.10/subprocess.py", line 505, in run
2023-11-09 07:28:49,673:ERROR:stdout, stderr = process.communicate(input, timeout=timeout)
2023-11-09 07:28:49,674:ERROR:  File "/usr/lib/python3.10/subprocess.py", line 1154, in communicate
2023-11-09 07:28:49,674:ERROR:stdout, stderr = self._communicate(input, endtime, timeout)
2023-11-09 07:28:49,675:ERROR:  File "/usr/lib/python3.10/subprocess.py", line 2021, in _communicate
2023-11-09 07:28:49,676:ERROR:ready = selector.select(timeout)
2023-11-09 07:28:49,676:ERROR:  File "/usr/lib/python3.10/selectors.py", line 416, in select
2023-11-09 07:28:49,676:ERROR:fd_event_list = self._selector.poll(timeout)
2023-11-09 07:28:49,677:ERROR:KeyboardInterrupt
