2023-12-05 02:16:11,075:INFO:这是一条INFO级别的日志
2023-12-05 02:16:11,075:DEBUG:这是一条DEBUG级别的日志
2023-12-05 02:16:11,081:ERROR:
2023-12-05 02:16:11,081:ERROR:Processing issues:   0%|          | 0/1 [00:00<?, ?it/s]
2023-12-05 02:16:11,081:DEBUG:Processing mfem issue2878
2023-12-05 02:16:11,081:ERROR:
2023-12-05 02:16:11,081:ERROR:Processing test cases for mfem issue2878:   0%|          | 0/2 [00:00<?, ?it/s]
2023-12-05 02:16:11,081:ERROR:[A
2023-12-05 02:16:11,196:DEBUG:Deleted old branch branch_d9275d7
2023-12-05 02:16:11,290:DEBUG:Switched to new branch branch_d9275d7 at d9275d734e060fc653236ab4901b370cbb6dd7ad
2023-12-05 02:16:11,290:DEBUG:Target directory: /root/mfem-code-analyzer/bugs/issue2878
2023-12-05 02:16:11,290:DEBUG:Copied tests/unit/fem/test_pa_coeff.cpp to /root/mfem-code-analyzer/bugs/issue2878/test_pa_coeff.cpp
2023-12-05 02:16:11,291:ERROR:
2023-12-05 02:16:11,291:ERROR:Processing test cases for mfem issue2878:  50%|#####     | 1/2 [00:00<00:00,  4.77it/s]
2023-12-05 02:16:11,291:ERROR:[A
2023-12-05 02:16:11,482:DEBUG:Deleted old branch branch_d9275d7
2023-12-05 02:16:11,591:DEBUG:Switched to new branch branch_d9275d7 at d9275d734e060fc653236ab4901b370cbb6dd7ad
2023-12-05 02:16:11,591:DEBUG:Target directory: /root/mfem-code-analyzer/bugs/issue2878
2023-12-05 02:16:11,592:DEBUG:Copied tests/unit/fem/test_pa_grad.cpp to /root/mfem-code-analyzer/bugs/issue2878/test_pa_grad.cpp
2023-12-05 02:16:11,592:ERROR:
2023-12-05 02:16:11,592:ERROR:Processing test cases for mfem issue2878: 100%|##########| 2/2 [00:00<00:00,  3.79it/s]
2023-12-05 02:16:11,592:ERROR:[A
2023-12-05 02:16:11,592:ERROR:[A
2023-12-05 02:16:11,592:INFO:Processing issue: {'name': 'issue2878', 'bug_sha': '0a9ec5bcf913ab149dfeebac98754a735e8b2388', 'fix_sha': 'd9275d734e060fc653236ab4901b370cbb6dd7ad', 'testcase': 'tests/unit/fem/test_pa_coeff.cpp,tests/unit/fem/test_pa_grad.cpp', 'testname': 'H1 pa_coeff,Hcurl/Hdiv pa_coeff,Hcurl/Hdiv mixed pa_coeff,ParallelPAGradient,PA Gradient,Nonlinear Convection', 'url': 'https://github.com/mfem/mfem/commit/987d2e043bad3a99841b88354dce0c0932cb8642'}
2023-12-05 02:16:11,592:INFO:Running bug version: 0a9ec5bcf913ab149dfeebac98754a735e8b2388
2023-12-05 02:16:11,750:DEBUG:No existing branch named branch_0a9ec5b, continue...
2023-12-05 02:16:11,862:DEBUG:Switched to new branch branch_0a9ec5b at 0a9ec5bcf913ab149dfeebac98754a735e8b2388
2023-12-05 02:16:11,862:DEBUG:Copied fix file /root/mfem-code-analyzer/bugs/issue2878/test_pa_coeff.cpp to /root/mfem/tests/unit/fem/test_pa_coeff.cpp
2023-12-05 02:16:11,863:DEBUG:Copied fix file /root/mfem-code-analyzer/bugs/issue2878/test_pa_grad.cpp to /root/mfem/tests/unit/fem/test_pa_grad.cpp
2023-12-05 02:16:21,420:ERROR:
2023-12-05 02:16:21,420:ERROR:Processing issues:   0%|          | 0/1 [00:10<?, ?it/s]
2023-12-05 02:16:21,420:ERROR:Traceback (most recent call last):
2023-12-05 02:16:21,420:ERROR:  File "/usr/lib/python3.10/subprocess.py", line 1154, in communicate
2023-12-05 02:16:21,421:ERROR:stdout, stderr = self._communicate(input, endtime, timeout)
2023-12-05 02:16:21,421:ERROR:  File "/usr/lib/python3.10/subprocess.py", line 2021, in _communicate
2023-12-05 02:16:21,421:ERROR:ready = selector.select(timeout)
2023-12-05 02:16:21,421:ERROR:  File "/usr/lib/python3.10/selectors.py", line 416, in select
2023-12-05 02:16:21,421:ERROR:fd_event_list = self._selector.poll(timeout)
2023-12-05 02:16:21,421:ERROR:KeyboardInterrupt
2023-12-05 02:16:21,421:ERROR:
2023-12-05 02:16:21,421:ERROR:During handling of the above exception, another exception occurred:
2023-12-05 02:16:21,421:ERROR:Traceback (most recent call last):
2023-12-05 02:16:21,421:ERROR:  File "/root/mfem-code-analyzer/get_normal_testcase_covarage/run_mfme_testcase.py", line 299, in <module>
2023-12-05 02:16:21,421:ERROR:processor.process_yaml_file()
2023-12-05 02:16:21,421:ERROR:  File "/root/mfem-code-analyzer/get_normal_testcase_covarage/run_mfme_testcase.py", line 147, in process_yaml_file
2023-12-05 02:16:21,421:ERROR:self.process_mfem_issue(issue_data)
2023-12-05 02:16:21,421:ERROR:  File "/root/mfem-code-analyzer/get_normal_testcase_covarage/run_mfme_testcase.py", line 103, in process_mfem_issue
2023-12-05 02:16:21,421:ERROR:self.compile_mfem()
2023-12-05 02:16:21,421:ERROR:  File "/root/mfem-code-analyzer/get_normal_testcase_covarage/run_mfme_testcase.py", line 234, in compile_mfem
2023-12-05 02:16:21,422:ERROR:result = subprocess.run(["bash", bash_path], capture_output=True, text=True)
2023-12-05 02:16:21,422:ERROR:  File "/usr/lib/python3.10/subprocess.py", line 505, in run
2023-12-05 02:16:21,422:ERROR:stdout, stderr = process.communicate(input, timeout=timeout)
2023-12-05 02:16:21,422:ERROR:  File "/usr/lib/python3.10/subprocess.py", line 1165, in communicate
2023-12-05 02:16:21,422:ERROR:self._wait(timeout=sigint_timeout)
2023-12-05 02:16:21,422:ERROR:  File "/usr/lib/python3.10/subprocess.py", line 1953, in _wait
2023-12-05 02:16:21,422:ERROR:time.sleep(delay)
2023-12-05 02:16:21,422:ERROR:KeyboardInterrupt
