TN:
SF:/root/mfem/mfem/examples/ex1.cpp
FN:69,main
FNDA:1,main
FNF:1
FNH:1
DA:69,1
DA:72,1
DA:73,1
DA:74,1
DA:75,1
DA:76,1
DA:77,1
DA:86,1
DA:88,1
DA:96,1
DA:99,1
DA:100,1
DA:102,0
DA:105,1
DA:109,2
DA:110,1
DA:115,2
DA:124,1
DA:125,1
DA:127,0
DA:136,1
DA:138,1
DA:141,0
DA:145,0
DA:149,0
DA:152,2
DA:154,1
DA:161,1
DA:163,1
DA:165,1
DA:171,2
DA:173,1
DA:174,1
DA:179,2
DA:180,1
DA:185,2
DA:186,1
DA:187,1
DA:193,1
DA:194,1
DA:198,1
DA:200,1
DA:203,1
DA:208,1
DA:219,0
DA:228,0
DA:229,0
DA:234,0
DA:239,1
DA:243,2
DA:245,1
DA:246,2
DA:248,1
DA:251,1
DA:253,1
DA:255,2
DA:257,1
DA:261,1
DA:263,1
LF:59
LH:50
end_of_record
TN:
SF:/root/mfem/mfem/fem/bilininteg.hpp
FN:1989,_ZN4mfem19DiffusionIntegratorC2ERNS_11CoefficientE
FNDA:1,_ZN4mfem19DiffusionIntegratorC2ERNS_11CoefficientE
FNF:1
FNH:1
DA:247,0
DA:1989,1
DA:1990,1
LF:3
LH:2
end_of_record
TN:
SF:/root/mfem/mfem/fem/ceed/operator.hpp
FN:45,_ZN4mfem4ceed8OperatorD0Ev
FN:45,_ZN4mfem4ceed8OperatorD2Ev
FNDA:0,_ZN4mfem4ceed8OperatorD0Ev
FNDA:0,_ZN4mfem4ceed8OperatorD2Ev
FNF:2
FNH:0
DA:45,0
DA:46,0
DA:52,0
LF:3
LH:0
end_of_record
TN:
SF:/root/mfem/mfem/fem/coefficient.hpp
FN:87,_ZN4mfem19ConstantCoefficient4EvalERNS_21ElementTransformationERKNS_16IntegrationPointE
FNDA:204560,_ZN4mfem19ConstantCoefficient4EvalERNS_21ElementTransformationERKNS_16IntegrationPointE
FNF:1
FNH:1
DA:45,1
DA:78,1
DA:84,1
DA:87,204560
DA:89,204560
LF:5
LH:5
end_of_record
TN:
SF:/root/mfem/mfem/fem/doftrans.hpp
FNF:0
FNH:0
DA:64,1
DA:113,0
DA:135,0
DA:146,1
DA:148,1
LF:5
LH:3
end_of_record
TN:
SF:/root/mfem/mfem/fem/eltrans.hpp
FN:167,_ZN4mfem21ElementTransformationD0Ev
FN:167,_ZN4mfem21ElementTransformationD2Ev
FN:443,_ZN4mfem27IsoparametricTransformationD0Ev
FN:443,_ZN4mfem27IsoparametricTransformationD2Ev
FNDA:0,_ZN4mfem21ElementTransformationD0Ev
FNDA:0,_ZN4mfem27IsoparametricTransformationD0Ev
FNDA:8,_ZN4mfem21ElementTransformationD2Ev
FNDA:8,_ZN4mfem27IsoparametricTransformationD2Ev
FNF:4
FNH:2
DA:167,8
DA:443,16
LF:2
LH:2
end_of_record
TN:
SF:/root/mfem/mfem/fem/fe.hpp
FN:636,_ZN4mfem19ScalarFiniteElement13CheckScalarFEERKNS_13FiniteElementE
FN:726,_ZNK4mfem18NodalFiniteElement21GetLocalInterpolationERNS_21ElementTransformationERNS_11DenseMatrixE
FN:733,_ZNK4mfem18NodalFiniteElement17GetTransferMatrixERKNS_13FiniteElementERNS_21ElementTransformationERNS_11DenseMatrixE
FN:2408,_ZNK4mfem24NodalTensorFiniteElement12GetDofToQuadERKNS_15IntegrationRuleENS_9DofToQuad4ModeE
FN:2416,_ZNK4mfem24NodalTensorFiniteElement17GetTransferMatrixERKNS_13FiniteElementERNS_21ElementTransformationERNS_11DenseMatrixE
FNDA:0,_ZN4mfem19ScalarFiniteElement13CheckScalarFEERKNS_13FiniteElementE
FNDA:0,_ZNK4mfem18NodalFiniteElement17GetTransferMatrixERKNS_13FiniteElementERNS_21ElementTransformationERNS_11DenseMatrixE
FNDA:0,_ZNK4mfem18NodalFiniteElement21GetLocalInterpolationERNS_21ElementTransformationERNS_11DenseMatrixE
FNDA:0,_ZNK4mfem24NodalTensorFiniteElement12GetDofToQuadERKNS_15IntegrationRuleENS_9DofToQuad4ModeE
FNDA:0,_ZNK4mfem24NodalTensorFiniteElement17GetTransferMatrixERKNS_13FiniteElementERNS_21ElementTransformationERNS_11DenseMatrixE
FNF:5
FNH:0
DA:323,0
DA:340,0
DA:636,0
DA:638,0
DA:640,0
DA:726,0
DA:728,0
DA:733,0
DA:736,0
DA:2213,0
DA:2408,0
DA:2411,0
DA:2412,0
DA:2413,0
DA:2416,0
DA:2420,0
DA:2422,0
DA:2428,0
LF:18
LH:0
end_of_record
TN:
SF:/root/mfem/mfem/fem/fe_coll.hpp
FN:61,_ZNK4mfem23FiniteElementCollection4NameEv
FN:67,_ZNK4mfem23FiniteElementCollection29TraceFiniteElementForGeometryENS_8Geometry4TypeE
FN:232,_ZNK4mfem15H1_FECollection14DofForGeometryENS_8Geometry4TypeE
FN:237,_ZNK4mfem15H1_FECollection4NameEv
FN:238,_ZNK4mfem15H1_FECollection11GetContTypeEv
FN:248,_ZNK4mfem15H1_FECollection5CloneEi
FN:315,_ZNK4mfem15L2_FECollection4NameEv
FN:375,_ZNK4mfem15RT_FECollection4NameEv
FN:435,_ZNK4mfem15ND_FECollection4NameEv
FN:506,_ZNK4mfem17NURBSFECollection4NameEv
FN:539,_ZNK4mfem18LinearFECollection4NameEv
FN:568,_ZNK4mfem21QuadraticFECollection4NameEv
FN:591,_ZNK4mfem24QuadraticPosFECollection4NameEv
FN:622,_ZNK4mfem17CubicFECollection4NameEv
FN:645,_ZNK4mfem27CrouzeixRaviartFECollection4NameEv
FN:670,_ZNK4mfem27LinearNonConf3DFECollection4NameEv
FN:695,_ZNK4mfem18RT0_2DFECollection4NameEv
FN:719,_ZNK4mfem18RT1_2DFECollection4NameEv
FN:743,_ZNK4mfem18RT2_2DFECollection4NameEv
FN:767,_ZNK4mfem19Const2DFECollection4NameEv
FN:792,_ZNK4mfem27LinearDiscont2DFECollection4NameEv
FN:816,_ZNK4mfem32GaussLinearDiscont2DFECollection4NameEv
FN:833,_ZNK4mfem20P1OnQuadFECollection4NameEv
FN:857,_ZNK4mfem30QuadraticDiscont2DFECollection4NameEv
FN:875,_ZNK4mfem33QuadraticPosDiscont2DFECollection4NameEv
FN:898,_ZNK4mfem35GaussQuadraticDiscont2DFECollection4NameEv
FN:922,_ZNK4mfem26CubicDiscont2DFECollection4NameEv
FN:948,_ZNK4mfem19Const3DFECollection4NameEv
FN:974,_ZNK4mfem27LinearDiscont3DFECollection4NameEv
FN:999,_ZNK4mfem30QuadraticDiscont3DFECollection4NameEv
FN:1025,_ZNK4mfem25RefinedLinearFECollection4NameEv
FN:1051,_ZNK4mfem18ND1_3DFECollection4NameEv
FN:1077,_ZNK4mfem18RT0_3DFECollection4NameEv
FN:1100,_ZNK4mfem18RT1_3DFECollection4NameEv
FN:1115,_ZNK4mfem18Local_FECollection24FiniteElementForGeometryENS_8Geometry4TypeE
FN:1118,_ZNK4mfem18Local_FECollection14DofForGeometryENS_8Geometry4TypeE
FN:1120,_ZNK4mfem18Local_FECollection22DofOrderForOrientationENS_8Geometry4TypeEi
FN:1123,_ZNK4mfem18Local_FECollection4NameEv
FN:1125,_ZN4mfem18Local_FECollectionD0Ev
FN:1125,_ZN4mfem18Local_FECollectionD2Ev
FN:1126,_ZNK4mfem18Local_FECollection11GetContTypeEv
FNDA:0,_ZN4mfem18Local_FECollectionD0Ev
FNDA:0,_ZN4mfem18Local_FECollectionD2Ev
FNDA:0,_ZNK4mfem15H1_FECollection11GetContTypeEv
FNDA:0,_ZNK4mfem15H1_FECollection14DofForGeometryENS_8Geometry4TypeE
FNDA:0,_ZNK4mfem15H1_FECollection4NameEv
FNDA:0,_ZNK4mfem15H1_FECollection5CloneEi
FNDA:0,_ZNK4mfem15L2_FECollection4NameEv
FNDA:0,_ZNK4mfem15ND_FECollection4NameEv
FNDA:0,_ZNK4mfem15RT_FECollection4NameEv
FNDA:0,_ZNK4mfem17CubicFECollection4NameEv
FNDA:0,_ZNK4mfem17NURBSFECollection4NameEv
FNDA:0,_ZNK4mfem18LinearFECollection4NameEv
FNDA:0,_ZNK4mfem18Local_FECollection11GetContTypeEv
FNDA:0,_ZNK4mfem18Local_FECollection14DofForGeometryENS_8Geometry4TypeE
FNDA:0,_ZNK4mfem18Local_FECollection22DofOrderForOrientationENS_8Geometry4TypeEi
FNDA:0,_ZNK4mfem18Local_FECollection24FiniteElementForGeometryENS_8Geometry4TypeE
FNDA:0,_ZNK4mfem18Local_FECollection4NameEv
FNDA:0,_ZNK4mfem18ND1_3DFECollection4NameEv
FNDA:0,_ZNK4mfem18RT0_2DFECollection4NameEv
FNDA:0,_ZNK4mfem18RT0_3DFECollection4NameEv
FNDA:0,_ZNK4mfem18RT1_2DFECollection4NameEv
FNDA:0,_ZNK4mfem18RT1_3DFECollection4NameEv
FNDA:0,_ZNK4mfem18RT2_2DFECollection4NameEv
FNDA:0,_ZNK4mfem19Const2DFECollection4NameEv
FNDA:0,_ZNK4mfem19Const3DFECollection4NameEv
FNDA:0,_ZNK4mfem20P1OnQuadFECollection4NameEv
FNDA:0,_ZNK4mfem21QuadraticFECollection4NameEv
FNDA:0,_ZNK4mfem23FiniteElementCollection29TraceFiniteElementForGeometryENS_8Geometry4TypeE
FNDA:0,_ZNK4mfem23FiniteElementCollection4NameEv
FNDA:0,_ZNK4mfem24QuadraticPosFECollection4NameEv
FNDA:0,_ZNK4mfem25RefinedLinearFECollection4NameEv
FNDA:0,_ZNK4mfem26CubicDiscont2DFECollection4NameEv
FNDA:0,_ZNK4mfem27CrouzeixRaviartFECollection4NameEv
FNDA:0,_ZNK4mfem27LinearDiscont2DFECollection4NameEv
FNDA:0,_ZNK4mfem27LinearDiscont3DFECollection4NameEv
FNDA:0,_ZNK4mfem27LinearNonConf3DFECollection4NameEv
FNDA:0,_ZNK4mfem30QuadraticDiscont2DFECollection4NameEv
FNDA:0,_ZNK4mfem30QuadraticDiscont3DFECollection4NameEv
FNDA:0,_ZNK4mfem32GaussLinearDiscont2DFECollection4NameEv
FNDA:0,_ZNK4mfem33QuadraticPosDiscont2DFECollection4NameEv
FNDA:0,_ZNK4mfem35GaussQuadraticDiscont2DFECollection4NameEv
FNF:41
FNH:0
DA:61,0
DA:67,0
DA:70,0
DA:232,0
DA:233,0
DA:237,0
DA:238,0
DA:248,0
DA:249,0
DA:315,0
DA:375,0
DA:435,0
DA:506,0
DA:539,0
DA:568,0
DA:591,0
DA:622,0
DA:645,0
DA:670,0
DA:695,0
DA:719,0
DA:743,0
DA:767,0
DA:792,0
DA:816,0
DA:833,0
DA:857,0
DA:875,0
DA:898,0
DA:922,0
DA:948,0
DA:974,0
DA:999,0
DA:1025,0
DA:1051,0
DA:1077,0
DA:1100,0
DA:1115,0
DA:1117,0
DA:1118,0
DA:1119,0
DA:1120,0
DA:1122,0
DA:1123,0
DA:1125,0
DA:1126,0
LF:46
LH:0
end_of_record
TN:
SF:/root/mfem/mfem/fem/fespace.hpp
FN:415,_ZN4mfem18FiniteElementSpaceC2EPNS_4MeshEPKNS_23FiniteElementCollectionEii
FN:980,_ZN4mfem15UsesTensorBasisERKNS_18FiniteElementSpaceE
FNDA:0,_ZN4mfem15UsesTensorBasisERKNS_18FiniteElementSpaceE
FNDA:1,_ZN4mfem18FiniteElementSpaceC2EPNS_4MeshEPKNS_23FiniteElementCollectionEii
FNF:2
FNH:1
DA:415,1
DA:418,1
DA:560,2
DA:569,1
DA:895,1
DA:980,0
DA:987,0
LF:7
LH:5
end_of_record
TN:
SF:/root/mfem/mfem/fem/gridfunc.hpp
FN:85,_ZN4mfem12GridFunctionC2EPNS_18FiniteElementSpaceE
FN:703,_ZN4mfem12GridFunctionD0Ev
FN:703,_ZN4mfem12GridFunctionD2Ev
FNDA:0,_ZN4mfem12GridFunctionD0Ev
FNDA:1,_ZN4mfem12GridFunctionC2EPNS_18FiniteElementSpaceE
FNDA:1,_ZN4mfem12GridFunctionD2Ev
FNF:3
FNH:2
DA:85,1
DA:86,1
DA:126,0
DA:703,1
LF:4
LH:3
end_of_record
TN:
SF:/root/mfem/mfem/fem/linearform.hpp
FN:77,_ZN4mfem10LinearFormC2EPNS_18FiniteElementSpaceE
FNDA:1,_ZN4mfem10LinearFormC2EPNS_18FiniteElementSpaceE
FNF:1
FNH:1
DA:77,1
DA:78,1
LF:2
LH:2
end_of_record
TN:
SF:/root/mfem/mfem/fem/lininteg.hpp
FN:43,_ZN4mfem20LinearFormIntegrator10SetIntRuleEPKNS_15IntegrationRuleE
FN:104,_ZN4mfem18DomainLFIntegratorC2ERNS_11CoefficientEii
FNDA:0,_ZN4mfem20LinearFormIntegrator10SetIntRuleEPKNS_15IntegrationRuleE
FNDA:1,_ZN4mfem18DomainLFIntegratorC2ERNS_11CoefficientEii
FNF:2
FNH:1
DA:27,1
DA:43,0
DA:60,1
DA:61,1
DA:62,1
DA:104,1
DA:107,1
LF:7
LH:6
end_of_record
TN:
SF:/root/mfem/mfem/fem/nonlininteg.hpp
FNF:0
FNH:0
DA:38,1
DA:148,0
DA:149,0
LF:3
LH:1
end_of_record
TN:
SF:/root/mfem/mfem/fem/transfer.hpp
FN:330,_ZN4mfem24L2ProjectionGridTransfer14L2ProlongationD0Ev
FN:330,_ZN4mfem24L2ProjectionGridTransfer14L2ProlongationD2Ev
FNDA:0,_ZN4mfem24L2ProjectionGridTransfer14L2ProlongationD0Ev
FNDA:0,_ZN4mfem24L2ProjectionGridTransfer14L2ProlongationD2Ev
FNF:2
FNH:0
DA:330,0
LF:1
LH:0
end_of_record
TN:
SF:/root/mfem/mfem/general/array.hpp
FN:655,_ZN4mfem5ArrayINS_13OptionsParser6OptionEE8GrowSizeEi
FN:746,_ZN4mfem5ArrayINS_13OptionsParser6OptionEE6AppendERKS2_
FNDA:5,_ZN4mfem5ArrayINS_13OptionsParser6OptionEE8GrowSizeEi
FNDA:9,_ZN4mfem5ArrayINS_13OptionsParser6OptionEE6AppendERKS2_
FNF:2
FNH:2
DA:64,3
DA:70,1
DA:71,1
DA:92,5
DA:134,1
DA:655,5
DA:657,5
DA:658,5
DA:659,5
DA:661,5
DA:662,5
DA:663,5
DA:677,9
DA:679,5
DA:681,9
DA:746,9
DA:748,9
DA:749,9
DA:750,9
DA:888,2
DA:890,1
LF:21
LH:21
end_of_record
TN:
SF:/root/mfem/mfem/general/device.hpp
FNF:0
FNH:0
DA:186,1
DA:268,0
DA:281,0
DA:303,0
DA:305,0
DA:310,0
DA:321,0
DA:338,0
DA:355,0
LF:9
LH:1
end_of_record
TN:
SF:/root/mfem/mfem/general/mem_alloc.hpp
FN:93,_ZN4mfem5StackIPNS_11TetrahedronELi1024EE5ClearEv
FN:190,_ZN4mfem8MemAllocINS_11TetrahedronELi1024EE5ClearEv
FNDA:2,_ZN4mfem8MemAllocINS_11TetrahedronELi1024EE5ClearEv
FNDA:3,_ZN4mfem5StackIPNS_11TetrahedronELi1024EE5ClearEv
FNF:2
FNH:2
DA:52,1
DA:93,3
DA:96,3
DA:98,0
DA:99,0
DA:101,3
DA:103,0
DA:104,0
DA:106,3
DA:107,3
DA:108,3
DA:141,0
DA:162,1
DA:190,2
DA:193,2
DA:195,0
DA:196,0
DA:197,0
DA:199,2
DA:200,2
DA:201,2
LF:21
LH:13
end_of_record
TN:
SF:/root/mfem/mfem/general/mem_manager.hpp
FN:830,_ZN4mfem6MemoryIdE3NewEi
FN:830,_ZN4mfem6MemoryIiE3NewEi
FN:840,_ZN4mfem6MemoryINS_13OptionsParser6OptionEE3NewEiNS_10MemoryTypeE
FN:978,_ZN4mfem6MemoryINS_13OptionsParser6OptionEE6DeleteEv
FN:978,_ZN4mfem6MemoryINS_4Mesh10NCFaceInfoEE6DeleteEv
FN:978,_ZN4mfem6MemoryINS_4Mesh8FaceInfoEE6DeleteEv
FN:978,_ZN4mfem6MemoryINS_6TripleIiiiEEE6DeleteEv
FN:978,_ZN4mfem6MemoryINS_6VertexEE6DeleteEv
FN:978,_ZN4mfem6MemoryINS_9EmbeddingEE6DeleteEv
FN:978,_ZN4mfem6MemoryIPNS_16GeometricFactorsEE6DeleteEv
FN:978,_ZN4mfem6MemoryIPNS_17DofTransformationEE6DeleteEv
FN:978,_ZN4mfem6MemoryIPNS_20FaceGeometricFactorsEE6DeleteEv
FN:978,_ZN4mfem6MemoryIPNS_22QuadratureInterpolatorEE6DeleteEv
FN:978,_ZN4mfem6MemoryIPNS_26FaceQuadratureInterpolatorEE6DeleteEv
FN:978,_ZN4mfem6MemoryIPNS_7ElementEE6DeleteEv
FN:978,_ZN4mfem6MemoryIcE6DeleteEv
FN:978,_ZN4mfem6MemoryIdE6DeleteEv
FN:978,_ZN4mfem6MemoryIiE6DeleteEv
FN:1051,_ZN4mfem6MemoryIdE9ReadWriteENS_11MemoryClassEi
FN:1064,_ZNK4mfem6MemoryIdE4ReadENS_11MemoryClassEi
FN:1077,_ZN4mfem6MemoryIdE5WriteENS_11MemoryClassEi
FN:1115,_ZNK4mfem6MemoryINS_13OptionsParser6OptionEE13GetMemoryTypeEv
FN:1141,_ZN4mfem6MemoryINS_13OptionsParser6OptionEE8CopyFromERKS3_i
FNDA:0,_ZN4mfem6MemoryIPNS_17DofTransformationEE6DeleteEv
FNDA:0,_ZN4mfem6MemoryIPNS_22QuadratureInterpolatorEE6DeleteEv
FNDA:0,_ZN4mfem6MemoryIPNS_26FaceQuadratureInterpolatorEE6DeleteEv
FNDA:0,_ZN4mfem6MemoryIdE5WriteENS_11MemoryClassEi
FNDA:0,_ZN4mfem6MemoryIdE9ReadWriteENS_11MemoryClassEi
FNDA:0,_ZNK4mfem6MemoryIdE4ReadENS_11MemoryClassEi
FNDA:1,_ZN4mfem6MemoryINS_4Mesh10NCFaceInfoEE6DeleteEv
FNDA:1,_ZN4mfem6MemoryINS_4Mesh8FaceInfoEE6DeleteEv
FNDA:1,_ZN4mfem6MemoryINS_6TripleIiiiEEE6DeleteEv
FNDA:1,_ZN4mfem6MemoryINS_6VertexEE6DeleteEv
FNDA:1,_ZN4mfem6MemoryINS_9EmbeddingEE6DeleteEv
FNDA:1,_ZN4mfem6MemoryIPNS_16GeometricFactorsEE6DeleteEv
FNDA:1,_ZN4mfem6MemoryIPNS_20FaceGeometricFactorsEE6DeleteEv
FNDA:1,_ZN4mfem6MemoryIiE3NewEi
FNDA:2,_ZN4mfem6MemoryIdE3NewEi
FNDA:3,_ZN4mfem6MemoryIPNS_7ElementEE6DeleteEv
FNDA:3,_ZN4mfem6MemoryIcE6DeleteEv
FNDA:5,_ZN4mfem6MemoryINS_13OptionsParser6OptionEE3NewEiNS_10MemoryTypeE
FNDA:5,_ZN4mfem6MemoryINS_13OptionsParser6OptionEE8CopyFromERKS3_i
FNDA:5,_ZNK4mfem6MemoryINS_13OptionsParser6OptionEE13GetMemoryTypeEv
FNDA:6,_ZN4mfem6MemoryINS_13OptionsParser6OptionEE6DeleteEv
FNDA:86,_ZN4mfem6MemoryIdE6DeleteEv
FNDA:511679,_ZN4mfem6MemoryIiE6DeleteEv
FNF:23
FNH:17
DA:179,3
DA:202,5
DA:261,5
DA:265,5
DA:268,14
DA:541,8
DA:749,0
DA:804,12
DA:814,9
DA:815,9
DA:816,9
DA:817,6
DA:818,0
DA:830,3
DA:832,3
DA:833,3
DA:834,3
DA:835,3
DA:836,0
DA:837,3
DA:840,5
DA:842,5
DA:843,5
DA:845,5
DA:846,5
DA:847,5
DA:848,5
DA:849,5
DA:978,511784
DA:980,511784
DA:981,511784
DA:984,511784
DA:985,0
DA:987,511784
DA:989,511784
DA:1006,1
DA:1051,0
DA:1053,0
DA:1054,0
DA:1056,0
DA:1057,0
DA:1058,0
DA:1060,0
DA:1064,0
DA:1066,0
DA:1067,0
DA:1069,0
DA:1070,0
DA:1071,0
DA:1073,0
DA:1077,0
DA:1079,0
DA:1080,0
DA:1082,0
DA:1083,0
DA:1084,0
DA:1086,0
DA:1115,5
DA:1117,5
DA:1118,0
DA:1141,5
DA:1143,5
DA:1144,5
DA:1146,5
DA:1150,4
DA:1156,0
DA:1158,5
LF:67
LH:40
end_of_record
TN:
SF:/root/mfem/mfem/general/optparser.hpp
FN:82,_ZN4mfem13OptionsParser9AddOptionEPbPKcS3_S3_S3_S3_b
FNDA:3,_ZN4mfem13OptionsParser9AddOptionEPbPKcS3_S3_S3_S3_b
FNF:1
FNH:1
DA:31,1
DA:50,9
DA:51,9
DA:74,1
DA:76,1
DA:82,3
DA:87,3
DA:89,3
DA:91,3
DA:97,1
DA:114,2
DA:150,1
LF:12
LH:12
end_of_record
TN:
SF:/root/mfem/mfem/general/socketstream.hpp
FN:255,_ZN4mfem12socketstreamC1EPKcib
FNDA:1,_ZN4mfem12socketstreamC1EPKcib
FNF:1
FNH:1
DA:255,1
DA:256,1
LF:2
LH:2
end_of_record
TN:
SF:/root/mfem/mfem/general/table.hpp
FNF:0
FNH:0
DA:56,1
LF:1
LH:1
end_of_record
TN:
SF:/root/mfem/mfem/linalg/constraints.hpp
FN:61,_ZN4mfem17ConstrainedSolverD0Ev
FN:61,_ZN4mfem17ConstrainedSolverD2Ev
FNDA:0,_ZN4mfem17ConstrainedSolverD0Ev
FNDA:0,_ZN4mfem17ConstrainedSolverD2Ev
FNF:2
FNH:0
DA:61,0
LF:1
LH:0
end_of_record
TN:
SF:/root/mfem/mfem/linalg/densemat.hpp
FNF:0
FNH:0
LF:0
LH:0
end_of_record
TN:
SF:/root/mfem/mfem/linalg/handle.hpp
FNF:0
FNH:0
DA:56,2
DA:72,1
DA:85,1
DA:88,1
LF:4
LH:4
end_of_record
TN:
SF:/root/mfem/mfem/linalg/matrix.hpp
FNF:0
FNH:0
DA:69,1
LF:1
LH:1
end_of_record
TN:
SF:/root/mfem/mfem/linalg/operator.hpp
FN:465,_ZN4mfem21TimeDependentOperatorD0Ev
FN:465,_ZN4mfem21TimeDependentOperatorD2Ev
FN:643,_ZN4mfem32SecondOrderTimeDependentOperatorD0Ev
FN:643,_ZN4mfem32SecondOrderTimeDependentOperatorD2Ev
FN:888,_ZN4mfem19ConstrainedOperatorD0Ev
FN:888,_ZN4mfem19ConstrainedOperatorD2Ev
FN:941,_ZN4mfem30RectangularConstrainedOperatorD0Ev
FN:941,_ZN4mfem30RectangularConstrainedOperatorD2Ev
FNDA:0,_ZN4mfem19ConstrainedOperatorD0Ev
FNDA:0,_ZN4mfem19ConstrainedOperatorD2Ev
FNDA:0,_ZN4mfem21TimeDependentOperatorD0Ev
FNDA:0,_ZN4mfem21TimeDependentOperatorD2Ev
FNDA:0,_ZN4mfem30RectangularConstrainedOperatorD0Ev
FNDA:0,_ZN4mfem30RectangularConstrainedOperatorD2Ev
FNDA:0,_ZN4mfem32SecondOrderTimeDependentOperatorD0Ev
FNDA:0,_ZN4mfem32SecondOrderTimeDependentOperatorD2Ev
FNF:8
FNH:0
DA:63,1
DA:66,1
DA:465,0
DA:643,0
DA:663,1
DA:888,0
DA:941,0
LF:7
LH:3
end_of_record
TN:
SF:/root/mfem/mfem/linalg/solvers.hpp
FN:164,_ZN4mfem22OperatorJacobiSmootherD0Ev
FN:164,_ZN4mfem22OperatorJacobiSmootherD2Ev
FN:256,_ZN4mfem25OperatorChebyshevSmootherD0Ev
FN:256,_ZN4mfem25OperatorChebyshevSmootherD2Ev
FNDA:0,_ZN4mfem22OperatorJacobiSmootherD0Ev
FNDA:0,_ZN4mfem22OperatorJacobiSmootherD2Ev
FNDA:0,_ZN4mfem25OperatorChebyshevSmootherD0Ev
FNDA:0,_ZN4mfem25OperatorChebyshevSmootherD2Ev
FNF:4
FNH:0
DA:164,0
DA:256,0
LF:2
LH:0
end_of_record
TN:
SF:/root/mfem/mfem/linalg/sparsemat.hpp
FN:627,_ZN4mfem12SparseMatrixD0Ev
FN:627,_ZN4mfem12SparseMatrixD2Ev
FNDA:0,_ZN4mfem12SparseMatrixD0Ev
FNDA:0,_ZN4mfem12SparseMatrixD2Ev
FNF:2
FNH:0
DA:627,0
DA:628,0
DA:629,0
DA:650,0
LF:4
LH:0
end_of_record
TN:
SF:/root/mfem/mfem/linalg/sparsesmoothers.hpp
FNF:0
FNH:0
DA:30,1
DA:36,1
DA:48,1
LF:3
LH:3
end_of_record
TN:
SF:/root/mfem/mfem/linalg/vector.hpp
FN:113,_ZNK4mfem6Vector9UseDeviceEb
FN:116,_ZNK4mfem6Vector9UseDeviceEv
FN:431,_ZNK4mfem6Vector4ReadEb
FN:435,_ZNK4mfem6Vector8HostReadEv
FN:439,_ZN4mfem6Vector5WriteEb
FN:443,_ZN4mfem6Vector9HostWriteEv
FN:447,_ZN4mfem6Vector9ReadWriteEb
FN:451,_ZN4mfem6Vector13HostReadWriteEv
FN:632,_ZN4mfem6VectorD0Ev
FN:632,_ZN4mfem6VectorD2Ev
FNDA:0,_ZN4mfem6Vector13HostReadWriteEv
FNDA:0,_ZN4mfem6Vector5WriteEb
FNDA:0,_ZN4mfem6Vector9HostWriteEv
FNDA:0,_ZN4mfem6Vector9ReadWriteEb
FNDA:0,_ZN4mfem6VectorD0Ev
FNDA:0,_ZN4mfem6VectorD2Ev
FNDA:0,_ZNK4mfem6Vector4ReadEb
FNDA:0,_ZNK4mfem6Vector8HostReadEv
FNDA:0,_ZNK4mfem6Vector9UseDeviceEb
FNDA:0,_ZNK4mfem6Vector9UseDeviceEv
FNF:10
FNH:0
DA:70,3
DA:113,0
DA:116,0
DA:431,0
DA:432,0
DA:435,0
DA:436,0
DA:439,0
DA:440,0
DA:443,0
DA:444,0
DA:447,0
DA:448,0
DA:451,0
DA:452,0
DA:504,2
DA:506,2
DA:508,2
DA:509,2
DA:513,0
DA:632,9
DA:634,10
DA:635,0
LF:23
LH:7
end_of_record
TN:
SF:/root/mfem/mfem/mesh/mesh.hpp
FN:1410,_ZNK4mfem4Mesh5PrintERSo
FN:1561,_ZN4mfem4MeshD0Ev
FN:1561,_ZN4mfem4MeshD2Ev
FNDA:0,_ZN4mfem4MeshD0Ev
FNDA:1,_ZN4mfem4MeshD2Ev
FNDA:1,_ZNK4mfem4Mesh5PrintERSo
FNF:3
FNH:2
DA:869,1
DA:934,1
DA:1281,0
DA:1410,2
DA:1561,3
LF:5
LH:4
end_of_record
TN:
SF:/root/mfem/mfem/mesh/ncmesh.hpp
FNF:0
FNH:0
LF:0
LH:0
end_of_record
TN:
SF:/root/mfem/mfem/mesh/tetrahedron.hpp
FN:116,_ZN4mfem11TetrahedronD0Ev
FN:116,_ZN4mfem11TetrahedronD2Ev
FNDA:0,_ZN4mfem11TetrahedronD0Ev
FNDA:0,_ZN4mfem11TetrahedronD2Ev
FNF:2
FNH:0
DA:116,0
LF:1
LH:0
end_of_record
TN:
SF:/usr/include/c++/10/bits/basic_ios.h
FNF:0
FNH:0
DA:282,0
DA:460,1
DA:462,1
LF:3
LH:2
end_of_record
TN:
SF:/usr/include/c++/10/bits/basic_string.h
FNF:0
FNH:0
DA:187,0
DA:191,1
DA:195,0
DA:219,0
DA:225,1
DA:239,2
DA:245,0
DA:356,1
DA:671,2
LF:9
LH:5
end_of_record
TN:
SF:/usr/include/c++/10/bits/basic_string.tcc
FN:206,_ZNSt7__cxx1112basic_stringIcSt11char_traitsIcESaIcEE12_M_constructIPKcEEvT_S8_St20forward_iterator_tag
FNDA:1,_ZNSt7__cxx1112basic_stringIcSt11char_traitsIcESaIcEE12_M_constructIPKcEEvT_S8_St20forward_iterator_tag
FNF:1
FNH:1
DA:206,1
DA:211,1
DA:212,0
DA:215,1
DA:217,1
DA:219,0
DA:220,0
DA:232,1
DA:233,1
LF:9
LH:6
end_of_record
TN:
SF:/usr/include/c++/10/bits/char_traits.h
FNF:0
FNH:0
DA:357,0
DA:431,1
DA:437,0
LF:3
LH:1
end_of_record
TN:
SF:/usr/include/c++/10/bits/hashtable.h
FN:1438,_ZNSt10_HashtableIKSt5tupleIJbN4mfem18ElementDofOrderingENS1_8FaceTypeENS1_12L2FaceValuesEEESt4pairIS6_PNS1_15FaceRestrictionEESaISA_ENSt8__detail10_Select1stESt8equal_toIS6_ENS1_18FiniteElementSpace8key_hashENSC_18_Mod_range_hashingENSC_20_Default_ranged_hashENSC_20_Prime_rehash_policyENSC_17_Hashtable_traitsILb1ELb0ELb1EEEED2Ev
FN:2081,_ZNSt10_HashtableIKSt5tupleIJbN4mfem18ElementDofOrderingENS1_8FaceTypeENS1_12L2FaceValuesEEESt4pairIS6_PNS1_15FaceRestrictionEESaISA_ENSt8__detail10_Select1stESt8equal_toIS6_ENS1_18FiniteElementSpace8key_hashENSC_18_Mod_range_hashingENSC_20_Default_ranged_hashENSC_20_Prime_rehash_policyENSC_17_Hashtable_traitsILb1ELb0ELb1EEEE5clearEv
FNDA:1,_ZNSt10_HashtableIKSt5tupleIJbN4mfem18ElementDofOrderingENS1_8FaceTypeENS1_12L2FaceValuesEEESt4pairIS6_PNS1_15FaceRestrictionEESaISA_ENSt8__detail10_Select1stESt8equal_toIS6_ENS1_18FiniteElementSpace8key_hashENSC_18_Mod_range_hashingENSC_20_Default_ranged_hashENSC_20_Prime_rehash_policyENSC_17_Hashtable_traitsILb1ELb0ELb1EEEE5clearEv
FNDA:1,_ZNSt10_HashtableIKSt5tupleIJbN4mfem18ElementDofOrderingENS1_8FaceTypeENS1_12L2FaceValuesEEESt4pairIS6_PNS1_15FaceRestrictionEESaISA_ENSt8__detail10_Select1stESt8equal_toIS6_ENS1_18FiniteElementSpace8key_hashENSC_18_Mod_range_hashingENSC_20_Default_ranged_hashENSC_20_Prime_rehash_policyENSC_17_Hashtable_traitsILb1ELb0ELb1EEEED2Ev
FNF:2
FNH:2
DA:394,1
DA:418,1
DA:426,1
DA:435,1
DA:490,1
DA:1438,1
DA:1442,1
DA:1444,1
DA:2081,1
DA:2086,1
DA:2087,1
DA:2088,1
DA:2089,1
LF:13
LH:13
end_of_record
TN:
SF:/usr/include/c++/10/bits/hashtable_policy.h
FNF:0
FNH:0
DA:218,1
DA:270,0
DA:450,1
DA:2056,0
DA:2064,0
DA:2072,1
DA:2101,0
LF:7
LH:3
end_of_record
TN:
SF:/usr/include/c++/10/bits/ios_base.h
FNF:0
FNH:0
DA:88,0
DA:100,0
DA:678,0
DA:731,3
LF:4
LH:1
end_of_record
TN:
SF:/usr/include/c++/10/bits/locale_facets.h
FN:872,_ZNKSt5ctypeIcE5widenEc
FN:1084,_ZNKSt5ctypeIcE8do_widenEc
FNDA:0,_ZNKSt5ctypeIcE8do_widenEc
FNDA:2,_ZNKSt5ctypeIcE5widenEc
FNF:2
FNH:1
DA:872,2
DA:874,2
DA:875,2
DA:876,0
DA:877,0
DA:1084,0
DA:1085,0
LF:7
LH:3
end_of_record
TN:
SF:/usr/include/c++/10/bits/stl_algobase.h
FNF:0
FNH:0
DA:259,5
DA:260,3
LF:2
LH:2
end_of_record
TN:
SF:/usr/include/c++/10/bits/stl_iterator_base_funcs.h
FNF:0
FNH:0
DA:104,1
LF:1
LH:1
end_of_record
TN:
SF:/usr/include/c++/10/bits/unordered_map.h
FNF:0
FNH:0
DA:102,0
LF:1
LH:0
end_of_record
TN:
SF:/usr/include/c++/10/ext/new_allocator.h
FNF:0
FNH:0
DA:139,0
LF:1
LH:0
end_of_record
TN:
SF:/usr/include/c++/10/iomanip
FNF:0
FNH:0
DA:111,0
DA:210,0
LF:2
LH:0
end_of_record
TN:
SF:/usr/include/c++/10/iostream
FNF:0
FNH:0
LF:0
LH:0
end_of_record
TN:
SF:/usr/include/c++/10/istream
FNF:0
FNH:0
DA:104,0
DA:856,0
LF:2
LH:0
end_of_record
TN:
SF:/usr/include/c++/10/ostream
FNF:0
FNH:0
DA:93,0
DA:113,3
DA:518,0
DA:611,3
LF:4
LH:2
end_of_record
TN:
SF:/usr/include/c++/10/sstream
FNF:0
FNH:0
DA:678,0
LF:1
LH:0
end_of_record
TN:
SF:/usr/include/c++/10/streambuf
FNF:0
FNH:0
LF:0
LH:0
end_of_record
TN:
SF:/usr/include/x86_64-linux-gnu/bits/string_fortified.h
FNF:0
FNH:0
DA:29,4
DA:30,4
LF:2
LH:2
end_of_record
