TN:
SF:/root/mfem/mfem/examples/ex6.cpp
FN:41,main
FNDA:1,main
FNF:1
FNH:1
DA:41,1
DA:44,1
DA:45,1
DA:46,1
DA:48,1
DA:53,1
DA:56,1
DA:57,1
DA:59,0
DA:62,1
DA:67,2
DA:74,1
DA:76,0
DA:78,0
DA:80,0
DA:85,2
DA:86,2
DA:91,2
DA:92,2
DA:97,1
DA:98,1
DA:99,1
DA:103,2
DA:104,1
DA:107,1
DA:109,1
DA:113,1
DA:115,2
DA:116,1
DA:118,1
DA:126,2
DA:127,2
DA:134,1
DA:140,21
DA:143,22
DA:145,22
DA:146,22
DA:149,22
DA:150,22
DA:156,22
DA:164,22
DA:170,22
DA:183,22
DA:186,22
DA:189,0
DA:192,22
DA:203,21
DA:215,21
DA:216,21
DA:220,21
DA:222,21
LF:51
LH:46
end_of_record
TN:
SF:/root/mfem/mfem/fem/bilininteg.hpp
FN:1595,_ZN4mfem19DiffusionIntegratorC2ERNS_11CoefficientE
FNDA:1,_ZN4mfem19DiffusionIntegratorC2ERNS_11CoefficientE
FNF:1
FNH:1
DA:1595,1
LF:1
LH:1
end_of_record
TN:
SF:/root/mfem/mfem/fem/coefficient.hpp
FN:66,_ZN4mfem19ConstantCoefficient4EvalERNS_21ElementTransformationERKNS_16IntegrationPointE
FNDA:74971248,_ZN4mfem19ConstantCoefficient4EvalERNS_21ElementTransformationERKNS_16IntegrationPointE
FNF:1
FNH:1
DA:37,1
DA:57,1
DA:63,1
DA:66,74971248
DA:68,74971248
LF:5
LH:5
end_of_record
TN:
SF:/root/mfem/mfem/fem/eltrans.hpp
FN:103,_ZN4mfem21ElementTransformationD0Ev
FN:103,_ZN4mfem21ElementTransformationD2Ev
FN:332,_ZN4mfem27IsoparametricTransformationD0Ev
FN:332,_ZN4mfem27IsoparametricTransformationD2Ev
FNDA:0,_ZN4mfem21ElementTransformationD0Ev
FNDA:0,_ZN4mfem27IsoparametricTransformationD0Ev
FNDA:6,_ZN4mfem21ElementTransformationD2Ev
FNDA:6,_ZN4mfem27IsoparametricTransformationD2Ev
FNF:4
FNH:2
DA:103,6
DA:332,12
DA:335,1
DA:343,1
LF:4
LH:4
end_of_record
TN:
SF:/root/mfem/mfem/fem/estimators.hpp
FN:125,_ZN4mfem23ZienkiewiczZhuEstimatorC2ERNS_22BilinearFormIntegratorERNS_12GridFunctionERNS_18FiniteElementSpaceE
FN:145,_ZN4mfem23ZienkiewiczZhuEstimator14GetLocalErrorsEv
FN:154,_ZN4mfem23ZienkiewiczZhuEstimator19GetAnisotropicFlagsEv
FN:161,_ZN4mfem23ZienkiewiczZhuEstimator5ResetEv
FN:165,_ZN4mfem23ZienkiewiczZhuEstimatorD0Ev
FN:165,_ZN4mfem23ZienkiewiczZhuEstimatorD2Ev
FNDA:0,_ZN4mfem23ZienkiewiczZhuEstimator14GetLocalErrorsEv
FNDA:0,_ZN4mfem23ZienkiewiczZhuEstimator19GetAnisotropicFlagsEv
FNDA:0,_ZN4mfem23ZienkiewiczZhuEstimator5ResetEv
FNDA:0,_ZN4mfem23ZienkiewiczZhuEstimatorD0Ev
FNDA:1,_ZN4mfem23ZienkiewiczZhuEstimatorC2ERNS_22BilinearFormIntegratorERNS_12GridFunctionERNS_18FiniteElementSpaceE
FNDA:1,_ZN4mfem23ZienkiewiczZhuEstimatorD2Ev
FNF:6
FNH:2
DA:91,0
DA:93,0
DA:125,1
DA:127,1
DA:133,1
DA:134,1
DA:139,1
DA:145,0
DA:147,0
DA:148,0
DA:154,0
DA:156,0
DA:157,0
DA:161,0
DA:165,1
DA:166,2
DA:167,1
DA:168,1
LF:18
LH:9
end_of_record
TN:
SF:/root/mfem/mfem/fem/fespace.hpp
FN:209,_ZN4mfem18FiniteElementSpaceC2EPNS_4MeshEPKNS_23FiniteElementCollectionEii
FNDA:2,_ZN4mfem18FiniteElementSpaceC2EPNS_4MeshEPKNS_23FiniteElementCollectionEii
FNF:1
FNH:1
DA:209,2
DA:212,4
DA:224,0
DA:253,23
DA:262,22
DA:517,1
LF:6
LH:5
end_of_record
TN:
SF:/root/mfem/mfem/fem/gridfunc.hpp
FN:75,_ZN4mfem12GridFunctionC2EPNS_18FiniteElementSpaceE
FN:390,_ZN4mfem12GridFunctionD0Ev
FN:390,_ZN4mfem12GridFunctionD2Ev
FNDA:0,_ZN4mfem12GridFunctionD0Ev
FNDA:1,_ZN4mfem12GridFunctionC2EPNS_18FiniteElementSpaceE
FNDA:1,_ZN4mfem12GridFunctionD2Ev
FNF:3
FNH:2
DA:75,1
DA:76,1
DA:245,22
DA:246,22
DA:337,0
DA:390,1
LF:6
LH:5
end_of_record
TN:
SF:/root/mfem/mfem/fem/linearform.hpp
FN:56,_ZN4mfem10LinearFormC2EPNS_18FiniteElementSpaceE
FNDA:1,_ZN4mfem10LinearFormC2EPNS_18FiniteElementSpaceE
FNF:1
FNH:1
DA:56,2
DA:57,1
DA:90,21
LF:3
LH:3
end_of_record
TN:
SF:/root/mfem/mfem/fem/lininteg.hpp
FNF:0
FNH:0
DA:27,1
DA:56,1
DA:57,1
DA:58,1
DA:103,1
LF:5
LH:5
end_of_record
TN:
SF:/root/mfem/mfem/fem/nonlininteg.hpp
FNF:0
FNH:0
DA:32,1
LF:1
LH:1
end_of_record
TN:
SF:/root/mfem/mfem/general/array.hpp
FN:614,_ZN4mfem5ArrayINS_13OptionsParser6OptionEE6AppendERKS2_
FNDA:4,_ZN4mfem5ArrayINS_13OptionsParser6OptionEE6AppendERKS2_
FNF:1
FNH:1
DA:73,37
DA:74,28
DA:94,29
DA:133,1
DA:572,4
DA:574,3
DA:576,21
DA:614,4
DA:616,4
DA:617,4
DA:618,4
DA:757,7
DA:759,6
LF:13
LH:13
end_of_record
TN:
SF:/root/mfem/mfem/general/mem_alloc.hpp
FN:83,_ZN4mfem5StackIPNS_11TetrahedronELi1024EE5ClearEv
FN:170,_ZN4mfem8MemAllocINS_11TetrahedronELi1024EE5ClearEv
FNDA:2,_ZN4mfem8MemAllocINS_11TetrahedronELi1024EE5ClearEv
FNDA:3,_ZN4mfem5StackIPNS_11TetrahedronELi1024EE5ClearEv
FNF:2
FNH:2
DA:42,1
DA:83,3
DA:86,2804
DA:88,2801
DA:89,2801
DA:91,3
DA:93,0
DA:94,0
DA:96,3
DA:97,3
DA:98,3
DA:122,2871025
DA:142,1
DA:170,2
DA:173,2803
DA:175,2801
DA:176,2801
DA:177,2801
DA:179,2
DA:180,2
DA:181,2
LF:21
LH:19
end_of_record
TN:
SF:/root/mfem/mfem/general/optparser.hpp
FN:69,_ZN4mfem13OptionsParserC2EiPPc
FN:74,_ZN4mfem13OptionsParser9AddOptionEPbPKcS3_S3_S3_S3_b
FNDA:1,_ZN4mfem13OptionsParser9AddOptionEPbPKcS3_S3_S3_S3_b
FNDA:1,_ZN4mfem13OptionsParserC2EiPPc
FNF:2
FNH:2
DA:31,1
DA:48,4
DA:49,4
DA:69,1
DA:70,1
DA:72,1
DA:73,1
DA:74,1
DA:79,1
DA:81,1
DA:83,1
DA:87,1
DA:100,1
DA:120,1
LF:14
LH:14
end_of_record
TN:
SF:/root/mfem/mfem/linalg/complex_operator.hpp
FNF:0
FNH:0
LF:0
LH:0
end_of_record
TN:
SF:/root/mfem/mfem/linalg/densemat.hpp
FN:744,_ZN4mfem11DenseTensorD2Ev
FNDA:1,_ZN4mfem11DenseTensorD2Ev
FNF:1
FNH:1
DA:744,1
DA:745,1
DA:746,1
DA:747,1
LF:4
LH:4
end_of_record
TN:
SF:/root/mfem/mfem/linalg/handle.hpp
FNF:0
FNH:0
DA:56,2
DA:72,0
LF:2
LH:1
end_of_record
TN:
SF:/root/mfem/mfem/linalg/matrix.hpp
FNF:0
FNH:0
DA:73,22
LF:1
LH:1
end_of_record
TN:
SF:/root/mfem/mfem/linalg/operator.hpp
FN:57,_ZNK4mfem8Operator11GetGradientERKNS_6VectorE
FN:65,_ZNK4mfem8Operator15GetProlongationEv
FN:68,_ZNK4mfem8Operator14GetRestrictionEv
FN:264,_ZN4mfem21TimeDependentOperatorD0Ev
FN:264,_ZN4mfem21TimeDependentOperatorD2Ev
FN:441,_ZN4mfem19ConstrainedOperatorD0Ev
FN:441,_ZN4mfem19ConstrainedOperatorD2Ev
FNDA:0,_ZN4mfem19ConstrainedOperatorD0Ev
FNDA:0,_ZN4mfem19ConstrainedOperatorD2Ev
FNDA:0,_ZN4mfem21TimeDependentOperatorD0Ev
FNDA:0,_ZN4mfem21TimeDependentOperatorD2Ev
FNDA:0,_ZNK4mfem8Operator11GetGradientERKNS_6VectorE
FNDA:0,_ZNK4mfem8Operator14GetRestrictionEv
FNDA:0,_ZNK4mfem8Operator15GetProlongationEv
FNF:7
FNH:0
DA:29,22
DA:33,22
DA:57,0
DA:59,0
DA:60,0
DA:65,0
DA:68,0
DA:264,0
DA:283,22
DA:441,0
LF:10
LH:3
end_of_record
TN:
SF:/root/mfem/mfem/linalg/sparsemat.hpp
FN:443,_ZN4mfem12SparseMatrixD0Ev
FN:443,_ZN4mfem12SparseMatrixD2Ev
FNDA:0,_ZN4mfem12SparseMatrixD0Ev
FNDA:0,_ZN4mfem12SparseMatrixD2Ev
FNF:2
FNH:0
DA:85,22
DA:443,22
LF:2
LH:2
end_of_record
TN:
SF:/root/mfem/mfem/linalg/sparsesmoothers.hpp
FNF:0
FNH:0
DA:30,22
DA:36,22
DA:48,22
LF:3
LH:3
end_of_record
TN:
SF:/root/mfem/mfem/linalg/vector.hpp
FN:328,_ZN4mfem6Vector7SetSizeEi
FN:386,_ZN4mfem6VectorD0Ev
FN:386,_ZN4mfem6VectorD2Ev
FNDA:0,_ZN4mfem6VectorD0Ev
FNDA:0,_ZN4mfem6VectorD2Ev
FNDA:21,_ZN4mfem6Vector7SetSizeEi
FNF:3
FNH:1
DA:58,47
DA:314,2
DA:316,2
DA:318,2
DA:319,2
DA:323,0
DA:324,0
DA:328,21
DA:330,21
DA:334,21
DA:336,0
DA:337,0
DA:339,21
DA:341,21
DA:343,21
DA:344,21
DA:386,50
DA:388,74
DA:390,46
DA:392,0
LF:20
LH:15
end_of_record
TN:
SF:/root/mfem/mfem/mesh/mesh.hpp
FN:1138,_ZN4mfem4MeshD0Ev
FN:1138,_ZN4mfem4MeshD2Ev
FNDA:0,_ZN4mfem4MeshD0Ev
FNDA:1,_ZN4mfem4MeshD2Ev
FNF:2
FNH:1
DA:647,1
DA:648,1
DA:1029,0
DA:1138,3
LF:4
LH:3
end_of_record
TN:
SF:/root/mfem/mfem/mesh/mesh_operators.hpp
FNF:0
FNH:0
DA:93,21
DA:97,21
DA:172,1
DA:219,1
LF:4
LH:4
end_of_record
TN:
SF:/root/mfem/mfem/mesh/ncmesh.hpp
FNF:0
FNH:0
DA:52,1
LF:1
LH:1
end_of_record
TN:
SF:/root/mfem/mfem/mesh/tetrahedron.hpp
FN:110,_ZN4mfem11TetrahedronD0Ev
FN:110,_ZN4mfem11TetrahedronD2Ev
FNDA:0,_ZN4mfem11TetrahedronD0Ev
FNDA:2868224,_ZN4mfem11TetrahedronD2Ev
FNF:2
FNH:1
DA:110,2868224
LF:1
LH:1
end_of_record
TN:
SF:/usr/include/c++/10/bits/basic_ios.h
FNF:0
FNH:0
DA:138,22
LF:1
LH:1
end_of_record
TN:
SF:/usr/include/c++/10/bits/basic_string.h
FNF:0
FNH:0
DA:195,0
DA:239,0
DA:240,0
DA:245,0
DA:671,0
LF:5
LH:0
end_of_record
TN:
SF:/usr/include/c++/10/bits/ios_base.h
FNF:0
FNH:0
DA:88,0
DA:100,0
DA:678,0
DA:731,0
LF:4
LH:0
end_of_record
TN:
SF:/usr/include/c++/10/bits/locale_facets.h
FN:872,_ZNKSt5ctypeIcE5widenEc
FN:1084,_ZNKSt5ctypeIcE8do_widenEc
FNDA:0,_ZNKSt5ctypeIcE8do_widenEc
FNDA:45,_ZNKSt5ctypeIcE5widenEc
FNF:2
FNH:1
DA:872,45
DA:874,45
DA:875,45
DA:876,0
DA:877,0
DA:1084,0
DA:1085,0
LF:7
LH:3
end_of_record
TN:
SF:/usr/include/c++/10/ext/new_allocator.h
FNF:0
FNH:0
DA:139,0
LF:1
LH:0
end_of_record
TN:
SF:/usr/include/c++/10/iomanip
FNF:0
FNH:0
DA:111,0
DA:210,0
LF:2
LH:0
end_of_record
TN:
SF:/usr/include/c++/10/iostream
FNF:0
FNH:0
LF:0
LH:0
end_of_record
TN:
SF:/usr/include/c++/10/ostream
FNF:0
FNH:0
DA:113,45
DA:518,0
DA:611,45
LF:3
LH:2
end_of_record
TN:
SF:/usr/include/c++/10/sstream
FNF:0
FNH:0
DA:678,0
LF:1
LH:0
end_of_record
TN:
SF:/usr/include/c++/10/streambuf
FNF:0
FNH:0
LF:0
LH:0
end_of_record
