TN:
SF:/root/mfem/examples/ex3p.cpp
FN:63,main
FN:312,_Z7E_exactRKN4mfem6VectorERS0_
FN:328,_Z7f_exactRKN4mfem6VectorERS0_
FNDA:5,main
FNDA:98304,_Z7f_exactRKN4mfem6VectorERS0_
FNDA:147456,_Z7E_exactRKN4mfem6VectorERS0_
FNF:3
FNH:3
DA:63,5
DA:67,5
DA:68,5
DA:69,5
DA:72,5
DA:73,5
DA:74,5
DA:75,5
DA:76,5
DA:77,5
DA:82,5
DA:89,5
DA:91,5
DA:95,5
DA:104,5
DA:105,5
DA:107,0
DA:109,0
DA:112,0
DA:115,5
DA:117,1
DA:119,5
DA:123,5
DA:124,5
DA:129,5
DA:130,5
DA:138,5
DA:139,10
DA:141,5
DA:148,5
DA:149,5
DA:152,15
DA:154,10
DA:160,5
DA:161,5
DA:163,5
DA:165,1
DA:174,5
DA:176,5
DA:178,5
DA:185,0
DA:186,5
DA:187,5
DA:188,5
DA:195,5
DA:196,0
DA:197,5
DA:202,5
DA:203,5
DA:204,5
DA:205,5
DA:206,5
DA:207,5
DA:208,5
DA:209,0
DA:215,0
DA:216,0
DA:220,0
DA:223,0
DA:228,0
DA:230,0
DA:233,0
DA:235,0
DA:236,0
DA:240,0
DA:243,0
DA:247,0
DA:248,0
DA:249,0
DA:250,0
DA:251,0
DA:252,0
DA:253,0
DA:254,0
DA:259,0
DA:263,0
DA:264,0
DA:266,0
DA:273,0
DA:274,0
DA:275,0
DA:277,0
DA:279,0
DA:281,0
DA:283,0
DA:287,0
DA:289,0
DA:291,0
DA:292,0
DA:294,0
DA:298,0
DA:299,0
DA:300,0
DA:301,0
DA:302,0
DA:303,0
DA:304,0
DA:306,0
DA:312,147456
DA:314,147456
DA:316,147456
DA:317,147456
DA:318,147456
DA:322,0
DA:323,0
DA:324,0
DA:326,147456
DA:328,98304
DA:330,98304
DA:332,98304
DA:333,98304
DA:334,98304
DA:338,0
DA:339,0
DA:340,0
DA:342,98304
LF:116
LH:61
end_of_record
TN:
SF:/root/mfem/fem/bilinearform.hpp
FN:393,_ZNK4mfem12BilinearForm15GetProlongationEv
FN:396,_ZNK4mfem12BilinearForm14GetRestrictionEv
FN:803,_ZNK4mfem17MixedBilinearForm15GetProlongationEv
FN:807,_ZNK4mfem17MixedBilinearForm14GetRestrictionEv
FNDA:0,_ZNK4mfem12BilinearForm14GetRestrictionEv
FNDA:0,_ZNK4mfem12BilinearForm15GetProlongationEv
FNDA:0,_ZNK4mfem17MixedBilinearForm14GetRestrictionEv
FNDA:0,_ZNK4mfem17MixedBilinearForm15GetProlongationEv
FNF:4
FNH:0
DA:195,0
DA:393,0
DA:394,0
DA:396,0
DA:397,0
DA:803,0
DA:804,0
DA:807,0
DA:808,0
DA:985,0
LF:10
LH:0
end_of_record
TN:
SF:/root/mfem/fem/bilininteg.hpp
FN:2539,_ZN4mfem18CurlCurlIntegratorC2ERNS_11CoefficientEPKNS_15IntegrationRuleE
FN:2637,_ZN4mfem22VectorFEMassIntegratorC2ERNS_11CoefficientE
FNDA:5,_ZN4mfem18CurlCurlIntegratorC2ERNS_11CoefficientEPKNS_15IntegrationRuleE
FNDA:5,_ZN4mfem22VectorFEMassIntegratorC2ERNS_11CoefficientE
FNF:2
FNH:2
DA:247,0
DA:2539,5
DA:2540,5
DA:2607,5
DA:2637,5
LF:5
LH:4
end_of_record
TN:
SF:/root/mfem/fem/ceed/operator.hpp
FN:45,_ZN4mfem4ceed8OperatorD0Ev
FN:45,_ZN4mfem4ceed8OperatorD2Ev
FNDA:0,_ZN4mfem4ceed8OperatorD0Ev
FNDA:0,_ZN4mfem4ceed8OperatorD2Ev
FNF:2
FNH:0
DA:45,0
DA:46,0
DA:52,0
LF:3
LH:0
end_of_record
TN:
SF:/root/mfem/fem/coefficient.hpp
FN:48,_ZN4mfem11Coefficient7SetTimeEd
FN:87,_ZN4mfem19ConstantCoefficient4EvalERNS_21ElementTransformationERKNS_16IntegrationPointE
FN:405,_ZN4mfem16DeltaCoefficientD0Ev
FN:405,_ZN4mfem16DeltaCoefficientD2Ev
FN:614,_ZN4mfem25VectorFunctionCoefficientD0Ev
FN:614,_ZN4mfem25VectorFunctionCoefficientD2Ev
FN:771,_ZN4mfem33DivergenceGridFunctionCoefficientD0Ev
FN:771,_ZN4mfem33DivergenceGridFunctionCoefficientD2Ev
FN:2089,_ZN4mfem29QuadratureFunctionCoefficientD0Ev
FN:2089,_ZN4mfem29QuadratureFunctionCoefficientD2Ev
FNDA:0,_ZN4mfem11Coefficient7SetTimeEd
FNDA:0,_ZN4mfem16DeltaCoefficientD0Ev
FNDA:0,_ZN4mfem16DeltaCoefficientD2Ev
FNDA:0,_ZN4mfem19ConstantCoefficient4EvalERNS_21ElementTransformationERKNS_16IntegrationPointE
FNDA:0,_ZN4mfem25VectorFunctionCoefficientD0Ev
FNDA:0,_ZN4mfem25VectorFunctionCoefficientD2Ev
FNDA:0,_ZN4mfem29QuadratureFunctionCoefficientD0Ev
FNDA:0,_ZN4mfem29QuadratureFunctionCoefficientD2Ev
FNDA:0,_ZN4mfem33DivergenceGridFunctionCoefficientD0Ev
FNDA:0,_ZN4mfem33DivergenceGridFunctionCoefficientD2Ev
FNF:10
FNH:0
DA:45,10
DA:48,0
DA:84,5
DA:87,0
DA:89,0
DA:405,0
DA:440,10
DA:596,10
DA:614,0
DA:771,0
DA:2089,0
LF:11
LH:4
end_of_record
TN:
SF:/root/mfem/fem/eltrans.hpp
FN:180,_ZN4mfem21ElementTransformationD0Ev
FN:180,_ZN4mfem21ElementTransformationD2Ev
FN:456,_ZN4mfem27IsoparametricTransformationD0Ev
FN:456,_ZN4mfem27IsoparametricTransformationD2Ev
FNDA:0,_ZN4mfem21ElementTransformationD0Ev
FNDA:0,_ZN4mfem21ElementTransformationD2Ev
FNDA:0,_ZN4mfem27IsoparametricTransformationD0Ev
FNDA:0,_ZN4mfem27IsoparametricTransformationD2Ev
FNF:4
FNH:0
DA:180,0
DA:456,0
LF:2
LH:0
end_of_record
TN:
SF:/root/mfem/fem/fe/fe_base.hpp
FN:636,_ZN4mfem19ScalarFiniteElement13CheckScalarFEERKNS_13FiniteElementE
FN:668,_ZN4mfem19ScalarFiniteElement10SetMapTypeEi
FN:726,_ZNK4mfem18NodalFiniteElement21GetLocalInterpolationERNS_21ElementTransformationERNS_11DenseMatrixE
FN:733,_ZNK4mfem18NodalFiniteElement17GetTransferMatrixERKNS_13FiniteElementERNS_21ElementTransformationERNS_11DenseMatrixE
FNDA:0,_ZN4mfem19ScalarFiniteElement10SetMapTypeEi
FNDA:0,_ZN4mfem19ScalarFiniteElement13CheckScalarFEERKNS_13FiniteElementE
FNDA:0,_ZNK4mfem18NodalFiniteElement17GetTransferMatrixERKNS_13FiniteElementERNS_21ElementTransformationERNS_11DenseMatrixE
FNDA:0,_ZNK4mfem18NodalFiniteElement21GetLocalInterpolationERNS_21ElementTransformationERNS_11DenseMatrixE
FNF:4
FNH:0
DA:323,0
DA:340,0
DA:636,0
DA:638,0
DA:640,0
DA:668,0
DA:670,0
DA:671,0
DA:672,0
DA:673,0
DA:726,0
DA:728,0
DA:733,0
DA:736,0
LF:14
LH:0
end_of_record
TN:
SF:/root/mfem/fem/fe/fe_fixed_order.hpp
FNF:0
FNH:0
LF:0
LH:0
end_of_record
TN:
SF:/root/mfem/fem/fe/fe_h1.hpp
FNF:0
FNH:0
LF:0
LH:0
end_of_record
TN:
SF:/root/mfem/fem/fe/fe_l2.hpp
FNF:0
FNH:0
LF:0
LH:0
end_of_record
TN:
SF:/root/mfem/fem/fe/fe_pos.hpp
FNF:0
FNH:0
LF:0
LH:0
end_of_record
TN:
SF:/root/mfem/fem/fe_coll.hpp
FN:67,_ZNK4mfem23FiniteElementCollection29TraceFiniteElementForGeometryENS_8Geometry4TypeE
FN:232,_ZNK4mfem15H1_FECollection14DofForGeometryENS_8Geometry4TypeE
FN:237,_ZNK4mfem15H1_FECollection4NameEv
FN:238,_ZNK4mfem15H1_FECollection11GetContTypeEv
FN:248,_ZNK4mfem15H1_FECollection5CloneEi
FN:472,_ZNK4mfem19ND_R1D_FECollection24FiniteElementForGeometryENS_8Geometry4TypeE
FN:499,_ZNK4mfem19RT_R1D_FECollection24FiniteElementForGeometryENS_8Geometry4TypeE
FN:527,_ZNK4mfem19ND_R2D_FECollection24FiniteElementForGeometryENS_8Geometry4TypeE
FN:576,_ZNK4mfem19RT_R2D_FECollection24FiniteElementForGeometryENS_8Geometry4TypeE
FN:1257,_ZNK4mfem18Local_FECollection24FiniteElementForGeometryENS_8Geometry4TypeE
FN:1260,_ZNK4mfem18Local_FECollection14DofForGeometryENS_8Geometry4TypeE
FN:1262,_ZNK4mfem18Local_FECollection22DofOrderForOrientationENS_8Geometry4TypeEi
FN:1265,_ZNK4mfem18Local_FECollection4NameEv
FN:1267,_ZN4mfem18Local_FECollectionD0Ev
FN:1267,_ZN4mfem18Local_FECollectionD2Ev
FN:1268,_ZNK4mfem18Local_FECollection11GetContTypeEv
FNDA:0,_ZN4mfem18Local_FECollectionD0Ev
FNDA:0,_ZN4mfem18Local_FECollectionD2Ev
FNDA:0,_ZNK4mfem15H1_FECollection11GetContTypeEv
FNDA:0,_ZNK4mfem15H1_FECollection14DofForGeometryENS_8Geometry4TypeE
FNDA:0,_ZNK4mfem15H1_FECollection4NameEv
FNDA:0,_ZNK4mfem15H1_FECollection5CloneEi
FNDA:0,_ZNK4mfem18Local_FECollection11GetContTypeEv
FNDA:0,_ZNK4mfem18Local_FECollection14DofForGeometryENS_8Geometry4TypeE
FNDA:0,_ZNK4mfem18Local_FECollection22DofOrderForOrientationENS_8Geometry4TypeEi
FNDA:0,_ZNK4mfem18Local_FECollection24FiniteElementForGeometryENS_8Geometry4TypeE
FNDA:0,_ZNK4mfem18Local_FECollection4NameEv
FNDA:0,_ZNK4mfem19ND_R1D_FECollection24FiniteElementForGeometryENS_8Geometry4TypeE
FNDA:0,_ZNK4mfem19ND_R2D_FECollection24FiniteElementForGeometryENS_8Geometry4TypeE
FNDA:0,_ZNK4mfem19RT_R1D_FECollection24FiniteElementForGeometryENS_8Geometry4TypeE
FNDA:0,_ZNK4mfem19RT_R2D_FECollection24FiniteElementForGeometryENS_8Geometry4TypeE
FNDA:0,_ZNK4mfem23FiniteElementCollection29TraceFiniteElementForGeometryENS_8Geometry4TypeE
FNF:16
FNH:0
DA:67,0
DA:70,0
DA:232,0
DA:233,0
DA:237,0
DA:238,0
DA:248,0
DA:249,0
DA:472,0
DA:474,0
DA:499,0
DA:501,0
DA:527,0
DA:529,0
DA:576,0
DA:578,0
DA:1257,0
DA:1259,0
DA:1260,0
DA:1261,0
DA:1262,0
DA:1264,0
DA:1265,0
DA:1267,0
DA:1268,0
LF:25
LH:0
end_of_record
TN:
SF:/root/mfem/fem/fespace.hpp
FN:468,_ZNK4mfem18FiniteElementSpace21GetProlongationMatrixEv
FN:484,_ZNK4mfem18FiniteElementSpace20GetRestrictionMatrixEv
FNDA:0,_ZNK4mfem18FiniteElementSpace20GetRestrictionMatrixEv
FNDA:0,_ZNK4mfem18FiniteElementSpace21GetProlongationMatrixEv
FNF:2
FNH:0
DA:468,0
DA:469,0
DA:484,0
DA:485,0
DA:560,10
DA:895,5
LF:6
LH:2
end_of_record
TN:
SF:/root/mfem/fem/gridfunc.hpp
FN:85,_ZN4mfem12GridFunctionC2EPNS_18FiniteElementSpaceE
FN:720,_ZN4mfem12GridFunctionD0Ev
FN:720,_ZN4mfem12GridFunctionD2Ev
FN:952,_ZN4mfem18ExtrudeCoefficientD0Ev
FN:952,_ZN4mfem18ExtrudeCoefficientD2Ev
FNDA:0,_ZN4mfem12GridFunctionD0Ev
FNDA:0,_ZN4mfem12GridFunctionD2Ev
FNDA:0,_ZN4mfem18ExtrudeCoefficientD0Ev
FNDA:0,_ZN4mfem18ExtrudeCoefficientD2Ev
FNDA:5,_ZN4mfem12GridFunctionC2EPNS_18FiniteElementSpaceE
FNF:5
FNH:1
DA:77,5
DA:85,5
DA:86,5
DA:720,0
DA:952,0
LF:5
LH:3
end_of_record
TN:
SF:/root/mfem/fem/linearform.hpp
FN:77,_ZN4mfem10LinearFormC2EPNS_18FiniteElementSpaceE
FNDA:5,_ZN4mfem10LinearFormC2EPNS_18FiniteElementSpaceE
FNF:1
FNH:1
DA:77,5
DA:78,5
LF:2
LH:2
end_of_record
TN:
SF:/root/mfem/fem/lininteg.hpp
FN:43,_ZN4mfem20LinearFormIntegrator10SetIntRuleEPKNS_15IntegrationRuleE
FN:274,_ZN4mfem26VectorFEDomainLFIntegratorC2ERNS_17VectorCoefficientE
FNDA:0,_ZN4mfem20LinearFormIntegrator10SetIntRuleEPKNS_15IntegrationRuleE
FNDA:5,_ZN4mfem26VectorFEDomainLFIntegratorC2ERNS_17VectorCoefficientE
FNF:2
FNH:1
DA:27,5
DA:43,0
DA:68,5
DA:70,5
DA:274,5
DA:275,5
LF:6
LH:5
end_of_record
TN:
SF:/root/mfem/fem/nonlinearform.hpp
FN:209,_ZNK4mfem13NonlinearForm15GetProlongationEv
FN:211,_ZNK4mfem13NonlinearForm14GetRestrictionEv
FNDA:0,_ZNK4mfem13NonlinearForm14GetRestrictionEv
FNDA:0,_ZNK4mfem13NonlinearForm15GetProlongationEv
FNF:2
FNH:0
DA:209,0
DA:211,0
DA:212,0
LF:3
LH:0
end_of_record
TN:
SF:/root/mfem/fem/nonlinearform_ext.hpp
FN:81,_ZNK4mfem24PANonlinearFormExtension8Gradient15GetProlongationEv
FNDA:0,_ZNK4mfem24PANonlinearFormExtension8Gradient15GetProlongationEv
FNF:1
FNH:0
DA:81,0
DA:83,0
LF:2
LH:0
end_of_record
TN:
SF:/root/mfem/fem/nonlininteg.hpp
FNF:0
FNH:0
DA:38,10
DA:148,0
DA:149,0
LF:3
LH:1
end_of_record
TN:
SF:/root/mfem/fem/pbilinearform.hpp
FN:57,_ZN4mfem15ParBilinearFormC2EPNS_21ParFiniteElementSpaceE
FN:174,_ZNK4mfem15ParBilinearForm15GetProlongationEv
FN:180,_ZNK4mfem15ParBilinearForm14GetRestrictionEv
FN:202,_ZN4mfem15ParBilinearFormD0Ev
FN:202,_ZN4mfem15ParBilinearFormD2Ev
FN:292,_ZN4mfem20ParMixedBilinearFormD0Ev
FN:292,_ZN4mfem20ParMixedBilinearFormD2Ev
FN:339,_ZN4mfem25ParDiscreteLinearOperatorD0Ev
FN:339,_ZN4mfem25ParDiscreteLinearOperatorD2Ev
FNDA:0,_ZN4mfem15ParBilinearFormD0Ev
FNDA:0,_ZN4mfem15ParBilinearFormD2Ev
FNDA:0,_ZN4mfem20ParMixedBilinearFormD0Ev
FNDA:0,_ZN4mfem20ParMixedBilinearFormD2Ev
FNDA:0,_ZN4mfem25ParDiscreteLinearOperatorD0Ev
FNDA:0,_ZN4mfem25ParDiscreteLinearOperatorD2Ev
FNDA:0,_ZNK4mfem15ParBilinearForm14GetRestrictionEv
FNDA:0,_ZNK4mfem15ParBilinearForm15GetProlongationEv
FNDA:5,_ZN4mfem15ParBilinearFormC2EPNS_21ParFiniteElementSpaceE
FNF:9
FNH:1
DA:57,5
DA:58,5
DA:59,5
DA:60,5
DA:174,0
DA:175,0
DA:180,0
DA:181,0
DA:202,0
DA:292,0
DA:339,0
LF:11
LH:4
end_of_record
TN:
SF:/root/mfem/fem/pfespace.hpp
FN:389,_ZNK4mfem21ParFiniteElementSpace20GetRestrictionMatrixEv
FN:429,_ZN4mfem21ParFiniteElementSpaceD0Ev
FN:429,_ZN4mfem21ParFiniteElementSpaceD2Ev
FNDA:0,_ZN4mfem21ParFiniteElementSpaceD0Ev
FNDA:0,_ZN4mfem21ParFiniteElementSpaceD2Ev
FNDA:0,_ZNK4mfem21ParFiniteElementSpace20GetRestrictionMatrixEv
FNF:3
FNH:0
DA:273,0
DA:322,5
DA:389,0
DA:390,0
DA:429,0
LF:5
LH:1
end_of_record
TN:
SF:/root/mfem/fem/pgridfunc.hpp
FN:56,_ZN4mfem15ParGridFunctionC2EPNS_21ParFiniteElementSpaceE
FN:292,_ZNK4mfem15ParGridFunction14ComputeL2ErrorERNS_17VectorCoefficientEPPKNS_15IntegrationRuleEPNS_5ArrayIiEE
FN:441,_ZN4mfem15ParGridFunctionD0Ev
FN:441,_ZN4mfem15ParGridFunctionD2Ev
FNDA:0,_ZN4mfem15ParGridFunctionD0Ev
FNDA:0,_ZN4mfem15ParGridFunctionD2Ev
FNDA:0,_ZNK4mfem15ParGridFunction14ComputeL2ErrorERNS_17VectorCoefficientEPPKNS_15IntegrationRuleEPNS_5ArrayIiEE
FNDA:5,_ZN4mfem15ParGridFunctionC2EPNS_21ParFiniteElementSpaceE
FNF:4
FNH:1
DA:50,5
DA:56,5
DA:292,0
DA:296,0
DA:297,0
DA:441,0
LF:6
LH:2
end_of_record
TN:
SF:/root/mfem/fem/plinearform.hpp
FNF:0
FNH:0
DA:46,5
LF:1
LH:1
end_of_record
TN:
SF:/root/mfem/fem/pnonlinearform.hpp
FN:69,_ZN4mfem16ParNonlinearFormD0Ev
FN:69,_ZN4mfem16ParNonlinearFormD2Ev
FNDA:0,_ZN4mfem16ParNonlinearFormD0Ev
FNDA:0,_ZN4mfem16ParNonlinearFormD2Ev
FNF:2
FNH:0
DA:69,0
LF:1
LH:0
end_of_record
TN:
SF:/root/mfem/fem/staticcond.hpp
FNF:0
FNH:0
DA:113,0
LF:1
LH:0
end_of_record
TN:
SF:/root/mfem/fem/transfer.hpp
FN:330,_ZN4mfem24L2ProjectionGridTransfer14L2ProlongationD0Ev
FN:330,_ZN4mfem24L2ProjectionGridTransfer14L2ProlongationD2Ev
FNDA:0,_ZN4mfem24L2ProjectionGridTransfer14L2ProlongationD0Ev
FNDA:0,_ZN4mfem24L2ProjectionGridTransfer14L2ProlongationD2Ev
FNF:2
FNH:0
DA:330,0
LF:1
LH:0
end_of_record
TN:
SF:/root/mfem/general/array.hpp
FN:659,_ZN4mfem5ArrayINS_13OptionsParser6OptionEE8GrowSizeEi
FN:659,_ZN4mfem5ArrayIiE8GrowSizeEi
FN:750,_ZN4mfem5ArrayINS_13OptionsParser6OptionEE6AppendERKS2_
FNDA:25,_ZN4mfem5ArrayINS_13OptionsParser6OptionEE8GrowSizeEi
FNDA:50,_ZN4mfem5ArrayINS_13OptionsParser6OptionEE6AppendERKS2_
FNDA:53773,_ZN4mfem5ArrayIiE8GrowSizeEi
FNF:3
FNH:3
DA:64,10
DA:96,0
DA:138,5
DA:659,53798
DA:661,53798
DA:662,53798
DA:663,53798
DA:665,53798
DA:666,53798
DA:667,53798
DA:681,55
DA:683,30
DA:685,5
DA:750,50
DA:752,50
DA:753,50
DA:754,50
DA:892,20
DA:894,15
LF:19
LH:18
end_of_record
TN:
SF:/root/mfem/general/device.hpp
FNF:0
FNH:0
DA:186,5
DA:268,0
DA:281,0
DA:303,0
DA:305,0
DA:310,0
DA:321,0
DA:338,0
DA:355,0
LF:9
LH:1
end_of_record
TN:
SF:/root/mfem/general/mem_alloc.hpp
FN:93,_ZN4mfem5StackIPNS_11TetrahedronELi1024EE5ClearEv
FN:190,_ZN4mfem8MemAllocINS_11TetrahedronELi1024EE5ClearEv
FNDA:0,_ZN4mfem5StackIPNS_11TetrahedronELi1024EE5ClearEv
FNDA:0,_ZN4mfem8MemAllocINS_11TetrahedronELi1024EE5ClearEv
FNF:2
FNH:0
DA:52,0
DA:93,0
DA:96,0
DA:98,0
DA:99,0
DA:101,0
DA:103,0
DA:104,0
DA:106,0
DA:107,0
DA:108,0
DA:141,0
DA:162,0
DA:190,0
DA:193,0
DA:195,0
DA:196,0
DA:197,0
DA:199,0
DA:200,0
DA:201,0
LF:21
LH:0
end_of_record
TN:
SF:/root/mfem/general/mem_manager.hpp
FN:830,_ZN4mfem6MemoryIdE3NewEi
FN:840,_ZN4mfem6MemoryINS_13OptionsParser6OptionEE3NewEiNS_10MemoryTypeE
FN:840,_ZN4mfem6MemoryIiE3NewEiNS_10MemoryTypeE
FN:979,_ZN4mfem6MemoryINS_13OptionsParser6OptionEE6DeleteEv
FN:979,_ZN4mfem6MemoryINS_4Mesh10NCFaceInfoEE6DeleteEv
FN:979,_ZN4mfem6MemoryINS_4Mesh8FaceInfoEE6DeleteEv
FN:979,_ZN4mfem6MemoryINS_6TripleIiiiEEE6DeleteEv
FN:979,_ZN4mfem6MemoryINS_6VertexEE6DeleteEv
FN:979,_ZN4mfem6MemoryINS_9EmbeddingEE6DeleteEv
FN:979,_ZN4mfem6MemoryIPNS_16GeometricFactorsEE6DeleteEv
FN:979,_ZN4mfem6MemoryIPNS_20FaceGeometricFactorsEE6DeleteEv
FN:979,_ZN4mfem6MemoryIPNS_6VectorEE6DeleteEv
FN:979,_ZN4mfem6MemoryIPNS_7ElementEE6DeleteEv
FN:979,_ZN4mfem6MemoryIdE6DeleteEv
FN:979,_ZN4mfem6MemoryIiE6DeleteEv
FN:1053,_ZN4mfem6MemoryIdE9ReadWriteENS_11MemoryClassEi
FN:1066,_ZNK4mfem6MemoryIdE4ReadENS_11MemoryClassEi
FN:1079,_ZN4mfem6MemoryIdE5WriteENS_11MemoryClassEi
FN:1117,_ZNK4mfem6MemoryINS_13OptionsParser6OptionEE13GetMemoryTypeEv
FN:1117,_ZNK4mfem6MemoryIiE13GetMemoryTypeEv
FN:1143,_ZN4mfem6MemoryINS_13OptionsParser6OptionEE8CopyFromERKS3_i
FN:1143,_ZN4mfem6MemoryIiE8CopyFromERKS1_i
FNDA:0,_ZN4mfem6MemoryINS_4Mesh10NCFaceInfoEE6DeleteEv
FNDA:0,_ZN4mfem6MemoryINS_4Mesh8FaceInfoEE6DeleteEv
FNDA:0,_ZN4mfem6MemoryINS_6TripleIiiiEEE6DeleteEv
FNDA:0,_ZN4mfem6MemoryINS_6VertexEE6DeleteEv
FNDA:0,_ZN4mfem6MemoryINS_9EmbeddingEE6DeleteEv
FNDA:0,_ZN4mfem6MemoryIPNS_16GeometricFactorsEE6DeleteEv
FNDA:0,_ZN4mfem6MemoryIPNS_20FaceGeometricFactorsEE6DeleteEv
FNDA:0,_ZN4mfem6MemoryIPNS_6VectorEE6DeleteEv
FNDA:0,_ZN4mfem6MemoryIPNS_7ElementEE6DeleteEv
FNDA:0,_ZN4mfem6MemoryIdE5WriteENS_11MemoryClassEi
FNDA:0,_ZN4mfem6MemoryIdE9ReadWriteENS_11MemoryClassEi
FNDA:0,_ZNK4mfem6MemoryIdE4ReadENS_11MemoryClassEi
FNDA:10,_ZN4mfem6MemoryIdE3NewEi
FNDA:25,_ZN4mfem6MemoryINS_13OptionsParser6OptionEE3NewEiNS_10MemoryTypeE
FNDA:25,_ZN4mfem6MemoryINS_13OptionsParser6OptionEE6DeleteEv
FNDA:25,_ZN4mfem6MemoryINS_13OptionsParser6OptionEE8CopyFromERKS3_i
FNDA:25,_ZNK4mfem6MemoryINS_13OptionsParser6OptionEE13GetMemoryTypeEv
FNDA:295,_ZN4mfem6MemoryIdE6DeleteEv
FNDA:53773,_ZN4mfem6MemoryIiE3NewEiNS_10MemoryTypeE
FNDA:53773,_ZNK4mfem6MemoryIiE13GetMemoryTypeEv
FNDA:206253,_ZN4mfem6MemoryIiE8CopyFromERKS1_i
FNDA:317066,_ZN4mfem6MemoryIiE6DeleteEv
FNF:22
FNH:10
DA:180,65
DA:203,53798
DA:262,0
DA:266,53798
DA:269,53853
DA:541,53808
DA:749,0
DA:804,75
DA:814,65
DA:815,65
DA:816,0
DA:817,45
DA:823,317386
DA:825,317386
DA:826,317386
DA:830,10
DA:832,10
DA:833,10
DA:834,10
DA:835,10
DA:836,0
DA:837,10
DA:840,53798
DA:842,53798
DA:843,53798
DA:845,53798
DA:846,53798
DA:847,53798
DA:848,53798
DA:849,53798
DA:979,317386
DA:981,317386
DA:982,317386
DA:985,317386
DA:986,0
DA:988,317386
DA:991,317386
DA:1008,147471
DA:1015,245760
DA:1053,0
DA:1055,0
DA:1056,0
DA:1058,0
DA:1059,0
DA:1060,0
DA:1062,0
DA:1066,0
DA:1068,0
DA:1069,0
DA:1071,0
DA:1072,0
DA:1073,0
DA:1075,0
DA:1079,0
DA:1081,0
DA:1082,0
DA:1084,0
DA:1085,0
DA:1086,0
DA:1088,0
DA:1117,53798
DA:1119,53798
DA:1120,0
DA:1143,206278
DA:1145,206278
DA:1146,206278
DA:1148,206278
DA:1152,49350
DA:1158,0
DA:1160,206278
LF:70
LH:42
end_of_record
TN:
SF:/root/mfem/general/optparser.hpp
FN:82,_ZN4mfem13OptionsParser9AddOptionEPbPKcS3_S3_S3_S3_b
FNDA:15,_ZN4mfem13OptionsParser9AddOptionEPbPKcS3_S3_S3_S3_b
FNF:1
FNH:1
DA:31,0
DA:50,50
DA:51,50
DA:74,5
DA:76,5
DA:82,15
DA:87,15
DA:89,15
DA:91,15
DA:97,10
DA:105,5
DA:114,10
DA:150,5
LF:13
LH:12
end_of_record
TN:
SF:/root/mfem/general/socketstream.hpp
FN:255,_ZN4mfem12socketstreamC1EPKcib
FNDA:0,_ZN4mfem12socketstreamC1EPKcib
FNF:1
FNH:0
DA:255,0
DA:256,0
LF:2
LH:0
end_of_record
TN:
SF:/root/mfem/linalg/constraints.hpp
FN:61,_ZN4mfem17ConstrainedSolverD0Ev
FN:61,_ZN4mfem17ConstrainedSolverD2Ev
FN:235,_ZN4mfem17EliminationSolver11SetOperatorERKNS_8OperatorE
FN:268,_ZNK4mfem19EliminationCGSolver19BuildPreconditionerEv
FN:276,_ZNK4mfem19EliminationCGSolver11BuildKrylovEv
FN:302,_ZN4mfem24PenaltyConstrainedSolver11SetOperatorERKNS_8OperatorE
FN:338,_ZNK4mfem16PenaltyPCGSolver19BuildPreconditionerEv
FN:346,_ZNK4mfem16PenaltyPCGSolver11BuildKrylovEv
FNDA:0,_ZN4mfem17ConstrainedSolverD0Ev
FNDA:0,_ZN4mfem17ConstrainedSolverD2Ev
FNDA:0,_ZN4mfem17EliminationSolver11SetOperatorERKNS_8OperatorE
FNDA:0,_ZN4mfem24PenaltyConstrainedSolver11SetOperatorERKNS_8OperatorE
FNDA:0,_ZNK4mfem16PenaltyPCGSolver11BuildKrylovEv
FNDA:0,_ZNK4mfem16PenaltyPCGSolver19BuildPreconditionerEv
FNDA:0,_ZNK4mfem19EliminationCGSolver11BuildKrylovEv
FNDA:0,_ZNK4mfem19EliminationCGSolver19BuildPreconditionerEv
FNF:8
FNH:0
DA:61,0
DA:235,0
DA:236,0
DA:268,0
DA:270,0
DA:272,0
DA:273,0
DA:276,0
DA:277,0
DA:302,0
DA:303,0
DA:338,0
DA:340,0
DA:342,0
DA:343,0
DA:346,0
DA:347,0
LF:17
LH:0
end_of_record
TN:
SF:/root/mfem/linalg/densemat.hpp
FNF:0
FNH:0
LF:0
LH:0
end_of_record
TN:
SF:/root/mfem/linalg/handle.hpp
FNF:0
FNH:0
DA:56,0
DA:61,5
DA:72,0
DA:88,0
DA:99,0
LF:5
LH:1
end_of_record
TN:
SF:/root/mfem/linalg/hypre.hpp
FN:558,_ZNK4mfem14HypreParMatrix16AssembleDiagonalERNS_6VectorE
FN:608,_ZNK4mfem14HypreParMatrix14GetMemoryClassEv
FN:623,_ZNK4mfem14HypreParMatrix4MultERKNS_6VectorERS1_
FN:625,_ZNK4mfem14HypreParMatrix13MultTransposeERKNS_6VectorERS1_
FN:795,_ZN4mfem14HypreParMatrixD0Ev
FN:795,_ZN4mfem14HypreParMatrixD2Ev
FN:1027,_ZN4mfem11HypreSolver11SetOperatorERKNS_8OperatorE
FN:1030,_ZNK4mfem11HypreSolver14GetMemoryClassEv
FN:1060,_ZNK4mfem13HypreTriSolvecvP19hypre_Solver_structEv
FN:1062,_ZNK4mfem13HypreTriSolve8SetupFcnEv
FN:1064,_ZNK4mfem13HypreTriSolve8SolveFcnEv
FN:1073,_ZN4mfem13HypreTriSolveD0Ev
FN:1073,_ZN4mfem13HypreTriSolveD2Ev
FN:1241,_ZNK4mfem13HypreIdentitycvP19hypre_Solver_structEv
FN:1243,_ZNK4mfem13HypreIdentity8SetupFcnEv
FN:1245,_ZNK4mfem13HypreIdentity8SolveFcnEv
FN:1248,_ZN4mfem13HypreIdentityD0Ev
FN:1248,_ZN4mfem13HypreIdentityD2Ev
FN:1272,_ZN4mfem14HypreDiagScaleD0Ev
FN:1272,_ZN4mfem14HypreDiagScaleD2Ev
FNDA:0,_ZN4mfem11HypreSolver11SetOperatorERKNS_8OperatorE
FNDA:0,_ZN4mfem13HypreIdentityD0Ev
FNDA:0,_ZN4mfem13HypreIdentityD2Ev
FNDA:0,_ZN4mfem13HypreTriSolveD0Ev
FNDA:0,_ZN4mfem13HypreTriSolveD2Ev
FNDA:0,_ZN4mfem14HypreDiagScaleD0Ev
FNDA:0,_ZN4mfem14HypreDiagScaleD2Ev
FNDA:0,_ZN4mfem14HypreParMatrixD0Ev
FNDA:0,_ZN4mfem14HypreParMatrixD2Ev
FNDA:0,_ZNK4mfem11HypreSolver14GetMemoryClassEv
FNDA:0,_ZNK4mfem13HypreIdentity8SetupFcnEv
FNDA:0,_ZNK4mfem13HypreIdentity8SolveFcnEv
FNDA:0,_ZNK4mfem13HypreIdentitycvP19hypre_Solver_structEv
FNDA:0,_ZNK4mfem13HypreTriSolve8SetupFcnEv
FNDA:0,_ZNK4mfem13HypreTriSolve8SolveFcnEv
FNDA:0,_ZNK4mfem13HypreTriSolvecvP19hypre_Solver_structEv
FNDA:0,_ZNK4mfem14HypreParMatrix13MultTransposeERKNS_6VectorERS1_
FNDA:0,_ZNK4mfem14HypreParMatrix14GetMemoryClassEv
FNDA:0,_ZNK4mfem14HypreParMatrix16AssembleDiagonalERNS_6VectorE
FNDA:0,_ZNK4mfem14HypreParMatrix4MultERKNS_6VectorERS1_
FNF:20
FNH:0
DA:558,0
DA:592,0
DA:596,5
DA:608,0
DA:623,0
DA:624,0
DA:625,0
DA:626,0
DA:795,0
DA:1027,0
DA:1028,0
DA:1030,0
DA:1060,0
DA:1062,0
DA:1063,0
DA:1064,0
DA:1065,0
DA:1073,0
DA:1241,0
DA:1243,0
DA:1244,0
DA:1245,0
DA:1246,0
DA:1248,0
DA:1272,0
DA:1486,0
LF:26
LH:1
end_of_record
TN:
SF:/root/mfem/linalg/operator.hpp
FN:86,_ZNK4mfem8Operator14GetMemoryClassEv
FN:93,_ZNK4mfem8Operator13MultTransposeERKNS_6VectorERS1_
FN:98,_ZNK4mfem8Operator11GetGradientERKNS_6VectorE
FN:107,_ZNK4mfem8Operator16AssembleDiagonalERNS_6VectorE
FN:115,_ZNK4mfem8Operator15GetProlongationEv
FN:118,_ZNK4mfem8Operator14GetRestrictionEv
FN:121,_ZNK4mfem8Operator21GetOutputProlongationEv
FN:129,_ZNK4mfem8Operator29GetOutputRestrictionTransposeEv
FN:132,_ZNK4mfem8Operator20GetOutputRestrictionEv
FN:468,_ZN4mfem21TimeDependentOperatorD0Ev
FN:468,_ZN4mfem21TimeDependentOperatorD2Ev
FN:646,_ZN4mfem32SecondOrderTimeDependentOperatorD0Ev
FN:646,_ZN4mfem32SecondOrderTimeDependentOperatorD2Ev
FN:895,_ZN4mfem19ConstrainedOperatorD0Ev
FN:895,_ZN4mfem19ConstrainedOperatorD2Ev
FN:948,_ZN4mfem30RectangularConstrainedOperatorD0Ev
FN:948,_ZN4mfem30RectangularConstrainedOperatorD2Ev
FNDA:0,_ZN4mfem19ConstrainedOperatorD0Ev
FNDA:0,_ZN4mfem19ConstrainedOperatorD2Ev
FNDA:0,_ZN4mfem21TimeDependentOperatorD0Ev
FNDA:0,_ZN4mfem21TimeDependentOperatorD2Ev
FNDA:0,_ZN4mfem30RectangularConstrainedOperatorD0Ev
FNDA:0,_ZN4mfem30RectangularConstrainedOperatorD2Ev
FNDA:0,_ZN4mfem32SecondOrderTimeDependentOperatorD0Ev
FNDA:0,_ZN4mfem32SecondOrderTimeDependentOperatorD2Ev
FNDA:0,_ZNK4mfem8Operator11GetGradientERKNS_6VectorE
FNDA:0,_ZNK4mfem8Operator13MultTransposeERKNS_6VectorERS1_
FNDA:0,_ZNK4mfem8Operator14GetMemoryClassEv
FNDA:0,_ZNK4mfem8Operator14GetRestrictionEv
FNDA:0,_ZNK4mfem8Operator15GetProlongationEv
FNDA:0,_ZNK4mfem8Operator16AssembleDiagonalERNS_6VectorE
FNDA:0,_ZNK4mfem8Operator20GetOutputRestrictionEv
FNDA:0,_ZNK4mfem8Operator21GetOutputProlongationEv
FNDA:0,_ZNK4mfem8Operator29GetOutputRestrictionTransposeEv
FNF:17
FNH:0
DA:86,0
DA:93,0
DA:94,0
DA:98,0
DA:100,0
DA:101,0
DA:107,0
DA:110,0
DA:111,0
DA:115,0
DA:118,0
DA:121,0
DA:123,0
DA:129,0
DA:132,0
DA:134,0
DA:468,0
DA:646,0
DA:895,0
DA:948,0
LF:20
LH:0
end_of_record
TN:
SF:/root/mfem/linalg/solvers.hpp
FN:308,_ZN4mfem22OperatorJacobiSmootherD0Ev
FN:308,_ZN4mfem22OperatorJacobiSmootherD2Ev
FN:405,_ZN4mfem25OperatorChebyshevSmootherD0Ev
FN:405,_ZN4mfem25OperatorChebyshevSmootherD2Ev
FN:476,_ZN4mfem8CGSolverC2EP19ompi_communicator_t
FN:704,_ZN4mfem11LBFGSSolver20DeleteStorageVectorsEv
FN:755,_ZN4mfem11LBFGSSolverD0Ev
FN:755,_ZN4mfem11LBFGSSolverD2Ev
FNDA:0,_ZN4mfem11LBFGSSolver20DeleteStorageVectorsEv
FNDA:0,_ZN4mfem11LBFGSSolverD0Ev
FNDA:0,_ZN4mfem11LBFGSSolverD2Ev
FNDA:0,_ZN4mfem22OperatorJacobiSmootherD0Ev
FNDA:0,_ZN4mfem22OperatorJacobiSmootherD2Ev
FNDA:0,_ZN4mfem25OperatorChebyshevSmootherD0Ev
FNDA:0,_ZN4mfem25OperatorChebyshevSmootherD2Ev
FNDA:0,_ZN4mfem8CGSolverC2EP19ompi_communicator_t
FNF:8
FNH:0
DA:198,0
DA:200,0
DA:265,0
DA:308,0
DA:405,0
DA:476,0
DA:480,0
DA:613,0
DA:704,0
DA:706,0
DA:708,0
DA:709,0
DA:711,0
DA:755,0
LF:14
LH:0
end_of_record
TN:
SF:/root/mfem/linalg/vector.hpp
FN:117,_ZNK4mfem6Vector9UseDeviceEb
FN:120,_ZNK4mfem6Vector9UseDeviceEv
FN:438,_ZNK4mfem6Vector4ReadEb
FN:442,_ZNK4mfem6Vector8HostReadEv
FN:446,_ZN4mfem6Vector5WriteEb
FN:450,_ZN4mfem6Vector9HostWriteEv
FN:454,_ZN4mfem6Vector9ReadWriteEb
FN:458,_ZN4mfem6Vector13HostReadWriteEv
FN:635,_ZN4mfem6VectorD0Ev
FN:635,_ZN4mfem6VectorD2Ev
FNDA:0,_ZN4mfem6Vector13HostReadWriteEv
FNDA:0,_ZN4mfem6Vector5WriteEb
FNDA:0,_ZN4mfem6Vector9HostWriteEv
FNDA:0,_ZN4mfem6Vector9ReadWriteEb
FNDA:0,_ZN4mfem6VectorD0Ev
FNDA:0,_ZN4mfem6VectorD2Ev
FNDA:0,_ZNK4mfem6Vector4ReadEb
FNDA:0,_ZNK4mfem6Vector8HostReadEv
FNDA:0,_ZNK4mfem6Vector9UseDeviceEb
FNDA:0,_ZNK4mfem6Vector9UseDeviceEv
FNF:10
FNH:0
DA:71,25
DA:117,0
DA:120,0
DA:199,0
DA:438,0
DA:439,0
DA:442,0
DA:443,0
DA:446,0
DA:447,0
DA:450,0
DA:451,0
DA:454,0
DA:455,0
DA:458,0
DA:459,0
DA:511,10
DA:514,10
DA:515,10
DA:517,10
DA:601,0
DA:602,0
DA:635,0
DA:637,0
DA:638,0
LF:25
LH:5
end_of_record
TN:
SF:/root/mfem/mesh/mesh.hpp
FN:1796,_ZN4mfem4MeshD0Ev
FN:1796,_ZN4mfem4MeshD2Ev
FNDA:0,_ZN4mfem4MeshD0Ev
FNDA:0,_ZN4mfem4MeshD2Ev
FNF:2
FNH:0
DA:928,5
DA:999,5
DA:1000,5
DA:1796,0
LF:4
LH:3
end_of_record
TN:
SF:/root/mfem/mesh/ncmesh.hpp
FNF:0
FNH:0
LF:0
LH:0
end_of_record
TN:
SF:/root/mfem/mesh/tetrahedron.hpp
FN:116,_ZN4mfem11TetrahedronD0Ev
FN:116,_ZN4mfem11TetrahedronD2Ev
FNDA:0,_ZN4mfem11TetrahedronD0Ev
FNDA:0,_ZN4mfem11TetrahedronD2Ev
FNF:2
FNH:0
DA:116,0
LF:1
LH:0
end_of_record
TN:
SF:/usr/include/c++/10/bits/basic_ios.h
FNF:0
FNH:0
DA:282,0
DA:392,0
DA:393,0
DA:460,0
DA:462,0
LF:5
LH:0
end_of_record
TN:
SF:/usr/include/c++/10/bits/basic_string.h
FNF:0
FNH:0
DA:187,0
DA:191,5
DA:195,0
DA:219,0
DA:225,5
DA:239,5
DA:245,0
DA:356,5
DA:671,5
LF:9
LH:5
end_of_record
TN:
SF:/usr/include/c++/10/bits/basic_string.tcc
FN:206,_ZNSt7__cxx1112basic_stringIcSt11char_traitsIcESaIcEE12_M_constructIPKcEEvT_S8_St20forward_iterator_tag
FNDA:5,_ZNSt7__cxx1112basic_stringIcSt11char_traitsIcESaIcEE12_M_constructIPKcEEvT_S8_St20forward_iterator_tag
FNF:1
FNH:1
DA:206,5
DA:211,5
DA:212,0
DA:215,5
DA:217,5
DA:219,0
DA:220,0
DA:232,5
DA:233,5
LF:9
LH:6
end_of_record
TN:
SF:/usr/include/c++/10/bits/char_traits.h
FNF:0
FNH:0
DA:357,0
DA:431,5
DA:437,5
LF:3
LH:2
end_of_record
TN:
SF:/usr/include/c++/10/bits/invoke.h
FNF:0
FNH:0
DA:60,245760
LF:1
LH:1
end_of_record
TN:
SF:/usr/include/c++/10/bits/ios_base.h
FNF:0
FNH:0
DA:88,0
DA:100,0
DA:678,0
DA:731,0
DA:754,0
LF:5
LH:0
end_of_record
TN:
SF:/usr/include/c++/10/bits/locale_facets.h
FN:872,_ZNKSt5ctypeIcE5widenEc
FN:1084,_ZNKSt5ctypeIcE8do_widenEc
FNDA:0,_ZNKSt5ctypeIcE8do_widenEc
FNDA:1,_ZNKSt5ctypeIcE5widenEc
FNF:2
FNH:1
DA:872,1
DA:874,1
DA:875,1
DA:876,0
DA:877,0
DA:1084,0
DA:1085,0
LF:7
LH:3
end_of_record
TN:
SF:/usr/include/c++/10/bits/move.h
FNF:0
FNH:0
DA:197,10
DA:199,10
LF:2
LH:2
end_of_record
TN:
SF:/usr/include/c++/10/bits/std_function.h
FN:268,_ZNSt17_Function_handlerIFvRKN4mfem6VectorERS1_EPS5_E10_M_managerERSt9_Any_dataRKS8_St18_Manager_operation
FN:289,_ZNSt17_Function_handlerIFvRKN4mfem6VectorERS1_EPS5_E9_M_invokeERKSt9_Any_dataS3_S4_
FNDA:0,_ZNSt17_Function_handlerIFvRKN4mfem6VectorERS1_EPS5_E10_M_managerERSt9_Any_dataRKS8_St18_Manager_operation
FNDA:245760,_ZNSt17_Function_handlerIFvRKN4mfem6VectorERS1_EPS5_E9_M_invokeERKSt9_Any_dataS3_S4_
FNF:2
FNH:1
DA:88,0
DA:152,0
DA:184,0
DA:188,0
DA:189,0
DA:192,0
DA:193,0
DA:195,0
DA:197,0
DA:233,10
DA:240,10
DA:244,0
DA:245,0
DA:268,0
DA:271,0
DA:275,0
DA:276,0
DA:279,0
DA:280,0
DA:285,0
DA:289,245760
DA:292,245760
DA:303,0
DA:330,10
DA:357,10
LF:25
LH:6
end_of_record
TN:
SF:/usr/include/c++/10/bits/stl_algobase.h
FNF:0
FNH:0
DA:259,53798
DA:260,119
LF:2
LH:2
end_of_record
TN:
SF:/usr/include/c++/10/bits/stl_iterator_base_funcs.h
FNF:0
FNH:0
DA:104,5
LF:1
LH:1
end_of_record
TN:
SF:/usr/include/c++/10/ext/new_allocator.h
FNF:0
FNH:0
DA:139,0
LF:1
LH:0
end_of_record
TN:
SF:/usr/include/c++/10/iomanip
FNF:0
FNH:0
DA:111,0
DA:180,0
DA:210,0
DA:240,0
LF:4
LH:0
end_of_record
TN:
SF:/usr/include/c++/10/iostream
FNF:0
FNH:0
LF:0
LH:0
end_of_record
TN:
SF:/usr/include/c++/10/istream
FNF:0
FNH:0
DA:104,0
DA:856,0
LF:2
LH:0
end_of_record
TN:
SF:/usr/include/c++/10/ostream
FNF:0
FNH:0
DA:93,0
DA:113,1
DA:221,0
DA:518,0
DA:611,1
LF:5
LH:2
end_of_record
TN:
SF:/usr/include/c++/10/sstream
FNF:0
FNH:0
DA:678,0
LF:1
LH:0
end_of_record
TN:
SF:/usr/include/c++/10/streambuf
FNF:0
FNH:0
LF:0
LH:0
end_of_record
TN:
SF:/usr/include/x86_64-linux-gnu/bits/string_fortified.h
FNF:0
FNH:0
DA:29,49350
DA:30,49350
LF:2
LH:2
end_of_record
TN:
SF:/usr/lib/x86_64-linux-gnu/openmpi/include/openmpi/ompi/mpi/cxx/comm.h
FNF:0
FNH:0
DA:66,0
DA:80,0
LF:2
LH:0
end_of_record
TN:
SF:/usr/lib/x86_64-linux-gnu/openmpi/include/openmpi/ompi/mpi/cxx/comm_inln.h
FN:27,_ZNK3MPI4Comm4SendEPKviRKNS_8DatatypeEii
FN:34,_ZNK3MPI4Comm4RecvEPviRKNS_8DatatypeEiiRNS_6StatusE
FN:41,_ZNK3MPI4Comm4RecvEPviRKNS_8DatatypeEii
FN:49,_ZNK3MPI4Comm5BsendEPKviRKNS_8DatatypeEii
FN:57,_ZNK3MPI4Comm5SsendEPKviRKNS_8DatatypeEii
FN:65,_ZNK3MPI4Comm5RsendEPKviRKNS_8DatatypeEii
FN:73,_ZNK3MPI4Comm5IsendEPKviRKNS_8DatatypeEii
FN:83,_ZNK3MPI4Comm6IbsendEPKviRKNS_8DatatypeEii
FN:93,_ZNK3MPI4Comm6IssendEPKviRKNS_8DatatypeEii
FN:103,_ZNK3MPI4Comm6IrsendEPKviRKNS_8DatatypeEii
FN:113,_ZNK3MPI4Comm5IrecvEPviRKNS_8DatatypeEii
FN:124,_ZNK3MPI4Comm6IprobeEiiRNS_6StatusE
FN:132,_ZNK3MPI4Comm6IprobeEii
FN:140,_ZNK3MPI4Comm5ProbeEiiRNS_6StatusE
FN:146,_ZNK3MPI4Comm5ProbeEii
FN:152,_ZNK3MPI4Comm9Send_initEPKviRKNS_8DatatypeEii
FN:162,_ZNK3MPI4Comm10Bsend_initEPKviRKNS_8DatatypeEii
FN:172,_ZNK3MPI4Comm10Ssend_initEPKviRKNS_8DatatypeEii
FN:182,_ZNK3MPI4Comm10Rsend_initEPKviRKNS_8DatatypeEii
FN:192,_ZNK3MPI4Comm9Recv_initEPviRKNS_8DatatypeEii
FN:202,_ZNK3MPI4Comm8SendrecvEPKviRKNS_8DatatypeEiiPviS5_iiRNS_6StatusE
FN:216,_ZNK3MPI4Comm8SendrecvEPKviRKNS_8DatatypeEiiPviS5_ii
FN:230,_ZNK3MPI4Comm16Sendrecv_replaceEPviRKNS_8DatatypeEiiiiRNS_6StatusE
FN:241,_ZNK3MPI4Comm16Sendrecv_replaceEPviRKNS_8DatatypeEiiii
FN:256,_ZNK3MPI4Comm9Get_groupEv
FN:264,_ZNK3MPI4Comm8Get_sizeEv
FN:272,_ZNK3MPI4Comm8Get_rankEv
FN:289,_ZN3MPI4Comm4FreeEv
FN:295,_ZNK3MPI4Comm8Is_interEv
FN:308,_ZNK3MPI4Comm7BarrierEv
FN:314,_ZNK3MPI4Comm5BcastEPviRKNS_8DatatypeEi
FN:321,_ZNK3MPI4Comm6GatherEPKviRKNS_8DatatypeEPviS5_i
FN:331,_ZNK3MPI4Comm7GathervEPKviRKNS_8DatatypeEPvPKiS8_S5_i
FN:343,_ZNK3MPI4Comm7ScatterEPKviRKNS_8DatatypeEPviS5_i
FN:353,_ZNK3MPI4Comm8ScattervEPKvPKiS4_RKNS_8DatatypeEPviS7_i
FN:366,_ZNK3MPI4Comm9AllgatherEPKviRKNS_8DatatypeEPviS5_
FN:376,_ZNK3MPI4Comm10AllgathervEPKviRKNS_8DatatypeEPvPKiS8_S5_
FN:389,_ZNK3MPI4Comm8AlltoallEPKviRKNS_8DatatypeEPviS5_
FN:399,_ZNK3MPI4Comm9AlltoallvEPKvPKiS4_RKNS_8DatatypeEPvS4_S4_S7_
FN:414,_ZNK3MPI4Comm9AlltoallwEPKvPKiS4_PKNS_8DatatypeEPvS4_S4_S7_
FN:442,_ZNK3MPI4Comm6ReduceEPKvPviRKNS_8DatatypeERKNS_2OpEi
FN:450,_ZNK3MPI4Comm9AllreduceEPKvPviRKNS_8DatatypeERKNS_2OpE
FN:457,_ZNK3MPI4Comm14Reduce_scatterEPKvPvPiRKNS_8DatatypeERKNS_2OpE
FN:471,_ZN3MPI4Comm10DisconnectEv
FN:499,_ZNK3MPI4Comm8Get_nameEPcRi
FN:505,_ZN3MPI4Comm8Set_nameEPKc
FN:515,_ZNK3MPI4Comm12Get_topologyEv
FN:527,_ZN3MPI4Comm5AbortEi
FN:539,_ZNK3MPI4Comm14Get_errhandlerEv
FN:547,_ZN3MPI4Comm14Set_errhandlerERKNS_10ErrhandlerE
FN:625,_ZNK3MPI4Comm8Set_attrEiPKv
FN:631,_ZNK3MPI4Comm8Get_attrEiPv
FN:639,_ZN3MPI4Comm11Delete_attrEi
FNDA:0,_ZN3MPI4Comm10DisconnectEv
FNDA:0,_ZN3MPI4Comm11Delete_attrEi
FNDA:0,_ZN3MPI4Comm14Set_errhandlerERKNS_10ErrhandlerE
FNDA:0,_ZN3MPI4Comm4FreeEv
FNDA:0,_ZN3MPI4Comm5AbortEi
FNDA:0,_ZN3MPI4Comm8Set_nameEPKc
FNDA:0,_ZNK3MPI4Comm10AllgathervEPKviRKNS_8DatatypeEPvPKiS8_S5_
FNDA:0,_ZNK3MPI4Comm10Bsend_initEPKviRKNS_8DatatypeEii
FNDA:0,_ZNK3MPI4Comm10Rsend_initEPKviRKNS_8DatatypeEii
FNDA:0,_ZNK3MPI4Comm10Ssend_initEPKviRKNS_8DatatypeEii
FNDA:0,_ZNK3MPI4Comm12Get_topologyEv
FNDA:0,_ZNK3MPI4Comm14Get_errhandlerEv
FNDA:0,_ZNK3MPI4Comm14Reduce_scatterEPKvPvPiRKNS_8DatatypeERKNS_2OpE
FNDA:0,_ZNK3MPI4Comm16Sendrecv_replaceEPviRKNS_8DatatypeEiiii
FNDA:0,_ZNK3MPI4Comm16Sendrecv_replaceEPviRKNS_8DatatypeEiiiiRNS_6StatusE
FNDA:0,_ZNK3MPI4Comm4RecvEPviRKNS_8DatatypeEii
FNDA:0,_ZNK3MPI4Comm4RecvEPviRKNS_8DatatypeEiiRNS_6StatusE
FNDA:0,_ZNK3MPI4Comm4SendEPKviRKNS_8DatatypeEii
FNDA:0,_ZNK3MPI4Comm5BcastEPviRKNS_8DatatypeEi
FNDA:0,_ZNK3MPI4Comm5BsendEPKviRKNS_8DatatypeEii
FNDA:0,_ZNK3MPI4Comm5IrecvEPviRKNS_8DatatypeEii
FNDA:0,_ZNK3MPI4Comm5IsendEPKviRKNS_8DatatypeEii
FNDA:0,_ZNK3MPI4Comm5ProbeEii
FNDA:0,_ZNK3MPI4Comm5ProbeEiiRNS_6StatusE
FNDA:0,_ZNK3MPI4Comm5RsendEPKviRKNS_8DatatypeEii
FNDA:0,_ZNK3MPI4Comm5SsendEPKviRKNS_8DatatypeEii
FNDA:0,_ZNK3MPI4Comm6GatherEPKviRKNS_8DatatypeEPviS5_i
FNDA:0,_ZNK3MPI4Comm6IbsendEPKviRKNS_8DatatypeEii
FNDA:0,_ZNK3MPI4Comm6IprobeEii
FNDA:0,_ZNK3MPI4Comm6IprobeEiiRNS_6StatusE
FNDA:0,_ZNK3MPI4Comm6IrsendEPKviRKNS_8DatatypeEii
FNDA:0,_ZNK3MPI4Comm6IssendEPKviRKNS_8DatatypeEii
FNDA:0,_ZNK3MPI4Comm6ReduceEPKvPviRKNS_8DatatypeERKNS_2OpEi
FNDA:0,_ZNK3MPI4Comm7BarrierEv
FNDA:0,_ZNK3MPI4Comm7GathervEPKviRKNS_8DatatypeEPvPKiS8_S5_i
FNDA:0,_ZNK3MPI4Comm7ScatterEPKviRKNS_8DatatypeEPviS5_i
FNDA:0,_ZNK3MPI4Comm8AlltoallEPKviRKNS_8DatatypeEPviS5_
FNDA:0,_ZNK3MPI4Comm8Get_attrEiPv
FNDA:0,_ZNK3MPI4Comm8Get_nameEPcRi
FNDA:0,_ZNK3MPI4Comm8Get_rankEv
FNDA:0,_ZNK3MPI4Comm8Get_sizeEv
FNDA:0,_ZNK3MPI4Comm8Is_interEv
FNDA:0,_ZNK3MPI4Comm8ScattervEPKvPKiS4_RKNS_8DatatypeEPviS7_i
FNDA:0,_ZNK3MPI4Comm8SendrecvEPKviRKNS_8DatatypeEiiPviS5_ii
FNDA:0,_ZNK3MPI4Comm8SendrecvEPKviRKNS_8DatatypeEiiPviS5_iiRNS_6StatusE
FNDA:0,_ZNK3MPI4Comm8Set_attrEiPKv
FNDA:0,_ZNK3MPI4Comm9AllgatherEPKviRKNS_8DatatypeEPviS5_
FNDA:0,_ZNK3MPI4Comm9AllreduceEPKvPviRKNS_8DatatypeERKNS_2OpE
FNDA:0,_ZNK3MPI4Comm9AlltoallvEPKvPKiS4_RKNS_8DatatypeEPvS4_S4_S7_
FNDA:0,_ZNK3MPI4Comm9AlltoallwEPKvPKiS4_PKNS_8DatatypeEPvS4_S4_S7_
FNDA:0,_ZNK3MPI4Comm9Get_groupEv
FNDA:0,_ZNK3MPI4Comm9Recv_initEPviRKNS_8DatatypeEii
FNDA:0,_ZNK3MPI4Comm9Send_initEPKviRKNS_8DatatypeEii
FNF:53
FNH:0
DA:27,0
DA:30,0
DA:31,0
DA:34,0
DA:37,0
DA:38,0
DA:41,0
DA:44,0
DA:45,0
DA:46,0
DA:49,0
DA:52,0
DA:53,0
DA:54,0
DA:57,0
DA:60,0
DA:61,0
DA:62,0
DA:65,0
DA:68,0
DA:69,0
DA:70,0
DA:73,0
DA:77,0
DA:78,0
DA:79,0
DA:83,0
DA:87,0
DA:88,0
DA:89,0
DA:93,0
DA:97,0
DA:98,0
DA:99,0
DA:103,0
DA:107,0
DA:108,0
DA:109,0
DA:113,0
DA:117,0
DA:118,0
DA:119,0
DA:124,0
DA:127,0
DA:128,0
DA:132,0
DA:135,0
DA:136,0
DA:140,0
DA:142,0
DA:143,0
DA:146,0
DA:148,0
DA:149,0
DA:152,0
DA:156,0
DA:157,0
DA:158,0
DA:162,0
DA:166,0
DA:167,0
DA:168,0
DA:172,0
DA:176,0
DA:177,0
DA:178,0
DA:182,0
DA:186,0
DA:187,0
DA:188,0
DA:192,0
DA:196,0
DA:197,0
DA:198,0
DA:202,0
DA:208,0
DA:212,0
DA:213,0
DA:216,0
DA:222,0
DA:226,0
DA:227,0
DA:230,0
DA:235,0
DA:236,0
DA:238,0
DA:241,0
DA:246,0
DA:247,0
DA:249,0
DA:256,0
DA:259,0
DA:260,0
DA:264,0
DA:267,0
DA:268,0
DA:272,0
DA:275,0
DA:276,0
DA:289,0
DA:291,0
DA:292,0
DA:295,0
DA:298,0
DA:299,0
DA:308,0
DA:310,0
DA:311,0
DA:314,0
DA:317,0
DA:318,0
DA:321,0
DA:326,0
DA:327,0
DA:328,0
DA:331,0
DA:336,0
DA:339,0
DA:340,0
DA:343,0
DA:348,0
DA:349,0
DA:350,0
DA:353,0
DA:358,0
DA:362,0
DA:363,0
DA:366,0
DA:370,0
DA:372,0
DA:373,0
DA:376,0
DA:381,0
DA:385,0
DA:386,0
DA:389,0
DA:393,0
DA:395,0
DA:396,0
DA:399,0
DA:405,0
DA:410,0
DA:411,0
DA:414,0
DA:420,0
DA:421,0
DA:425,0
DA:426,0
DA:427,0
DA:430,0
DA:436,0
DA:438,0
DA:439,0
DA:442,0
DA:446,0
DA:447,0
DA:450,0
DA:453,0
DA:454,0
DA:457,0
DA:462,0
DA:463,0
DA:464,0
DA:471,0
DA:473,0
DA:474,0
DA:499,0
DA:501,0
DA:502,0
DA:505,0
DA:507,0
DA:508,0
DA:515,0
DA:518,0
DA:519,0
DA:527,0
DA:529,0
DA:530,0
DA:539,0
DA:542,0
DA:543,0
DA:547,0
DA:549,0
DA:550,0
DA:625,0
DA:627,0
DA:628,0
DA:631,0
DA:634,0
DA:635,0
DA:639,0
DA:641,0
DA:642,0
LF:193
LH:0
end_of_record
TN:
SF:/usr/lib/x86_64-linux-gnu/openmpi/include/openmpi/ompi/mpi/cxx/datatype.h
FN:70,_ZN3MPI8DatatypeD0Ev
FN:70,_ZN3MPI8DatatypeD2Ev
FNDA:0,_ZN3MPI8DatatypeD0Ev
FNDA:0,_ZN3MPI8DatatypeD2Ev
FNF:2
FNH:0
DA:70,0
DA:72,0
DA:88,0
DA:90,0
LF:4
LH:0
end_of_record
TN:
SF:/usr/lib/x86_64-linux-gnu/openmpi/include/openmpi/ompi/mpi/cxx/datatype_inln.h
FN:29,_ZNK3MPI8Datatype17Create_contiguousEi
FN:37,_ZNK3MPI8Datatype13Create_vectorEiii
FN:46,_ZNK3MPI8Datatype14Create_indexedEiPKiS2_
FN:75,_ZNK3MPI8Datatype15Create_hindexedEiPKiPKl
FN:86,_ZNK3MPI8Datatype14Create_hvectorEiil
FN:97,_ZNK3MPI8Datatype20Create_indexed_blockEiiPKi
FN:107,_ZNK3MPI8Datatype14Create_resizedEll
FN:116,_ZNK3MPI8Datatype8Get_sizeEv
FN:124,_ZNK3MPI8Datatype10Get_extentERlS1_
FN:130,_ZNK3MPI8Datatype15Get_true_extentERlS1_
FN:136,_ZN3MPI8Datatype6CommitEv
FN:142,_ZNK3MPI8Datatype4PackEPKviPviRiRKNS_4CommE
FN:151,_ZNK3MPI8Datatype6UnpackEPKviPviRiRKNS_4CommE
FN:160,_ZNK3MPI8Datatype9Pack_sizeEiRKNS_4CommE
FN:168,_ZNK3MPI8Datatype13Pack_externalEPKcPKviPvlRl
FN:176,_ZNK3MPI8Datatype18Pack_external_sizeEPKci
FN:184,_ZNK3MPI8Datatype15Unpack_externalEPKcPKvlRlPvi
FN:196,_ZNK3MPI8Datatype15Create_subarrayEiPKiS2_S2_i
FN:210,_ZNK3MPI8Datatype13Create_darrayEiiiPKiS2_S2_S2_i
FN:263,_ZNK3MPI8Datatype3DupEv
FN:332,_ZN3MPI8Datatype11Delete_attrEi
FN:344,_ZNK3MPI8Datatype8Get_attrEiPv
FN:354,_ZNK3MPI8Datatype12Get_contentsEiiiPiPlPS0_
FN:376,_ZNK3MPI8Datatype12Get_envelopeERiS1_S1_S1_
FN:384,_ZNK3MPI8Datatype8Get_nameEPcRi
FN:390,_ZN3MPI8Datatype8Set_attrEiPKv
FN:396,_ZN3MPI8Datatype8Set_nameEPKc
FNDA:0,_ZN3MPI8Datatype11Delete_attrEi
FNDA:0,_ZN3MPI8Datatype6CommitEv
FNDA:0,_ZN3MPI8Datatype8Set_attrEiPKv
FNDA:0,_ZN3MPI8Datatype8Set_nameEPKc
FNDA:0,_ZNK3MPI8Datatype10Get_extentERlS1_
FNDA:0,_ZNK3MPI8Datatype12Get_contentsEiiiPiPlPS0_
FNDA:0,_ZNK3MPI8Datatype12Get_envelopeERiS1_S1_S1_
FNDA:0,_ZNK3MPI8Datatype13Create_darrayEiiiPKiS2_S2_S2_i
FNDA:0,_ZNK3MPI8Datatype13Create_vectorEiii
FNDA:0,_ZNK3MPI8Datatype13Pack_externalEPKcPKviPvlRl
FNDA:0,_ZNK3MPI8Datatype14Create_hvectorEiil
FNDA:0,_ZNK3MPI8Datatype14Create_indexedEiPKiS2_
FNDA:0,_ZNK3MPI8Datatype14Create_resizedEll
FNDA:0,_ZNK3MPI8Datatype15Create_hindexedEiPKiPKl
FNDA:0,_ZNK3MPI8Datatype15Create_subarrayEiPKiS2_S2_i
FNDA:0,_ZNK3MPI8Datatype15Get_true_extentERlS1_
FNDA:0,_ZNK3MPI8Datatype15Unpack_externalEPKcPKvlRlPvi
FNDA:0,_ZNK3MPI8Datatype17Create_contiguousEi
FNDA:0,_ZNK3MPI8Datatype18Pack_external_sizeEPKci
FNDA:0,_ZNK3MPI8Datatype20Create_indexed_blockEiiPKi
FNDA:0,_ZNK3MPI8Datatype3DupEv
FNDA:0,_ZNK3MPI8Datatype4PackEPKviPviRiRKNS_4CommE
FNDA:0,_ZNK3MPI8Datatype6UnpackEPKviPviRiRKNS_4CommE
FNDA:0,_ZNK3MPI8Datatype8Get_attrEiPv
FNDA:0,_ZNK3MPI8Datatype8Get_nameEPcRi
FNDA:0,_ZNK3MPI8Datatype8Get_sizeEv
FNDA:0,_ZNK3MPI8Datatype9Pack_sizeEiRKNS_4CommE
FNF:27
FNH:0
DA:29,0
DA:32,0
DA:33,0
DA:37,0
DA:41,0
DA:42,0
DA:46,0
DA:51,0
DA:52,0
DA:53,0
DA:75,0
DA:79,0
DA:81,0
DA:82,0
DA:86,0
DA:90,0
DA:91,0
DA:93,0
DA:97,0
DA:101,0
DA:102,0
DA:103,0
DA:107,0
DA:111,0
DA:112,0
DA:116,0
DA:119,0
DA:120,0
DA:124,0
DA:126,0
DA:127,0
DA:130,0
DA:132,0
DA:133,0
DA:136,0
DA:138,0
DA:139,0
DA:142,0
DA:146,0
DA:148,0
DA:151,0
DA:155,0
DA:156,0
DA:157,0
DA:160,0
DA:163,0
DA:164,0
DA:168,0
DA:171,0
DA:172,0
DA:173,0
DA:176,0
DA:179,0
DA:180,0
DA:184,0
DA:187,0
DA:188,0
DA:189,0
DA:196,0
DA:202,0
DA:205,0
DA:206,0
DA:210,0
DA:216,0
DA:221,0
DA:222,0
DA:263,0
DA:266,0
DA:267,0
DA:332,0
DA:334,0
DA:335,0
DA:344,0
DA:348,0
DA:349,0
DA:354,0
DA:360,0
DA:362,0
DA:369,0
DA:370,0
DA:372,0
DA:373,0
DA:376,0
DA:379,0
DA:381,0
DA:384,0
DA:386,0
DA:387,0
DA:390,0
DA:392,0
DA:393,0
DA:396,0
DA:398,0
DA:399,0
LF:94
LH:0
end_of_record
TN:
SF:/usr/lib/x86_64-linux-gnu/openmpi/include/openmpi/ompi/mpi/cxx/errhandler.h
FN:27,_ZN3MPI10ErrhandlerD0Ev
FN:27,_ZN3MPI10ErrhandlerD2Ev
FNDA:0,_ZN3MPI10ErrhandlerD0Ev
FNDA:0,_ZN3MPI10ErrhandlerD2Ev
FNF:2
FNH:0
DA:27,0
DA:30,0
DA:51,0
LF:3
LH:0
end_of_record
TN:
SF:/usr/lib/x86_64-linux-gnu/openmpi/include/openmpi/ompi/mpi/cxx/errhandler_inln.h
FN:42,_ZN3MPI10Errhandler4FreeEv
FNDA:0,_ZN3MPI10Errhandler4FreeEv
FNF:1
FNH:0
DA:42,0
DA:44,0
DA:45,0
LF:3
LH:0
end_of_record
TN:
SF:/usr/lib/x86_64-linux-gnu/openmpi/include/openmpi/ompi/mpi/cxx/functions_inln.h
FNF:0
FNH:0
DA:142,0
DA:143,0
LF:2
LH:0
end_of_record
TN:
SF:/usr/lib/x86_64-linux-gnu/openmpi/include/openmpi/ompi/mpi/cxx/group.h
FN:67,_ZN3MPI5GroupD0Ev
FN:67,_ZN3MPI5GroupD2Ev
FNDA:0,_ZN3MPI5GroupD0Ev
FNDA:0,_ZN3MPI5GroupD2Ev
FNF:2
FNH:0
DA:62,0
DA:67,0
DA:77,0
LF:3
LH:0
end_of_record
TN:
SF:/usr/lib/x86_64-linux-gnu/openmpi/include/openmpi/ompi/mpi/cxx/group_inln.h
FN:26,_ZNK3MPI5Group8Get_sizeEv
FN:34,_ZNK3MPI5Group8Get_rankEv
FN:82,_ZNK3MPI5Group4InclEiPKi
FN:90,_ZNK3MPI5Group4ExclEiPKi
FN:98,_ZNK3MPI5Group10Range_inclEiPA3_Ki
FN:112,_ZNK3MPI5Group10Range_exclEiPA3_Ki
FN:126,_ZN3MPI5Group4FreeEv
FNDA:0,_ZN3MPI5Group4FreeEv
FNDA:0,_ZNK3MPI5Group10Range_exclEiPA3_Ki
FNDA:0,_ZNK3MPI5Group10Range_inclEiPA3_Ki
FNDA:0,_ZNK3MPI5Group4ExclEiPKi
FNDA:0,_ZNK3MPI5Group4InclEiPKi
FNDA:0,_ZNK3MPI5Group8Get_rankEv
FNDA:0,_ZNK3MPI5Group8Get_sizeEv
FNF:7
FNH:0
DA:26,0
DA:29,0
DA:30,0
DA:34,0
DA:37,0
DA:38,0
DA:82,0
DA:85,0
DA:86,0
DA:90,0
DA:93,0
DA:94,0
DA:98,0
DA:101,0
DA:108,0
DA:112,0
DA:115,0
DA:122,0
DA:126,0
DA:128,0
DA:129,0
LF:21
LH:0
end_of_record
TN:
SF:/usr/lib/x86_64-linux-gnu/openmpi/include/openmpi/ompi/mpi/cxx/info.h
FN:63,_ZN3MPI4InfoD0Ev
FN:63,_ZN3MPI4InfoD2Ev
FNDA:0,_ZN3MPI4InfoD0Ev
FNDA:0,_ZN3MPI4InfoD2Ev
FNF:2
FNH:0
DA:61,0
DA:63,0
DA:73,0
LF:3
LH:0
end_of_record
TN:
SF:/usr/lib/x86_64-linux-gnu/openmpi/include/openmpi/ompi/mpi/cxx/info_inln.h
FN:30,_ZN3MPI4Info6DeleteEPKc
FN:36,_ZNK3MPI4Info3DupEv
FN:44,_ZN3MPI4Info4FreeEv
FN:50,_ZNK3MPI4Info3GetEPKciPc
FN:58,_ZNK3MPI4Info9Get_nkeysEv
FN:66,_ZNK3MPI4Info10Get_nthkeyEiPc
FN:72,_ZNK3MPI4Info12Get_valuelenEPKcRi
FN:80,_ZN3MPI4Info3SetEPKcS2_
FNDA:0,_ZN3MPI4Info3SetEPKcS2_
FNDA:0,_ZN3MPI4Info4FreeEv
FNDA:0,_ZN3MPI4Info6DeleteEPKc
FNDA:0,_ZNK3MPI4Info10Get_nthkeyEiPc
FNDA:0,_ZNK3MPI4Info12Get_valuelenEPKcRi
FNDA:0,_ZNK3MPI4Info3DupEv
FNDA:0,_ZNK3MPI4Info3GetEPKciPc
FNDA:0,_ZNK3MPI4Info9Get_nkeysEv
FNF:8
FNH:0
DA:30,0
DA:32,0
DA:33,0
DA:36,0
DA:39,0
DA:40,0
DA:44,0
DA:46,0
DA:47,0
DA:50,0
DA:53,0
DA:54,0
DA:58,0
DA:61,0
DA:62,0
DA:66,0
DA:68,0
DA:69,0
DA:72,0
DA:75,0
DA:76,0
DA:80,0
DA:82,0
DA:83,0
LF:24
LH:0
end_of_record
TN:
SF:/usr/lib/x86_64-linux-gnu/openmpi/include/openmpi/ompi/mpi/cxx/intercomm.h
FNF:0
FNH:0
DA:34,0
LF:1
LH:0
end_of_record
TN:
SF:/usr/lib/x86_64-linux-gnu/openmpi/include/openmpi/ompi/mpi/cxx/intercomm_inln.h
FN:30,_ZNK3MPI9Intercomm5CloneEv
FN:39,_ZNK3MPI9Intercomm15Get_remote_sizeEv
FN:47,_ZNK3MPI9Intercomm16Get_remote_groupEv
FN:55,_ZNK3MPI9Intercomm5MergeEb
FN:68,_ZNK3MPI9Intercomm6CreateERKNS_5GroupE
FN:76,_ZNK3MPI9Intercomm5SplitEii
FNDA:0,_ZNK3MPI9Intercomm15Get_remote_sizeEv
FNDA:0,_ZNK3MPI9Intercomm16Get_remote_groupEv
FNDA:0,_ZNK3MPI9Intercomm5CloneEv
FNDA:0,_ZNK3MPI9Intercomm5MergeEb
FNDA:0,_ZNK3MPI9Intercomm5SplitEii
FNDA:0,_ZNK3MPI9Intercomm6CreateERKNS_5GroupE
FNF:6
FNH:0
DA:30,0
DA:33,0
DA:34,0
DA:35,0
DA:39,0
DA:42,0
DA:43,0
DA:47,0
DA:50,0
DA:51,0
DA:55,0
DA:58,0
DA:59,0
DA:68,0
DA:71,0
DA:72,0
DA:76,0
DA:79,0
DA:80,0
LF:19
LH:0
end_of_record
TN:
SF:/usr/lib/x86_64-linux-gnu/openmpi/include/openmpi/ompi/mpi/cxx/intracomm.h
FNF:0
FNH:0
DA:25,0
LF:1
LH:0
end_of_record
TN:
SF:/usr/lib/x86_64-linux-gnu/openmpi/include/openmpi/ompi/mpi/cxx/intracomm_inln.h
FN:23,_ZN3MPI9IntracommC2EP19ompi_communicator_t
FN:39,_ZNK3MPI9Intracomm4ScanEPKvPviRKNS_8DatatypeERKNS_2OpE
FN:46,_ZNK3MPI9Intracomm6ExscanEPKvPviRKNS_8DatatypeERKNS_2OpE
FN:62,_ZNK3MPI9Intracomm5CloneEv
FN:71,_ZNK3MPI9Intracomm6CreateERKNS_5GroupE
FN:79,_ZNK3MPI9Intracomm5SplitEii
FN:89,_ZNK3MPI9Intracomm16Create_intercommEiRKNS_4CommEii
FN:100,_ZNK3MPI9Intracomm11Create_cartEiPKiPKbb
FN:115,_ZNK3MPI9Intracomm12Create_graphEiPKiS2_b
FN:130,_ZNK3MPI9Intracomm6AcceptEPKcRKNS_4InfoEi
FN:142,_ZNK3MPI9Intracomm7ConnectEPKcRKNS_4InfoEi
FN:154,_ZNK3MPI9Intracomm5SpawnEPKcPS2_iRKNS_4InfoEi
FN:167,_ZNK3MPI9Intracomm5SpawnEPKcPS2_iRKNS_4InfoEiPi
FN:180,_ZN3MPI9Intracomm14Spawn_multipleEiPPKcPS3_PKiPKNS_4InfoEi
FN:200,_ZN3MPI9Intracomm24convert_info_to_mpi_infoEiPKNS_4InfoE
FN:212,_ZN3MPI9Intracomm14Spawn_multipleEiPPKcPS3_PKiPKNS_4InfoEiPi
FNDA:0,_ZN3MPI9Intracomm14Spawn_multipleEiPPKcPS3_PKiPKNS_4InfoEi
FNDA:0,_ZN3MPI9Intracomm14Spawn_multipleEiPPKcPS3_PKiPKNS_4InfoEiPi
FNDA:0,_ZN3MPI9Intracomm24convert_info_to_mpi_infoEiPKNS_4InfoE
FNDA:0,_ZN3MPI9IntracommC2EP19ompi_communicator_t
FNDA:0,_ZNK3MPI9Intracomm11Create_cartEiPKiPKbb
FNDA:0,_ZNK3MPI9Intracomm12Create_graphEiPKiS2_b
FNDA:0,_ZNK3MPI9Intracomm16Create_intercommEiRKNS_4CommEii
FNDA:0,_ZNK3MPI9Intracomm4ScanEPKvPviRKNS_8DatatypeERKNS_2OpE
FNDA:0,_ZNK3MPI9Intracomm5CloneEv
FNDA:0,_ZNK3MPI9Intracomm5SpawnEPKcPS2_iRKNS_4InfoEi
FNDA:0,_ZNK3MPI9Intracomm5SpawnEPKcPS2_iRKNS_4InfoEiPi
FNDA:0,_ZNK3MPI9Intracomm5SplitEii
FNDA:0,_ZNK3MPI9Intracomm6AcceptEPKcRKNS_4InfoEi
FNDA:0,_ZNK3MPI9Intracomm6CreateERKNS_5GroupE
FNDA:0,_ZNK3MPI9Intracomm6ExscanEPKvPviRKNS_8DatatypeERKNS_2OpE
FNDA:0,_ZNK3MPI9Intracomm7ConnectEPKcRKNS_4InfoEi
FNF:16
FNH:0
DA:23,0
DA:24,0
DA:25,0
DA:26,0
DA:27,0
DA:28,0
DA:30,0
DA:34,0
DA:36,0
DA:39,0
DA:42,0
DA:43,0
DA:46,0
DA:50,0
DA:51,0
DA:62,0
DA:65,0
DA:66,0
DA:67,0
DA:71,0
DA:74,0
DA:75,0
DA:79,0
DA:82,0
DA:83,0
DA:89,0
DA:94,0
DA:96,0
DA:100,0
DA:103,0
DA:104,0
DA:105,0
DA:108,0
DA:110,0
DA:111,0
DA:115,0
DA:119,0
DA:121,0
DA:130,0
DA:135,0
DA:137,0
DA:142,0
DA:147,0
DA:149,0
DA:154,0
DA:159,0
DA:160,0
DA:162,0
DA:167,0
DA:172,0
DA:173,0
DA:175,0
DA:180,0
DA:188,0
DA:190,0
DA:195,0
DA:196,0
DA:200,0
DA:202,0
DA:204,0
DA:205,0
DA:208,0
DA:212,0
DA:221,0
DA:223,0
DA:228,0
DA:229,0
LF:67
LH:0
end_of_record
TN:
SF:/usr/lib/x86_64-linux-gnu/openmpi/include/openmpi/ompi/mpi/cxx/op_inln.h
FN:76,_ZN3MPI2OpD0Ev
FN:76,_ZN3MPI2OpD2Ev
FN:119,_ZN3MPI2Op4InitEPFvPKvPviRKNS_8DatatypeEEb
FN:128,_ZN3MPI2Op4FreeEv
FN:135,_ZNK3MPI2Op12Reduce_localEPKvPviRKNS_8DatatypeE
FN:144,_ZNK3MPI2Op14Is_commutativeEv
FNDA:0,_ZN3MPI2Op4FreeEv
FNDA:0,_ZN3MPI2Op4InitEPFvPKvPviRKNS_8DatatypeEEb
FNDA:0,_ZN3MPI2OpD0Ev
FNDA:0,_ZN3MPI2OpD2Ev
FNDA:0,_ZNK3MPI2Op12Reduce_localEPKvPviRKNS_8DatatypeE
FNDA:0,_ZNK3MPI2Op14Is_commutativeEv
FNF:6
FNH:0
DA:76,0
DA:82,0
DA:102,0
DA:119,0
DA:121,0
DA:123,0
DA:124,0
DA:128,0
DA:130,0
DA:131,0
DA:135,0
DA:138,0
DA:139,0
DA:140,0
DA:144,0
DA:147,0
DA:148,0
LF:17
LH:0
end_of_record
TN:
SF:/usr/lib/x86_64-linux-gnu/openmpi/include/openmpi/ompi/mpi/cxx/request.h
FN:61,_ZN3MPI7RequestD0Ev
FN:61,_ZN3MPI7RequestD2Ev
FN:177,_ZN3MPI8PrequestD0Ev
FN:177,_ZN3MPI8PrequestD2Ev
FN:209,_ZN3MPI8GrequestD0Ev
FN:209,_ZN3MPI8GrequestD2Ev
FNDA:0,_ZN3MPI7RequestD0Ev
FNDA:0,_ZN3MPI7RequestD2Ev
FNDA:0,_ZN3MPI8GrequestD0Ev
FNDA:0,_ZN3MPI8GrequestD2Ev
FNDA:0,_ZN3MPI8PrequestD0Ev
FNDA:0,_ZN3MPI8PrequestD2Ev
FNF:6
FNH:0
DA:61,0
DA:62,0
DA:175,0
DA:177,0
DA:209,0
LF:5
LH:0
end_of_record
TN:
SF:/usr/lib/x86_64-linux-gnu/openmpi/include/openmpi/ompi/mpi/cxx/request_inln.h
FN:27,_ZN3MPI7Request4WaitERNS_6StatusE
FN:33,_ZN3MPI7Request4WaitEv
FN:39,_ZN3MPI7Request4FreeEv
FN:45,_ZN3MPI7Request4TestERNS_6StatusE
FN:53,_ZN3MPI7Request4TestEv
FN:288,_ZNK3MPI7Request6CancelEv
FN:294,_ZN3MPI8Prequest5StartEv
FN:315,_ZNK3MPI7Request10Get_statusERNS_6StatusE
FN:330,_ZNK3MPI7Request10Get_statusEv
FN:362,_ZN3MPI8Grequest8CompleteEv
FNDA:0,_ZN3MPI7Request4FreeEv
FNDA:0,_ZN3MPI7Request4TestERNS_6StatusE
FNDA:0,_ZN3MPI7Request4TestEv
FNDA:0,_ZN3MPI7Request4WaitERNS_6StatusE
FNDA:0,_ZN3MPI7Request4WaitEv
FNDA:0,_ZN3MPI8Grequest8CompleteEv
FNDA:0,_ZN3MPI8Prequest5StartEv
FNDA:0,_ZNK3MPI7Request10Get_statusERNS_6StatusE
FNDA:0,_ZNK3MPI7Request10Get_statusEv
FNDA:0,_ZNK3MPI7Request6CancelEv
FNF:10
FNH:0
DA:27,0
DA:29,0
DA:30,0
DA:33,0
DA:35,0
DA:36,0
DA:39,0
DA:41,0
DA:42,0
DA:45,0
DA:48,0
DA:49,0
DA:53,0
DA:56,0
DA:57,0
DA:288,0
DA:290,0
DA:291,0
DA:294,0
DA:296,0
DA:297,0
DA:315,0
DA:317,0
DA:323,0
DA:324,0
DA:327,0
DA:330,0
DA:337,0
DA:338,0
DA:362,0
DA:364,0
DA:365,0
LF:32
LH:0
end_of_record
TN:
SF:/usr/lib/x86_64-linux-gnu/openmpi/include/openmpi/ompi/mpi/cxx/status.h
FN:64,_ZN3MPI6StatusD0Ev
FN:64,_ZN3MPI6StatusD2Ev
FNDA:0,_ZN3MPI6StatusD0Ev
FNDA:0,_ZN3MPI6StatusD2Ev
FNF:2
FNH:0
DA:64,0
DA:73,0
LF:2
LH:0
end_of_record
TN:
SF:/usr/lib/x86_64-linux-gnu/openmpi/include/openmpi/ompi/mpi/cxx/status_inln.h
FN:26,_ZNK3MPI6Status9Get_countERKNS_8DatatypeE
FN:34,_ZNK3MPI6Status12Is_cancelledEv
FN:42,_ZNK3MPI6Status12Get_elementsERKNS_8DatatypeE
FN:53,_ZNK3MPI6Status10Get_sourceEv
FN:61,_ZN3MPI6Status10Set_sourceEi
FN:67,_ZNK3MPI6Status7Get_tagEv
FN:75,_ZN3MPI6Status7Set_tagEi
FN:81,_ZNK3MPI6Status9Get_errorEv
FN:89,_ZN3MPI6Status9Set_errorEi
FN:95,_ZN3MPI6Status12Set_elementsERKNS_8DatatypeEi
FN:101,_ZN3MPI6Status13Set_cancelledEb
FNDA:0,_ZN3MPI6Status10Set_sourceEi
FNDA:0,_ZN3MPI6Status12Set_elementsERKNS_8DatatypeEi
FNDA:0,_ZN3MPI6Status13Set_cancelledEb
FNDA:0,_ZN3MPI6Status7Set_tagEi
FNDA:0,_ZN3MPI6Status9Set_errorEi
FNDA:0,_ZNK3MPI6Status10Get_sourceEv
FNDA:0,_ZNK3MPI6Status12Get_elementsERKNS_8DatatypeE
FNDA:0,_ZNK3MPI6Status12Is_cancelledEv
FNDA:0,_ZNK3MPI6Status7Get_tagEv
FNDA:0,_ZNK3MPI6Status9Get_countERKNS_8DatatypeE
FNDA:0,_ZNK3MPI6Status9Get_errorEv
FNF:11
FNH:0
DA:26,0
DA:29,0
DA:30,0
DA:34,0
DA:37,0
DA:38,0
DA:42,0
DA:45,0
DA:46,0
DA:53,0
DA:56,0
DA:57,0
DA:61,0
DA:63,0
DA:64,0
DA:67,0
DA:70,0
DA:71,0
DA:75,0
DA:77,0
DA:78,0
DA:81,0
DA:84,0
DA:85,0
DA:89,0
DA:91,0
DA:92,0
DA:95,0
DA:97,0
DA:98,0
DA:101,0
DA:103,0
DA:104,0
LF:33
LH:0
end_of_record
TN:
SF:/usr/lib/x86_64-linux-gnu/openmpi/include/openmpi/ompi/mpi/cxx/topology.h
FNF:0
FNH:0
LF:0
LH:0
end_of_record
TN:
SF:/usr/lib/x86_64-linux-gnu/openmpi/include/openmpi/ompi/mpi/cxx/topology_inln.h
FN:28,_ZN3MPI8CartcommC2ERKP19ompi_communicator_t
FN:59,_ZNK3MPI8Cartcomm7Get_dimEv
FN:67,_ZNK3MPI8Cartcomm8Get_topoEiPiPbS1_
FN:83,_ZNK3MPI8Cartcomm13Get_cart_rankEPKi
FN:91,_ZNK3MPI8Cartcomm10Get_coordsEiiPi
FN:97,_ZNK3MPI8Cartcomm5ShiftEiiRiS1_
FN:104,_ZNK3MPI8Cartcomm3SubEPKb
FN:119,_ZNK3MPI8Cartcomm3MapEiPKiPKb
FN:133,_ZNK3MPI8Cartcomm5CloneEv
FN:146,_ZN3MPI9GraphcommC2ERKP19ompi_communicator_t
FN:177,_ZNK3MPI9Graphcomm8Get_dimsEPiS1_
FN:183,_ZNK3MPI9Graphcomm8Get_topoEiiPiS1_
FN:190,_ZNK3MPI9Graphcomm19Get_neighbors_countEi
FN:198,_ZNK3MPI9Graphcomm13Get_neighborsEiiPi
FN:205,_ZNK3MPI9Graphcomm3MapEiPKiS2_
FN:214,_ZNK3MPI9Graphcomm5CloneEv
FNDA:0,_ZN3MPI8CartcommC2ERKP19ompi_communicator_t
FNDA:0,_ZN3MPI9GraphcommC2ERKP19ompi_communicator_t
FNDA:0,_ZNK3MPI8Cartcomm10Get_coordsEiiPi
FNDA:0,_ZNK3MPI8Cartcomm13Get_cart_rankEPKi
FNDA:0,_ZNK3MPI8Cartcomm3MapEiPKiPKb
FNDA:0,_ZNK3MPI8Cartcomm3SubEPKb
FNDA:0,_ZNK3MPI8Cartcomm5CloneEv
FNDA:0,_ZNK3MPI8Cartcomm5ShiftEiiRiS1_
FNDA:0,_ZNK3MPI8Cartcomm7Get_dimEv
FNDA:0,_ZNK3MPI8Cartcomm8Get_topoEiPiPbS1_
FNDA:0,_ZNK3MPI9Graphcomm13Get_neighborsEiiPi
FNDA:0,_ZNK3MPI9Graphcomm19Get_neighbors_countEi
FNDA:0,_ZNK3MPI9Graphcomm3MapEiPKiS2_
FNDA:0,_ZNK3MPI9Graphcomm5CloneEv
FNDA:0,_ZNK3MPI9Graphcomm8Get_dimsEPiS1_
FNDA:0,_ZNK3MPI9Graphcomm8Get_topoEiiPiS1_
FNF:16
FNH:0
DA:28,0
DA:29,0
DA:30,0
DA:31,0
DA:32,0
DA:33,0
DA:35,0
DA:38,0
DA:40,0
DA:59,0
DA:62,0
DA:63,0
DA:67,0
DA:70,0
DA:72,0
DA:73,0
DA:75,0
DA:76,0
DA:77,0
DA:79,0
DA:80,0
DA:83,0
DA:86,0
DA:87,0
DA:91,0
DA:93,0
DA:94,0
DA:97,0
DA:100,0
DA:101,0
DA:104,0
DA:107,0
DA:108,0
DA:109,0
DA:110,0
DA:113,0
DA:114,0
DA:115,0
DA:119,0
DA:121,0
DA:122,0
DA:123,0
DA:126,0
DA:127,0
DA:128,0
DA:133,0
DA:136,0
DA:137,0
DA:138,0
DA:146,0
DA:147,0
DA:148,0
DA:149,0
DA:150,0
DA:151,0
DA:153,0
DA:156,0
DA:158,0
DA:177,0
DA:179,0
DA:180,0
DA:183,0
DA:186,0
DA:187,0
DA:190,0
DA:193,0
DA:194,0
DA:198,0
DA:201,0
DA:202,0
DA:205,0
DA:209,0
DA:210,0
DA:214,0
DA:217,0
DA:218,0
DA:219,0
LF:77
LH:0
end_of_record
TN:
SF:/usr/lib/x86_64-linux-gnu/openmpi/include/openmpi/ompi/mpi/cxx/win.h
FN:63,_ZN3MPI3WinD0Ev
FN:63,_ZN3MPI3WinD2Ev
FNDA:0,_ZN3MPI3WinD0Ev
FNDA:0,_ZN3MPI3WinD2Ev
FNF:2
FNH:0
DA:63,0
LF:1
LH:0
end_of_record
TN:
SF:/usr/lib/x86_64-linux-gnu/openmpi/include/openmpi/ompi/mpi/cxx/win_inln.h
FN:30,_ZNK3MPI3Win14Get_errhandlerEv
FN:39,_ZNK3MPI3Win14Set_errhandlerERKNS_10ErrhandlerE
FN:51,_ZNK3MPI3Win10AccumulateEPKviRKNS_8DatatypeEiliS5_RKNS_2OpE
FN:65,_ZNK3MPI3Win8CompleteEv
FN:83,_ZNK3MPI3Win5FenceEi
FN:90,_ZNK3MPI3Win3GetEPKviRKNS_8DatatypeEiliS5_
FN:104,_ZNK3MPI3Win9Get_groupEv
FN:113,_ZNK3MPI3Win4LockEiii
FN:120,_ZNK3MPI3Win4PostERKNS_5GroupEi
FN:127,_ZNK3MPI3Win3PutEPKviRKNS_8DatatypeEiliS5_
FN:141,_ZNK3MPI3Win5StartERKNS_5GroupEi
FN:148,_ZNK3MPI3Win4TestEv
FN:158,_ZNK3MPI3Win6UnlockEi
FN:165,_ZNK3MPI3Win4WaitEv
FN:176,_ZNK3MPI3Win15Call_errhandlerEi
FN:242,_ZN3MPI3Win11Delete_attrEi
FN:277,_ZNK3MPI3Win8Get_nameEPcRi
FN:284,_ZN3MPI3Win8Set_attrEiPKv
FN:291,_ZN3MPI3Win8Set_nameEPKc
FNDA:0,_ZN3MPI3Win11Delete_attrEi
FNDA:0,_ZN3MPI3Win8Set_attrEiPKv
FNDA:0,_ZN3MPI3Win8Set_nameEPKc
FNDA:0,_ZNK3MPI3Win10AccumulateEPKviRKNS_8DatatypeEiliS5_RKNS_2OpE
FNDA:0,_ZNK3MPI3Win14Get_errhandlerEv
FNDA:0,_ZNK3MPI3Win14Set_errhandlerERKNS_10ErrhandlerE
FNDA:0,_ZNK3MPI3Win15Call_errhandlerEi
FNDA:0,_ZNK3MPI3Win3GetEPKviRKNS_8DatatypeEiliS5_
FNDA:0,_ZNK3MPI3Win3PutEPKviRKNS_8DatatypeEiliS5_
FNDA:0,_ZNK3MPI3Win4LockEiii
FNDA:0,_ZNK3MPI3Win4PostERKNS_5GroupEi
FNDA:0,_ZNK3MPI3Win4TestEv
FNDA:0,_ZNK3MPI3Win4WaitEv
FNDA:0,_ZNK3MPI3Win5FenceEi
FNDA:0,_ZNK3MPI3Win5StartERKNS_5GroupEi
FNDA:0,_ZNK3MPI3Win6UnlockEi
FNDA:0,_ZNK3MPI3Win8CompleteEv
FNDA:0,_ZNK3MPI3Win8Get_nameEPcRi
FNDA:0,_ZNK3MPI3Win9Get_groupEv
FNF:19
FNH:0
DA:30,0
DA:33,0
DA:34,0
DA:39,0
DA:41,0
DA:42,0
DA:51,0
DA:57,0
DA:59,0
DA:61,0
DA:65,0
DA:67,0
DA:68,0
DA:83,0
DA:85,0
DA:86,0
DA:90,0
DA:96,0
DA:98,0
DA:100,0
DA:104,0
DA:107,0
DA:108,0
DA:113,0
DA:115,0
DA:116,0
DA:120,0
DA:122,0
DA:123,0
DA:127,0
DA:133,0
DA:135,0
DA:137,0
DA:141,0
DA:143,0
DA:144,0
DA:148,0
DA:151,0
DA:152,0
DA:158,0
DA:160,0
DA:161,0
DA:165,0
DA:167,0
DA:168,0
DA:176,0
DA:178,0
DA:179,0
DA:242,0
DA:244,0
DA:245,0
DA:277,0
DA:279,0
DA:280,0
DA:284,0
DA:286,0
DA:287,0
DA:291,0
DA:293,0
DA:294,0
LF:60
LH:0
end_of_record
