TN:
SF:/root/mfem/mfem/examples/685.cpp
FN:7,main
FNDA:1,main
FNF:1
FNH:1
DA:7,1
DA:13,2
DA:17,1
DA:18,1
DA:21,1
DA:27,21
DA:29,20
DA:31,1
DA:32,1
DA:33,1
DA:36,1
DA:37,1
DA:40,1
LF:13
LH:13
end_of_record
TN:
SF:/root/mfem/mfem/fem/eltrans.hpp
FN:104,_ZN4mfem21ElementTransformationD0Ev
FN:104,_ZN4mfem21ElementTransformationD2Ev
FN:333,_ZN4mfem27IsoparametricTransformationD0Ev
FN:333,_ZN4mfem27IsoparametricTransformationD2Ev
FNDA:0,_ZN4mfem21ElementTransformationD0Ev
FNDA:0,_ZN4mfem27IsoparametricTransformationD0Ev
FNDA:6,_ZN4mfem21ElementTransformationD2Ev
FNDA:6,_ZN4mfem27IsoparametricTransformationD2Ev
FNF:4
FNH:2
DA:104,6
DA:313,2
DA:333,12
DA:336,1
DA:344,1
LF:5
LH:5
end_of_record
TN:
SF:/root/mfem/mfem/general/array.hpp
FNF:0
FNH:0
DA:73,1
DA:74,1
DA:94,4
DA:605,21
LF:4
LH:4
end_of_record
TN:
SF:/root/mfem/mfem/general/mem_alloc.hpp
FN:83,_ZN4mfem5StackIPNS_11TetrahedronELi1024EE5ClearEv
FN:170,_ZN4mfem8MemAllocINS_11TetrahedronELi1024EE5ClearEv
FNDA:2,_ZN4mfem8MemAllocINS_11TetrahedronELi1024EE5ClearEv
FNDA:3,_ZN4mfem5StackIPNS_11TetrahedronELi1024EE5ClearEv
FNF:2
FNH:2
DA:42,1
DA:83,3
DA:86,3
DA:88,0
DA:89,0
DA:91,3
DA:93,0
DA:94,0
DA:96,3
DA:97,3
DA:98,3
DA:122,0
DA:142,1
DA:170,2
DA:173,2
DA:175,0
DA:176,0
DA:177,0
DA:179,2
DA:180,2
DA:181,2
LF:21
LH:13
end_of_record
TN:
SF:/root/mfem/mfem/linalg/densemat.hpp
FN:744,_ZN4mfem11DenseTensorD2Ev
FNDA:0,_ZN4mfem11DenseTensorD2Ev
FNF:1
FNH:0
DA:744,0
DA:745,0
DA:746,0
DA:747,0
LF:4
LH:0
end_of_record
TN:
SF:/root/mfem/mfem/linalg/vector.hpp
FN:388,_ZN4mfem6VectorD0Ev
FN:388,_ZN4mfem6VectorD2Ev
FNDA:0,_ZN4mfem6VectorD2Ev
FNDA:20,_ZN4mfem6VectorD0Ev
FNF:2
FNH:1
DA:388,46
DA:390,26
DA:392,20
DA:394,20
LF:4
LH:4
end_of_record
TN:
SF:/root/mfem/mfem/mesh/mesh.hpp
FN:1238,_ZN4mfem4MeshD0Ev
FN:1238,_ZN4mfem4MeshD2Ev
FNDA:0,_ZN4mfem4MeshD0Ev
FNDA:1,_ZN4mfem4MeshD2Ev
FNF:2
FNH:1
DA:656,1
DA:1238,3
LF:2
LH:2
end_of_record
TN:
SF:/root/mfem/mfem/mesh/ncmesh.hpp
FNF:0
FNH:0
DA:55,1
LF:1
LH:1
end_of_record
TN:
SF:/root/mfem/mfem/mesh/tetrahedron.hpp
FN:110,_ZN4mfem11TetrahedronD0Ev
FN:110,_ZN4mfem11TetrahedronD2Ev
FNDA:0,_ZN4mfem11TetrahedronD0Ev
FNDA:0,_ZN4mfem11TetrahedronD2Ev
FNF:2
FNH:0
DA:110,0
LF:1
LH:0
end_of_record
TN:
SF:/usr/include/c++/10/bits/locale_facets.h
FN:872,_ZNKSt5ctypeIcE5widenEc
FN:1084,_ZNKSt5ctypeIcE8do_widenEc
FNDA:0,_ZNKSt5ctypeIcE8do_widenEc
FNDA:2,_ZNKSt5ctypeIcE5widenEc
FNF:2
FNH:1
DA:872,2
DA:874,2
DA:875,2
DA:876,0
DA:877,0
DA:1084,0
DA:1085,0
LF:7
LH:3
end_of_record
TN:
SF:/usr/include/c++/10/bits/stl_map.h
FNF:0
FNH:0
DA:302,1
LF:1
LH:1
end_of_record
TN:
SF:/usr/include/c++/10/bits/stl_pair.h
FNF:0
FNH:0
DA:211,0
LF:1
LH:0
end_of_record
TN:
SF:/usr/include/c++/10/bits/stl_tree.h
FN:1918,_ZNSt8_Rb_treeIN4mfem8Geometry4TypeESt4pairIKS2_NS0_11DenseTensorEESt10_Select1stIS6_ESt4lessIS2_ESaIS6_EE8_M_eraseEPSt13_Rb_tree_nodeIS6_E
FNDA:1,_ZNSt8_Rb_treeIN4mfem8Geometry4TypeESt4pairIKS2_NS0_11DenseTensorEESt10_Select1stIS6_ESt4lessIS2_ESaIS6_EE8_M_eraseEPSt13_Rb_tree_nodeIS6_E
FNF:1
FNH:1
DA:647,0
DA:751,1
DA:792,0
DA:800,0
DA:993,1
DA:1918,1
DA:1922,1
DA:1924,0
DA:1929,1
LF:9
LH:5
end_of_record
TN:
SF:/usr/include/c++/10/ext/new_allocator.h
FNF:0
FNH:0
DA:139,0
LF:1
LH:0
end_of_record
TN:
SF:/usr/include/c++/10/iostream
FNF:0
FNH:0
LF:0
LH:0
end_of_record
TN:
SF:/usr/include/c++/10/ostream
FNF:0
FNH:0
DA:113,2
DA:611,2
LF:2
LH:2
end_of_record
