TN:
SF:/root/mfem/examples/2779.cpp
FN:8,_Z17ProlongToMaxOrderPKN4mfem12GridFunctionE
FN:53,main
FNDA:1,_Z17ProlongToMaxOrderPKN4mfem12GridFunctionE
FNDA:1,main
FNF:2
FNH:2
DA:8,1
DA:15,1
DA:18,1
DA:20,1
DA:22,2
DA:23,2
DA:25,1
DA:28,6
DA:31,5
DA:34,5
DA:36,5
DA:38,5
DA:39,5
DA:41,5
DA:42,5
DA:43,5
DA:45,5
DA:46,5
DA:50,1
DA:53,1
DA:55,1
DA:56,1
DA:62,1
DA:65,1
DA:66,1
DA:68,0
DA:71,1
DA:73,2
DA:74,1
DA:80,1
DA:83,1
DA:86,2
DA:88,2
DA:91,2
DA:93,1
DA:95,1
DA:96,1
DA:99,1
DA:103,6
DA:106,57
DA:107,52
DA:110,71
DA:113,35
DA:114,1
DA:119,1
DA:121,1
DA:123,1
DA:125,1
DA:126,1
DA:129,1
DA:130,2
DA:132,1
DA:133,2
DA:135,1
DA:137,1
DA:139,1
DA:141,2
DA:143,1
LF:58
LH:57
end_of_record
TN:
SF:/root/mfem/fem/bilinearform.hpp
FN:284,_ZNK4mfem12BilinearForm16AddMultTransposeERKNS_6VectorERS1_d
FN:295,_ZNK4mfem12BilinearForm13MultTransposeERKNS_6VectorERS1_
FN:394,_ZNK4mfem12BilinearForm15GetProlongationEv
FN:397,_ZNK4mfem12BilinearForm14GetRestrictionEv
FN:804,_ZNK4mfem17MixedBilinearForm15GetProlongationEv
FN:808,_ZNK4mfem17MixedBilinearForm14GetRestrictionEv
FNDA:0,_ZNK4mfem12BilinearForm13MultTransposeERKNS_6VectorERS1_
FNDA:0,_ZNK4mfem12BilinearForm14GetRestrictionEv
FNDA:0,_ZNK4mfem12BilinearForm15GetProlongationEv
FNDA:0,_ZNK4mfem12BilinearForm16AddMultTransposeERKNS_6VectorERS1_d
FNDA:0,_ZNK4mfem17MixedBilinearForm14GetRestrictionEv
FNDA:0,_ZNK4mfem17MixedBilinearForm15GetProlongationEv
FNF:6
FNH:0
DA:284,0
DA:286,0
DA:295,0
DA:296,0
DA:394,0
DA:395,0
DA:397,0
DA:398,0
DA:804,0
DA:805,0
DA:808,0
DA:809,0
DA:986,0
LF:13
LH:0
end_of_record
TN:
SF:/root/mfem/fem/ceed/operator.hpp
FN:45,_ZN4mfem4ceed8OperatorD0Ev
FN:45,_ZN4mfem4ceed8OperatorD2Ev
FNDA:0,_ZN4mfem4ceed8OperatorD0Ev
FNDA:0,_ZN4mfem4ceed8OperatorD2Ev
FNF:2
FNH:0
DA:45,0
DA:46,0
DA:52,0
LF:3
LH:0
end_of_record
TN:
SF:/root/mfem/fem/coefficient.hpp
FN:48,_ZN4mfem11Coefficient7SetTimeEd
FN:87,_ZN4mfem19ConstantCoefficient4EvalERNS_21ElementTransformationERKNS_16IntegrationPointE
FNDA:0,_ZN4mfem11Coefficient7SetTimeEd
FNDA:52,_ZN4mfem19ConstantCoefficient4EvalERNS_21ElementTransformationERKNS_16IntegrationPointE
FNF:2
FNH:1
DA:45,1
DA:48,0
DA:78,1
DA:84,1
DA:87,52
DA:89,52
LF:6
LH:5
end_of_record
TN:
SF:/root/mfem/fem/doftrans.hpp
FNF:0
FNH:0
DA:64,2
DA:117,0
DA:139,0
DA:150,2
DA:152,2
LF:5
LH:3
end_of_record
TN:
SF:/root/mfem/fem/eltrans.hpp
FN:173,_ZN4mfem21ElementTransformationD0Ev
FN:173,_ZN4mfem21ElementTransformationD2Ev
FN:371,_ZN4mfem27IsoparametricTransformationC2Ev
FN:449,_ZN4mfem27IsoparametricTransformationD0Ev
FN:449,_ZN4mfem27IsoparametricTransformationD2Ev
FNDA:0,_ZN4mfem21ElementTransformationD0Ev
FNDA:0,_ZN4mfem27IsoparametricTransformationD0Ev
FNDA:1,_ZN4mfem27IsoparametricTransformationC2Ev
FNDA:18,_ZN4mfem21ElementTransformationD2Ev
FNDA:18,_ZN4mfem27IsoparametricTransformationD2Ev
FNF:5
FNH:3
DA:173,18
DA:371,1
DA:449,36
LF:3
LH:3
end_of_record
TN:
SF:/root/mfem/fem/fe/fe_base.hpp
FN:628,_ZN4mfem19ScalarFiniteElement13CheckScalarFEERKNS_13FiniteElementE
FN:725,_ZNK4mfem18NodalFiniteElement17GetTransferMatrixERKNS_13FiniteElementERNS_21ElementTransformationERNS_11DenseMatrixE
FN:1196,_ZNK4mfem24NodalTensorFiniteElement17GetTransferMatrixERKNS_13FiniteElementERNS_21ElementTransformationERNS_11DenseMatrixE
FNDA:0,_ZN4mfem19ScalarFiniteElement13CheckScalarFEERKNS_13FiniteElementE
FNDA:0,_ZNK4mfem18NodalFiniteElement17GetTransferMatrixERKNS_13FiniteElementERNS_21ElementTransformationERNS_11DenseMatrixE
FNDA:0,_ZNK4mfem24NodalTensorFiniteElement17GetTransferMatrixERKNS_13FiniteElementERNS_21ElementTransformationERNS_11DenseMatrixE
FNF:3
FNH:0
DA:332,0
DA:628,0
DA:630,0
DA:632,0
DA:725,0
DA:728,0
DA:940,0
DA:941,0
DA:993,0
DA:1196,0
DA:1200,0
DA:1202,0
DA:1208,0
LF:13
LH:0
end_of_record
TN:
SF:/root/mfem/fem/fe/fe_nd.hpp
FN:56,_ZNK4mfem20ND_HexahedronElement17GetTransferMatrixERKNS_13FiniteElementERNS_21ElementTransformationERNS_11DenseMatrixE
FN:131,_ZNK4mfem23ND_QuadrilateralElement17GetTransferMatrixERKNS_13FiniteElementERNS_21ElementTransformationERNS_11DenseMatrixE
FN:193,_ZNK4mfem21ND_TetrahedronElement17GetTransferMatrixERKNS_13FiniteElementERNS_21ElementTransformationERNS_11DenseMatrixE
FN:252,_ZNK4mfem18ND_TriangleElement17GetTransferMatrixERKNS_13FiniteElementERNS_21ElementTransformationERNS_11DenseMatrixE
FN:303,_ZNK4mfem17ND_SegmentElement17GetTransferMatrixERKNS_13FiniteElementERNS_21ElementTransformationERNS_11DenseMatrixE
FNDA:0,_ZNK4mfem17ND_SegmentElement17GetTransferMatrixERKNS_13FiniteElementERNS_21ElementTransformationERNS_11DenseMatrixE
FNDA:0,_ZNK4mfem18ND_TriangleElement17GetTransferMatrixERKNS_13FiniteElementERNS_21ElementTransformationERNS_11DenseMatrixE
FNDA:0,_ZNK4mfem20ND_HexahedronElement17GetTransferMatrixERKNS_13FiniteElementERNS_21ElementTransformationERNS_11DenseMatrixE
FNDA:0,_ZNK4mfem21ND_TetrahedronElement17GetTransferMatrixERKNS_13FiniteElementERNS_21ElementTransformationERNS_11DenseMatrixE
FNDA:0,_ZNK4mfem23ND_QuadrilateralElement17GetTransferMatrixERKNS_13FiniteElementERNS_21ElementTransformationERNS_11DenseMatrixE
FNF:5
FNH:0
DA:56,0
DA:59,0
DA:131,0
DA:134,0
DA:193,0
DA:196,0
DA:252,0
DA:255,0
DA:303,0
DA:306,0
LF:10
LH:0
end_of_record
TN:
SF:/root/mfem/fem/fe/fe_pos.hpp
FN:45,_ZNK4mfem21PositiveFiniteElement17GetTransferMatrixERKNS_13FiniteElementERNS_21ElementTransformationERNS_11DenseMatrixE
FNDA:0,_ZNK4mfem21PositiveFiniteElement17GetTransferMatrixERKNS_13FiniteElementERNS_21ElementTransformationERNS_11DenseMatrixE
FNF:1
FNH:0
DA:45,0
DA:48,0
LF:2
LH:0
end_of_record
TN:
SF:/root/mfem/fem/fe/fe_rt.hpp
FN:52,_ZNK4mfem23RT_QuadrilateralElement17GetTransferMatrixERKNS_13FiniteElementERNS_21ElementTransformationERNS_11DenseMatrixE
FN:121,_ZNK4mfem20RT_HexahedronElement17GetTransferMatrixERKNS_13FiniteElementERNS_21ElementTransformationERNS_11DenseMatrixE
FN:183,_ZNK4mfem18RT_TriangleElement17GetTransferMatrixERKNS_13FiniteElementERNS_21ElementTransformationERNS_11DenseMatrixE
FN:243,_ZNK4mfem21RT_TetrahedronElement17GetTransferMatrixERKNS_13FiniteElementERNS_21ElementTransformationERNS_11DenseMatrixE
FNDA:0,_ZNK4mfem18RT_TriangleElement17GetTransferMatrixERKNS_13FiniteElementERNS_21ElementTransformationERNS_11DenseMatrixE
FNDA:0,_ZNK4mfem20RT_HexahedronElement17GetTransferMatrixERKNS_13FiniteElementERNS_21ElementTransformationERNS_11DenseMatrixE
FNDA:0,_ZNK4mfem21RT_TetrahedronElement17GetTransferMatrixERKNS_13FiniteElementERNS_21ElementTransformationERNS_11DenseMatrixE
FNDA:0,_ZNK4mfem23RT_QuadrilateralElement17GetTransferMatrixERKNS_13FiniteElementERNS_21ElementTransformationERNS_11DenseMatrixE
FNF:4
FNH:0
DA:52,0
DA:55,0
DA:121,0
DA:124,0
DA:183,0
DA:186,0
DA:243,0
DA:246,0
LF:8
LH:0
end_of_record
TN:
SF:/root/mfem/fem/fe_coll.hpp
FN:161,_ZNK4mfem23FiniteElementCollection5GetFEENS_8Geometry4TypeEi
FN:1115,_ZNK4mfem18Local_FECollection24FiniteElementForGeometryENS_8Geometry4TypeE
FNDA:0,_ZNK4mfem18Local_FECollection24FiniteElementForGeometryENS_8Geometry4TypeE
FNDA:10,_ZNK4mfem23FiniteElementCollection5GetFEENS_8Geometry4TypeEi
FNF:2
FNH:1
DA:161,10
DA:163,10
DA:164,1
DA:165,1
DA:195,0
DA:1115,0
DA:1117,0
LF:7
LH:4
end_of_record
TN:
SF:/root/mfem/fem/fespace.hpp
FN:415,_ZN4mfem18FiniteElementSpaceC2EPNS_4MeshEPKNS_23FiniteElementCollectionEii
FN:468,_ZNK4mfem18FiniteElementSpace21GetProlongationMatrixEv
FN:484,_ZNK4mfem18FiniteElementSpace20GetRestrictionMatrixEv
FNDA:0,_ZNK4mfem18FiniteElementSpace20GetRestrictionMatrixEv
FNDA:0,_ZNK4mfem18FiniteElementSpace21GetProlongationMatrixEv
FNDA:2,_ZN4mfem18FiniteElementSpaceC2EPNS_4MeshEPKNS_23FiniteElementCollectionEii
FNF:3
FNH:1
DA:415,2
DA:418,2
DA:430,1
DA:449,1
DA:468,0
DA:469,1
DA:484,0
DA:485,0
DA:489,2
DA:560,2
DA:569,37
DA:574,1
DA:723,1
DA:895,2
LF:14
LH:11
end_of_record
TN:
SF:/root/mfem/fem/gridfunc.hpp
FN:85,_ZN4mfem12GridFunctionC2EPNS_18FiniteElementSpaceE
FN:719,_ZN4mfem12GridFunctionD0Ev
FN:719,_ZN4mfem12GridFunctionD2Ev
FNDA:0,_ZN4mfem12GridFunctionD0Ev
FNDA:1,_ZN4mfem12GridFunctionD2Ev
FNDA:2,_ZN4mfem12GridFunctionC2EPNS_18FiniteElementSpaceE
FNF:3
FNH:2
DA:85,2
DA:86,2
DA:124,1
DA:652,1
DA:719,1
LF:5
LH:5
end_of_record
TN:
SF:/root/mfem/fem/nonlinearform.hpp
FN:209,_ZNK4mfem13NonlinearForm15GetProlongationEv
FN:211,_ZNK4mfem13NonlinearForm14GetRestrictionEv
FNDA:0,_ZNK4mfem13NonlinearForm14GetRestrictionEv
FNDA:0,_ZNK4mfem13NonlinearForm15GetProlongationEv
FNF:2
FNH:0
DA:209,0
DA:211,0
DA:212,0
LF:3
LH:0
end_of_record
TN:
SF:/root/mfem/fem/nonlinearform_ext.hpp
FN:81,_ZNK4mfem24PANonlinearFormExtension8Gradient15GetProlongationEv
FNDA:0,_ZNK4mfem24PANonlinearFormExtension8Gradient15GetProlongationEv
FNF:1
FNH:0
DA:81,0
DA:83,0
LF:2
LH:0
end_of_record
TN:
SF:/root/mfem/fem/pbilinearform.hpp
FN:174,_ZNK4mfem15ParBilinearForm15GetProlongationEv
FN:180,_ZNK4mfem15ParBilinearForm14GetRestrictionEv
FN:202,_ZN4mfem15ParBilinearFormD0Ev
FN:202,_ZN4mfem15ParBilinearFormD2Ev
FN:292,_ZN4mfem20ParMixedBilinearFormD0Ev
FN:292,_ZN4mfem20ParMixedBilinearFormD2Ev
FN:339,_ZN4mfem25ParDiscreteLinearOperatorD0Ev
FN:339,_ZN4mfem25ParDiscreteLinearOperatorD2Ev
FNDA:0,_ZN4mfem15ParBilinearFormD0Ev
FNDA:0,_ZN4mfem15ParBilinearFormD2Ev
FNDA:0,_ZN4mfem20ParMixedBilinearFormD0Ev
FNDA:0,_ZN4mfem20ParMixedBilinearFormD2Ev
FNDA:0,_ZN4mfem25ParDiscreteLinearOperatorD0Ev
FNDA:0,_ZN4mfem25ParDiscreteLinearOperatorD2Ev
FNDA:0,_ZNK4mfem15ParBilinearForm14GetRestrictionEv
FNDA:0,_ZNK4mfem15ParBilinearForm15GetProlongationEv
FNF:8
FNH:0
DA:174,0
DA:175,0
DA:180,0
DA:181,0
DA:202,0
DA:292,0
DA:339,0
LF:7
LH:0
end_of_record
TN:
SF:/root/mfem/fem/pfespace.hpp
FN:389,_ZNK4mfem21ParFiniteElementSpace20GetRestrictionMatrixEv
FNDA:0,_ZNK4mfem21ParFiniteElementSpace20GetRestrictionMatrixEv
FNF:1
FNH:0
DA:322,0
DA:389,0
DA:390,0
LF:3
LH:0
end_of_record
TN:
SF:/root/mfem/fem/pgridfunc.hpp
FN:441,_ZN4mfem15ParGridFunctionD0Ev
FN:441,_ZN4mfem15ParGridFunctionD2Ev
FNDA:0,_ZN4mfem15ParGridFunctionD0Ev
FNDA:0,_ZN4mfem15ParGridFunctionD2Ev
FNF:2
FNH:0
DA:441,0
LF:1
LH:0
end_of_record
TN:
SF:/root/mfem/fem/pnonlinearform.hpp
FN:69,_ZN4mfem16ParNonlinearFormD0Ev
FN:69,_ZN4mfem16ParNonlinearFormD2Ev
FNDA:0,_ZN4mfem16ParNonlinearFormD0Ev
FNDA:0,_ZN4mfem16ParNonlinearFormD2Ev
FNF:2
FNH:0
DA:69,0
LF:1
LH:0
end_of_record
TN:
SF:/root/mfem/fem/restriction.hpp
FN:161,_ZNK4mfem15FaceRestriction13MultTransposeERKNS_6VectorERS1_
FNDA:0,_ZNK4mfem15FaceRestriction13MultTransposeERKNS_6VectorERS1_
FNF:1
FNH:0
DA:161,0
DA:163,0
DA:164,0
DA:165,0
LF:4
LH:0
end_of_record
TN:
SF:/root/mfem/fem/tmop_tools.hpp
FN:187,_ZNK4mfem16TMOPNewtonSolver4MultERKNS_6VectorERS1_
FNDA:0,_ZNK4mfem16TMOPNewtonSolver4MultERKNS_6VectorERS1_
FNF:1
FNH:0
DA:187,0
DA:189,0
DA:191,0
DA:193,0
DA:195,0
DA:197,0
DA:198,0
LF:7
LH:0
end_of_record
TN:
SF:/root/mfem/fem/transfer.hpp
FN:322,_ZNK4mfem24L2ProjectionGridTransfer14L2Prolongation4MultERKNS_6VectorERS2_
FN:326,_ZNK4mfem24L2ProjectionGridTransfer14L2Prolongation13MultTransposeERKNS_6VectorERS2_
FN:330,_ZN4mfem24L2ProjectionGridTransfer14L2ProlongationD0Ev
FN:330,_ZN4mfem24L2ProjectionGridTransfer14L2ProlongationD2Ev
FNDA:0,_ZN4mfem24L2ProjectionGridTransfer14L2ProlongationD0Ev
FNDA:0,_ZN4mfem24L2ProjectionGridTransfer14L2ProlongationD2Ev
FNDA:0,_ZNK4mfem24L2ProjectionGridTransfer14L2Prolongation13MultTransposeERKNS_6VectorERS2_
FNDA:0,_ZNK4mfem24L2ProjectionGridTransfer14L2Prolongation4MultERKNS_6VectorERS2_
FNF:4
FNH:0
DA:322,0
DA:324,0
DA:325,0
DA:326,0
DA:328,0
DA:329,0
DA:330,0
LF:7
LH:0
end_of_record
TN:
SF:/root/mfem/general/array.hpp
FN:659,_ZN4mfem5ArrayINS_10RefinementEE8GrowSizeEi
FN:659,_ZN4mfem5ArrayINS_13OptionsParser6OptionEE8GrowSizeEi
FN:750,_ZN4mfem5ArrayINS_10RefinementEE6AppendERKS1_
FN:750,_ZN4mfem5ArrayINS_13OptionsParser6OptionEE6AppendERKS2_
FNDA:1,_ZN4mfem5ArrayINS_10RefinementEE6AppendERKS1_
FNDA:1,_ZN4mfem5ArrayINS_10RefinementEE8GrowSizeEi
FNDA:3,_ZN4mfem5ArrayINS_13OptionsParser6OptionEE6AppendERKS2_
FNDA:3,_ZN4mfem5ArrayINS_13OptionsParser6OptionEE8GrowSizeEi
FNF:4
FNH:4
DA:64,9
DA:96,11
DA:138,7
DA:659,4
DA:661,4
DA:662,4
DA:663,4
DA:665,4
DA:666,4
DA:667,4
DA:681,4
DA:683,4
DA:685,4
DA:750,4
DA:752,4
DA:753,4
DA:754,4
LF:17
LH:17
end_of_record
TN:
SF:/root/mfem/general/device.hpp
FNF:0
FNH:0
DA:268,0
DA:281,0
DA:303,0
DA:305,0
DA:310,0
DA:321,0
DA:338,0
DA:355,0
LF:8
LH:0
end_of_record
TN:
SF:/root/mfem/general/mem_alloc.hpp
FN:93,_ZN4mfem5StackIPNS_11TetrahedronELi1024EE5ClearEv
FN:190,_ZN4mfem8MemAllocINS_11TetrahedronELi1024EE5ClearEv
FNDA:2,_ZN4mfem8MemAllocINS_11TetrahedronELi1024EE5ClearEv
FNDA:4,_ZN4mfem5StackIPNS_11TetrahedronELi1024EE5ClearEv
FNF:2
FNH:2
DA:52,2
DA:93,4
DA:96,4
DA:98,0
DA:99,0
DA:101,4
DA:103,0
DA:104,0
DA:106,4
DA:107,4
DA:108,4
DA:141,0
DA:162,2
DA:190,2
DA:193,2
DA:195,0
DA:196,0
DA:197,0
DA:199,2
DA:200,2
DA:201,2
LF:21
LH:13
end_of_record
TN:
SF:/root/mfem/general/mem_manager.hpp
FN:830,_ZN4mfem6MemoryIdE3NewEi
FN:840,_ZN4mfem6MemoryINS_10RefinementEE3NewEiNS_10MemoryTypeE
FN:840,_ZN4mfem6MemoryINS_13OptionsParser6OptionEE3NewEiNS_10MemoryTypeE
FN:840,_ZN4mfem6MemoryIdE3NewEiNS_10MemoryTypeE
FN:979,_ZN4mfem6MemoryINS_10RefinementEE6DeleteEv
FN:979,_ZN4mfem6MemoryINS_13OptionsParser6OptionEE6DeleteEv
FN:979,_ZN4mfem6MemoryINS_4Mesh10NCFaceInfoEE6DeleteEv
FN:979,_ZN4mfem6MemoryINS_4Mesh8FaceInfoEE6DeleteEv
FN:979,_ZN4mfem6MemoryINS_6TripleIiiiEEE6DeleteEv
FN:979,_ZN4mfem6MemoryINS_6VertexEE6DeleteEv
FN:979,_ZN4mfem6MemoryINS_9EmbeddingEE6DeleteEv
FN:979,_ZN4mfem6MemoryIPNS_16GeometricFactorsEE6DeleteEv
FN:979,_ZN4mfem6MemoryIPNS_17DofTransformationEE6DeleteEv
FN:979,_ZN4mfem6MemoryIPNS_20FaceGeometricFactorsEE6DeleteEv
FN:979,_ZN4mfem6MemoryIPNS_22QuadratureInterpolatorEE6DeleteEv
FN:979,_ZN4mfem6MemoryIPNS_26FaceQuadratureInterpolatorEE6DeleteEv
FN:979,_ZN4mfem6MemoryIPNS_7ElementEE6DeleteEv
FN:979,_ZN4mfem6MemoryIcE6DeleteEv
FN:979,_ZN4mfem6MemoryIdE6DeleteEv
FN:979,_ZN4mfem6MemoryIiE6DeleteEv
FN:1053,_ZN4mfem6MemoryIdE9ReadWriteENS_11MemoryClassEi
FN:1066,_ZNK4mfem6MemoryIdE4ReadENS_11MemoryClassEi
FN:1079,_ZN4mfem6MemoryIdE5WriteENS_11MemoryClassEi
FN:1117,_ZNK4mfem6MemoryINS_10RefinementEE13GetMemoryTypeEv
FN:1117,_ZNK4mfem6MemoryINS_13OptionsParser6OptionEE13GetMemoryTypeEv
FN:1117,_ZNK4mfem6MemoryIdE13GetMemoryTypeEv
FN:1143,_ZN4mfem6MemoryINS_10RefinementEE8CopyFromERKS2_i
FN:1143,_ZN4mfem6MemoryINS_13OptionsParser6OptionEE8CopyFromERKS3_i
FNDA:0,_ZN4mfem6MemoryIPNS_17DofTransformationEE6DeleteEv
FNDA:0,_ZN4mfem6MemoryIPNS_22QuadratureInterpolatorEE6DeleteEv
FNDA:0,_ZN4mfem6MemoryIPNS_26FaceQuadratureInterpolatorEE6DeleteEv
FNDA:0,_ZN4mfem6MemoryIcE6DeleteEv
FNDA:0,_ZN4mfem6MemoryIdE5WriteENS_11MemoryClassEi
FNDA:0,_ZN4mfem6MemoryIdE9ReadWriteENS_11MemoryClassEi
FNDA:0,_ZNK4mfem6MemoryIdE4ReadENS_11MemoryClassEi
FNDA:1,_ZN4mfem6MemoryINS_10RefinementEE3NewEiNS_10MemoryTypeE
FNDA:1,_ZNK4mfem6MemoryINS_10RefinementEE13GetMemoryTypeEv
FNDA:2,_ZN4mfem6MemoryINS_10RefinementEE8CopyFromERKS2_i
FNDA:2,_ZN4mfem6MemoryINS_4Mesh10NCFaceInfoEE6DeleteEv
FNDA:2,_ZN4mfem6MemoryINS_4Mesh8FaceInfoEE6DeleteEv
FNDA:2,_ZN4mfem6MemoryINS_6TripleIiiiEEE6DeleteEv
FNDA:2,_ZN4mfem6MemoryINS_6VertexEE6DeleteEv
FNDA:2,_ZN4mfem6MemoryINS_9EmbeddingEE6DeleteEv
FNDA:2,_ZN4mfem6MemoryIPNS_16GeometricFactorsEE6DeleteEv
FNDA:2,_ZN4mfem6MemoryIPNS_20FaceGeometricFactorsEE6DeleteEv
FNDA:3,_ZN4mfem6MemoryINS_10RefinementEE6DeleteEv
FNDA:3,_ZN4mfem6MemoryINS_13OptionsParser6OptionEE3NewEiNS_10MemoryTypeE
FNDA:3,_ZN4mfem6MemoryINS_13OptionsParser6OptionEE8CopyFromERKS3_i
FNDA:3,_ZN4mfem6MemoryIdE3NewEi
FNDA:3,_ZNK4mfem6MemoryINS_13OptionsParser6OptionEE13GetMemoryTypeEv
FNDA:4,_ZN4mfem6MemoryINS_13OptionsParser6OptionEE6DeleteEv
FNDA:5,_ZN4mfem6MemoryIdE3NewEiNS_10MemoryTypeE
FNDA:5,_ZNK4mfem6MemoryIdE13GetMemoryTypeEv
FNDA:6,_ZN4mfem6MemoryIPNS_7ElementEE6DeleteEv
FNDA:75,_ZN4mfem6MemoryIdE6DeleteEv
FNDA:198,_ZN4mfem6MemoryIiE6DeleteEv
FNF:28
FNH:21
DA:180,20
DA:203,4
DA:262,5
DA:266,9
DA:269,13
DA:541,12
DA:749,0
DA:804,23
DA:814,20
DA:815,20
DA:816,20
DA:817,13
DA:823,300
DA:825,300
DA:826,300
DA:830,3
DA:832,3
DA:833,3
DA:834,3
DA:835,3
DA:836,0
DA:837,3
DA:840,9
DA:842,9
DA:843,9
DA:845,9
DA:846,9
DA:847,9
DA:848,9
DA:849,9
DA:979,300
DA:981,300
DA:982,300
DA:985,300
DA:986,0
DA:988,300
DA:991,300
DA:1008,1
DA:1015,62
DA:1032,5
DA:1053,0
DA:1055,0
DA:1056,0
DA:1058,0
DA:1059,0
DA:1060,0
DA:1062,0
DA:1066,0
DA:1068,0
DA:1069,0
DA:1071,0
DA:1072,0
DA:1073,0
DA:1075,0
DA:1079,0
DA:1081,0
DA:1082,0
DA:1084,0
DA:1085,0
DA:1086,0
DA:1088,0
DA:1117,9
DA:1119,9
DA:1120,0
DA:1143,5
DA:1145,5
DA:1146,5
DA:1148,5
DA:1152,2
DA:1158,0
DA:1160,5
LF:71
LH:45
end_of_record
TN:
SF:/root/mfem/general/optparser.hpp
FN:82,_ZN4mfem13OptionsParser9AddOptionEPbPKcS3_S3_S3_S3_b
FNDA:1,_ZN4mfem13OptionsParser9AddOptionEPbPKcS3_S3_S3_S3_b
FNF:1
FNH:1
DA:31,1
DA:50,3
DA:51,3
DA:74,1
DA:76,1
DA:82,1
DA:87,1
DA:89,1
DA:91,1
DA:97,1
DA:150,1
LF:11
LH:11
end_of_record
TN:
SF:/root/mfem/general/socketstream.hpp
FN:255,_ZN4mfem12socketstreamC1EPKcib
FNDA:1,_ZN4mfem12socketstreamC1EPKcib
FNF:1
FNH:1
DA:255,1
DA:256,1
LF:2
LH:2
end_of_record
TN:
SF:/root/mfem/general/table.hpp
FNF:0
FNH:0
DA:56,2
DA:92,6
DA:108,57
DA:110,5
LF:4
LH:4
end_of_record
TN:
SF:/root/mfem/linalg/auxiliary.hpp
FN:208,_ZNK4mfem13MatrixFreeAMS4MultERKNS_6VectorERS1_
FNDA:0,_ZNK4mfem13MatrixFreeAMS4MultERKNS_6VectorERS1_
FNF:1
FNH:0
DA:208,0
LF:1
LH:0
end_of_record
TN:
SF:/root/mfem/linalg/constraints.hpp
FN:61,_ZN4mfem17ConstrainedSolverD0Ev
FN:61,_ZN4mfem17ConstrainedSolverD2Ev
FN:235,_ZN4mfem17EliminationSolver11SetOperatorERKNS_8OperatorE
FN:268,_ZNK4mfem19EliminationCGSolver19BuildPreconditionerEv
FN:276,_ZNK4mfem19EliminationCGSolver11BuildKrylovEv
FN:302,_ZN4mfem24PenaltyConstrainedSolver11SetOperatorERKNS_8OperatorE
FN:338,_ZNK4mfem16PenaltyPCGSolver19BuildPreconditionerEv
FN:346,_ZNK4mfem16PenaltyPCGSolver11BuildKrylovEv
FNDA:0,_ZN4mfem17ConstrainedSolverD0Ev
FNDA:0,_ZN4mfem17ConstrainedSolverD2Ev
FNDA:0,_ZN4mfem17EliminationSolver11SetOperatorERKNS_8OperatorE
FNDA:0,_ZN4mfem24PenaltyConstrainedSolver11SetOperatorERKNS_8OperatorE
FNDA:0,_ZNK4mfem16PenaltyPCGSolver11BuildKrylovEv
FNDA:0,_ZNK4mfem16PenaltyPCGSolver19BuildPreconditionerEv
FNDA:0,_ZNK4mfem19EliminationCGSolver11BuildKrylovEv
FNDA:0,_ZNK4mfem19EliminationCGSolver19BuildPreconditionerEv
FNF:8
FNH:0
DA:61,0
DA:235,0
DA:236,0
DA:268,0
DA:270,0
DA:272,0
DA:273,0
DA:276,0
DA:277,0
DA:302,0
DA:303,0
DA:338,0
DA:340,0
DA:342,0
DA:343,0
DA:346,0
DA:347,0
LF:17
LH:0
end_of_record
TN:
SF:/root/mfem/linalg/densemat.hpp
FNF:0
FNH:0
LF:0
LH:0
end_of_record
TN:
SF:/root/mfem/linalg/handle.hpp
FNF:0
FNH:0
DA:56,2
DA:72,0
LF:2
LH:1
end_of_record
TN:
SF:/root/mfem/linalg/hypre.hpp
FN:551,_ZNK4mfem14HypreParMatrix16AssembleDiagonalERNS_6VectorE
FN:601,_ZNK4mfem14HypreParMatrix14GetMemoryClassEv
FN:616,_ZNK4mfem14HypreParMatrix4MultERKNS_6VectorERS1_
FN:618,_ZNK4mfem14HypreParMatrix13MultTransposeERKNS_6VectorERS1_
FN:788,_ZN4mfem14HypreParMatrixD0Ev
FN:788,_ZN4mfem14HypreParMatrixD2Ev
FN:1020,_ZN4mfem11HypreSolver11SetOperatorERKNS_8OperatorE
FN:1023,_ZNK4mfem11HypreSolver14GetMemoryClassEv
FN:1053,_ZNK4mfem13HypreTriSolvecvP19hypre_Solver_structEv
FN:1055,_ZNK4mfem13HypreTriSolve8SetupFcnEv
FN:1057,_ZNK4mfem13HypreTriSolve8SolveFcnEv
FN:1066,_ZN4mfem13HypreTriSolveD0Ev
FN:1066,_ZN4mfem13HypreTriSolveD2Ev
FN:1234,_ZNK4mfem13HypreIdentitycvP19hypre_Solver_structEv
FN:1236,_ZNK4mfem13HypreIdentity8SetupFcnEv
FN:1238,_ZNK4mfem13HypreIdentity8SolveFcnEv
FN:1241,_ZN4mfem13HypreIdentityD0Ev
FN:1241,_ZN4mfem13HypreIdentityD2Ev
FN:1265,_ZN4mfem14HypreDiagScaleD0Ev
FN:1265,_ZN4mfem14HypreDiagScaleD2Ev
FNDA:0,_ZN4mfem11HypreSolver11SetOperatorERKNS_8OperatorE
FNDA:0,_ZN4mfem13HypreIdentityD0Ev
FNDA:0,_ZN4mfem13HypreIdentityD2Ev
FNDA:0,_ZN4mfem13HypreTriSolveD0Ev
FNDA:0,_ZN4mfem13HypreTriSolveD2Ev
FNDA:0,_ZN4mfem14HypreDiagScaleD0Ev
FNDA:0,_ZN4mfem14HypreDiagScaleD2Ev
FNDA:0,_ZN4mfem14HypreParMatrixD0Ev
FNDA:0,_ZN4mfem14HypreParMatrixD2Ev
FNDA:0,_ZNK4mfem11HypreSolver14GetMemoryClassEv
FNDA:0,_ZNK4mfem13HypreIdentity8SetupFcnEv
FNDA:0,_ZNK4mfem13HypreIdentity8SolveFcnEv
FNDA:0,_ZNK4mfem13HypreIdentitycvP19hypre_Solver_structEv
FNDA:0,_ZNK4mfem13HypreTriSolve8SetupFcnEv
FNDA:0,_ZNK4mfem13HypreTriSolve8SolveFcnEv
FNDA:0,_ZNK4mfem13HypreTriSolvecvP19hypre_Solver_structEv
FNDA:0,_ZNK4mfem14HypreParMatrix13MultTransposeERKNS_6VectorERS1_
FNDA:0,_ZNK4mfem14HypreParMatrix14GetMemoryClassEv
FNDA:0,_ZNK4mfem14HypreParMatrix16AssembleDiagonalERNS_6VectorE
FNDA:0,_ZNK4mfem14HypreParMatrix4MultERKNS_6VectorERS1_
FNF:20
FNH:0
DA:551,0
DA:601,0
DA:616,0
DA:617,0
DA:618,0
DA:619,0
DA:788,0
DA:1020,0
DA:1021,0
DA:1023,0
DA:1053,0
DA:1055,0
DA:1056,0
DA:1057,0
DA:1058,0
DA:1066,0
DA:1234,0
DA:1236,0
DA:1237,0
DA:1238,0
DA:1239,0
DA:1241,0
DA:1265,0
DA:1479,0
LF:24
LH:0
end_of_record
TN:
SF:/root/mfem/linalg/operator.hpp
FN:86,_ZNK4mfem8Operator14GetMemoryClassEv
FN:93,_ZNK4mfem8Operator13MultTransposeERKNS_6VectorERS1_
FN:98,_ZNK4mfem8Operator11GetGradientERKNS_6VectorE
FN:107,_ZNK4mfem8Operator16AssembleDiagonalERNS_6VectorE
FN:115,_ZNK4mfem8Operator15GetProlongationEv
FN:118,_ZNK4mfem8Operator14GetRestrictionEv
FN:121,_ZNK4mfem8Operator21GetOutputProlongationEv
FN:129,_ZNK4mfem8Operator29GetOutputRestrictionTransposeEv
FN:132,_ZNK4mfem8Operator20GetOutputRestrictionEv
FN:468,_ZN4mfem21TimeDependentOperatorD0Ev
FN:468,_ZN4mfem21TimeDependentOperatorD2Ev
FN:646,_ZN4mfem32SecondOrderTimeDependentOperatorD0Ev
FN:646,_ZN4mfem32SecondOrderTimeDependentOperatorD2Ev
FN:681,_ZNK4mfem16IdentityOperator4MultERKNS_6VectorERS1_
FN:684,_ZNK4mfem16IdentityOperator13MultTransposeERKNS_6VectorERS1_
FN:707,_ZNK4mfem14ScaledOperator4MultERKNS_6VectorERS1_
FN:711,_ZNK4mfem14ScaledOperator13MultTransposeERKNS_6VectorERS1_
FN:733,_ZNK4mfem17TransposeOperator4MultERKNS_6VectorERS1_
FN:737,_ZNK4mfem17TransposeOperator13MultTransposeERKNS_6VectorERS1_
FN:752,_ZNK4mfem15ProductOperator4MultERKNS_6VectorERS1_
FN:755,_ZNK4mfem15ProductOperator13MultTransposeERKNS_6VectorERS1_
FN:780,_ZNK4mfem11RAPOperator4MultERKNS_6VectorERS1_
FN:801,_ZNK4mfem11RAPOperator13MultTransposeERKNS_6VectorERS1_
FN:822,_ZNK4mfem21TripleProductOperator4MultERKNS_6VectorERS1_
FN:825,_ZNK4mfem21TripleProductOperator13MultTransposeERKNS_6VectorERS1_
FN:895,_ZN4mfem19ConstrainedOperatorD0Ev
FN:895,_ZN4mfem19ConstrainedOperatorD2Ev
FN:948,_ZN4mfem30RectangularConstrainedOperatorD0Ev
FN:948,_ZN4mfem30RectangularConstrainedOperatorD2Ev
FNDA:0,_ZN4mfem19ConstrainedOperatorD0Ev
FNDA:0,_ZN4mfem19ConstrainedOperatorD2Ev
FNDA:0,_ZN4mfem21TimeDependentOperatorD0Ev
FNDA:0,_ZN4mfem21TimeDependentOperatorD2Ev
FNDA:0,_ZN4mfem30RectangularConstrainedOperatorD0Ev
FNDA:0,_ZN4mfem30RectangularConstrainedOperatorD2Ev
FNDA:0,_ZN4mfem32SecondOrderTimeDependentOperatorD0Ev
FNDA:0,_ZN4mfem32SecondOrderTimeDependentOperatorD2Ev
FNDA:0,_ZNK4mfem11RAPOperator13MultTransposeERKNS_6VectorERS1_
FNDA:0,_ZNK4mfem11RAPOperator4MultERKNS_6VectorERS1_
FNDA:0,_ZNK4mfem14ScaledOperator13MultTransposeERKNS_6VectorERS1_
FNDA:0,_ZNK4mfem14ScaledOperator4MultERKNS_6VectorERS1_
FNDA:0,_ZNK4mfem15ProductOperator13MultTransposeERKNS_6VectorERS1_
FNDA:0,_ZNK4mfem15ProductOperator4MultERKNS_6VectorERS1_
FNDA:0,_ZNK4mfem16IdentityOperator13MultTransposeERKNS_6VectorERS1_
FNDA:0,_ZNK4mfem16IdentityOperator4MultERKNS_6VectorERS1_
FNDA:0,_ZNK4mfem17TransposeOperator13MultTransposeERKNS_6VectorERS1_
FNDA:0,_ZNK4mfem17TransposeOperator4MultERKNS_6VectorERS1_
FNDA:0,_ZNK4mfem21TripleProductOperator13MultTransposeERKNS_6VectorERS1_
FNDA:0,_ZNK4mfem21TripleProductOperator4MultERKNS_6VectorERS1_
FNDA:0,_ZNK4mfem8Operator11GetGradientERKNS_6VectorE
FNDA:0,_ZNK4mfem8Operator13MultTransposeERKNS_6VectorERS1_
FNDA:0,_ZNK4mfem8Operator14GetMemoryClassEv
FNDA:0,_ZNK4mfem8Operator14GetRestrictionEv
FNDA:0,_ZNK4mfem8Operator15GetProlongationEv
FNDA:0,_ZNK4mfem8Operator16AssembleDiagonalERNS_6VectorE
FNDA:0,_ZNK4mfem8Operator20GetOutputRestrictionEv
FNDA:0,_ZNK4mfem8Operator21GetOutputProlongationEv
FNDA:0,_ZNK4mfem8Operator29GetOutputRestrictionTransposeEv
FNF:29
FNH:0
DA:86,0
DA:93,0
DA:94,0
DA:98,0
DA:100,0
DA:101,0
DA:107,0
DA:110,0
DA:111,0
DA:115,0
DA:118,0
DA:121,0
DA:123,0
DA:129,0
DA:132,0
DA:134,0
DA:468,0
DA:646,0
DA:681,0
DA:684,0
DA:707,0
DA:708,0
DA:711,0
DA:712,0
DA:733,0
DA:734,0
DA:737,0
DA:738,0
DA:752,0
DA:753,0
DA:755,0
DA:756,0
DA:780,0
DA:781,0
DA:801,0
DA:802,0
DA:822,0
DA:823,0
DA:825,0
DA:826,0
DA:895,0
DA:948,0
LF:42
LH:0
end_of_record
TN:
SF:/root/mfem/linalg/solvers.hpp
FN:308,_ZN4mfem22OperatorJacobiSmootherD0Ev
FN:308,_ZN4mfem22OperatorJacobiSmootherD2Ev
FN:314,_ZNK4mfem22OperatorJacobiSmoother13MultTransposeERKNS_6VectorERS1_
FN:405,_ZN4mfem25OperatorChebyshevSmootherD0Ev
FN:405,_ZN4mfem25OperatorChebyshevSmootherD2Ev
FN:409,_ZNK4mfem25OperatorChebyshevSmoother13MultTransposeERKNS_6VectorERS1_
FN:476,_ZN4mfem8CGSolverC2EP19ompi_communicator_t
FN:1107,_ZNK4mfem16AuxSpaceSmoother4MultERKNS_6VectorERS1_
FN:1108,_ZNK4mfem16AuxSpaceSmoother13MultTransposeERKNS_6VectorERS1_
FNDA:0,_ZN4mfem22OperatorJacobiSmootherD0Ev
FNDA:0,_ZN4mfem22OperatorJacobiSmootherD2Ev
FNDA:0,_ZN4mfem25OperatorChebyshevSmootherD0Ev
FNDA:0,_ZN4mfem25OperatorChebyshevSmootherD2Ev
FNDA:0,_ZN4mfem8CGSolverC2EP19ompi_communicator_t
FNDA:0,_ZNK4mfem16AuxSpaceSmoother13MultTransposeERKNS_6VectorERS1_
FNDA:0,_ZNK4mfem16AuxSpaceSmoother4MultERKNS_6VectorERS1_
FNDA:0,_ZNK4mfem22OperatorJacobiSmoother13MultTransposeERKNS_6VectorERS1_
FNDA:0,_ZNK4mfem25OperatorChebyshevSmoother13MultTransposeERKNS_6VectorERS1_
FNF:9
FNH:0
DA:265,0
DA:308,0
DA:314,0
DA:405,0
DA:409,0
DA:476,0
DA:1107,0
DA:1108,0
LF:8
LH:0
end_of_record
TN:
SF:/root/mfem/linalg/sparsemat.hpp
FN:631,_ZN4mfem12SparseMatrixD0Ev
FN:631,_ZN4mfem12SparseMatrixD2Ev
FNDA:0,_ZN4mfem12SparseMatrixD0Ev
FNDA:0,_ZN4mfem12SparseMatrixD2Ev
FNF:2
FNH:0
DA:631,0
DA:632,0
DA:633,0
DA:654,0
LF:4
LH:0
end_of_record
TN:
SF:/root/mfem/linalg/vector.hpp
FN:117,_ZNK4mfem6Vector9UseDeviceEb
FN:120,_ZNK4mfem6Vector9UseDeviceEv
FN:438,_ZNK4mfem6Vector4ReadEb
FN:442,_ZNK4mfem6Vector8HostReadEv
FN:446,_ZN4mfem6Vector5WriteEb
FN:450,_ZN4mfem6Vector9HostWriteEv
FN:454,_ZN4mfem6Vector9ReadWriteEb
FN:458,_ZN4mfem6Vector13HostReadWriteEv
FN:521,_ZN4mfem6Vector7SetSizeEi
FN:635,_ZN4mfem6VectorD0Ev
FN:635,_ZN4mfem6VectorD2Ev
FNDA:0,_ZN4mfem6Vector13HostReadWriteEv
FNDA:0,_ZN4mfem6Vector5WriteEb
FNDA:0,_ZN4mfem6Vector9HostWriteEv
FNDA:0,_ZN4mfem6Vector9ReadWriteEb
FNDA:0,_ZN4mfem6VectorD0Ev
FNDA:0,_ZN4mfem6VectorD2Ev
FNDA:0,_ZNK4mfem6Vector4ReadEb
FNDA:0,_ZNK4mfem6Vector8HostReadEv
FNDA:0,_ZNK4mfem6Vector9UseDeviceEb
FNDA:0,_ZNK4mfem6Vector9UseDeviceEv
FNDA:5,_ZN4mfem6Vector7SetSizeEi
FNF:11
FNH:1
DA:71,6
DA:117,0
DA:120,0
DA:438,0
DA:439,0
DA:442,0
DA:443,0
DA:446,0
DA:447,0
DA:450,0
DA:451,0
DA:454,0
DA:455,0
DA:458,0
DA:459,0
DA:511,3
DA:514,3
DA:515,3
DA:517,3
DA:521,5
DA:523,5
DA:527,5
DA:529,0
DA:530,0
DA:533,5
DA:535,5
DA:536,5
DA:537,5
DA:635,23
DA:637,25
DA:638,0
LF:31
LH:14
end_of_record
TN:
SF:/root/mfem/mesh/element.hpp
FNF:0
FNH:0
DA:52,5
LF:1
LH:1
end_of_record
TN:
SF:/root/mfem/mesh/mesh.hpp
FN:1410,_ZNK4mfem4Mesh5PrintERSo
FN:1561,_ZN4mfem4MeshD0Ev
FN:1561,_ZN4mfem4MeshD2Ev
FNDA:0,_ZN4mfem4MeshD0Ev
FNDA:1,_ZNK4mfem4Mesh5PrintERSo
FNDA:2,_ZN4mfem4MeshD2Ev
FNF:3
FNH:2
DA:869,6
DA:934,2
DA:982,5
DA:1410,2
DA:1561,6
LF:5
LH:5
end_of_record
TN:
SF:/root/mfem/mesh/ncmesh.hpp
FNF:0
FNH:0
DA:41,1
LF:1
LH:1
end_of_record
TN:
SF:/root/mfem/mesh/tetrahedron.hpp
FN:116,_ZN4mfem11TetrahedronD0Ev
FN:116,_ZN4mfem11TetrahedronD2Ev
FNDA:0,_ZN4mfem11TetrahedronD0Ev
FNDA:0,_ZN4mfem11TetrahedronD2Ev
FNF:2
FNH:0
DA:116,0
LF:1
LH:0
end_of_record
TN:
SF:/usr/include/c++/10/bits/basic_ios.h
FNF:0
FNH:0
DA:282,0
DA:460,1
DA:462,1
LF:3
LH:2
end_of_record
TN:
SF:/usr/include/c++/10/bits/basic_string.h
FNF:0
FNH:0
DA:187,0
DA:191,1
DA:195,0
DA:219,0
DA:225,1
DA:239,1
DA:245,0
DA:356,1
DA:671,1
LF:9
LH:5
end_of_record
TN:
SF:/usr/include/c++/10/bits/basic_string.tcc
FN:206,_ZNSt7__cxx1112basic_stringIcSt11char_traitsIcESaIcEE12_M_constructIPKcEEvT_S8_St20forward_iterator_tag
FNDA:1,_ZNSt7__cxx1112basic_stringIcSt11char_traitsIcESaIcEE12_M_constructIPKcEEvT_S8_St20forward_iterator_tag
FNF:1
FNH:1
DA:206,1
DA:211,1
DA:212,0
DA:215,1
DA:217,1
DA:219,0
DA:220,0
DA:232,1
DA:233,1
LF:9
LH:6
end_of_record
TN:
SF:/usr/include/c++/10/bits/char_traits.h
FNF:0
FNH:0
DA:357,0
DA:431,1
DA:437,0
LF:3
LH:1
end_of_record
TN:
SF:/usr/include/c++/10/bits/hashtable.h
FN:1438,_ZNSt10_HashtableIKSt5tupleIJbN4mfem18ElementDofOrderingENS1_8FaceTypeENS1_12L2FaceValuesEEESt4pairIS6_PNS1_15FaceRestrictionEESaISA_ENSt8__detail10_Select1stESt8equal_toIS6_ENS1_18FiniteElementSpace8key_hashENSC_18_Mod_range_hashingENSC_20_Default_ranged_hashENSC_20_Prime_rehash_policyENSC_17_Hashtable_traitsILb1ELb0ELb1EEEED2Ev
FN:2081,_ZNSt10_HashtableIKSt5tupleIJbN4mfem18ElementDofOrderingENS1_8FaceTypeENS1_12L2FaceValuesEEESt4pairIS6_PNS1_15FaceRestrictionEESaISA_ENSt8__detail10_Select1stESt8equal_toIS6_ENS1_18FiniteElementSpace8key_hashENSC_18_Mod_range_hashingENSC_20_Default_ranged_hashENSC_20_Prime_rehash_policyENSC_17_Hashtable_traitsILb1ELb0ELb1EEEE5clearEv
FNDA:1,_ZNSt10_HashtableIKSt5tupleIJbN4mfem18ElementDofOrderingENS1_8FaceTypeENS1_12L2FaceValuesEEESt4pairIS6_PNS1_15FaceRestrictionEESaISA_ENSt8__detail10_Select1stESt8equal_toIS6_ENS1_18FiniteElementSpace8key_hashENSC_18_Mod_range_hashingENSC_20_Default_ranged_hashENSC_20_Prime_rehash_policyENSC_17_Hashtable_traitsILb1ELb0ELb1EEEE5clearEv
FNDA:1,_ZNSt10_HashtableIKSt5tupleIJbN4mfem18ElementDofOrderingENS1_8FaceTypeENS1_12L2FaceValuesEEESt4pairIS6_PNS1_15FaceRestrictionEESaISA_ENSt8__detail10_Select1stESt8equal_toIS6_ENS1_18FiniteElementSpace8key_hashENSC_18_Mod_range_hashingENSC_20_Default_ranged_hashENSC_20_Prime_rehash_policyENSC_17_Hashtable_traitsILb1ELb0ELb1EEEED2Ev
FNF:2
FNH:2
DA:394,1
DA:418,1
DA:426,1
DA:435,1
DA:490,2
DA:1438,1
DA:1442,1
DA:1444,1
DA:2081,1
DA:2086,1
DA:2087,1
DA:2088,1
DA:2089,1
LF:13
LH:13
end_of_record
TN:
SF:/usr/include/c++/10/bits/hashtable_policy.h
FNF:0
FNH:0
DA:218,2
DA:270,0
DA:450,2
DA:2056,0
DA:2064,0
DA:2072,1
DA:2101,0
LF:7
LH:3
end_of_record
TN:
SF:/usr/include/c++/10/bits/ios_base.h
FNF:0
FNH:0
DA:88,0
DA:100,0
DA:678,0
DA:731,3
LF:4
LH:1
end_of_record
TN:
SF:/usr/include/c++/10/bits/locale_facets.h
FN:872,_ZNKSt5ctypeIcE5widenEc
FN:1084,_ZNKSt5ctypeIcE8do_widenEc
FNDA:0,_ZNKSt5ctypeIcE8do_widenEc
FNDA:2,_ZNKSt5ctypeIcE5widenEc
FNF:2
FNH:1
DA:872,2
DA:874,2
DA:875,2
DA:876,0
DA:877,0
DA:1084,0
DA:1085,0
LF:7
LH:3
end_of_record
TN:
SF:/usr/include/c++/10/bits/stl_algobase.h
FNF:0
FNH:0
DA:259,4
DA:260,1
LF:2
LH:2
end_of_record
TN:
SF:/usr/include/c++/10/bits/stl_function.h
FNF:0
FNH:0
DA:386,576
LF:1
LH:1
end_of_record
TN:
SF:/usr/include/c++/10/bits/stl_iterator_base_funcs.h
FNF:0
FNH:0
DA:104,1
LF:1
LH:1
end_of_record
TN:
SF:/usr/include/c++/10/bits/stl_pair.h
FNF:0
FNH:0
DA:353,39
LF:1
LH:1
end_of_record
TN:
SF:/usr/include/c++/10/bits/stl_set.h
FNF:0
FNH:0
DA:281,1
DA:512,52
LF:2
LH:2
end_of_record
TN:
SF:/usr/include/c++/10/bits/stl_tree.h
FN:1808,_ZNSt8_Rb_treeIiiSt9_IdentityIiESt4lessIiESaIiEE10_M_insert_IRKiNS5_11_Alloc_nodeEEESt17_Rb_tree_iteratorIiEPSt18_Rb_tree_node_baseSD_OT_RT0_
FN:1918,_ZNSt8_Rb_treeIiiSt9_IdentityIiESt4lessIiESaIiEE8_M_eraseEPSt13_Rb_tree_nodeIiE
FN:2096,_ZNSt8_Rb_treeIiiSt9_IdentityIiESt4lessIiESaIiEE24_M_get_insert_unique_posERKi
FN:2150,_ZNSt8_Rb_treeIiiSt9_IdentityIiESt4lessIiESaIiEE16_M_insert_uniqueIRKiEESt4pairISt17_Rb_tree_iteratorIiEbEOT_
FNDA:39,_ZNSt8_Rb_treeIiiSt9_IdentityIiESt4lessIiESaIiEE10_M_insert_IRKiNS5_11_Alloc_nodeEEESt17_Rb_tree_iteratorIiEPSt18_Rb_tree_node_baseSD_OT_RT0_
FNDA:40,_ZNSt8_Rb_treeIiiSt9_IdentityIiESt4lessIiESaIiEE8_M_eraseEPSt13_Rb_tree_nodeIiE
FNDA:52,_ZNSt8_Rb_treeIiiSt9_IdentityIiESt4lessIiESaIiEE16_M_insert_uniqueIRKiEESt4pairISt17_Rb_tree_iteratorIiEbEOT_
FNDA:52,_ZNSt8_Rb_treeIiiSt9_IdentityIiESt4lessIiESaIiEE24_M_get_insert_unique_posERKi
FNF:4
FNH:4
DA:146,1
DA:174,1
DA:175,1
DA:208,1
DA:209,1
DA:210,1
DA:211,1
DA:302,22
DA:303,22
DA:542,39
DA:543,39
DA:647,39
DA:684,1
DA:751,35
DA:762,91
DA:792,218
DA:800,273
DA:993,1
DA:1005,23
DA:1808,39
DA:1817,39
DA:1818,77
DA:1823,39
DA:1824,39
DA:1825,39
DA:1826,39
DA:1918,40
DA:1922,79
DA:1924,39
DA:1929,40
DA:1939,225
DA:1940,190
DA:2096,52
DA:2103,314
DA:2107,262
DA:2110,52
DA:2112,23
DA:2113,1
DA:2117,51
DA:2118,38
DA:2119,13
DA:2150,52
DA:2159,52
DA:2161,52
DA:2164,39
DA:2166,39
DA:2169,13
DA:2560,35
DA:2561,35
LF:49
LH:49
end_of_record
TN:
SF:/usr/include/c++/10/bits/unordered_map.h
FNF:0
FNH:0
DA:102,0
LF:1
LH:0
end_of_record
TN:
SF:/usr/include/c++/10/ext/new_allocator.h
FNF:0
FNH:0
DA:121,39
DA:139,39
DA:156,39
LF:3
LH:3
end_of_record
TN:
SF:/usr/include/c++/10/iomanip
FNF:0
FNH:0
DA:111,0
DA:210,0
LF:2
LH:0
end_of_record
TN:
SF:/usr/include/c++/10/iostream
FNF:0
FNH:0
LF:0
LH:0
end_of_record
TN:
SF:/usr/include/c++/10/istream
FNF:0
FNH:0
DA:104,0
DA:856,0
LF:2
LH:0
end_of_record
TN:
SF:/usr/include/c++/10/ostream
FNF:0
FNH:0
DA:93,0
DA:113,3
DA:518,0
DA:611,3
LF:4
LH:2
end_of_record
TN:
SF:/usr/include/c++/10/sstream
FNF:0
FNH:0
DA:678,0
LF:1
LH:0
end_of_record
TN:
SF:/usr/include/c++/10/streambuf
FNF:0
FNH:0
LF:0
LH:0
end_of_record
TN:
SF:/usr/include/x86_64-linux-gnu/bits/string_fortified.h
FNF:0
FNH:0
DA:29,2
DA:30,2
LF:2
LH:2
end_of_record
TN:
SF:/usr/lib/x86_64-linux-gnu/openmpi/include/openmpi/ompi/mpi/cxx/comm.h
FNF:0
FNH:0
DA:66,0
DA:80,0
LF:2
LH:0
end_of_record
TN:
SF:/usr/lib/x86_64-linux-gnu/openmpi/include/openmpi/ompi/mpi/cxx/comm_inln.h
FN:27,_ZNK3MPI4Comm4SendEPKviRKNS_8DatatypeEii
FN:34,_ZNK3MPI4Comm4RecvEPviRKNS_8DatatypeEiiRNS_6StatusE
FN:41,_ZNK3MPI4Comm4RecvEPviRKNS_8DatatypeEii
FN:49,_ZNK3MPI4Comm5BsendEPKviRKNS_8DatatypeEii
FN:57,_ZNK3MPI4Comm5SsendEPKviRKNS_8DatatypeEii
FN:65,_ZNK3MPI4Comm5RsendEPKviRKNS_8DatatypeEii
FN:73,_ZNK3MPI4Comm5IsendEPKviRKNS_8DatatypeEii
FN:83,_ZNK3MPI4Comm6IbsendEPKviRKNS_8DatatypeEii
FN:93,_ZNK3MPI4Comm6IssendEPKviRKNS_8DatatypeEii
FN:103,_ZNK3MPI4Comm6IrsendEPKviRKNS_8DatatypeEii
FN:113,_ZNK3MPI4Comm5IrecvEPviRKNS_8DatatypeEii
FN:124,_ZNK3MPI4Comm6IprobeEiiRNS_6StatusE
FN:132,_ZNK3MPI4Comm6IprobeEii
FN:140,_ZNK3MPI4Comm5ProbeEiiRNS_6StatusE
FN:146,_ZNK3MPI4Comm5ProbeEii
FN:152,_ZNK3MPI4Comm9Send_initEPKviRKNS_8DatatypeEii
FN:162,_ZNK3MPI4Comm10Bsend_initEPKviRKNS_8DatatypeEii
FN:172,_ZNK3MPI4Comm10Ssend_initEPKviRKNS_8DatatypeEii
FN:182,_ZNK3MPI4Comm10Rsend_initEPKviRKNS_8DatatypeEii
FN:192,_ZNK3MPI4Comm9Recv_initEPviRKNS_8DatatypeEii
FN:202,_ZNK3MPI4Comm8SendrecvEPKviRKNS_8DatatypeEiiPviS5_iiRNS_6StatusE
FN:216,_ZNK3MPI4Comm8SendrecvEPKviRKNS_8DatatypeEiiPviS5_ii
FN:230,_ZNK3MPI4Comm16Sendrecv_replaceEPviRKNS_8DatatypeEiiiiRNS_6StatusE
FN:241,_ZNK3MPI4Comm16Sendrecv_replaceEPviRKNS_8DatatypeEiiii
FN:256,_ZNK3MPI4Comm9Get_groupEv
FN:264,_ZNK3MPI4Comm8Get_sizeEv
FN:272,_ZNK3MPI4Comm8Get_rankEv
FN:289,_ZN3MPI4Comm4FreeEv
FN:295,_ZNK3MPI4Comm8Is_interEv
FN:308,_ZNK3MPI4Comm7BarrierEv
FN:314,_ZNK3MPI4Comm5BcastEPviRKNS_8DatatypeEi
FN:321,_ZNK3MPI4Comm6GatherEPKviRKNS_8DatatypeEPviS5_i
FN:331,_ZNK3MPI4Comm7GathervEPKviRKNS_8DatatypeEPvPKiS8_S5_i
FN:343,_ZNK3MPI4Comm7ScatterEPKviRKNS_8DatatypeEPviS5_i
FN:353,_ZNK3MPI4Comm8ScattervEPKvPKiS4_RKNS_8DatatypeEPviS7_i
FN:366,_ZNK3MPI4Comm9AllgatherEPKviRKNS_8DatatypeEPviS5_
FN:376,_ZNK3MPI4Comm10AllgathervEPKviRKNS_8DatatypeEPvPKiS8_S5_
FN:389,_ZNK3MPI4Comm8AlltoallEPKviRKNS_8DatatypeEPviS5_
FN:399,_ZNK3MPI4Comm9AlltoallvEPKvPKiS4_RKNS_8DatatypeEPvS4_S4_S7_
FN:414,_ZNK3MPI4Comm9AlltoallwEPKvPKiS4_PKNS_8DatatypeEPvS4_S4_S7_
FN:442,_ZNK3MPI4Comm6ReduceEPKvPviRKNS_8DatatypeERKNS_2OpEi
FN:450,_ZNK3MPI4Comm9AllreduceEPKvPviRKNS_8DatatypeERKNS_2OpE
FN:457,_ZNK3MPI4Comm14Reduce_scatterEPKvPvPiRKNS_8DatatypeERKNS_2OpE
FN:471,_ZN3MPI4Comm10DisconnectEv
FN:499,_ZNK3MPI4Comm8Get_nameEPcRi
FN:505,_ZN3MPI4Comm8Set_nameEPKc
FN:515,_ZNK3MPI4Comm12Get_topologyEv
FN:527,_ZN3MPI4Comm5AbortEi
FN:539,_ZNK3MPI4Comm14Get_errhandlerEv
FN:547,_ZN3MPI4Comm14Set_errhandlerERKNS_10ErrhandlerE
FN:625,_ZNK3MPI4Comm8Set_attrEiPKv
FN:631,_ZNK3MPI4Comm8Get_attrEiPv
FN:639,_ZN3MPI4Comm11Delete_attrEi
FNDA:0,_ZN3MPI4Comm10DisconnectEv
FNDA:0,_ZN3MPI4Comm11Delete_attrEi
FNDA:0,_ZN3MPI4Comm14Set_errhandlerERKNS_10ErrhandlerE
FNDA:0,_ZN3MPI4Comm4FreeEv
FNDA:0,_ZN3MPI4Comm5AbortEi
FNDA:0,_ZN3MPI4Comm8Set_nameEPKc
FNDA:0,_ZNK3MPI4Comm10AllgathervEPKviRKNS_8DatatypeEPvPKiS8_S5_
FNDA:0,_ZNK3MPI4Comm10Bsend_initEPKviRKNS_8DatatypeEii
FNDA:0,_ZNK3MPI4Comm10Rsend_initEPKviRKNS_8DatatypeEii
FNDA:0,_ZNK3MPI4Comm10Ssend_initEPKviRKNS_8DatatypeEii
FNDA:0,_ZNK3MPI4Comm12Get_topologyEv
FNDA:0,_ZNK3MPI4Comm14Get_errhandlerEv
FNDA:0,_ZNK3MPI4Comm14Reduce_scatterEPKvPvPiRKNS_8DatatypeERKNS_2OpE
FNDA:0,_ZNK3MPI4Comm16Sendrecv_replaceEPviRKNS_8DatatypeEiiii
FNDA:0,_ZNK3MPI4Comm16Sendrecv_replaceEPviRKNS_8DatatypeEiiiiRNS_6StatusE
FNDA:0,_ZNK3MPI4Comm4RecvEPviRKNS_8DatatypeEii
FNDA:0,_ZNK3MPI4Comm4RecvEPviRKNS_8DatatypeEiiRNS_6StatusE
FNDA:0,_ZNK3MPI4Comm4SendEPKviRKNS_8DatatypeEii
FNDA:0,_ZNK3MPI4Comm5BcastEPviRKNS_8DatatypeEi
FNDA:0,_ZNK3MPI4Comm5BsendEPKviRKNS_8DatatypeEii
FNDA:0,_ZNK3MPI4Comm5IrecvEPviRKNS_8DatatypeEii
FNDA:0,_ZNK3MPI4Comm5IsendEPKviRKNS_8DatatypeEii
FNDA:0,_ZNK3MPI4Comm5ProbeEii
FNDA:0,_ZNK3MPI4Comm5ProbeEiiRNS_6StatusE
FNDA:0,_ZNK3MPI4Comm5RsendEPKviRKNS_8DatatypeEii
FNDA:0,_ZNK3MPI4Comm5SsendEPKviRKNS_8DatatypeEii
FNDA:0,_ZNK3MPI4Comm6GatherEPKviRKNS_8DatatypeEPviS5_i
FNDA:0,_ZNK3MPI4Comm6IbsendEPKviRKNS_8DatatypeEii
FNDA:0,_ZNK3MPI4Comm6IprobeEii
FNDA:0,_ZNK3MPI4Comm6IprobeEiiRNS_6StatusE
FNDA:0,_ZNK3MPI4Comm6IrsendEPKviRKNS_8DatatypeEii
FNDA:0,_ZNK3MPI4Comm6IssendEPKviRKNS_8DatatypeEii
FNDA:0,_ZNK3MPI4Comm6ReduceEPKvPviRKNS_8DatatypeERKNS_2OpEi
FNDA:0,_ZNK3MPI4Comm7BarrierEv
FNDA:0,_ZNK3MPI4Comm7GathervEPKviRKNS_8DatatypeEPvPKiS8_S5_i
FNDA:0,_ZNK3MPI4Comm7ScatterEPKviRKNS_8DatatypeEPviS5_i
FNDA:0,_ZNK3MPI4Comm8AlltoallEPKviRKNS_8DatatypeEPviS5_
FNDA:0,_ZNK3MPI4Comm8Get_attrEiPv
FNDA:0,_ZNK3MPI4Comm8Get_nameEPcRi
FNDA:0,_ZNK3MPI4Comm8Get_rankEv
FNDA:0,_ZNK3MPI4Comm8Get_sizeEv
FNDA:0,_ZNK3MPI4Comm8Is_interEv
FNDA:0,_ZNK3MPI4Comm8ScattervEPKvPKiS4_RKNS_8DatatypeEPviS7_i
FNDA:0,_ZNK3MPI4Comm8SendrecvEPKviRKNS_8DatatypeEiiPviS5_ii
FNDA:0,_ZNK3MPI4Comm8SendrecvEPKviRKNS_8DatatypeEiiPviS5_iiRNS_6StatusE
FNDA:0,_ZNK3MPI4Comm8Set_attrEiPKv
FNDA:0,_ZNK3MPI4Comm9AllgatherEPKviRKNS_8DatatypeEPviS5_
FNDA:0,_ZNK3MPI4Comm9AllreduceEPKvPviRKNS_8DatatypeERKNS_2OpE
FNDA:0,_ZNK3MPI4Comm9AlltoallvEPKvPKiS4_RKNS_8DatatypeEPvS4_S4_S7_
FNDA:0,_ZNK3MPI4Comm9AlltoallwEPKvPKiS4_PKNS_8DatatypeEPvS4_S4_S7_
FNDA:0,_ZNK3MPI4Comm9Get_groupEv
FNDA:0,_ZNK3MPI4Comm9Recv_initEPviRKNS_8DatatypeEii
FNDA:0,_ZNK3MPI4Comm9Send_initEPKviRKNS_8DatatypeEii
FNF:53
FNH:0
DA:27,0
DA:30,0
DA:31,0
DA:34,0
DA:37,0
DA:38,0
DA:41,0
DA:44,0
DA:45,0
DA:46,0
DA:49,0
DA:52,0
DA:53,0
DA:54,0
DA:57,0
DA:60,0
DA:61,0
DA:62,0
DA:65,0
DA:68,0
DA:69,0
DA:70,0
DA:73,0
DA:77,0
DA:78,0
DA:79,0
DA:83,0
DA:87,0
DA:88,0
DA:89,0
DA:93,0
DA:97,0
DA:98,0
DA:99,0
DA:103,0
DA:107,0
DA:108,0
DA:109,0
DA:113,0
DA:117,0
DA:118,0
DA:119,0
DA:124,0
DA:127,0
DA:128,0
DA:132,0
DA:135,0
DA:136,0
DA:140,0
DA:142,0
DA:143,0
DA:146,0
DA:148,0
DA:149,0
DA:152,0
DA:156,0
DA:157,0
DA:158,0
DA:162,0
DA:166,0
DA:167,0
DA:168,0
DA:172,0
DA:176,0
DA:177,0
DA:178,0
DA:182,0
DA:186,0
DA:187,0
DA:188,0
DA:192,0
DA:196,0
DA:197,0
DA:198,0
DA:202,0
DA:208,0
DA:212,0
DA:213,0
DA:216,0
DA:222,0
DA:226,0
DA:227,0
DA:230,0
DA:235,0
DA:236,0
DA:238,0
DA:241,0
DA:246,0
DA:247,0
DA:249,0
DA:256,0
DA:259,0
DA:260,0
DA:264,0
DA:267,0
DA:268,0
DA:272,0
DA:275,0
DA:276,0
DA:289,0
DA:291,0
DA:292,0
DA:295,0
DA:298,0
DA:299,0
DA:308,0
DA:310,0
DA:311,0
DA:314,0
DA:317,0
DA:318,0
DA:321,0
DA:326,0
DA:327,0
DA:328,0
DA:331,0
DA:336,0
DA:339,0
DA:340,0
DA:343,0
DA:348,0
DA:349,0
DA:350,0
DA:353,0
DA:358,0
DA:362,0
DA:363,0
DA:366,0
DA:370,0
DA:372,0
DA:373,0
DA:376,0
DA:381,0
DA:385,0
DA:386,0
DA:389,0
DA:393,0
DA:395,0
DA:396,0
DA:399,0
DA:405,0
DA:410,0
DA:411,0
DA:414,0
DA:420,0
DA:421,0
DA:425,0
DA:426,0
DA:427,0
DA:430,0
DA:436,0
DA:438,0
DA:439,0
DA:442,0
DA:446,0
DA:447,0
DA:450,0
DA:453,0
DA:454,0
DA:457,0
DA:462,0
DA:463,0
DA:464,0
DA:471,0
DA:473,0
DA:474,0
DA:499,0
DA:501,0
DA:502,0
DA:505,0
DA:507,0
DA:508,0
DA:515,0
DA:518,0
DA:519,0
DA:527,0
DA:529,0
DA:530,0
DA:539,0
DA:542,0
DA:543,0
DA:547,0
DA:549,0
DA:550,0
DA:625,0
DA:627,0
DA:628,0
DA:631,0
DA:634,0
DA:635,0
DA:639,0
DA:641,0
DA:642,0
LF:193
LH:0
end_of_record
TN:
SF:/usr/lib/x86_64-linux-gnu/openmpi/include/openmpi/ompi/mpi/cxx/datatype.h
FN:70,_ZN3MPI8DatatypeD0Ev
FN:70,_ZN3MPI8DatatypeD2Ev
FNDA:0,_ZN3MPI8DatatypeD0Ev
FNDA:0,_ZN3MPI8DatatypeD2Ev
FNF:2
FNH:0
DA:70,0
DA:72,0
DA:88,0
DA:90,0
LF:4
LH:0
end_of_record
TN:
SF:/usr/lib/x86_64-linux-gnu/openmpi/include/openmpi/ompi/mpi/cxx/datatype_inln.h
FN:29,_ZNK3MPI8Datatype17Create_contiguousEi
FN:37,_ZNK3MPI8Datatype13Create_vectorEiii
FN:46,_ZNK3MPI8Datatype14Create_indexedEiPKiS2_
FN:75,_ZNK3MPI8Datatype15Create_hindexedEiPKiPKl
FN:86,_ZNK3MPI8Datatype14Create_hvectorEiil
FN:97,_ZNK3MPI8Datatype20Create_indexed_blockEiiPKi
FN:107,_ZNK3MPI8Datatype14Create_resizedEll
FN:116,_ZNK3MPI8Datatype8Get_sizeEv
FN:124,_ZNK3MPI8Datatype10Get_extentERlS1_
FN:130,_ZNK3MPI8Datatype15Get_true_extentERlS1_
FN:136,_ZN3MPI8Datatype6CommitEv
FN:142,_ZNK3MPI8Datatype4PackEPKviPviRiRKNS_4CommE
FN:151,_ZNK3MPI8Datatype6UnpackEPKviPviRiRKNS_4CommE
FN:160,_ZNK3MPI8Datatype9Pack_sizeEiRKNS_4CommE
FN:168,_ZNK3MPI8Datatype13Pack_externalEPKcPKviPvlRl
FN:176,_ZNK3MPI8Datatype18Pack_external_sizeEPKci
FN:184,_ZNK3MPI8Datatype15Unpack_externalEPKcPKvlRlPvi
FN:196,_ZNK3MPI8Datatype15Create_subarrayEiPKiS2_S2_i
FN:210,_ZNK3MPI8Datatype13Create_darrayEiiiPKiS2_S2_S2_i
FN:263,_ZNK3MPI8Datatype3DupEv
FN:332,_ZN3MPI8Datatype11Delete_attrEi
FN:344,_ZNK3MPI8Datatype8Get_attrEiPv
FN:354,_ZNK3MPI8Datatype12Get_contentsEiiiPiPlPS0_
FN:376,_ZNK3MPI8Datatype12Get_envelopeERiS1_S1_S1_
FN:384,_ZNK3MPI8Datatype8Get_nameEPcRi
FN:390,_ZN3MPI8Datatype8Set_attrEiPKv
FN:396,_ZN3MPI8Datatype8Set_nameEPKc
FNDA:0,_ZN3MPI8Datatype11Delete_attrEi
FNDA:0,_ZN3MPI8Datatype6CommitEv
FNDA:0,_ZN3MPI8Datatype8Set_attrEiPKv
FNDA:0,_ZN3MPI8Datatype8Set_nameEPKc
FNDA:0,_ZNK3MPI8Datatype10Get_extentERlS1_
FNDA:0,_ZNK3MPI8Datatype12Get_contentsEiiiPiPlPS0_
FNDA:0,_ZNK3MPI8Datatype12Get_envelopeERiS1_S1_S1_
FNDA:0,_ZNK3MPI8Datatype13Create_darrayEiiiPKiS2_S2_S2_i
FNDA:0,_ZNK3MPI8Datatype13Create_vectorEiii
FNDA:0,_ZNK3MPI8Datatype13Pack_externalEPKcPKviPvlRl
FNDA:0,_ZNK3MPI8Datatype14Create_hvectorEiil
FNDA:0,_ZNK3MPI8Datatype14Create_indexedEiPKiS2_
FNDA:0,_ZNK3MPI8Datatype14Create_resizedEll
FNDA:0,_ZNK3MPI8Datatype15Create_hindexedEiPKiPKl
FNDA:0,_ZNK3MPI8Datatype15Create_subarrayEiPKiS2_S2_i
FNDA:0,_ZNK3MPI8Datatype15Get_true_extentERlS1_
FNDA:0,_ZNK3MPI8Datatype15Unpack_externalEPKcPKvlRlPvi
FNDA:0,_ZNK3MPI8Datatype17Create_contiguousEi
FNDA:0,_ZNK3MPI8Datatype18Pack_external_sizeEPKci
FNDA:0,_ZNK3MPI8Datatype20Create_indexed_blockEiiPKi
FNDA:0,_ZNK3MPI8Datatype3DupEv
FNDA:0,_ZNK3MPI8Datatype4PackEPKviPviRiRKNS_4CommE
FNDA:0,_ZNK3MPI8Datatype6UnpackEPKviPviRiRKNS_4CommE
FNDA:0,_ZNK3MPI8Datatype8Get_attrEiPv
FNDA:0,_ZNK3MPI8Datatype8Get_nameEPcRi
FNDA:0,_ZNK3MPI8Datatype8Get_sizeEv
FNDA:0,_ZNK3MPI8Datatype9Pack_sizeEiRKNS_4CommE
FNF:27
FNH:0
DA:29,0
DA:32,0
DA:33,0
DA:37,0
DA:41,0
DA:42,0
DA:46,0
DA:51,0
DA:52,0
DA:53,0
DA:75,0
DA:79,0
DA:81,0
DA:82,0
DA:86,0
DA:90,0
DA:91,0
DA:93,0
DA:97,0
DA:101,0
DA:102,0
DA:103,0
DA:107,0
DA:111,0
DA:112,0
DA:116,0
DA:119,0
DA:120,0
DA:124,0
DA:126,0
DA:127,0
DA:130,0
DA:132,0
DA:133,0
DA:136,0
DA:138,0
DA:139,0
DA:142,0
DA:146,0
DA:148,0
DA:151,0
DA:155,0
DA:156,0
DA:157,0
DA:160,0
DA:163,0
DA:164,0
DA:168,0
DA:171,0
DA:172,0
DA:173,0
DA:176,0
DA:179,0
DA:180,0
DA:184,0
DA:187,0
DA:188,0
DA:189,0
DA:196,0
DA:202,0
DA:205,0
DA:206,0
DA:210,0
DA:216,0
DA:221,0
DA:222,0
DA:263,0
DA:266,0
DA:267,0
DA:332,0
DA:334,0
DA:335,0
DA:344,0
DA:348,0
DA:349,0
DA:354,0
DA:360,0
DA:362,0
DA:369,0
DA:370,0
DA:372,0
DA:373,0
DA:376,0
DA:379,0
DA:381,0
DA:384,0
DA:386,0
DA:387,0
DA:390,0
DA:392,0
DA:393,0
DA:396,0
DA:398,0
DA:399,0
LF:94
LH:0
end_of_record
TN:
SF:/usr/lib/x86_64-linux-gnu/openmpi/include/openmpi/ompi/mpi/cxx/errhandler.h
FN:27,_ZN3MPI10ErrhandlerD0Ev
FN:27,_ZN3MPI10ErrhandlerD2Ev
FNDA:0,_ZN3MPI10ErrhandlerD0Ev
FNDA:0,_ZN3MPI10ErrhandlerD2Ev
FNF:2
FNH:0
DA:27,0
DA:30,0
DA:51,0
LF:3
LH:0
end_of_record
TN:
SF:/usr/lib/x86_64-linux-gnu/openmpi/include/openmpi/ompi/mpi/cxx/errhandler_inln.h
FN:42,_ZN3MPI10Errhandler4FreeEv
FNDA:0,_ZN3MPI10Errhandler4FreeEv
FNF:1
FNH:0
DA:42,0
DA:44,0
DA:45,0
LF:3
LH:0
end_of_record
TN:
SF:/usr/lib/x86_64-linux-gnu/openmpi/include/openmpi/ompi/mpi/cxx/functions_inln.h
FNF:0
FNH:0
DA:142,0
DA:143,0
LF:2
LH:0
end_of_record
TN:
SF:/usr/lib/x86_64-linux-gnu/openmpi/include/openmpi/ompi/mpi/cxx/group.h
FN:67,_ZN3MPI5GroupD0Ev
FN:67,_ZN3MPI5GroupD2Ev
FNDA:0,_ZN3MPI5GroupD0Ev
FNDA:0,_ZN3MPI5GroupD2Ev
FNF:2
FNH:0
DA:62,0
DA:67,0
DA:77,0
LF:3
LH:0
end_of_record
TN:
SF:/usr/lib/x86_64-linux-gnu/openmpi/include/openmpi/ompi/mpi/cxx/group_inln.h
FN:26,_ZNK3MPI5Group8Get_sizeEv
FN:34,_ZNK3MPI5Group8Get_rankEv
FN:82,_ZNK3MPI5Group4InclEiPKi
FN:90,_ZNK3MPI5Group4ExclEiPKi
FN:98,_ZNK3MPI5Group10Range_inclEiPA3_Ki
FN:112,_ZNK3MPI5Group10Range_exclEiPA3_Ki
FN:126,_ZN3MPI5Group4FreeEv
FNDA:0,_ZN3MPI5Group4FreeEv
FNDA:0,_ZNK3MPI5Group10Range_exclEiPA3_Ki
FNDA:0,_ZNK3MPI5Group10Range_inclEiPA3_Ki
FNDA:0,_ZNK3MPI5Group4ExclEiPKi
FNDA:0,_ZNK3MPI5Group4InclEiPKi
FNDA:0,_ZNK3MPI5Group8Get_rankEv
FNDA:0,_ZNK3MPI5Group8Get_sizeEv
FNF:7
FNH:0
DA:26,0
DA:29,0
DA:30,0
DA:34,0
DA:37,0
DA:38,0
DA:82,0
DA:85,0
DA:86,0
DA:90,0
DA:93,0
DA:94,0
DA:98,0
DA:101,0
DA:108,0
DA:112,0
DA:115,0
DA:122,0
DA:126,0
DA:128,0
DA:129,0
LF:21
LH:0
end_of_record
TN:
SF:/usr/lib/x86_64-linux-gnu/openmpi/include/openmpi/ompi/mpi/cxx/info.h
FN:63,_ZN3MPI4InfoD0Ev
FN:63,_ZN3MPI4InfoD2Ev
FNDA:0,_ZN3MPI4InfoD0Ev
FNDA:0,_ZN3MPI4InfoD2Ev
FNF:2
FNH:0
DA:61,0
DA:63,0
DA:73,0
LF:3
LH:0
end_of_record
TN:
SF:/usr/lib/x86_64-linux-gnu/openmpi/include/openmpi/ompi/mpi/cxx/info_inln.h
FN:30,_ZN3MPI4Info6DeleteEPKc
FN:36,_ZNK3MPI4Info3DupEv
FN:44,_ZN3MPI4Info4FreeEv
FN:50,_ZNK3MPI4Info3GetEPKciPc
FN:58,_ZNK3MPI4Info9Get_nkeysEv
FN:66,_ZNK3MPI4Info10Get_nthkeyEiPc
FN:72,_ZNK3MPI4Info12Get_valuelenEPKcRi
FN:80,_ZN3MPI4Info3SetEPKcS2_
FNDA:0,_ZN3MPI4Info3SetEPKcS2_
FNDA:0,_ZN3MPI4Info4FreeEv
FNDA:0,_ZN3MPI4Info6DeleteEPKc
FNDA:0,_ZNK3MPI4Info10Get_nthkeyEiPc
FNDA:0,_ZNK3MPI4Info12Get_valuelenEPKcRi
FNDA:0,_ZNK3MPI4Info3DupEv
FNDA:0,_ZNK3MPI4Info3GetEPKciPc
FNDA:0,_ZNK3MPI4Info9Get_nkeysEv
FNF:8
FNH:0
DA:30,0
DA:32,0
DA:33,0
DA:36,0
DA:39,0
DA:40,0
DA:44,0
DA:46,0
DA:47,0
DA:50,0
DA:53,0
DA:54,0
DA:58,0
DA:61,0
DA:62,0
DA:66,0
DA:68,0
DA:69,0
DA:72,0
DA:75,0
DA:76,0
DA:80,0
DA:82,0
DA:83,0
LF:24
LH:0
end_of_record
TN:
SF:/usr/lib/x86_64-linux-gnu/openmpi/include/openmpi/ompi/mpi/cxx/intercomm.h
FNF:0
FNH:0
DA:34,0
LF:1
LH:0
end_of_record
TN:
SF:/usr/lib/x86_64-linux-gnu/openmpi/include/openmpi/ompi/mpi/cxx/intercomm_inln.h
FN:30,_ZNK3MPI9Intercomm5CloneEv
FN:39,_ZNK3MPI9Intercomm15Get_remote_sizeEv
FN:47,_ZNK3MPI9Intercomm16Get_remote_groupEv
FN:55,_ZNK3MPI9Intercomm5MergeEb
FN:68,_ZNK3MPI9Intercomm6CreateERKNS_5GroupE
FN:76,_ZNK3MPI9Intercomm5SplitEii
FNDA:0,_ZNK3MPI9Intercomm15Get_remote_sizeEv
FNDA:0,_ZNK3MPI9Intercomm16Get_remote_groupEv
FNDA:0,_ZNK3MPI9Intercomm5CloneEv
FNDA:0,_ZNK3MPI9Intercomm5MergeEb
FNDA:0,_ZNK3MPI9Intercomm5SplitEii
FNDA:0,_ZNK3MPI9Intercomm6CreateERKNS_5GroupE
FNF:6
FNH:0
DA:30,0
DA:33,0
DA:34,0
DA:35,0
DA:39,0
DA:42,0
DA:43,0
DA:47,0
DA:50,0
DA:51,0
DA:55,0
DA:58,0
DA:59,0
DA:68,0
DA:71,0
DA:72,0
DA:76,0
DA:79,0
DA:80,0
LF:19
LH:0
end_of_record
TN:
SF:/usr/lib/x86_64-linux-gnu/openmpi/include/openmpi/ompi/mpi/cxx/intracomm.h
FNF:0
FNH:0
DA:25,0
LF:1
LH:0
end_of_record
TN:
SF:/usr/lib/x86_64-linux-gnu/openmpi/include/openmpi/ompi/mpi/cxx/intracomm_inln.h
FN:23,_ZN3MPI9IntracommC2EP19ompi_communicator_t
FN:39,_ZNK3MPI9Intracomm4ScanEPKvPviRKNS_8DatatypeERKNS_2OpE
FN:46,_ZNK3MPI9Intracomm6ExscanEPKvPviRKNS_8DatatypeERKNS_2OpE
FN:62,_ZNK3MPI9Intracomm5CloneEv
FN:71,_ZNK3MPI9Intracomm6CreateERKNS_5GroupE
FN:79,_ZNK3MPI9Intracomm5SplitEii
FN:89,_ZNK3MPI9Intracomm16Create_intercommEiRKNS_4CommEii
FN:100,_ZNK3MPI9Intracomm11Create_cartEiPKiPKbb
FN:115,_ZNK3MPI9Intracomm12Create_graphEiPKiS2_b
FN:130,_ZNK3MPI9Intracomm6AcceptEPKcRKNS_4InfoEi
FN:142,_ZNK3MPI9Intracomm7ConnectEPKcRKNS_4InfoEi
FN:154,_ZNK3MPI9Intracomm5SpawnEPKcPS2_iRKNS_4InfoEi
FN:167,_ZNK3MPI9Intracomm5SpawnEPKcPS2_iRKNS_4InfoEiPi
FN:180,_ZN3MPI9Intracomm14Spawn_multipleEiPPKcPS3_PKiPKNS_4InfoEi
FN:200,_ZN3MPI9Intracomm24convert_info_to_mpi_infoEiPKNS_4InfoE
FN:212,_ZN3MPI9Intracomm14Spawn_multipleEiPPKcPS3_PKiPKNS_4InfoEiPi
FNDA:0,_ZN3MPI9Intracomm14Spawn_multipleEiPPKcPS3_PKiPKNS_4InfoEi
FNDA:0,_ZN3MPI9Intracomm14Spawn_multipleEiPPKcPS3_PKiPKNS_4InfoEiPi
FNDA:0,_ZN3MPI9Intracomm24convert_info_to_mpi_infoEiPKNS_4InfoE
FNDA:0,_ZN3MPI9IntracommC2EP19ompi_communicator_t
FNDA:0,_ZNK3MPI9Intracomm11Create_cartEiPKiPKbb
FNDA:0,_ZNK3MPI9Intracomm12Create_graphEiPKiS2_b
FNDA:0,_ZNK3MPI9Intracomm16Create_intercommEiRKNS_4CommEii
FNDA:0,_ZNK3MPI9Intracomm4ScanEPKvPviRKNS_8DatatypeERKNS_2OpE
FNDA:0,_ZNK3MPI9Intracomm5CloneEv
FNDA:0,_ZNK3MPI9Intracomm5SpawnEPKcPS2_iRKNS_4InfoEi
FNDA:0,_ZNK3MPI9Intracomm5SpawnEPKcPS2_iRKNS_4InfoEiPi
FNDA:0,_ZNK3MPI9Intracomm5SplitEii
FNDA:0,_ZNK3MPI9Intracomm6AcceptEPKcRKNS_4InfoEi
FNDA:0,_ZNK3MPI9Intracomm6CreateERKNS_5GroupE
FNDA:0,_ZNK3MPI9Intracomm6ExscanEPKvPviRKNS_8DatatypeERKNS_2OpE
FNDA:0,_ZNK3MPI9Intracomm7ConnectEPKcRKNS_4InfoEi
FNF:16
FNH:0
DA:23,0
DA:24,0
DA:25,0
DA:26,0
DA:27,0
DA:28,0
DA:30,0
DA:34,0
DA:36,0
DA:39,0
DA:42,0
DA:43,0
DA:46,0
DA:50,0
DA:51,0
DA:62,0
DA:65,0
DA:66,0
DA:67,0
DA:71,0
DA:74,0
DA:75,0
DA:79,0
DA:82,0
DA:83,0
DA:89,0
DA:94,0
DA:96,0
DA:100,0
DA:103,0
DA:104,0
DA:105,0
DA:108,0
DA:110,0
DA:111,0
DA:115,0
DA:119,0
DA:121,0
DA:130,0
DA:135,0
DA:137,0
DA:142,0
DA:147,0
DA:149,0
DA:154,0
DA:159,0
DA:160,0
DA:162,0
DA:167,0
DA:172,0
DA:173,0
DA:175,0
DA:180,0
DA:188,0
DA:190,0
DA:195,0
DA:196,0
DA:200,0
DA:202,0
DA:204,0
DA:205,0
DA:208,0
DA:212,0
DA:221,0
DA:223,0
DA:228,0
DA:229,0
LF:67
LH:0
end_of_record
TN:
SF:/usr/lib/x86_64-linux-gnu/openmpi/include/openmpi/ompi/mpi/cxx/op_inln.h
FN:76,_ZN3MPI2OpD0Ev
FN:76,_ZN3MPI2OpD2Ev
FN:119,_ZN3MPI2Op4InitEPFvPKvPviRKNS_8DatatypeEEb
FN:128,_ZN3MPI2Op4FreeEv
FN:135,_ZNK3MPI2Op12Reduce_localEPKvPviRKNS_8DatatypeE
FN:144,_ZNK3MPI2Op14Is_commutativeEv
FNDA:0,_ZN3MPI2Op4FreeEv
FNDA:0,_ZN3MPI2Op4InitEPFvPKvPviRKNS_8DatatypeEEb
FNDA:0,_ZN3MPI2OpD0Ev
FNDA:0,_ZN3MPI2OpD2Ev
FNDA:0,_ZNK3MPI2Op12Reduce_localEPKvPviRKNS_8DatatypeE
FNDA:0,_ZNK3MPI2Op14Is_commutativeEv
FNF:6
FNH:0
DA:76,0
DA:82,0
DA:102,0
DA:119,0
DA:121,0
DA:123,0
DA:124,0
DA:128,0
DA:130,0
DA:131,0
DA:135,0
DA:138,0
DA:139,0
DA:140,0
DA:144,0
DA:147,0
DA:148,0
LF:17
LH:0
end_of_record
TN:
SF:/usr/lib/x86_64-linux-gnu/openmpi/include/openmpi/ompi/mpi/cxx/request.h
FN:61,_ZN3MPI7RequestD0Ev
FN:61,_ZN3MPI7RequestD2Ev
FN:177,_ZN3MPI8PrequestD0Ev
FN:177,_ZN3MPI8PrequestD2Ev
FN:209,_ZN3MPI8GrequestD0Ev
FN:209,_ZN3MPI8GrequestD2Ev
FNDA:0,_ZN3MPI7RequestD0Ev
FNDA:0,_ZN3MPI7RequestD2Ev
FNDA:0,_ZN3MPI8GrequestD0Ev
FNDA:0,_ZN3MPI8GrequestD2Ev
FNDA:0,_ZN3MPI8PrequestD0Ev
FNDA:0,_ZN3MPI8PrequestD2Ev
FNF:6
FNH:0
DA:61,0
DA:62,0
DA:175,0
DA:177,0
DA:209,0
LF:5
LH:0
end_of_record
TN:
SF:/usr/lib/x86_64-linux-gnu/openmpi/include/openmpi/ompi/mpi/cxx/request_inln.h
FN:27,_ZN3MPI7Request4WaitERNS_6StatusE
FN:33,_ZN3MPI7Request4WaitEv
FN:39,_ZN3MPI7Request4FreeEv
FN:45,_ZN3MPI7Request4TestERNS_6StatusE
FN:53,_ZN3MPI7Request4TestEv
FN:288,_ZNK3MPI7Request6CancelEv
FN:294,_ZN3MPI8Prequest5StartEv
FN:315,_ZNK3MPI7Request10Get_statusERNS_6StatusE
FN:330,_ZNK3MPI7Request10Get_statusEv
FN:362,_ZN3MPI8Grequest8CompleteEv
FNDA:0,_ZN3MPI7Request4FreeEv
FNDA:0,_ZN3MPI7Request4TestERNS_6StatusE
FNDA:0,_ZN3MPI7Request4TestEv
FNDA:0,_ZN3MPI7Request4WaitERNS_6StatusE
FNDA:0,_ZN3MPI7Request4WaitEv
FNDA:0,_ZN3MPI8Grequest8CompleteEv
FNDA:0,_ZN3MPI8Prequest5StartEv
FNDA:0,_ZNK3MPI7Request10Get_statusERNS_6StatusE
FNDA:0,_ZNK3MPI7Request10Get_statusEv
FNDA:0,_ZNK3MPI7Request6CancelEv
FNF:10
FNH:0
DA:27,0
DA:29,0
DA:30,0
DA:33,0
DA:35,0
DA:36,0
DA:39,0
DA:41,0
DA:42,0
DA:45,0
DA:48,0
DA:49,0
DA:53,0
DA:56,0
DA:57,0
DA:288,0
DA:290,0
DA:291,0
DA:294,0
DA:296,0
DA:297,0
DA:315,0
DA:317,0
DA:323,0
DA:324,0
DA:327,0
DA:330,0
DA:337,0
DA:338,0
DA:362,0
DA:364,0
DA:365,0
LF:32
LH:0
end_of_record
TN:
SF:/usr/lib/x86_64-linux-gnu/openmpi/include/openmpi/ompi/mpi/cxx/status.h
FN:64,_ZN3MPI6StatusD0Ev
FN:64,_ZN3MPI6StatusD2Ev
FNDA:0,_ZN3MPI6StatusD0Ev
FNDA:0,_ZN3MPI6StatusD2Ev
FNF:2
FNH:0
DA:64,0
DA:73,0
LF:2
LH:0
end_of_record
TN:
SF:/usr/lib/x86_64-linux-gnu/openmpi/include/openmpi/ompi/mpi/cxx/status_inln.h
FN:26,_ZNK3MPI6Status9Get_countERKNS_8DatatypeE
FN:34,_ZNK3MPI6Status12Is_cancelledEv
FN:42,_ZNK3MPI6Status12Get_elementsERKNS_8DatatypeE
FN:53,_ZNK3MPI6Status10Get_sourceEv
FN:61,_ZN3MPI6Status10Set_sourceEi
FN:67,_ZNK3MPI6Status7Get_tagEv
FN:75,_ZN3MPI6Status7Set_tagEi
FN:81,_ZNK3MPI6Status9Get_errorEv
FN:89,_ZN3MPI6Status9Set_errorEi
FN:95,_ZN3MPI6Status12Set_elementsERKNS_8DatatypeEi
FN:101,_ZN3MPI6Status13Set_cancelledEb
FNDA:0,_ZN3MPI6Status10Set_sourceEi
FNDA:0,_ZN3MPI6Status12Set_elementsERKNS_8DatatypeEi
FNDA:0,_ZN3MPI6Status13Set_cancelledEb
FNDA:0,_ZN3MPI6Status7Set_tagEi
FNDA:0,_ZN3MPI6Status9Set_errorEi
FNDA:0,_ZNK3MPI6Status10Get_sourceEv
FNDA:0,_ZNK3MPI6Status12Get_elementsERKNS_8DatatypeE
FNDA:0,_ZNK3MPI6Status12Is_cancelledEv
FNDA:0,_ZNK3MPI6Status7Get_tagEv
FNDA:0,_ZNK3MPI6Status9Get_countERKNS_8DatatypeE
FNDA:0,_ZNK3MPI6Status9Get_errorEv
FNF:11
FNH:0
DA:26,0
DA:29,0
DA:30,0
DA:34,0
DA:37,0
DA:38,0
DA:42,0
DA:45,0
DA:46,0
DA:53,0
DA:56,0
DA:57,0
DA:61,0
DA:63,0
DA:64,0
DA:67,0
DA:70,0
DA:71,0
DA:75,0
DA:77,0
DA:78,0
DA:81,0
DA:84,0
DA:85,0
DA:89,0
DA:91,0
DA:92,0
DA:95,0
DA:97,0
DA:98,0
DA:101,0
DA:103,0
DA:104,0
LF:33
LH:0
end_of_record
TN:
SF:/usr/lib/x86_64-linux-gnu/openmpi/include/openmpi/ompi/mpi/cxx/topology.h
FNF:0
FNH:0
LF:0
LH:0
end_of_record
TN:
SF:/usr/lib/x86_64-linux-gnu/openmpi/include/openmpi/ompi/mpi/cxx/topology_inln.h
FN:28,_ZN3MPI8CartcommC2ERKP19ompi_communicator_t
FN:59,_ZNK3MPI8Cartcomm7Get_dimEv
FN:67,_ZNK3MPI8Cartcomm8Get_topoEiPiPbS1_
FN:83,_ZNK3MPI8Cartcomm13Get_cart_rankEPKi
FN:91,_ZNK3MPI8Cartcomm10Get_coordsEiiPi
FN:97,_ZNK3MPI8Cartcomm5ShiftEiiRiS1_
FN:104,_ZNK3MPI8Cartcomm3SubEPKb
FN:119,_ZNK3MPI8Cartcomm3MapEiPKiPKb
FN:133,_ZNK3MPI8Cartcomm5CloneEv
FN:146,_ZN3MPI9GraphcommC2ERKP19ompi_communicator_t
FN:177,_ZNK3MPI9Graphcomm8Get_dimsEPiS1_
FN:183,_ZNK3MPI9Graphcomm8Get_topoEiiPiS1_
FN:190,_ZNK3MPI9Graphcomm19Get_neighbors_countEi
FN:198,_ZNK3MPI9Graphcomm13Get_neighborsEiiPi
FN:205,_ZNK3MPI9Graphcomm3MapEiPKiS2_
FN:214,_ZNK3MPI9Graphcomm5CloneEv
FNDA:0,_ZN3MPI8CartcommC2ERKP19ompi_communicator_t
FNDA:0,_ZN3MPI9GraphcommC2ERKP19ompi_communicator_t
FNDA:0,_ZNK3MPI8Cartcomm10Get_coordsEiiPi
FNDA:0,_ZNK3MPI8Cartcomm13Get_cart_rankEPKi
FNDA:0,_ZNK3MPI8Cartcomm3MapEiPKiPKb
FNDA:0,_ZNK3MPI8Cartcomm3SubEPKb
FNDA:0,_ZNK3MPI8Cartcomm5CloneEv
FNDA:0,_ZNK3MPI8Cartcomm5ShiftEiiRiS1_
FNDA:0,_ZNK3MPI8Cartcomm7Get_dimEv
FNDA:0,_ZNK3MPI8Cartcomm8Get_topoEiPiPbS1_
FNDA:0,_ZNK3MPI9Graphcomm13Get_neighborsEiiPi
FNDA:0,_ZNK3MPI9Graphcomm19Get_neighbors_countEi
FNDA:0,_ZNK3MPI9Graphcomm3MapEiPKiS2_
FNDA:0,_ZNK3MPI9Graphcomm5CloneEv
FNDA:0,_ZNK3MPI9Graphcomm8Get_dimsEPiS1_
FNDA:0,_ZNK3MPI9Graphcomm8Get_topoEiiPiS1_
FNF:16
FNH:0
DA:28,0
DA:29,0
DA:30,0
DA:31,0
DA:32,0
DA:33,0
DA:35,0
DA:38,0
DA:40,0
DA:59,0
DA:62,0
DA:63,0
DA:67,0
DA:70,0
DA:72,0
DA:73,0
DA:75,0
DA:76,0
DA:77,0
DA:79,0
DA:80,0
DA:83,0
DA:86,0
DA:87,0
DA:91,0
DA:93,0
DA:94,0
DA:97,0
DA:100,0
DA:101,0
DA:104,0
DA:107,0
DA:108,0
DA:109,0
DA:110,0
DA:113,0
DA:114,0
DA:115,0
DA:119,0
DA:121,0
DA:122,0
DA:123,0
DA:126,0
DA:127,0
DA:128,0
DA:133,0
DA:136,0
DA:137,0
DA:138,0
DA:146,0
DA:147,0
DA:148,0
DA:149,0
DA:150,0
DA:151,0
DA:153,0
DA:156,0
DA:158,0
DA:177,0
DA:179,0
DA:180,0
DA:183,0
DA:186,0
DA:187,0
DA:190,0
DA:193,0
DA:194,0
DA:198,0
DA:201,0
DA:202,0
DA:205,0
DA:209,0
DA:210,0
DA:214,0
DA:217,0
DA:218,0
DA:219,0
LF:77
LH:0
end_of_record
TN:
SF:/usr/lib/x86_64-linux-gnu/openmpi/include/openmpi/ompi/mpi/cxx/win.h
FN:63,_ZN3MPI3WinD0Ev
FN:63,_ZN3MPI3WinD2Ev
FNDA:0,_ZN3MPI3WinD0Ev
FNDA:0,_ZN3MPI3WinD2Ev
FNF:2
FNH:0
DA:63,0
LF:1
LH:0
end_of_record
TN:
SF:/usr/lib/x86_64-linux-gnu/openmpi/include/openmpi/ompi/mpi/cxx/win_inln.h
FN:30,_ZNK3MPI3Win14Get_errhandlerEv
FN:39,_ZNK3MPI3Win14Set_errhandlerERKNS_10ErrhandlerE
FN:51,_ZNK3MPI3Win10AccumulateEPKviRKNS_8DatatypeEiliS5_RKNS_2OpE
FN:65,_ZNK3MPI3Win8CompleteEv
FN:83,_ZNK3MPI3Win5FenceEi
FN:90,_ZNK3MPI3Win3GetEPKviRKNS_8DatatypeEiliS5_
FN:104,_ZNK3MPI3Win9Get_groupEv
FN:113,_ZNK3MPI3Win4LockEiii
FN:120,_ZNK3MPI3Win4PostERKNS_5GroupEi
FN:127,_ZNK3MPI3Win3PutEPKviRKNS_8DatatypeEiliS5_
FN:141,_ZNK3MPI3Win5StartERKNS_5GroupEi
FN:148,_ZNK3MPI3Win4TestEv
FN:158,_ZNK3MPI3Win6UnlockEi
FN:165,_ZNK3MPI3Win4WaitEv
FN:176,_ZNK3MPI3Win15Call_errhandlerEi
FN:242,_ZN3MPI3Win11Delete_attrEi
FN:277,_ZNK3MPI3Win8Get_nameEPcRi
FN:284,_ZN3MPI3Win8Set_attrEiPKv
FN:291,_ZN3MPI3Win8Set_nameEPKc
FNDA:0,_ZN3MPI3Win11Delete_attrEi
FNDA:0,_ZN3MPI3Win8Set_attrEiPKv
FNDA:0,_ZN3MPI3Win8Set_nameEPKc
FNDA:0,_ZNK3MPI3Win10AccumulateEPKviRKNS_8DatatypeEiliS5_RKNS_2OpE
FNDA:0,_ZNK3MPI3Win14Get_errhandlerEv
FNDA:0,_ZNK3MPI3Win14Set_errhandlerERKNS_10ErrhandlerE
FNDA:0,_ZNK3MPI3Win15Call_errhandlerEi
FNDA:0,_ZNK3MPI3Win3GetEPKviRKNS_8DatatypeEiliS5_
FNDA:0,_ZNK3MPI3Win3PutEPKviRKNS_8DatatypeEiliS5_
FNDA:0,_ZNK3MPI3Win4LockEiii
FNDA:0,_ZNK3MPI3Win4PostERKNS_5GroupEi
FNDA:0,_ZNK3MPI3Win4TestEv
FNDA:0,_ZNK3MPI3Win4WaitEv
FNDA:0,_ZNK3MPI3Win5FenceEi
FNDA:0,_ZNK3MPI3Win5StartERKNS_5GroupEi
FNDA:0,_ZNK3MPI3Win6UnlockEi
FNDA:0,_ZNK3MPI3Win8CompleteEv
FNDA:0,_ZNK3MPI3Win8Get_nameEPcRi
FNDA:0,_ZNK3MPI3Win9Get_groupEv
FNF:19
FNH:0
DA:30,0
DA:33,0
DA:34,0
DA:39,0
DA:41,0
DA:42,0
DA:51,0
DA:57,0
DA:59,0
DA:61,0
DA:65,0
DA:67,0
DA:68,0
DA:83,0
DA:85,0
DA:86,0
DA:90,0
DA:96,0
DA:98,0
DA:100,0
DA:104,0
DA:107,0
DA:108,0
DA:113,0
DA:115,0
DA:116,0
DA:120,0
DA:122,0
DA:123,0
DA:127,0
DA:133,0
DA:135,0
DA:137,0
DA:141,0
DA:143,0
DA:144,0
DA:148,0
DA:151,0
DA:152,0
DA:158,0
DA:160,0
DA:161,0
DA:165,0
DA:167,0
DA:168,0
DA:176,0
DA:178,0
DA:179,0
DA:242,0
DA:244,0
DA:245,0
DA:277,0
DA:279,0
DA:280,0
DA:284,0
DA:286,0
DA:287,0
DA:291,0
DA:293,0
DA:294,0
LF:60
LH:0
end_of_record
