TN:
SF:/root/mfem/mfem/examples/2144.cpp
FN:11,_ZN15dummyIntegrator16AssembleFaceGradERKN4mfem5ArrayIPKNS0_13FiniteElementEEES7_RNS0_26FaceElementTransformationsERKNS1_IPKNS0_6VectorEEERKNS0_7Array2DIPNS0_11DenseMatrixEEE
FN:29,main
FNDA:1,_ZN15dummyIntegrator16AssembleFaceGradERKN4mfem5ArrayIPKNS0_13FiniteElementEEES7_RNS0_26FaceElementTransformationsERKNS1_IPKNS0_6VectorEEERKNS0_7Array2DIPNS0_11DenseMatrixEEE
FNDA:1,main
FNF:2
FNH:2
DA:7,1
DA:11,1
DA:16,1
DA:17,1
DA:18,1
DA:19,1
DA:21,1
DA:29,1
DA:32,1
DA:34,1
DA:40,1
DA:41,1
DA:44,1
DA:45,1
DA:46,1
DA:47,1
DA:49,1
DA:54,1
DA:55,5
DA:56,4
DA:57,1
DA:58,4
DA:59,1
DA:60,4
DA:61,1
DA:62,4
DA:63,1
DA:68,1
DA:69,1
DA:70,1
DA:71,1
DA:73,1
DA:74,1
DA:75,1
DA:76,1
DA:77,1
DA:78,1
DA:83,1
DA:84,1
DA:85,2
DA:86,1
DA:87,1
DA:94,1
DA:95,1
DA:96,1
DA:97,1
DA:98,2
DA:99,1
DA:100,1
DA:102,1
DA:103,1
DA:105,1
DA:106,1
DA:107,1
LF:54
LH:54
end_of_record
TN:
SF:/root/mfem/mfem/fem/ceed/operator.hpp
FN:45,_ZN4mfem4ceed8OperatorD0Ev
FN:45,_ZN4mfem4ceed8OperatorD2Ev
FNDA:0,_ZN4mfem4ceed8OperatorD0Ev
FNDA:0,_ZN4mfem4ceed8OperatorD2Ev
FNF:2
FNH:0
DA:45,0
DA:46,0
DA:52,0
LF:3
LH:0
end_of_record
TN:
SF:/root/mfem/mfem/fem/eltrans.hpp
FN:167,_ZN4mfem21ElementTransformationD0Ev
FN:167,_ZN4mfem21ElementTransformationD2Ev
FN:443,_ZN4mfem27IsoparametricTransformationD0Ev
FN:443,_ZN4mfem27IsoparametricTransformationD2Ev
FNDA:0,_ZN4mfem21ElementTransformationD0Ev
FNDA:0,_ZN4mfem21ElementTransformationD2Ev
FNDA:0,_ZN4mfem27IsoparametricTransformationD0Ev
FNDA:0,_ZN4mfem27IsoparametricTransformationD2Ev
FNF:4
FNH:0
DA:167,0
DA:443,0
LF:2
LH:0
end_of_record
TN:
SF:/root/mfem/mfem/fem/fe.hpp
FN:628,_ZN4mfem19ScalarFiniteElement13CheckScalarFEERKNS_13FiniteElementE
FN:718,_ZNK4mfem18NodalFiniteElement21GetLocalInterpolationERNS_21ElementTransformationERNS_11DenseMatrixE
FN:725,_ZNK4mfem18NodalFiniteElement17GetTransferMatrixERKNS_13FiniteElementERNS_21ElementTransformationERNS_11DenseMatrixE
FN:2161,_ZNK4mfem24NodalTensorFiniteElement12GetDofToQuadERKNS_15IntegrationRuleENS_9DofToQuad4ModeE
FNDA:0,_ZN4mfem19ScalarFiniteElement13CheckScalarFEERKNS_13FiniteElementE
FNDA:0,_ZNK4mfem18NodalFiniteElement17GetTransferMatrixERKNS_13FiniteElementERNS_21ElementTransformationERNS_11DenseMatrixE
FNDA:0,_ZNK4mfem18NodalFiniteElement21GetLocalInterpolationERNS_21ElementTransformationERNS_11DenseMatrixE
FNDA:0,_ZNK4mfem24NodalTensorFiniteElement12GetDofToQuadERKNS_15IntegrationRuleENS_9DofToQuad4ModeE
FNF:4
FNH:0
DA:315,4
DA:332,0
DA:628,0
DA:630,0
DA:632,0
DA:718,0
DA:720,0
DA:725,0
DA:728,0
DA:2161,0
DA:2164,0
DA:2165,0
DA:2166,0
LF:13
LH:1
end_of_record
TN:
SF:/root/mfem/mfem/fem/fe_coll.hpp
FN:67,_ZNK4mfem23FiniteElementCollection29TraceFiniteElementForGeometryENS_8Geometry4TypeE
FN:214,_ZNK4mfem15H1_FECollection24FiniteElementForGeometryENS_8Geometry4TypeE
FN:217,_ZNK4mfem15H1_FECollection14DofForGeometryENS_8Geometry4TypeE
FN:222,_ZNK4mfem15H1_FECollection4NameEv
FN:223,_ZNK4mfem15H1_FECollection11GetContTypeEv
FN:236,_ZNK4mfem15H1_FECollection5CloneEi
FN:289,_ZNK4mfem15L2_FECollection24FiniteElementForGeometryENS_8Geometry4TypeE
FN:355,_ZNK4mfem15RT_FECollection24FiniteElementForGeometryENS_8Geometry4TypeE
FN:405,_ZNK4mfem15ND_FECollection24FiniteElementForGeometryENS_8Geometry4TypeE
FN:1077,_ZNK4mfem18Local_FECollection24FiniteElementForGeometryENS_8Geometry4TypeE
FN:1080,_ZNK4mfem18Local_FECollection14DofForGeometryENS_8Geometry4TypeE
FN:1082,_ZNK4mfem18Local_FECollection22DofOrderForOrientationENS_8Geometry4TypeEi
FN:1085,_ZNK4mfem18Local_FECollection4NameEv
FN:1087,_ZN4mfem18Local_FECollectionD0Ev
FN:1087,_ZN4mfem18Local_FECollectionD2Ev
FN:1088,_ZNK4mfem18Local_FECollection11GetContTypeEv
FNDA:0,_ZN4mfem18Local_FECollectionD0Ev
FNDA:0,_ZN4mfem18Local_FECollectionD2Ev
FNDA:0,_ZNK4mfem15H1_FECollection11GetContTypeEv
FNDA:0,_ZNK4mfem15H1_FECollection14DofForGeometryENS_8Geometry4TypeE
FNDA:0,_ZNK4mfem15H1_FECollection24FiniteElementForGeometryENS_8Geometry4TypeE
FNDA:0,_ZNK4mfem15H1_FECollection4NameEv
FNDA:0,_ZNK4mfem15H1_FECollection5CloneEi
FNDA:0,_ZNK4mfem15L2_FECollection24FiniteElementForGeometryENS_8Geometry4TypeE
FNDA:0,_ZNK4mfem15ND_FECollection24FiniteElementForGeometryENS_8Geometry4TypeE
FNDA:0,_ZNK4mfem15RT_FECollection24FiniteElementForGeometryENS_8Geometry4TypeE
FNDA:0,_ZNK4mfem18Local_FECollection11GetContTypeEv
FNDA:0,_ZNK4mfem18Local_FECollection14DofForGeometryENS_8Geometry4TypeE
FNDA:0,_ZNK4mfem18Local_FECollection22DofOrderForOrientationENS_8Geometry4TypeEi
FNDA:0,_ZNK4mfem18Local_FECollection24FiniteElementForGeometryENS_8Geometry4TypeE
FNDA:0,_ZNK4mfem18Local_FECollection4NameEv
FNDA:0,_ZNK4mfem23FiniteElementCollection29TraceFiniteElementForGeometryENS_8Geometry4TypeE
FNF:16
FNH:0
DA:67,0
DA:70,0
DA:214,0
DA:216,0
DA:217,0
DA:218,0
DA:222,0
DA:223,0
DA:236,0
DA:237,0
DA:289,0
DA:292,0
DA:355,0
DA:357,0
DA:405,0
DA:407,0
DA:1077,0
DA:1079,0
DA:1080,0
DA:1081,0
DA:1082,0
DA:1084,0
DA:1085,0
DA:1087,0
DA:1088,0
LF:25
LH:0
end_of_record
TN:
SF:/root/mfem/mfem/fem/fespace.hpp
FN:386,_ZN4mfem18FiniteElementSpaceC2EPNS_4MeshEPKNS_23FiniteElementCollectionEii
FN:534,_ZNK4mfem18FiniteElementSpace12GetTrueVSizeEv
FNDA:0,_ZNK4mfem18FiniteElementSpace12GetTrueVSizeEv
FNDA:1,_ZN4mfem18FiniteElementSpaceC2EPNS_4MeshEPKNS_23FiniteElementCollectionEii
FNF:2
FNH:1
DA:386,1
DA:389,1
DA:534,0
DA:540,0
LF:4
LH:2
end_of_record
TN:
SF:/root/mfem/mfem/fem/transfer.hpp
FN:209,_ZN4mfem24L2ProjectionGridTransfer12L2ProjectionD0Ev
FN:209,_ZN4mfem24L2ProjectionGridTransfer12L2ProjectionD2Ev
FN:229,_ZN4mfem24L2ProjectionGridTransfer14L2ProlongationD0Ev
FN:229,_ZN4mfem24L2ProjectionGridTransfer14L2ProlongationD2Ev
FNDA:0,_ZN4mfem24L2ProjectionGridTransfer12L2ProjectionD0Ev
FNDA:0,_ZN4mfem24L2ProjectionGridTransfer12L2ProjectionD2Ev
FNDA:0,_ZN4mfem24L2ProjectionGridTransfer14L2ProlongationD0Ev
FNDA:0,_ZN4mfem24L2ProjectionGridTransfer14L2ProlongationD2Ev
FNF:4
FNH:0
DA:209,0
DA:229,0
LF:2
LH:0
end_of_record
TN:
SF:/root/mfem/mfem/general/array.hpp
FNF:0
FNH:0
DA:58,2
DA:64,7
DA:65,7
DA:86,1
DA:128,5
DA:797,28
DA:799,16
DA:878,20
DA:880,16
DA:898,1
DA:908,1
LF:11
LH:11
end_of_record
TN:
SF:/root/mfem/mfem/general/device.hpp
FNF:0
FNH:0
DA:268,0
DA:281,0
DA:303,0
DA:305,0
DA:310,0
DA:321,0
DA:338,0
DA:355,0
LF:8
LH:0
end_of_record
TN:
SF:/root/mfem/mfem/general/mem_alloc.hpp
FN:93,_ZN4mfem5StackIPNS_11TetrahedronELi1024EE5ClearEv
FN:190,_ZN4mfem8MemAllocINS_11TetrahedronELi1024EE5ClearEv
FNDA:0,_ZN4mfem5StackIPNS_11TetrahedronELi1024EE5ClearEv
FNDA:0,_ZN4mfem8MemAllocINS_11TetrahedronELi1024EE5ClearEv
FNF:2
FNH:0
DA:52,0
DA:93,0
DA:96,0
DA:98,0
DA:99,0
DA:101,0
DA:103,0
DA:104,0
DA:106,0
DA:107,0
DA:108,0
DA:141,0
DA:162,0
DA:190,0
DA:193,0
DA:195,0
DA:196,0
DA:197,0
DA:199,0
DA:200,0
DA:201,0
LF:21
LH:0
end_of_record
TN:
SF:/root/mfem/mfem/general/mem_manager.hpp
FN:818,_ZN4mfem6MemoryIPNS_18FiniteElementSpaceEE3NewEi
FN:818,_ZN4mfem6MemoryIiE3NewEi
FN:932,_ZN4mfem6MemoryINS_4Mesh10NCFaceInfoEE6DeleteEv
FN:932,_ZN4mfem6MemoryINS_4Mesh8FaceInfoEE6DeleteEv
FN:932,_ZN4mfem6MemoryINS_6TripleIiiiEEE6DeleteEv
FN:932,_ZN4mfem6MemoryINS_6VertexEE6DeleteEv
FN:932,_ZN4mfem6MemoryINS_9EmbeddingEE6DeleteEv
FN:932,_ZN4mfem6MemoryIPNS_16GeometricFactorsEE6DeleteEv
FN:932,_ZN4mfem6MemoryIPNS_18FiniteElementSpaceEE6DeleteEv
FN:932,_ZN4mfem6MemoryIPNS_20FaceGeometricFactorsEE6DeleteEv
FN:932,_ZN4mfem6MemoryIPNS_22QuadratureInterpolatorEE6DeleteEv
FN:932,_ZN4mfem6MemoryIPNS_26FaceQuadratureInterpolatorEE6DeleteEv
FN:932,_ZN4mfem6MemoryIPNS_7ElementEE6DeleteEv
FN:932,_ZN4mfem6MemoryIcE6DeleteEv
FN:932,_ZN4mfem6MemoryIdE6DeleteEv
FN:932,_ZN4mfem6MemoryIiE6DeleteEv
FN:1005,_ZN4mfem6MemoryIdE9ReadWriteENS_11MemoryClassEi
FN:1018,_ZNK4mfem6MemoryIdE4ReadENS_11MemoryClassEi
FN:1031,_ZN4mfem6MemoryIdE5WriteENS_11MemoryClassEi
FNDA:0,_ZN4mfem6MemoryINS_4Mesh10NCFaceInfoEE6DeleteEv
FNDA:0,_ZN4mfem6MemoryINS_4Mesh8FaceInfoEE6DeleteEv
FNDA:0,_ZN4mfem6MemoryINS_6TripleIiiiEEE6DeleteEv
FNDA:0,_ZN4mfem6MemoryINS_6VertexEE6DeleteEv
FNDA:0,_ZN4mfem6MemoryINS_9EmbeddingEE6DeleteEv
FNDA:0,_ZN4mfem6MemoryIPNS_16GeometricFactorsEE6DeleteEv
FNDA:0,_ZN4mfem6MemoryIPNS_20FaceGeometricFactorsEE6DeleteEv
FNDA:0,_ZN4mfem6MemoryIPNS_22QuadratureInterpolatorEE6DeleteEv
FNDA:0,_ZN4mfem6MemoryIPNS_26FaceQuadratureInterpolatorEE6DeleteEv
FNDA:0,_ZN4mfem6MemoryIPNS_7ElementEE6DeleteEv
FNDA:0,_ZN4mfem6MemoryIcE6DeleteEv
FNDA:0,_ZN4mfem6MemoryIdE5WriteENS_11MemoryClassEi
FNDA:0,_ZN4mfem6MemoryIdE9ReadWriteENS_11MemoryClassEi
FNDA:0,_ZNK4mfem6MemoryIdE4ReadENS_11MemoryClassEi
FNDA:1,_ZN4mfem6MemoryIPNS_18FiniteElementSpaceEE3NewEi
FNDA:1,_ZN4mfem6MemoryIPNS_18FiniteElementSpaceEE6DeleteEv
FNDA:6,_ZN4mfem6MemoryIdE6DeleteEv
FNDA:11,_ZN4mfem6MemoryIiE3NewEi
FNDA:88,_ZN4mfem6MemoryIiE6DeleteEv
FNF:19
FNH:5
DA:173,7
DA:255,0
DA:259,0
DA:529,12
DA:792,14
DA:802,2
DA:803,2
DA:804,2
DA:805,2
DA:806,0
DA:818,12
DA:820,12
DA:821,12
DA:822,12
DA:823,12
DA:824,0
DA:825,12
DA:932,95
DA:934,95
DA:935,95
DA:938,95
DA:939,0
DA:941,95
DA:943,95
DA:960,24
DA:967,17
DA:1005,0
DA:1007,0
DA:1008,0
DA:1010,0
DA:1011,0
DA:1012,0
DA:1014,0
DA:1018,0
DA:1020,0
DA:1021,0
DA:1023,0
DA:1024,0
DA:1025,0
DA:1027,0
DA:1031,0
DA:1033,0
DA:1034,0
DA:1036,0
DA:1037,0
DA:1038,0
DA:1040,0
LF:47
LH:21
end_of_record
TN:
SF:/root/mfem/mfem/general/table.hpp
FNF:0
FNH:0
DA:56,2
LF:1
LH:1
end_of_record
TN:
SF:/root/mfem/mfem/linalg/blockoperator.hpp
FN:77,_ZN4mfem13BlockOperator8GetBlockEii
FNDA:1,_ZN4mfem13BlockOperator8GetBlockEii
FNF:1
FNH:1
DA:77,1
DA:78,1
LF:2
LH:2
end_of_record
TN:
SF:/root/mfem/mfem/linalg/constraints.hpp
FN:61,_ZN4mfem17ConstrainedSolverD0Ev
FN:61,_ZN4mfem17ConstrainedSolverD2Ev
FNDA:0,_ZN4mfem17ConstrainedSolverD0Ev
FNDA:0,_ZN4mfem17ConstrainedSolverD2Ev
FNF:2
FNH:0
DA:61,0
LF:1
LH:0
end_of_record
TN:
SF:/root/mfem/mfem/linalg/densemat.hpp
FNF:0
FNH:0
LF:0
LH:0
end_of_record
TN:
SF:/root/mfem/mfem/linalg/handle.hpp
FNF:0
FNH:0
DA:72,0
LF:1
LH:0
end_of_record
TN:
SF:/root/mfem/mfem/linalg/operator.hpp
FN:465,_ZN4mfem21TimeDependentOperatorD0Ev
FN:465,_ZN4mfem21TimeDependentOperatorD2Ev
FN:643,_ZN4mfem32SecondOrderTimeDependentOperatorD0Ev
FN:643,_ZN4mfem32SecondOrderTimeDependentOperatorD2Ev
FN:888,_ZN4mfem19ConstrainedOperatorD0Ev
FN:888,_ZN4mfem19ConstrainedOperatorD2Ev
FN:941,_ZN4mfem30RectangularConstrainedOperatorD0Ev
FN:941,_ZN4mfem30RectangularConstrainedOperatorD2Ev
FNDA:0,_ZN4mfem19ConstrainedOperatorD0Ev
FNDA:0,_ZN4mfem19ConstrainedOperatorD2Ev
FNDA:0,_ZN4mfem21TimeDependentOperatorD0Ev
FNDA:0,_ZN4mfem21TimeDependentOperatorD2Ev
FNDA:0,_ZN4mfem30RectangularConstrainedOperatorD0Ev
FNDA:0,_ZN4mfem30RectangularConstrainedOperatorD2Ev
FNDA:0,_ZN4mfem32SecondOrderTimeDependentOperatorD0Ev
FNDA:0,_ZN4mfem32SecondOrderTimeDependentOperatorD2Ev
FNF:8
FNH:0
DA:465,0
DA:643,0
DA:888,0
DA:941,0
LF:4
LH:0
end_of_record
TN:
SF:/root/mfem/mfem/linalg/solvers.hpp
FN:163,_ZN4mfem22OperatorJacobiSmootherD0Ev
FN:163,_ZN4mfem22OperatorJacobiSmootherD2Ev
FN:234,_ZN4mfem25OperatorChebyshevSmootherD0Ev
FN:234,_ZN4mfem25OperatorChebyshevSmootherD2Ev
FNDA:0,_ZN4mfem22OperatorJacobiSmootherD0Ev
FNDA:0,_ZN4mfem22OperatorJacobiSmootherD2Ev
FNDA:0,_ZN4mfem25OperatorChebyshevSmootherD0Ev
FNDA:0,_ZN4mfem25OperatorChebyshevSmootherD2Ev
FNF:4
FNH:0
DA:163,0
DA:234,0
LF:2
LH:0
end_of_record
TN:
SF:/root/mfem/mfem/linalg/sparsemat.hpp
FN:627,_ZN4mfem12SparseMatrixD0Ev
FN:627,_ZN4mfem12SparseMatrixD2Ev
FNDA:0,_ZN4mfem12SparseMatrixD0Ev
FNDA:0,_ZN4mfem12SparseMatrixD2Ev
FNF:2
FNH:0
DA:627,0
DA:628,1
DA:629,1
DA:650,0
LF:4
LH:2
end_of_record
TN:
SF:/root/mfem/mfem/linalg/vector.hpp
FN:108,_ZNK4mfem6Vector9UseDeviceEb
FN:111,_ZNK4mfem6Vector9UseDeviceEv
FN:397,_ZNK4mfem6Vector4ReadEb
FN:401,_ZNK4mfem6Vector8HostReadEv
FN:405,_ZN4mfem6Vector5WriteEb
FN:409,_ZN4mfem6Vector9HostWriteEv
FN:413,_ZN4mfem6Vector9ReadWriteEb
FN:417,_ZN4mfem6Vector13HostReadWriteEv
FN:592,_ZN4mfem6VectorD0Ev
FN:592,_ZN4mfem6VectorD2Ev
FNDA:0,_ZN4mfem6Vector13HostReadWriteEv
FNDA:0,_ZN4mfem6Vector5WriteEb
FNDA:0,_ZN4mfem6Vector9HostWriteEv
FNDA:0,_ZN4mfem6Vector9ReadWriteEb
FNDA:0,_ZNK4mfem6Vector4ReadEb
FNDA:0,_ZNK4mfem6Vector8HostReadEv
FNDA:0,_ZNK4mfem6Vector9UseDeviceEb
FNDA:0,_ZNK4mfem6Vector9UseDeviceEv
FNDA:2,_ZN4mfem6VectorD0Ev
FNDA:4,_ZN4mfem6VectorD2Ev
FNF:10
FNH:2
DA:108,0
DA:111,0
DA:397,0
DA:398,0
DA:401,0
DA:402,0
DA:405,0
DA:406,0
DA:409,0
DA:410,0
DA:413,0
DA:414,0
DA:417,0
DA:418,0
DA:592,12
DA:594,6
DA:595,6
LF:17
LH:3
end_of_record
TN:
SF:/root/mfem/mfem/mesh/mesh.hpp
FN:1506,_ZN4mfem4MeshD0Ev
FN:1506,_ZN4mfem4MeshD2Ev
FNDA:0,_ZN4mfem4MeshD0Ev
FNDA:0,_ZN4mfem4MeshD2Ev
FNF:2
FNH:0
DA:885,1
DA:1506,0
LF:2
LH:1
end_of_record
TN:
SF:/root/mfem/mfem/mesh/ncmesh.hpp
FNF:0
FNH:0
LF:0
LH:0
end_of_record
TN:
SF:/root/mfem/mfem/mesh/tetrahedron.hpp
FN:116,_ZN4mfem11TetrahedronD0Ev
FN:116,_ZN4mfem11TetrahedronD2Ev
FNDA:0,_ZN4mfem11TetrahedronD0Ev
FNDA:0,_ZN4mfem11TetrahedronD2Ev
FNF:2
FNH:0
DA:116,0
LF:1
LH:0
end_of_record
TN:
SF:/usr/include/c++/10/bits/basic_string.h
FNF:0
FNH:0
DA:187,1
DA:191,1
DA:195,1
DA:219,1
DA:225,1
DA:239,1
DA:245,1
DA:356,1
DA:671,1
LF:9
LH:9
end_of_record
TN:
SF:/usr/include/c++/10/bits/basic_string.tcc
FN:206,_ZNSt7__cxx1112basic_stringIcSt11char_traitsIcESaIcEE12_M_constructIPKcEEvT_S8_St20forward_iterator_tag
FNDA:1,_ZNSt7__cxx1112basic_stringIcSt11char_traitsIcESaIcEE12_M_constructIPKcEEvT_S8_St20forward_iterator_tag
FNF:1
FNH:1
DA:206,1
DA:211,1
DA:212,0
DA:215,1
DA:217,1
DA:219,1
DA:220,1
DA:232,1
DA:233,1
LF:9
LH:8
end_of_record
TN:
SF:/usr/include/c++/10/bits/char_traits.h
FNF:0
FNH:0
DA:357,0
DA:431,1
DA:437,1
LF:3
LH:2
end_of_record
TN:
SF:/usr/include/c++/10/bits/hashtable.h
FN:1438,_ZNSt10_HashtableIKSt5tupleIJbN4mfem18ElementDofOrderingENS1_8FaceTypeENS1_12L2FaceValuesEEESt4pairIS6_PNS1_8OperatorEESaISA_ENSt8__detail10_Select1stESt8equal_toIS6_ENS1_18FiniteElementSpace8key_hashENSC_18_Mod_range_hashingENSC_20_Default_ranged_hashENSC_20_Prime_rehash_policyENSC_17_Hashtable_traitsILb1ELb0ELb1EEEED2Ev
FN:2081,_ZNSt10_HashtableIKSt5tupleIJbN4mfem18ElementDofOrderingENS1_8FaceTypeENS1_12L2FaceValuesEEESt4pairIS6_PNS1_8OperatorEESaISA_ENSt8__detail10_Select1stESt8equal_toIS6_ENS1_18FiniteElementSpace8key_hashENSC_18_Mod_range_hashingENSC_20_Default_ranged_hashENSC_20_Prime_rehash_policyENSC_17_Hashtable_traitsILb1ELb0ELb1EEEE5clearEv
FNDA:1,_ZNSt10_HashtableIKSt5tupleIJbN4mfem18ElementDofOrderingENS1_8FaceTypeENS1_12L2FaceValuesEEESt4pairIS6_PNS1_8OperatorEESaISA_ENSt8__detail10_Select1stESt8equal_toIS6_ENS1_18FiniteElementSpace8key_hashENSC_18_Mod_range_hashingENSC_20_Default_ranged_hashENSC_20_Prime_rehash_policyENSC_17_Hashtable_traitsILb1ELb0ELb1EEEE5clearEv
FNDA:1,_ZNSt10_HashtableIKSt5tupleIJbN4mfem18ElementDofOrderingENS1_8FaceTypeENS1_12L2FaceValuesEEESt4pairIS6_PNS1_8OperatorEESaISA_ENSt8__detail10_Select1stESt8equal_toIS6_ENS1_18FiniteElementSpace8key_hashENSC_18_Mod_range_hashingENSC_20_Default_ranged_hashENSC_20_Prime_rehash_policyENSC_17_Hashtable_traitsILb1ELb0ELb1EEEED2Ev
FNF:2
FNH:2
DA:394,1
DA:418,1
DA:426,1
DA:435,1
DA:490,1
DA:1438,1
DA:1442,1
DA:1444,1
DA:2081,1
DA:2086,1
DA:2087,1
DA:2088,1
DA:2089,1
LF:13
LH:13
end_of_record
TN:
SF:/usr/include/c++/10/bits/hashtable_policy.h
FNF:0
FNH:0
DA:218,1
DA:270,0
DA:450,1
DA:2056,0
DA:2064,0
DA:2072,1
DA:2101,0
LF:7
LH:3
end_of_record
TN:
SF:/usr/include/c++/10/bits/ios_base.h
FNF:0
FNH:0
DA:88,0
DA:100,0
DA:678,0
DA:731,0
LF:4
LH:0
end_of_record
TN:
SF:/usr/include/c++/10/bits/stl_iterator_base_funcs.h
FNF:0
FNH:0
DA:104,1
LF:1
LH:1
end_of_record
TN:
SF:/usr/include/c++/10/bits/unordered_map.h
FNF:0
FNH:0
DA:102,0
LF:1
LH:0
end_of_record
TN:
SF:/usr/include/c++/10/ext/new_allocator.h
FNF:0
FNH:0
DA:139,1
LF:1
LH:1
end_of_record
TN:
SF:/usr/include/c++/10/iomanip
FNF:0
FNH:0
DA:111,0
DA:210,0
LF:2
LH:0
end_of_record
TN:
SF:/usr/include/c++/10/iostream
FNF:0
FNH:0
LF:0
LH:0
end_of_record
TN:
SF:/usr/include/c++/10/ostream
FNF:0
FNH:0
DA:518,0
DA:611,0
LF:2
LH:0
end_of_record
TN:
SF:/usr/include/c++/10/sstream
FNF:0
FNH:0
DA:678,0
LF:1
LH:0
end_of_record
TN:
SF:/usr/include/c++/10/streambuf
FNF:0
FNH:0
LF:0
LH:0
end_of_record
