TN:
SF:/root/mfem/fem/bilinearform.hpp
FN:275,_ZNK4mfem12BilinearForm16AddMultTransposeERKNS_6VectorERS1_d
FN:286,_ZNK4mfem12BilinearForm13MultTransposeERKNS_6VectorERS1_
FN:307,_ZN4mfem12BilinearForm5SpMatEv
FN:381,_ZNK4mfem12BilinearForm15GetProlongationEv
FN:384,_ZNK4mfem12BilinearForm14GetRestrictionEv
FN:787,_ZNK4mfem17MixedBilinearForm15GetProlongationEv
FN:791,_ZNK4mfem17MixedBilinearForm14GetRestrictionEv
FNDA:0,_ZN4mfem12BilinearForm5SpMatEv
FNDA:0,_ZNK4mfem12BilinearForm13MultTransposeERKNS_6VectorERS1_
FNDA:0,_ZNK4mfem12BilinearForm14GetRestrictionEv
FNDA:0,_ZNK4mfem12BilinearForm15GetProlongationEv
FNDA:0,_ZNK4mfem12BilinearForm16AddMultTransposeERKNS_6VectorERS1_d
FNDA:0,_ZNK4mfem17MixedBilinearForm14GetRestrictionEv
FNDA:0,_ZNK4mfem17MixedBilinearForm15GetProlongationEv
FNF:7
FNH:0
DA:275,0
DA:277,0
DA:286,0
DA:287,0
DA:307,0
DA:309,0
DA:310,0
DA:381,0
DA:382,0
DA:384,0
DA:385,0
DA:723,0
DA:787,0
DA:788,0
DA:791,0
DA:792,0
DA:969,0
DA:983,0
DA:985,0
DA:988,0
DA:989,0
LF:21
LH:0
end_of_record
TN:
SF:/root/mfem/fem/bilininteg.hpp
FN:173,_ZN4mfem22BilinearFormIntegrator19AssembleElementGradERKNS_13FiniteElementERNS_21ElementTransformationERKNS_6VectorERNS_11DenseMatrixE
FN:178,_ZN4mfem22BilinearFormIntegrator16AssembleFaceGradERKNS_13FiniteElementES3_RNS_26FaceElementTransformationsERKNS_6VectorERNS_11DenseMatrixE
FN:213,_ZN4mfem22BilinearFormIntegrator18ComputeElementFluxERKNS_13FiniteElementERNS_21ElementTransformationERNS_6VectorES3_S7_b
FN:238,_ZN4mfem22BilinearFormIntegrator17ComputeFluxEnergyERKNS_13FiniteElementERNS_21ElementTransformationERNS_6VectorEPS6_
FN:257,_ZN4mfem19TransposeIntegratorC2EPNS_22BilinearFormIntegratorEi
FN:361,_ZN4mfem13SumIntegratorC2Ei
FN:434,_ZN4mfem21MixedScalarIntegrator21AssembleElementMatrixERKNS_13FiniteElementERNS_21ElementTransformationERNS_11DenseMatrixE
FN:448,_ZNK4mfem21MixedScalarIntegrator24VerifyFiniteElementTypesERKNS_13FiniteElementES3_
FN:456,_ZNK4mfem21MixedScalarIntegrator31FiniteElementTypeFailureMessageEv
FN:462,_ZN4mfem21MixedScalarIntegrator19GetIntegrationOrderERKNS_13FiniteElementES3_RNS_21ElementTransformationE
FN:468,_ZN4mfem21MixedScalarIntegrator13CalcTestShapeERKNS_13FiniteElementERNS_21ElementTransformationERNS_6VectorE
FN:473,_ZN4mfem21MixedScalarIntegrator14CalcTrialShapeERKNS_13FiniteElementERNS_21ElementTransformationERNS_6VectorE
FN:501,_ZN4mfem21MixedVectorIntegrator21AssembleElementMatrixERKNS_13FiniteElementERNS_21ElementTransformationERNS_11DenseMatrixE
FN:512,_ZN4mfem21MixedVectorIntegratorC2Ev
FN:514,_ZN4mfem21MixedVectorIntegratorC2ERNS_11CoefficientE
FN:516,_ZN4mfem21MixedVectorIntegratorC2ERNS_17VectorCoefficientEb
FN:519,_ZN4mfem21MixedVectorIntegratorC2ERNS_17MatrixCoefficientE
FN:522,_ZNK4mfem21MixedVectorIntegrator24VerifyFiniteElementTypesERKNS_13FiniteElementES3_
FN:530,_ZNK4mfem21MixedVectorIntegrator31FiniteElementTypeFailureMessageEv
FN:536,_ZN4mfem21MixedVectorIntegrator19GetIntegrationOrderERKNS_13FiniteElementES3_RNS_21ElementTransformationE
FN:542,_ZN4mfem21MixedVectorIntegrator13CalcTestShapeERKNS_13FiniteElementERNS_21ElementTransformationERNS_11DenseMatrixE
FN:547,_ZN4mfem21MixedVectorIntegrator14CalcTrialShapeERKNS_13FiniteElementERNS_21ElementTransformationERNS_11DenseMatrixE
FN:587,_ZN4mfem27MixedScalarVectorIntegrator21AssembleElementMatrixERKNS_13FiniteElementERNS_21ElementTransformationERNS_11DenseMatrixE
FN:594,_ZN4mfem27MixedScalarVectorIntegratorC2ERNS_17VectorCoefficientEbb
FN:598,_ZNK4mfem27MixedScalarVectorIntegrator24VerifyFiniteElementTypesERKNS_13FiniteElementES3_
FN:611,_ZNK4mfem27MixedScalarVectorIntegrator31FiniteElementTypeFailureMessageEv
FN:627,_ZN4mfem27MixedScalarVectorIntegrator19GetIntegrationOrderERKNS_13FiniteElementES3_RNS_21ElementTransformationE
FN:633,_ZN4mfem27MixedScalarVectorIntegrator10CalcVShapeERKNS_13FiniteElementERNS_21ElementTransformationERNS_11DenseMatrixE
FN:638,_ZN4mfem27MixedScalarVectorIntegrator9CalcShapeERKNS_13FiniteElementERNS_21ElementTransformationERNS_6VectorE
FN:689,_ZNK4mfem31MixedScalarDerivativeIntegrator24VerifyFiniteElementTypesERKNS_13FiniteElementES3_
FN:698,_ZNK4mfem31MixedScalarDerivativeIntegrator31FiniteElementTypeFailureMessageEv
FN:705,_ZN4mfem31MixedScalarDerivativeIntegrator14CalcTrialShapeERKNS_13FiniteElementERNS_21ElementTransformationERNS_6VectorE
FN:724,_ZNK4mfem35MixedScalarWeakDerivativeIntegrator24VerifyFiniteElementTypesERKNS_13FiniteElementES3_
FN:733,_ZNK4mfem35MixedScalarWeakDerivativeIntegrator31FiniteElementTypeFailureMessageEv
FN:741,_ZN4mfem35MixedScalarWeakDerivativeIntegrator13CalcTestShapeERKNS_13FiniteElementERNS_21ElementTransformationERNS_6VectorE
FN:762,_ZNK4mfem31MixedScalarDivergenceIntegrator24VerifyFiniteElementTypesERKNS_13FiniteElementES3_
FN:770,_ZNK4mfem31MixedScalarDivergenceIntegrator31FiniteElementTypeFailureMessageEv
FN:777,_ZN4mfem31MixedScalarDivergenceIntegrator19GetIntegrationOrderERKNS_13FiniteElementES3_RNS_21ElementTransformationE
FN:782,_ZN4mfem31MixedScalarDivergenceIntegrator14CalcTrialShapeERKNS_13FiniteElementERNS_21ElementTransformationERNS_6VectorE
FN:798,_ZNK4mfem31MixedVectorDivergenceIntegrator24VerifyFiniteElementTypesERKNS_13FiniteElementES3_
FN:806,_ZNK4mfem31MixedVectorDivergenceIntegrator31FiniteElementTypeFailureMessageEv
FN:815,_ZN4mfem31MixedVectorDivergenceIntegrator19GetIntegrationOrderERKNS_13FiniteElementES3_RNS_21ElementTransformationE
FN:820,_ZN4mfem31MixedVectorDivergenceIntegrator9CalcShapeERKNS_13FiniteElementERNS_21ElementTransformationERNS_6VectorE
FN:837,_ZNK4mfem33MixedScalarWeakGradientIntegrator24VerifyFiniteElementTypesERKNS_13FiniteElementES3_
FN:845,_ZNK4mfem33MixedScalarWeakGradientIntegrator31FiniteElementTypeFailureMessageEv
FN:852,_ZN4mfem33MixedScalarWeakGradientIntegrator19GetIntegrationOrderERKNS_13FiniteElementES3_RNS_21ElementTransformationE
FN:857,_ZN4mfem33MixedScalarWeakGradientIntegrator13CalcTestShapeERKNS_13FiniteElementERNS_21ElementTransformationERNS_6VectorE
FN:877,_ZNK4mfem25MixedScalarCurlIntegrator24VerifyFiniteElementTypesERKNS_13FiniteElementES3_
FN:886,_ZNK4mfem25MixedScalarCurlIntegrator31FiniteElementTypeFailureMessageEv
FN:893,_ZN4mfem25MixedScalarCurlIntegrator19GetIntegrationOrderERKNS_13FiniteElementES3_RNS_21ElementTransformationE
FN:898,_ZN4mfem25MixedScalarCurlIntegrator14CalcTrialShapeERKNS_13FiniteElementERNS_21ElementTransformationERNS_6VectorE
FN:918,_ZNK4mfem29MixedScalarWeakCurlIntegrator24VerifyFiniteElementTypesERKNS_13FiniteElementES3_
FN:927,_ZNK4mfem29MixedScalarWeakCurlIntegrator31FiniteElementTypeFailureMessageEv
FN:934,_ZN4mfem29MixedScalarWeakCurlIntegrator13CalcTestShapeERKNS_13FiniteElementERNS_21ElementTransformationERNS_6VectorE
FN:976,_ZNK4mfem25MixedDotProductIntegrator24VerifyFiniteElementTypesERKNS_13FiniteElementES3_
FN:984,_ZNK4mfem25MixedDotProductIntegrator31FiniteElementTypeFailureMessageEv
FN:1001,_ZNK4mfem26MixedWeakGradDotIntegrator24VerifyFiniteElementTypesERKNS_13FiniteElementES3_
FN:1010,_ZNK4mfem26MixedWeakGradDotIntegrator31FiniteElementTypeFailureMessageEv
FN:1019,_ZN4mfem26MixedWeakGradDotIntegrator19GetIntegrationOrderERKNS_13FiniteElementES3_RNS_21ElementTransformationE
FN:1024,_ZN4mfem26MixedWeakGradDotIntegrator9CalcShapeERKNS_13FiniteElementERNS_21ElementTransformationERNS_6VectorE
FN:1038,_ZNK4mfem27MixedWeakDivCrossIntegrator24VerifyFiniteElementTypesERKNS_13FiniteElementES3_
FN:1048,_ZNK4mfem27MixedWeakDivCrossIntegrator31FiniteElementTypeFailureMessageEv
FN:1055,_ZN4mfem27MixedWeakDivCrossIntegrator13CalcTestShapeERKNS_13FiniteElementERNS_21ElementTransformationERNS_11DenseMatrixE
FN:1075,_ZNK4mfem23MixedGradGradIntegrator24VerifyFiniteElementTypesERKNS_13FiniteElementES3_
FN:1085,_ZNK4mfem23MixedGradGradIntegrator31FiniteElementTypeFailureMessageEv
FN:1092,_ZN4mfem23MixedGradGradIntegrator19GetIntegrationOrderERKNS_13FiniteElementES3_RNS_21ElementTransformationE
FN:1102,_ZN4mfem23MixedGradGradIntegrator14CalcTrialShapeERKNS_13FiniteElementERNS_21ElementTransformationERNS_11DenseMatrixE
FN:1107,_ZN4mfem23MixedGradGradIntegrator13CalcTestShapeERKNS_13FiniteElementERNS_21ElementTransformationERNS_11DenseMatrixE
FN:1121,_ZNK4mfem28MixedCrossGradGradIntegrator24VerifyFiniteElementTypesERKNS_13FiniteElementES3_
FN:1131,_ZNK4mfem28MixedCrossGradGradIntegrator31FiniteElementTypeFailureMessageEv
FN:1138,_ZN4mfem28MixedCrossGradGradIntegrator14CalcTrialShapeERKNS_13FiniteElementERNS_21ElementTransformationERNS_11DenseMatrixE
FN:1143,_ZN4mfem28MixedCrossGradGradIntegrator13CalcTestShapeERKNS_13FiniteElementERNS_21ElementTransformationERNS_11DenseMatrixE
FN:1163,_ZNK4mfem23MixedCurlCurlIntegrator24VerifyFiniteElementTypesERKNS_13FiniteElementES3_
FN:1174,_ZNK4mfem23MixedCurlCurlIntegrator31FiniteElementTypeFailureMessageEv
FN:1181,_ZN4mfem23MixedCurlCurlIntegrator14CalcTrialShapeERKNS_13FiniteElementERNS_21ElementTransformationERNS_11DenseMatrixE
FN:1186,_ZN4mfem23MixedCurlCurlIntegrator13CalcTestShapeERKNS_13FiniteElementERNS_21ElementTransformationERNS_11DenseMatrixE
FN:1200,_ZNK4mfem28MixedCrossCurlCurlIntegrator24VerifyFiniteElementTypesERKNS_13FiniteElementES3_
FN:1211,_ZNK4mfem28MixedCrossCurlCurlIntegrator31FiniteElementTypeFailureMessageEv
FN:1218,_ZN4mfem28MixedCrossCurlCurlIntegrator14CalcTrialShapeERKNS_13FiniteElementERNS_21ElementTransformationERNS_11DenseMatrixE
FN:1223,_ZN4mfem28MixedCrossCurlCurlIntegrator13CalcTestShapeERKNS_13FiniteElementERNS_21ElementTransformationERNS_11DenseMatrixE
FN:1237,_ZNK4mfem28MixedCrossCurlGradIntegrator24VerifyFiniteElementTypesERKNS_13FiniteElementES3_
FN:1248,_ZNK4mfem28MixedCrossCurlGradIntegrator31FiniteElementTypeFailureMessageEv
FN:1255,_ZN4mfem28MixedCrossCurlGradIntegrator14CalcTrialShapeERKNS_13FiniteElementERNS_21ElementTransformationERNS_11DenseMatrixE
FN:1260,_ZN4mfem28MixedCrossCurlGradIntegrator13CalcTestShapeERKNS_13FiniteElementERNS_21ElementTransformationERNS_11DenseMatrixE
FN:1274,_ZNK4mfem28MixedCrossGradCurlIntegrator24VerifyFiniteElementTypesERKNS_13FiniteElementES3_
FN:1285,_ZNK4mfem28MixedCrossGradCurlIntegrator31FiniteElementTypeFailureMessageEv
FN:1292,_ZN4mfem28MixedCrossGradCurlIntegrator14CalcTrialShapeERKNS_13FiniteElementERNS_21ElementTransformationERNS_11DenseMatrixE
FN:1297,_ZN4mfem28MixedCrossGradCurlIntegrator13CalcTestShapeERKNS_13FiniteElementERNS_21ElementTransformationERNS_11DenseMatrixE
FN:1312,_ZNK4mfem28MixedWeakCurlCrossIntegrator24VerifyFiniteElementTypesERKNS_13FiniteElementES3_
FN:1322,_ZNK4mfem28MixedWeakCurlCrossIntegrator31FiniteElementTypeFailureMessageEv
FN:1329,_ZN4mfem28MixedWeakCurlCrossIntegrator13CalcTestShapeERKNS_13FiniteElementERNS_21ElementTransformationERNS_11DenseMatrixE
FN:1344,_ZNK4mfem34MixedScalarWeakCurlCrossIntegrator24VerifyFiniteElementTypesERKNS_13FiniteElementES3_
FN:1354,_ZNK4mfem34MixedScalarWeakCurlCrossIntegrator31FiniteElementTypeFailureMessageEv
FN:1361,_ZN4mfem34MixedScalarWeakCurlCrossIntegrator9CalcShapeERKNS_13FiniteElementERNS_21ElementTransformationERNS_6VectorE
FN:1379,_ZNK4mfem24MixedCrossGradIntegrator24VerifyFiniteElementTypesERKNS_13FiniteElementES3_
FN:1389,_ZNK4mfem24MixedCrossGradIntegrator31FiniteElementTypeFailureMessageEv
FN:1396,_ZN4mfem24MixedCrossGradIntegrator14CalcTrialShapeERKNS_13FiniteElementERNS_21ElementTransformationERNS_11DenseMatrixE
FN:1401,_ZN4mfem24MixedCrossGradIntegrator13CalcTestShapeERKNS_13FiniteElementERNS_21ElementTransformationERNS_11DenseMatrixE
FN:1416,_ZNK4mfem24MixedCrossCurlIntegrator24VerifyFiniteElementTypesERKNS_13FiniteElementES3_
FN:1426,_ZNK4mfem24MixedCrossCurlIntegrator31FiniteElementTypeFailureMessageEv
FN:1433,_ZN4mfem24MixedCrossCurlIntegrator14CalcTrialShapeERKNS_13FiniteElementERNS_21ElementTransformationERNS_11DenseMatrixE
FN:1448,_ZNK4mfem30MixedScalarCrossCurlIntegrator24VerifyFiniteElementTypesERKNS_13FiniteElementES3_
FN:1458,_ZNK4mfem30MixedScalarCrossCurlIntegrator31FiniteElementTypeFailureMessageEv
FN:1465,_ZN4mfem30MixedScalarCrossCurlIntegrator9CalcShapeERKNS_13FiniteElementERNS_21ElementTransformationERNS_6VectorE
FN:1482,_ZNK4mfem30MixedScalarCrossGradIntegrator24VerifyFiniteElementTypesERKNS_13FiniteElementES3_
FN:1492,_ZNK4mfem30MixedScalarCrossGradIntegrator31FiniteElementTypeFailureMessageEv
FN:1499,_ZN4mfem30MixedScalarCrossGradIntegrator10CalcVShapeERKNS_13FiniteElementERNS_21ElementTransformationERNS_11DenseMatrixE
FN:1513,_ZNK4mfem33MixedScalarCrossProductIntegrator24VerifyFiniteElementTypesERKNS_13FiniteElementES3_
FN:1522,_ZNK4mfem33MixedScalarCrossProductIntegrator31FiniteElementTypeFailureMessageEv
FN:1538,_ZNK4mfem37MixedScalarWeakCrossProductIntegrator24VerifyFiniteElementTypesERKNS_13FiniteElementES3_
FN:1547,_ZNK4mfem37MixedScalarWeakCrossProductIntegrator31FiniteElementTypeFailureMessageEv
FN:1554,_ZN4mfem37MixedScalarWeakCrossProductIntegrator9CalcShapeERKNS_13FiniteElementERNS_21ElementTransformationERNS_6VectorE
FN:1568,_ZNK4mfem36MixedDirectionalDerivativeIntegrator24VerifyFiniteElementTypesERKNS_13FiniteElementES3_
FN:1577,_ZNK4mfem36MixedDirectionalDerivativeIntegrator31FiniteElementTypeFailureMessageEv
FN:1584,_ZN4mfem36MixedDirectionalDerivativeIntegrator10CalcVShapeERKNS_13FiniteElementERNS_21ElementTransformationERNS_11DenseMatrixE
FN:1598,_ZNK4mfem22MixedGradDivIntegrator24VerifyFiniteElementTypesERKNS_13FiniteElementES3_
FN:1608,_ZNK4mfem22MixedGradDivIntegrator31FiniteElementTypeFailureMessageEv
FN:1615,_ZN4mfem22MixedGradDivIntegrator10CalcVShapeERKNS_13FiniteElementERNS_21ElementTransformationERNS_11DenseMatrixE
FN:1620,_ZN4mfem22MixedGradDivIntegrator9CalcShapeERKNS_13FiniteElementERNS_21ElementTransformationERNS_6VectorE
FN:1634,_ZNK4mfem22MixedDivGradIntegrator24VerifyFiniteElementTypesERKNS_13FiniteElementES3_
FN:1645,_ZNK4mfem22MixedDivGradIntegrator31FiniteElementTypeFailureMessageEv
FN:1652,_ZN4mfem22MixedDivGradIntegrator10CalcVShapeERKNS_13FiniteElementERNS_21ElementTransformationERNS_11DenseMatrixE
FN:1657,_ZN4mfem22MixedDivGradIntegrator9CalcShapeERKNS_13FiniteElementERNS_21ElementTransformationERNS_6VectorE
FN:1671,_ZNK4mfem35MixedScalarWeakDivergenceIntegrator24VerifyFiniteElementTypesERKNS_13FiniteElementES3_
FN:1680,_ZNK4mfem35MixedScalarWeakDivergenceIntegrator31FiniteElementTypeFailureMessageEv
FN:1687,_ZN4mfem35MixedScalarWeakDivergenceIntegrator10CalcVShapeERKNS_13FiniteElementERNS_21ElementTransformationERNS_11DenseMatrixE
FN:1699,_ZN4mfem29MixedVectorGradientIntegratorC2Ev
FN:1700,_ZN4mfem29MixedVectorGradientIntegratorC2ERNS_11CoefficientE
FN:1702,_ZN4mfem29MixedVectorGradientIntegratorC2ERNS_17VectorCoefficientE
FN:1704,_ZN4mfem29MixedVectorGradientIntegratorC2ERNS_17MatrixCoefficientE
FN:1870,_ZNK4mfem35MixedVectorWeakDivergenceIntegrator24VerifyFiniteElementTypesERKNS_13FiniteElementES3_
FN:1878,_ZNK4mfem35MixedVectorWeakDivergenceIntegrator31FiniteElementTypeFailureMessageEv
FN:1885,_ZN4mfem35MixedVectorWeakDivergenceIntegrator13CalcTestShapeERKNS_13FiniteElementERNS_21ElementTransformationERNS_11DenseMatrixE
FN:1918,_ZN4mfem18GradientIntegratorC2Ev
FN:1973,_ZN4mfem19DiffusionIntegratorC2Ev
FN:1977,_ZN4mfem19DiffusionIntegratorC2ERNS_11CoefficientE
FN:1981,_ZN4mfem19DiffusionIntegratorC2ERNS_17VectorCoefficientE
FN:1985,_ZN4mfem19DiffusionIntegratorC2ERNS_17MatrixCoefficientE
FN:1989,_ZN4mfem19DiffusionIntegratorC2ERNS_26SymmetricMatrixCoefficientE
FN:2135,_ZN4mfem20ConvectionIntegratorC2ERNS_17VectorCoefficientEd
FN:2223,_ZN4mfem20VectorMassIntegratorC2Ev
FN:2295,_ZN4mfem28VectorFEDivergenceIntegrator21AssembleElementMatrixERKNS_13FiniteElementERNS_21ElementTransformationERNS_11DenseMatrixE
FN:2325,_ZN4mfem32VectorFEWeakDivergenceIntegrator21AssembleElementMatrixERKNS_13FiniteElementERNS_21ElementTransformationERNS_11DenseMatrixE
FN:2351,_ZN4mfem22VectorFECurlIntegrator21AssembleElementMatrixERKNS_13FiniteElementERNS_21ElementTransformationERNS_11DenseMatrixE
FN:2373,_ZN4mfem20DerivativeIntegrator21AssembleElementMatrixERKNS_13FiniteElementERNS_21ElementTransformationERNS_11DenseMatrixE
FN:2409,_ZN4mfem18CurlCurlIntegratorC2Ev
FN:2411,_ZN4mfem18CurlCurlIntegratorC2ERNS_11CoefficientEPKNS_15IntegrationRuleE
FN:2413,_ZN4mfem18CurlCurlIntegratorC2ERNS_17VectorCoefficientEPKNS_15IntegrationRuleE
FN:2416,_ZN4mfem18CurlCurlIntegratorC2ERNS_17MatrixCoefficientEPKNS_15IntegrationRuleE
FN:2418,_ZN4mfem18CurlCurlIntegratorC2ERNS_26SymmetricMatrixCoefficientEPKNS_15IntegrationRuleE
FN:2507,_ZN4mfem22VectorFEMassIntegratorC2Ev
FN:2509,_ZN4mfem22VectorFEMassIntegratorC2ERNS_11CoefficientE
FN:2511,_ZN4mfem22VectorFEMassIntegratorC2ERNS_17VectorCoefficientE
FN:2513,_ZN4mfem22VectorFEMassIntegratorC2ERNS_17MatrixCoefficientE
FN:2514,_ZN4mfem22VectorFEMassIntegratorC2ERNS_26SymmetricMatrixCoefficientE
FN:2554,_ZN4mfem26VectorDivergenceIntegratorC2Ev
FN:2646,_ZN4mfem25VectorDiffusionIntegratorC2Ev
FN:3188,_ZN4mfem16CurlInterpolator22AssembleElementMatrix2ERKNS_13FiniteElementES3_RNS_21ElementTransformationERNS_11DenseMatrixE
FN:3207,_ZN4mfem22DivergenceInterpolator22AssembleElementMatrix2ERKNS_13FiniteElementES3_RNS_21ElementTransformationERNS_11DenseMatrixE
FNDA:0,_ZN4mfem13SumIntegratorC2Ei
FNDA:0,_ZN4mfem16CurlInterpolator22AssembleElementMatrix2ERKNS_13FiniteElementES3_RNS_21ElementTransformationERNS_11DenseMatrixE
FNDA:0,_ZN4mfem18CurlCurlIntegratorC2ERNS_11CoefficientEPKNS_15IntegrationRuleE
FNDA:0,_ZN4mfem18CurlCurlIntegratorC2ERNS_17MatrixCoefficientEPKNS_15IntegrationRuleE
FNDA:0,_ZN4mfem18CurlCurlIntegratorC2ERNS_17VectorCoefficientEPKNS_15IntegrationRuleE
FNDA:0,_ZN4mfem18CurlCurlIntegratorC2ERNS_26SymmetricMatrixCoefficientEPKNS_15IntegrationRuleE
FNDA:0,_ZN4mfem18CurlCurlIntegratorC2Ev
FNDA:0,_ZN4mfem18GradientIntegratorC2Ev
FNDA:0,_ZN4mfem19DiffusionIntegratorC2ERNS_11CoefficientE
FNDA:0,_ZN4mfem19DiffusionIntegratorC2ERNS_17MatrixCoefficientE
FNDA:0,_ZN4mfem19DiffusionIntegratorC2ERNS_17VectorCoefficientE
FNDA:0,_ZN4mfem19DiffusionIntegratorC2ERNS_26SymmetricMatrixCoefficientE
FNDA:0,_ZN4mfem19DiffusionIntegratorC2Ev
FNDA:0,_ZN4mfem19TransposeIntegratorC2EPNS_22BilinearFormIntegratorEi
FNDA:0,_ZN4mfem20ConvectionIntegratorC2ERNS_17VectorCoefficientEd
FNDA:0,_ZN4mfem20DerivativeIntegrator21AssembleElementMatrixERKNS_13FiniteElementERNS_21ElementTransformationERNS_11DenseMatrixE
FNDA:0,_ZN4mfem20VectorMassIntegratorC2Ev
FNDA:0,_ZN4mfem21MixedScalarIntegrator13CalcTestShapeERKNS_13FiniteElementERNS_21ElementTransformationERNS_6VectorE
FNDA:0,_ZN4mfem21MixedScalarIntegrator14CalcTrialShapeERKNS_13FiniteElementERNS_21ElementTransformationERNS_6VectorE
FNDA:0,_ZN4mfem21MixedScalarIntegrator19GetIntegrationOrderERKNS_13FiniteElementES3_RNS_21ElementTransformationE
FNDA:0,_ZN4mfem21MixedScalarIntegrator21AssembleElementMatrixERKNS_13FiniteElementERNS_21ElementTransformationERNS_11DenseMatrixE
FNDA:0,_ZN4mfem21MixedVectorIntegrator13CalcTestShapeERKNS_13FiniteElementERNS_21ElementTransformationERNS_11DenseMatrixE
FNDA:0,_ZN4mfem21MixedVectorIntegrator14CalcTrialShapeERKNS_13FiniteElementERNS_21ElementTransformationERNS_11DenseMatrixE
FNDA:0,_ZN4mfem21MixedVectorIntegrator19GetIntegrationOrderERKNS_13FiniteElementES3_RNS_21ElementTransformationE
FNDA:0,_ZN4mfem21MixedVectorIntegrator21AssembleElementMatrixERKNS_13FiniteElementERNS_21ElementTransformationERNS_11DenseMatrixE
FNDA:0,_ZN4mfem21MixedVectorIntegratorC2ERNS_11CoefficientE
FNDA:0,_ZN4mfem21MixedVectorIntegratorC2ERNS_17MatrixCoefficientE
FNDA:0,_ZN4mfem21MixedVectorIntegratorC2ERNS_17VectorCoefficientEb
FNDA:0,_ZN4mfem21MixedVectorIntegratorC2Ev
FNDA:0,_ZN4mfem22BilinearFormIntegrator16AssembleFaceGradERKNS_13FiniteElementES3_RNS_26FaceElementTransformationsERKNS_6VectorERNS_11DenseMatrixE
FNDA:0,_ZN4mfem22BilinearFormIntegrator17ComputeFluxEnergyERKNS_13FiniteElementERNS_21ElementTransformationERNS_6VectorEPS6_
FNDA:0,_ZN4mfem22BilinearFormIntegrator18ComputeElementFluxERKNS_13FiniteElementERNS_21ElementTransformationERNS_6VectorES3_S7_b
FNDA:0,_ZN4mfem22BilinearFormIntegrator19AssembleElementGradERKNS_13FiniteElementERNS_21ElementTransformationERKNS_6VectorERNS_11DenseMatrixE
FNDA:0,_ZN4mfem22DivergenceInterpolator22AssembleElementMatrix2ERKNS_13FiniteElementES3_RNS_21ElementTransformationERNS_11DenseMatrixE
FNDA:0,_ZN4mfem22MixedDivGradIntegrator10CalcVShapeERKNS_13FiniteElementERNS_21ElementTransformationERNS_11DenseMatrixE
FNDA:0,_ZN4mfem22MixedDivGradIntegrator9CalcShapeERKNS_13FiniteElementERNS_21ElementTransformationERNS_6VectorE
FNDA:0,_ZN4mfem22MixedGradDivIntegrator10CalcVShapeERKNS_13FiniteElementERNS_21ElementTransformationERNS_11DenseMatrixE
FNDA:0,_ZN4mfem22MixedGradDivIntegrator9CalcShapeERKNS_13FiniteElementERNS_21ElementTransformationERNS_6VectorE
FNDA:0,_ZN4mfem22VectorFECurlIntegrator21AssembleElementMatrixERKNS_13FiniteElementERNS_21ElementTransformationERNS_11DenseMatrixE
FNDA:0,_ZN4mfem22VectorFEMassIntegratorC2ERNS_11CoefficientE
FNDA:0,_ZN4mfem22VectorFEMassIntegratorC2ERNS_17MatrixCoefficientE
FNDA:0,_ZN4mfem22VectorFEMassIntegratorC2ERNS_17VectorCoefficientE
FNDA:0,_ZN4mfem22VectorFEMassIntegratorC2ERNS_26SymmetricMatrixCoefficientE
FNDA:0,_ZN4mfem22VectorFEMassIntegratorC2Ev
FNDA:0,_ZN4mfem23MixedCurlCurlIntegrator13CalcTestShapeERKNS_13FiniteElementERNS_21ElementTransformationERNS_11DenseMatrixE
FNDA:0,_ZN4mfem23MixedCurlCurlIntegrator14CalcTrialShapeERKNS_13FiniteElementERNS_21ElementTransformationERNS_11DenseMatrixE
FNDA:0,_ZN4mfem23MixedGradGradIntegrator13CalcTestShapeERKNS_13FiniteElementERNS_21ElementTransformationERNS_11DenseMatrixE
FNDA:0,_ZN4mfem23MixedGradGradIntegrator14CalcTrialShapeERKNS_13FiniteElementERNS_21ElementTransformationERNS_11DenseMatrixE
FNDA:0,_ZN4mfem23MixedGradGradIntegrator19GetIntegrationOrderERKNS_13FiniteElementES3_RNS_21ElementTransformationE
FNDA:0,_ZN4mfem24MixedCrossCurlIntegrator14CalcTrialShapeERKNS_13FiniteElementERNS_21ElementTransformationERNS_11DenseMatrixE
FNDA:0,_ZN4mfem24MixedCrossGradIntegrator13CalcTestShapeERKNS_13FiniteElementERNS_21ElementTransformationERNS_11DenseMatrixE
FNDA:0,_ZN4mfem24MixedCrossGradIntegrator14CalcTrialShapeERKNS_13FiniteElementERNS_21ElementTransformationERNS_11DenseMatrixE
FNDA:0,_ZN4mfem25MixedScalarCurlIntegrator14CalcTrialShapeERKNS_13FiniteElementERNS_21ElementTransformationERNS_6VectorE
FNDA:0,_ZN4mfem25MixedScalarCurlIntegrator19GetIntegrationOrderERKNS_13FiniteElementES3_RNS_21ElementTransformationE
FNDA:0,_ZN4mfem25VectorDiffusionIntegratorC2Ev
FNDA:0,_ZN4mfem26MixedWeakGradDotIntegrator19GetIntegrationOrderERKNS_13FiniteElementES3_RNS_21ElementTransformationE
FNDA:0,_ZN4mfem26MixedWeakGradDotIntegrator9CalcShapeERKNS_13FiniteElementERNS_21ElementTransformationERNS_6VectorE
FNDA:0,_ZN4mfem26VectorDivergenceIntegratorC2Ev
FNDA:0,_ZN4mfem27MixedScalarVectorIntegrator10CalcVShapeERKNS_13FiniteElementERNS_21ElementTransformationERNS_11DenseMatrixE
FNDA:0,_ZN4mfem27MixedScalarVectorIntegrator19GetIntegrationOrderERKNS_13FiniteElementES3_RNS_21ElementTransformationE
FNDA:0,_ZN4mfem27MixedScalarVectorIntegrator21AssembleElementMatrixERKNS_13FiniteElementERNS_21ElementTransformationERNS_11DenseMatrixE
FNDA:0,_ZN4mfem27MixedScalarVectorIntegrator9CalcShapeERKNS_13FiniteElementERNS_21ElementTransformationERNS_6VectorE
FNDA:0,_ZN4mfem27MixedScalarVectorIntegratorC2ERNS_17VectorCoefficientEbb
FNDA:0,_ZN4mfem27MixedWeakDivCrossIntegrator13CalcTestShapeERKNS_13FiniteElementERNS_21ElementTransformationERNS_11DenseMatrixE
FNDA:0,_ZN4mfem28MixedCrossCurlCurlIntegrator13CalcTestShapeERKNS_13FiniteElementERNS_21ElementTransformationERNS_11DenseMatrixE
FNDA:0,_ZN4mfem28MixedCrossCurlCurlIntegrator14CalcTrialShapeERKNS_13FiniteElementERNS_21ElementTransformationERNS_11DenseMatrixE
FNDA:0,_ZN4mfem28MixedCrossCurlGradIntegrator13CalcTestShapeERKNS_13FiniteElementERNS_21ElementTransformationERNS_11DenseMatrixE
FNDA:0,_ZN4mfem28MixedCrossCurlGradIntegrator14CalcTrialShapeERKNS_13FiniteElementERNS_21ElementTransformationERNS_11DenseMatrixE
FNDA:0,_ZN4mfem28MixedCrossGradCurlIntegrator13CalcTestShapeERKNS_13FiniteElementERNS_21ElementTransformationERNS_11DenseMatrixE
FNDA:0,_ZN4mfem28MixedCrossGradCurlIntegrator14CalcTrialShapeERKNS_13FiniteElementERNS_21ElementTransformationERNS_11DenseMatrixE
FNDA:0,_ZN4mfem28MixedCrossGradGradIntegrator13CalcTestShapeERKNS_13FiniteElementERNS_21ElementTransformationERNS_11DenseMatrixE
FNDA:0,_ZN4mfem28MixedCrossGradGradIntegrator14CalcTrialShapeERKNS_13FiniteElementERNS_21ElementTransformationERNS_11DenseMatrixE
FNDA:0,_ZN4mfem28MixedWeakCurlCrossIntegrator13CalcTestShapeERKNS_13FiniteElementERNS_21ElementTransformationERNS_11DenseMatrixE
FNDA:0,_ZN4mfem28VectorFEDivergenceIntegrator21AssembleElementMatrixERKNS_13FiniteElementERNS_21ElementTransformationERNS_11DenseMatrixE
FNDA:0,_ZN4mfem29MixedScalarWeakCurlIntegrator13CalcTestShapeERKNS_13FiniteElementERNS_21ElementTransformationERNS_6VectorE
FNDA:0,_ZN4mfem29MixedVectorGradientIntegratorC2ERNS_11CoefficientE
FNDA:0,_ZN4mfem29MixedVectorGradientIntegratorC2ERNS_17MatrixCoefficientE
FNDA:0,_ZN4mfem29MixedVectorGradientIntegratorC2ERNS_17VectorCoefficientE
FNDA:0,_ZN4mfem29MixedVectorGradientIntegratorC2Ev
FNDA:0,_ZN4mfem30MixedScalarCrossCurlIntegrator9CalcShapeERKNS_13FiniteElementERNS_21ElementTransformationERNS_6VectorE
FNDA:0,_ZN4mfem30MixedScalarCrossGradIntegrator10CalcVShapeERKNS_13FiniteElementERNS_21ElementTransformationERNS_11DenseMatrixE
FNDA:0,_ZN4mfem31MixedScalarDerivativeIntegrator14CalcTrialShapeERKNS_13FiniteElementERNS_21ElementTransformationERNS_6VectorE
FNDA:0,_ZN4mfem31MixedScalarDivergenceIntegrator14CalcTrialShapeERKNS_13FiniteElementERNS_21ElementTransformationERNS_6VectorE
FNDA:0,_ZN4mfem31MixedScalarDivergenceIntegrator19GetIntegrationOrderERKNS_13FiniteElementES3_RNS_21ElementTransformationE
FNDA:0,_ZN4mfem31MixedVectorDivergenceIntegrator19GetIntegrationOrderERKNS_13FiniteElementES3_RNS_21ElementTransformationE
FNDA:0,_ZN4mfem31MixedVectorDivergenceIntegrator9CalcShapeERKNS_13FiniteElementERNS_21ElementTransformationERNS_6VectorE
FNDA:0,_ZN4mfem32VectorFEWeakDivergenceIntegrator21AssembleElementMatrixERKNS_13FiniteElementERNS_21ElementTransformationERNS_11DenseMatrixE
FNDA:0,_ZN4mfem33MixedScalarWeakGradientIntegrator13CalcTestShapeERKNS_13FiniteElementERNS_21ElementTransformationERNS_6VectorE
FNDA:0,_ZN4mfem33MixedScalarWeakGradientIntegrator19GetIntegrationOrderERKNS_13FiniteElementES3_RNS_21ElementTransformationE
FNDA:0,_ZN4mfem34MixedScalarWeakCurlCrossIntegrator9CalcShapeERKNS_13FiniteElementERNS_21ElementTransformationERNS_6VectorE
FNDA:0,_ZN4mfem35MixedScalarWeakDerivativeIntegrator13CalcTestShapeERKNS_13FiniteElementERNS_21ElementTransformationERNS_6VectorE
FNDA:0,_ZN4mfem35MixedScalarWeakDivergenceIntegrator10CalcVShapeERKNS_13FiniteElementERNS_21ElementTransformationERNS_11DenseMatrixE
FNDA:0,_ZN4mfem35MixedVectorWeakDivergenceIntegrator13CalcTestShapeERKNS_13FiniteElementERNS_21ElementTransformationERNS_11DenseMatrixE
FNDA:0,_ZN4mfem36MixedDirectionalDerivativeIntegrator10CalcVShapeERKNS_13FiniteElementERNS_21ElementTransformationERNS_11DenseMatrixE
FNDA:0,_ZN4mfem37MixedScalarWeakCrossProductIntegrator9CalcShapeERKNS_13FiniteElementERNS_21ElementTransformationERNS_6VectorE
FNDA:0,_ZNK4mfem21MixedScalarIntegrator24VerifyFiniteElementTypesERKNS_13FiniteElementES3_
FNDA:0,_ZNK4mfem21MixedScalarIntegrator31FiniteElementTypeFailureMessageEv
FNDA:0,_ZNK4mfem21MixedVectorIntegrator24VerifyFiniteElementTypesERKNS_13FiniteElementES3_
FNDA:0,_ZNK4mfem21MixedVectorIntegrator31FiniteElementTypeFailureMessageEv
FNDA:0,_ZNK4mfem22MixedDivGradIntegrator24VerifyFiniteElementTypesERKNS_13FiniteElementES3_
FNDA:0,_ZNK4mfem22MixedDivGradIntegrator31FiniteElementTypeFailureMessageEv
FNDA:0,_ZNK4mfem22MixedGradDivIntegrator24VerifyFiniteElementTypesERKNS_13FiniteElementES3_
FNDA:0,_ZNK4mfem22MixedGradDivIntegrator31FiniteElementTypeFailureMessageEv
FNDA:0,_ZNK4mfem23MixedCurlCurlIntegrator24VerifyFiniteElementTypesERKNS_13FiniteElementES3_
FNDA:0,_ZNK4mfem23MixedCurlCurlIntegrator31FiniteElementTypeFailureMessageEv
FNDA:0,_ZNK4mfem23MixedGradGradIntegrator24VerifyFiniteElementTypesERKNS_13FiniteElementES3_
FNDA:0,_ZNK4mfem23MixedGradGradIntegrator31FiniteElementTypeFailureMessageEv
FNDA:0,_ZNK4mfem24MixedCrossCurlIntegrator24VerifyFiniteElementTypesERKNS_13FiniteElementES3_
FNDA:0,_ZNK4mfem24MixedCrossCurlIntegrator31FiniteElementTypeFailureMessageEv
FNDA:0,_ZNK4mfem24MixedCrossGradIntegrator24VerifyFiniteElementTypesERKNS_13FiniteElementES3_
FNDA:0,_ZNK4mfem24MixedCrossGradIntegrator31FiniteElementTypeFailureMessageEv
FNDA:0,_ZNK4mfem25MixedDotProductIntegrator24VerifyFiniteElementTypesERKNS_13FiniteElementES3_
FNDA:0,_ZNK4mfem25MixedDotProductIntegrator31FiniteElementTypeFailureMessageEv
FNDA:0,_ZNK4mfem25MixedScalarCurlIntegrator24VerifyFiniteElementTypesERKNS_13FiniteElementES3_
FNDA:0,_ZNK4mfem25MixedScalarCurlIntegrator31FiniteElementTypeFailureMessageEv
FNDA:0,_ZNK4mfem26MixedWeakGradDotIntegrator24VerifyFiniteElementTypesERKNS_13FiniteElementES3_
FNDA:0,_ZNK4mfem26MixedWeakGradDotIntegrator31FiniteElementTypeFailureMessageEv
FNDA:0,_ZNK4mfem27MixedScalarVectorIntegrator24VerifyFiniteElementTypesERKNS_13FiniteElementES3_
FNDA:0,_ZNK4mfem27MixedScalarVectorIntegrator31FiniteElementTypeFailureMessageEv
FNDA:0,_ZNK4mfem27MixedWeakDivCrossIntegrator24VerifyFiniteElementTypesERKNS_13FiniteElementES3_
FNDA:0,_ZNK4mfem27MixedWeakDivCrossIntegrator31FiniteElementTypeFailureMessageEv
FNDA:0,_ZNK4mfem28MixedCrossCurlCurlIntegrator24VerifyFiniteElementTypesERKNS_13FiniteElementES3_
FNDA:0,_ZNK4mfem28MixedCrossCurlCurlIntegrator31FiniteElementTypeFailureMessageEv
FNDA:0,_ZNK4mfem28MixedCrossCurlGradIntegrator24VerifyFiniteElementTypesERKNS_13FiniteElementES3_
FNDA:0,_ZNK4mfem28MixedCrossCurlGradIntegrator31FiniteElementTypeFailureMessageEv
FNDA:0,_ZNK4mfem28MixedCrossGradCurlIntegrator24VerifyFiniteElementTypesERKNS_13FiniteElementES3_
FNDA:0,_ZNK4mfem28MixedCrossGradCurlIntegrator31FiniteElementTypeFailureMessageEv
FNDA:0,_ZNK4mfem28MixedCrossGradGradIntegrator24VerifyFiniteElementTypesERKNS_13FiniteElementES3_
FNDA:0,_ZNK4mfem28MixedCrossGradGradIntegrator31FiniteElementTypeFailureMessageEv
FNDA:0,_ZNK4mfem28MixedWeakCurlCrossIntegrator24VerifyFiniteElementTypesERKNS_13FiniteElementES3_
FNDA:0,_ZNK4mfem28MixedWeakCurlCrossIntegrator31FiniteElementTypeFailureMessageEv
FNDA:0,_ZNK4mfem29MixedScalarWeakCurlIntegrator24VerifyFiniteElementTypesERKNS_13FiniteElementES3_
FNDA:0,_ZNK4mfem29MixedScalarWeakCurlIntegrator31FiniteElementTypeFailureMessageEv
FNDA:0,_ZNK4mfem30MixedScalarCrossCurlIntegrator24VerifyFiniteElementTypesERKNS_13FiniteElementES3_
FNDA:0,_ZNK4mfem30MixedScalarCrossCurlIntegrator31FiniteElementTypeFailureMessageEv
FNDA:0,_ZNK4mfem30MixedScalarCrossGradIntegrator24VerifyFiniteElementTypesERKNS_13FiniteElementES3_
FNDA:0,_ZNK4mfem30MixedScalarCrossGradIntegrator31FiniteElementTypeFailureMessageEv
FNDA:0,_ZNK4mfem31MixedScalarDerivativeIntegrator24VerifyFiniteElementTypesERKNS_13FiniteElementES3_
FNDA:0,_ZNK4mfem31MixedScalarDerivativeIntegrator31FiniteElementTypeFailureMessageEv
FNDA:0,_ZNK4mfem31MixedScalarDivergenceIntegrator24VerifyFiniteElementTypesERKNS_13FiniteElementES3_
FNDA:0,_ZNK4mfem31MixedScalarDivergenceIntegrator31FiniteElementTypeFailureMessageEv
FNDA:0,_ZNK4mfem31MixedVectorDivergenceIntegrator24VerifyFiniteElementTypesERKNS_13FiniteElementES3_
FNDA:0,_ZNK4mfem31MixedVectorDivergenceIntegrator31FiniteElementTypeFailureMessageEv
FNDA:0,_ZNK4mfem33MixedScalarCrossProductIntegrator24VerifyFiniteElementTypesERKNS_13FiniteElementES3_
FNDA:0,_ZNK4mfem33MixedScalarCrossProductIntegrator31FiniteElementTypeFailureMessageEv
FNDA:0,_ZNK4mfem33MixedScalarWeakGradientIntegrator24VerifyFiniteElementTypesERKNS_13FiniteElementES3_
FNDA:0,_ZNK4mfem33MixedScalarWeakGradientIntegrator31FiniteElementTypeFailureMessageEv
FNDA:0,_ZNK4mfem34MixedScalarWeakCurlCrossIntegrator24VerifyFiniteElementTypesERKNS_13FiniteElementES3_
FNDA:0,_ZNK4mfem34MixedScalarWeakCurlCrossIntegrator31FiniteElementTypeFailureMessageEv
FNDA:0,_ZNK4mfem35MixedScalarWeakDerivativeIntegrator24VerifyFiniteElementTypesERKNS_13FiniteElementES3_
FNDA:0,_ZNK4mfem35MixedScalarWeakDerivativeIntegrator31FiniteElementTypeFailureMessageEv
FNDA:0,_ZNK4mfem35MixedScalarWeakDivergenceIntegrator24VerifyFiniteElementTypesERKNS_13FiniteElementES3_
FNDA:0,_ZNK4mfem35MixedScalarWeakDivergenceIntegrator31FiniteElementTypeFailureMessageEv
FNDA:0,_ZNK4mfem35MixedVectorWeakDivergenceIntegrator24VerifyFiniteElementTypesERKNS_13FiniteElementES3_
FNDA:0,_ZNK4mfem35MixedVectorWeakDivergenceIntegrator31FiniteElementTypeFailureMessageEv
FNDA:0,_ZNK4mfem36MixedDirectionalDerivativeIntegrator24VerifyFiniteElementTypesERKNS_13FiniteElementES3_
FNDA:0,_ZNK4mfem36MixedDirectionalDerivativeIntegrator31FiniteElementTypeFailureMessageEv
FNDA:0,_ZNK4mfem37MixedScalarWeakCrossProductIntegrator24VerifyFiniteElementTypesERKNS_13FiniteElementES3_
FNDA:0,_ZNK4mfem37MixedScalarWeakCrossProductIntegrator31FiniteElementTypeFailureMessageEv
FNF:159
FNH:0
DA:33,0
DA:34,0
DA:173,0
DA:176,0
DA:178,0
DA:182,0
DA:213,0
DA:217,0
DA:238,0
DA:241,0
DA:243,0
DA:257,0
DA:258,0
DA:361,0
DA:363,0
DA:364,0
DA:434,0
DA:437,0
DA:445,0
DA:446,0
DA:448,0
DA:452,0
DA:453,0
DA:456,0
DA:458,0
DA:459,0
DA:462,0
DA:465,0
DA:468,0
DA:471,0
DA:473,0
DA:476,0
DA:501,0
DA:504,0
DA:512,0
DA:513,0
DA:514,0
DA:515,0
DA:516,0
DA:517,0
DA:518,0
DA:519,0
DA:520,0
DA:522,0
DA:526,0
DA:527,0
DA:530,0
DA:532,0
DA:533,0
DA:536,0
DA:539,0
DA:542,0
DA:545,0
DA:547,0
DA:550,0
DA:587,0
DA:590,0
DA:594,0
DA:596,0
DA:598,0
DA:602,0
DA:603,0
DA:604,0
DA:605,0
DA:606,0
DA:607,0
DA:608,0
DA:611,0
DA:613,0
DA:621,0
DA:623,0
DA:627,0
DA:630,0
DA:633,0
DA:636,0
DA:638,0
DA:641,0
DA:664,0
DA:665,0
DA:666,0
DA:675,0
DA:676,0
DA:684,0
DA:685,0
DA:686,0
DA:689,0
DA:693,0
DA:694,0
DA:695,0
DA:698,0
DA:700,0
DA:702,0
DA:705,0
DA:709,0
DA:710,0
DA:711,0
DA:719,0
DA:720,0
DA:721,0
DA:724,0
DA:728,0
DA:729,0
DA:730,0
DA:733,0
DA:735,0
DA:738,0
DA:741,0
DA:745,0
DA:746,0
DA:747,0
DA:748,0
DA:757,0
DA:758,0
DA:759,0
DA:762,0
DA:766,0
DA:767,0
DA:770,0
DA:772,0
DA:774,0
DA:777,0
DA:780,0
DA:782,0
DA:785,0
DA:794,0
DA:795,0
DA:798,0
DA:802,0
DA:803,0
DA:806,0
DA:808,0
DA:810,0
DA:815,0
DA:818,0
DA:820,0
DA:823,0
DA:832,0
DA:833,0
DA:834,0
DA:837,0
DA:841,0
DA:842,0
DA:845,0
DA:847,0
DA:849,0
DA:852,0
DA:855,0
DA:857,0
DA:861,0
DA:862,0
DA:863,0
DA:872,0
DA:873,0
DA:874,0
DA:877,0
DA:881,0
DA:882,0
DA:883,0
DA:886,0
DA:888,0
DA:890,0
DA:893,0
DA:896,0
DA:898,0
DA:902,0
DA:903,0
DA:904,0
DA:913,0
DA:914,0
DA:915,0
DA:918,0
DA:922,0
DA:923,0
DA:924,0
DA:927,0
DA:929,0
DA:931,0
DA:934,0
DA:938,0
DA:939,0
DA:940,0
DA:949,0
DA:950,0
DA:951,0
DA:952,0
DA:953,0
DA:954,0
DA:955,0
DA:963,0
DA:964,0
DA:973,0
DA:974,0
DA:976,0
DA:980,0
DA:981,0
DA:984,0
DA:986,0
DA:988,0
DA:998,0
DA:999,0
DA:1001,0
DA:1005,0
DA:1006,0
DA:1007,0
DA:1010,0
DA:1012,0
DA:1014,0
DA:1019,0
DA:1022,0
DA:1024,0
DA:1027,0
DA:1035,0
DA:1036,0
DA:1038,0
DA:1042,0
DA:1043,0
DA:1044,0
DA:1045,0
DA:1048,0
DA:1050,0
DA:1052,0
DA:1055,0
DA:1058,0
DA:1067,0
DA:1068,0
DA:1069,0
DA:1070,0
DA:1071,0
DA:1072,0
DA:1073,0
DA:1075,0
DA:1079,0
DA:1080,0
DA:1081,0
DA:1082,0
DA:1085,0
DA:1087,0
DA:1089,0
DA:1092,0
DA:1097,0
DA:1098,0
DA:1099,0
DA:1102,0
DA:1105,0
DA:1107,0
DA:1110,0
DA:1118,0
DA:1119,0
DA:1121,0
DA:1125,0
DA:1126,0
DA:1127,0
DA:1128,0
DA:1131,0
DA:1133,0
DA:1135,0
DA:1138,0
DA:1141,0
DA:1143,0
DA:1146,0
DA:1155,0
DA:1156,0
DA:1157,0
DA:1158,0
DA:1159,0
DA:1160,0
DA:1161,0
DA:1163,0
DA:1167,0
DA:1168,0
DA:1169,0
DA:1170,0
DA:1171,0
DA:1174,0
DA:1176,0
DA:1178,0
DA:1181,0
DA:1184,0
DA:1186,0
DA:1189,0
DA:1197,0
DA:1198,0
DA:1200,0
DA:1204,0
DA:1205,0
DA:1206,0
DA:1207,0
DA:1208,0
DA:1211,0
DA:1213,0
DA:1215,0
DA:1218,0
DA:1221,0
DA:1223,0
DA:1226,0
DA:1234,0
DA:1235,0
DA:1237,0
DA:1241,0
DA:1242,0
DA:1243,0
DA:1244,0
DA:1245,0
DA:1248,0
DA:1250,0
DA:1252,0
DA:1255,0
DA:1258,0
DA:1260,0
DA:1263,0
DA:1271,0
DA:1272,0
DA:1274,0
DA:1278,0
DA:1279,0
DA:1280,0
DA:1281,0
DA:1282,0
DA:1285,0
DA:1287,0
DA:1289,0
DA:1292,0
DA:1295,0
DA:1297,0
DA:1300,0
DA:1309,0
DA:1310,0
DA:1312,0
DA:1316,0
DA:1317,0
DA:1318,0
DA:1319,0
DA:1322,0
DA:1324,0
DA:1326,0
DA:1329,0
DA:1332,0
DA:1341,0
DA:1342,0
DA:1344,0
DA:1348,0
DA:1349,0
DA:1350,0
DA:1351,0
DA:1354,0
DA:1356,0
DA:1358,0
DA:1361,0
DA:1365,0
DA:1366,0
DA:1367,0
DA:1376,0
DA:1377,0
DA:1379,0
DA:1383,0
DA:1384,0
DA:1385,0
DA:1386,0
DA:1389,0
DA:1391,0
DA:1393,0
DA:1396,0
DA:1399,0
DA:1401,0
DA:1404,0
DA:1413,0
DA:1414,0
DA:1416,0
DA:1420,0
DA:1421,0
DA:1422,0
DA:1423,0
DA:1426,0
DA:1428,0
DA:1430,0
DA:1433,0
DA:1436,0
DA:1445,0
DA:1446,0
DA:1448,0
DA:1452,0
DA:1453,0
DA:1454,0
DA:1455,0
DA:1458,0
DA:1460,0
DA:1462,0
DA:1465,0
DA:1469,0
DA:1470,0
DA:1471,0
DA:1479,0
DA:1480,0
DA:1482,0
DA:1486,0
DA:1487,0
DA:1488,0
DA:1489,0
DA:1492,0
DA:1494,0
DA:1496,0
DA:1499,0
DA:1502,0
DA:1510,0
DA:1511,0
DA:1513,0
DA:1517,0
DA:1518,0
DA:1519,0
DA:1522,0
DA:1524,0
DA:1526,0
DA:1535,0
DA:1536,0
DA:1538,0
DA:1542,0
DA:1543,0
DA:1544,0
DA:1547,0
DA:1549,0
DA:1551,0
DA:1554,0
DA:1557,0
DA:1565,0
DA:1566,0
DA:1568,0
DA:1572,0
DA:1573,0
DA:1574,0
DA:1577,0
DA:1579,0
DA:1581,0
DA:1584,0
DA:1587,0
DA:1595,0
DA:1596,0
DA:1598,0
DA:1602,0
DA:1603,0
DA:1604,0
DA:1605,0
DA:1608,0
DA:1610,0
DA:1612,0
DA:1615,0
DA:1618,0
DA:1620,0
DA:1623,0
DA:1631,0
DA:1632,0
DA:1634,0
DA:1638,0
DA:1639,0
DA:1640,0
DA:1641,0
DA:1642,0
DA:1645,0
DA:1647,0
DA:1649,0
DA:1652,0
DA:1655,0
DA:1657,0
DA:1660,0
DA:1668,0
DA:1669,0
DA:1671,0
DA:1675,0
DA:1676,0
DA:1677,0
DA:1680,0
DA:1682,0
DA:1684,0
DA:1687,0
DA:1690,0
DA:1699,0
DA:1700,0
DA:1701,0
DA:1702,0
DA:1703,0
DA:1704,0
DA:1705,0
DA:1753,0
DA:1754,0
DA:1755,0
DA:1756,0
DA:1757,0
DA:1758,0
DA:1759,0
DA:1808,0
DA:1809,0
DA:1810,0
DA:1811,0
DA:1812,0
DA:1813,0
DA:1814,0
DA:1861,0
DA:1862,0
DA:1863,0
DA:1864,0
DA:1865,0
DA:1866,0
DA:1867,0
DA:1870,0
DA:1874,0
DA:1875,0
DA:1878,0
DA:1880,0
DA:1882,0
DA:1885,0
DA:1889,0
DA:1890,0
DA:1891,0
DA:1918,0
DA:1919,0
DA:1920,0
DA:1973,0
DA:1974,0
DA:1977,0
DA:1978,0
DA:1981,0
DA:1982,0
DA:1985,0
DA:1986,0
DA:1989,0
DA:1990,0
DA:2059,0
DA:2060,0
DA:2063,0
DA:2064,0
DA:2135,0
DA:2136,0
DA:2223,0
DA:2224,0
DA:2293,0
DA:2294,0
DA:2295,0
DA:2297,0
DA:2325,0
DA:2327,0
DA:2351,0
DA:2353,0
DA:2373,0
DA:2376,0
DA:2409,0
DA:2411,0
DA:2412,0
DA:2413,0
DA:2414,0
DA:2415,0
DA:2416,0
DA:2417,0
DA:2418,0
DA:2419,0
DA:2420,0
DA:2477,0
DA:2479,0
DA:2507,0
DA:2509,0
DA:2511,0
DA:2513,0
DA:2514,0
DA:2554,0
DA:2555,0
DA:2556,0
DA:2605,0
DA:2606,0
DA:2646,0
DA:2814,0
DA:2815,0
DA:2817,0
DA:2819,0
DA:3108,0
DA:3117,0
DA:3153,0
DA:3185,0
DA:3188,0
DA:3192,0
DA:3204,0
DA:3207,0
DA:3211,0
DA:3233,0
DA:3250,0
DA:3251,0
DA:3267,0
DA:3268,0
DA:3283,0
DA:3284,0
DA:3300,0
DA:3301,0
DA:3317,0
LF:590
LH:0
end_of_record
TN:
SF:/root/mfem/fem/ceed/operator.hpp
FN:45,_ZN4mfem4ceed8OperatorD0Ev
FN:45,_ZN4mfem4ceed8OperatorD2Ev
FNDA:0,_ZN4mfem4ceed8OperatorD0Ev
FNDA:0,_ZN4mfem4ceed8OperatorD2Ev
FNF:2
FNH:0
DA:45,0
DA:46,0
DA:52,0
LF:3
LH:0
end_of_record
TN:
SF:/root/mfem/fem/coefficient.hpp
FN:87,_ZN4mfem19ConstantCoefficient4EvalERNS_21ElementTransformationERKNS_16IntegrationPointE
FN:316,_ZN4mfem16DeltaCoefficient4EvalERNS_21ElementTransformationERKNS_16IntegrationPointE
FN:318,_ZN4mfem16DeltaCoefficientD0Ev
FN:318,_ZN4mfem16DeltaCoefficientD2Ev
FN:337,_ZN4mfem21RestrictedCoefficient4EvalERNS_21ElementTransformationERKNS_16IntegrationPointE
FN:400,_ZN4mfem25VectorConstantCoefficient4EvalERNS_6VectorERNS_21ElementTransformationERKNS_16IntegrationPointE
FN:441,_ZN4mfem25VectorFunctionCoefficientD0Ev
FN:441,_ZN4mfem25VectorFunctionCoefficientD2Ev
FN:515,_ZN4mfem29VectorGridFunctionCoefficientD0Ev
FN:515,_ZN4mfem29VectorGridFunctionCoefficientD2Ev
FN:546,_ZN4mfem31GradientGridFunctionCoefficientD0Ev
FN:546,_ZN4mfem31GradientGridFunctionCoefficientD2Ev
FN:571,_ZN4mfem27CurlGridFunctionCoefficientD0Ev
FN:571,_ZN4mfem27CurlGridFunctionCoefficientD2Ev
FN:595,_ZN4mfem33DivergenceGridFunctionCoefficientD0Ev
FN:595,_ZN4mfem33DivergenceGridFunctionCoefficientD2Ev
FN:661,_ZN4mfem22VectorDeltaCoefficientD0Ev
FN:661,_ZN4mfem22VectorDeltaCoefficientD2Ev
FN:743,_ZN4mfem17MatrixCoefficient13EvalSymmetricERNS_6VectorERNS_21ElementTransformationERKNS_16IntegrationPointE
FN:762,_ZN4mfem25MatrixConstantCoefficient4EvalERNS_11DenseMatrixERNS_21ElementTransformationERKNS_16IntegrationPointE
FN:785,_ZN4mfem25MatrixFunctionCoefficientC2EiSt8functionIFvRKNS_6VectorERNS_11DenseMatrixEEEPNS_11CoefficientE
FN:829,_ZN4mfem25MatrixFunctionCoefficientD0Ev
FN:829,_ZN4mfem25MatrixFunctionCoefficientD2Ev
FN:940,_ZN4mfem14SumCoefficient4EvalERNS_21ElementTransformationERKNS_16IntegrationPointE
FN:994,_ZN4mfem34SymmetricMatrixConstantCoefficient4EvalERNS_20DenseSymmetricMatrixERNS_21ElementTransformationERKNS_16IntegrationPointE
FN:1016,_ZN4mfem34SymmetricMatrixFunctionCoefficientC2EiSt8functionIFvRKNS_6VectorERNS_20DenseSymmetricMatrixEEEPNS_11CoefficientE
FN:1044,_ZN4mfem34SymmetricMatrixFunctionCoefficientD0Ev
FN:1044,_ZN4mfem34SymmetricMatrixFunctionCoefficientD2Ev
FN:1082,_ZN4mfem18ProductCoefficient4EvalERNS_21ElementTransformationERKNS_16IntegrationPointE
FN:1132,_ZN4mfem16RatioCoefficient4EvalERNS_21ElementTransformationERKNS_16IntegrationPointE
FN:1165,_ZN4mfem16PowerCoefficient4EvalERNS_21ElementTransformationERKNS_16IntegrationPointE
FN:1687,_ZN4mfem35VectorQuadratureFunctionCoefficientD0Ev
FN:1687,_ZN4mfem35VectorQuadratureFunctionCoefficientD2Ev
FN:1706,_ZN4mfem29QuadratureFunctionCoefficientD0Ev
FN:1706,_ZN4mfem29QuadratureFunctionCoefficientD2Ev
FNDA:0,_ZN4mfem14SumCoefficient4EvalERNS_21ElementTransformationERKNS_16IntegrationPointE
FNDA:0,_ZN4mfem16DeltaCoefficient4EvalERNS_21ElementTransformationERKNS_16IntegrationPointE
FNDA:0,_ZN4mfem16DeltaCoefficientD0Ev
FNDA:0,_ZN4mfem16DeltaCoefficientD2Ev
FNDA:0,_ZN4mfem16PowerCoefficient4EvalERNS_21ElementTransformationERKNS_16IntegrationPointE
FNDA:0,_ZN4mfem16RatioCoefficient4EvalERNS_21ElementTransformationERKNS_16IntegrationPointE
FNDA:0,_ZN4mfem17MatrixCoefficient13EvalSymmetricERNS_6VectorERNS_21ElementTransformationERKNS_16IntegrationPointE
FNDA:0,_ZN4mfem18ProductCoefficient4EvalERNS_21ElementTransformationERKNS_16IntegrationPointE
FNDA:0,_ZN4mfem19ConstantCoefficient4EvalERNS_21ElementTransformationERKNS_16IntegrationPointE
FNDA:0,_ZN4mfem21RestrictedCoefficient4EvalERNS_21ElementTransformationERKNS_16IntegrationPointE
FNDA:0,_ZN4mfem22VectorDeltaCoefficientD0Ev
FNDA:0,_ZN4mfem22VectorDeltaCoefficientD2Ev
FNDA:0,_ZN4mfem25MatrixConstantCoefficient4EvalERNS_11DenseMatrixERNS_21ElementTransformationERKNS_16IntegrationPointE
FNDA:0,_ZN4mfem25MatrixFunctionCoefficientC2EiSt8functionIFvRKNS_6VectorERNS_11DenseMatrixEEEPNS_11CoefficientE
FNDA:0,_ZN4mfem25MatrixFunctionCoefficientD0Ev
FNDA:0,_ZN4mfem25MatrixFunctionCoefficientD2Ev
FNDA:0,_ZN4mfem25VectorConstantCoefficient4EvalERNS_6VectorERNS_21ElementTransformationERKNS_16IntegrationPointE
FNDA:0,_ZN4mfem25VectorFunctionCoefficientD0Ev
FNDA:0,_ZN4mfem25VectorFunctionCoefficientD2Ev
FNDA:0,_ZN4mfem27CurlGridFunctionCoefficientD0Ev
FNDA:0,_ZN4mfem27CurlGridFunctionCoefficientD2Ev
FNDA:0,_ZN4mfem29QuadratureFunctionCoefficientD0Ev
FNDA:0,_ZN4mfem29QuadratureFunctionCoefficientD2Ev
FNDA:0,_ZN4mfem29VectorGridFunctionCoefficientD0Ev
FNDA:0,_ZN4mfem29VectorGridFunctionCoefficientD2Ev
FNDA:0,_ZN4mfem31GradientGridFunctionCoefficientD0Ev
FNDA:0,_ZN4mfem31GradientGridFunctionCoefficientD2Ev
FNDA:0,_ZN4mfem33DivergenceGridFunctionCoefficientD0Ev
FNDA:0,_ZN4mfem33DivergenceGridFunctionCoefficientD2Ev
FNDA:0,_ZN4mfem34SymmetricMatrixConstantCoefficient4EvalERNS_20DenseSymmetricMatrixERNS_21ElementTransformationERKNS_16IntegrationPointE
FNDA:0,_ZN4mfem34SymmetricMatrixFunctionCoefficientC2EiSt8functionIFvRKNS_6VectorERNS_20DenseSymmetricMatrixEEEPNS_11CoefficientE
FNDA:0,_ZN4mfem34SymmetricMatrixFunctionCoefficientD0Ev
FNDA:0,_ZN4mfem34SymmetricMatrixFunctionCoefficientD2Ev
FNDA:0,_ZN4mfem35VectorQuadratureFunctionCoefficientD0Ev
FNDA:0,_ZN4mfem35VectorQuadratureFunctionCoefficientD2Ev
FNF:35
FNH:0
DA:45,0
DA:48,0
DA:51,0
DA:66,0
DA:69,0
DA:70,0
DA:73,0
DA:78,0
DA:84,0
DA:87,0
DA:89,0
DA:138,0
DA:139,0
DA:174,0
DA:184,0
DA:185,0
DA:266,0
DA:267,0
DA:268,0
DA:269,0
DA:316,0
DA:317,0
DA:318,0
DA:337,0
DA:338,0
DA:350,0
DA:384,0
DA:389,0
DA:395,0
DA:396,0
DA:400,0
DA:401,0
DA:420,0
DA:423,0
DA:441,0
DA:515,0
DA:546,0
DA:571,0
DA:595,0
DA:661,0
DA:703,0
DA:704,0
DA:743,0
DA:745,0
DA:747,0
DA:762,0
DA:763,0
DA:785,0
DA:788,0
DA:789,0
DA:829,0
DA:940,0
DA:943,0
DA:944,0
DA:958,0
DA:959,0
DA:978,0
DA:994,0
DA:995,0
DA:1016,0
DA:1019,0
DA:1020,0
DA:1044,0
DA:1082,0
DA:1084,0
DA:1132,0
DA:1135,0
DA:1136,0
DA:1137,0
DA:1165,0
DA:1167,0
DA:1687,0
DA:1706,0
LF:73
LH:0
end_of_record
TN:
SF:/root/mfem/fem/complex_fem.hpp
FN:38,_ZN4mfem19ComplexGridFunction7DestroyEv
FN:83,_ZN4mfem19ComplexGridFunctionD0Ev
FN:83,_ZN4mfem19ComplexGridFunctionD2Ev
FN:339,_ZN4mfem22ParComplexGridFunction7DestroyEv
FN:414,_ZN4mfem22ParComplexGridFunctionD0Ev
FN:414,_ZN4mfem22ParComplexGridFunctionD2Ev
FNDA:0,_ZN4mfem19ComplexGridFunction7DestroyEv
FNDA:0,_ZN4mfem19ComplexGridFunctionD0Ev
FNDA:0,_ZN4mfem19ComplexGridFunctionD2Ev
FNDA:0,_ZN4mfem22ParComplexGridFunction7DestroyEv
FNDA:0,_ZN4mfem22ParComplexGridFunctionD0Ev
FNDA:0,_ZN4mfem22ParComplexGridFunctionD2Ev
FNF:6
FNH:0
DA:38,0
DA:83,0
DA:339,0
DA:414,0
LF:4
LH:0
end_of_record
TN:
SF:/root/mfem/fem/datacollection.hpp
FNF:0
FNH:0
DA:79,0
DA:81,0
DA:86,0
DA:88,0
DA:89,0
DA:261,0
DA:262,0
DA:266,0
DA:267,0
DA:282,0
DA:283,0
DA:287,0
DA:288,0
DA:303,0
DA:318,0
DA:320,0
DA:326,0
DA:328,0
DA:333,0
DA:340,0
DA:479,0
LF:21
LH:0
end_of_record
TN:
SF:/root/mfem/fem/eltrans.hpp
FN:167,_ZN4mfem21ElementTransformationD0Ev
FN:167,_ZN4mfem21ElementTransformationD2Ev
FN:365,_ZN4mfem27IsoparametricTransformationC2Ev
FN:437,_ZN4mfem27IsoparametricTransformation13TransformBackERKNS_6VectorERNS_16IntegrationPointE
FN:443,_ZN4mfem27IsoparametricTransformationD0Ev
FN:443,_ZN4mfem27IsoparametricTransformationD2Ev
FN:513,_ZN4mfem26FaceElementTransformationsC2Ev
FNDA:0,_ZN4mfem21ElementTransformationD0Ev
FNDA:0,_ZN4mfem21ElementTransformationD2Ev
FNDA:0,_ZN4mfem26FaceElementTransformationsC2Ev
FNDA:0,_ZN4mfem27IsoparametricTransformation13TransformBackERKNS_6VectorERNS_16IntegrationPointE
FNDA:0,_ZN4mfem27IsoparametricTransformationC2Ev
FNDA:0,_ZN4mfem27IsoparametricTransformationD0Ev
FNDA:0,_ZN4mfem27IsoparametricTransformationD2Ev
FNF:7
FNH:0
DA:85,0
DA:86,0
DA:123,0
DA:149,0
DA:167,0
DA:262,0
DA:263,0
DA:273,0
DA:276,0
DA:283,0
DA:301,0
DA:321,0
DA:365,0
DA:437,0
DA:439,0
DA:440,0
DA:443,0
DA:448,0
DA:513,0
LF:19
LH:0
end_of_record
TN:
SF:/root/mfem/fem/estimators.hpp
FNF:0
FNH:0
DA:488,0
DA:490,0
DA:492,0
DA:493,0
DA:534,0
DA:536,0
DA:538,0
DA:546,0
LF:8
LH:0
end_of_record
TN:
SF:/root/mfem/fem/fe.hpp
FN:628,_ZN4mfem19ScalarFiniteElement13CheckScalarFEERKNS_13FiniteElementE
FN:718,_ZNK4mfem18NodalFiniteElement21GetLocalInterpolationERNS_21ElementTransformationERNS_11DenseMatrixE
FN:725,_ZNK4mfem18NodalFiniteElement17GetTransferMatrixERKNS_13FiniteElementERNS_21ElementTransformationERNS_11DenseMatrixE
FN:1447,_ZNK4mfem24RT0TriangleFiniteElement10CalcVShapeERNS_21ElementTransformationERNS_11DenseMatrixE
FN:1476,_ZNK4mfem20RT0QuadFiniteElement10CalcVShapeERNS_21ElementTransformationERNS_11DenseMatrixE
FN:1505,_ZNK4mfem24RT1TriangleFiniteElement10CalcVShapeERNS_21ElementTransformationERNS_11DenseMatrixE
FN:1534,_ZNK4mfem20RT1QuadFiniteElement10CalcVShapeERNS_21ElementTransformationERNS_11DenseMatrixE
FN:1562,_ZNK4mfem24RT2TriangleFiniteElement10CalcVShapeERNS_21ElementTransformationERNS_11DenseMatrixE
FN:1585,_ZNK4mfem20RT2QuadFiniteElement10CalcVShapeERNS_21ElementTransformationERNS_11DenseMatrixE
FN:1804,_ZNK4mfem24Nedelec1HexFiniteElement10CalcVShapeERNS_21ElementTransformationERNS_11DenseMatrixE
FN:1828,_ZNK4mfem24Nedelec1TetFiniteElement10CalcVShapeERNS_21ElementTransformationERNS_11DenseMatrixE
FN:1854,_ZNK4mfem19RT0HexFiniteElement10CalcVShapeERNS_21ElementTransformationERNS_11DenseMatrixE
FN:1884,_ZNK4mfem19RT1HexFiniteElement10CalcVShapeERNS_21ElementTransformationERNS_11DenseMatrixE
FN:1914,_ZNK4mfem19RT0TetFiniteElement10CalcVShapeERNS_21ElementTransformationERNS_11DenseMatrixE
FN:2161,_ZNK4mfem24NodalTensorFiniteElement12GetDofToQuadERKNS_15IntegrationRuleENS_9DofToQuad4ModeE
FN:2177,_ZNK4mfem27PositiveTensorFiniteElement12GetDofToQuadERKNS_15IntegrationRuleENS_9DofToQuad4ModeE
FN:2572,_ZNK4mfem23L2_QuadrilateralElement11ProjectCurlERKNS_13FiniteElementERNS_21ElementTransformationERNS_11DenseMatrixE
FN:2650,_ZNK4mfem18L2_TriangleElement11ProjectCurlERKNS_13FiniteElementERNS_21ElementTransformationERNS_11DenseMatrixE
FN:2787,_ZNK4mfem23RT_QuadrilateralElement10CalcVShapeERNS_21ElementTransformationERNS_11DenseMatrixE
FN:2821,_ZNK4mfem23RT_QuadrilateralElement11ProjectCurlERKNS_13FiniteElementERNS_21ElementTransformationERNS_11DenseMatrixE
FN:2848,_ZNK4mfem20RT_HexahedronElement10CalcVShapeERNS_21ElementTransformationERNS_11DenseMatrixE
FN:2876,_ZNK4mfem20RT_HexahedronElement11ProjectCurlERKNS_13FiniteElementERNS_21ElementTransformationERNS_11DenseMatrixE
FN:2902,_ZNK4mfem18RT_TriangleElement10CalcVShapeERNS_21ElementTransformationERNS_11DenseMatrixE
FN:2936,_ZNK4mfem18RT_TriangleElement11ProjectCurlERKNS_13FiniteElementERNS_21ElementTransformationERNS_11DenseMatrixE
FN:2962,_ZNK4mfem21RT_TetrahedronElement10CalcVShapeERNS_21ElementTransformationERNS_11DenseMatrixE
FN:2990,_ZNK4mfem21RT_TetrahedronElement11ProjectCurlERKNS_13FiniteElementERNS_21ElementTransformationERNS_11DenseMatrixE
FN:3017,_ZNK4mfem20ND_HexahedronElement10CalcVShapeERNS_21ElementTransformationERNS_11DenseMatrixE
FN:3061,_ZNK4mfem20ND_HexahedronElement11ProjectCurlERKNS_13FiniteElementERNS_21ElementTransformationERNS_11DenseMatrixE
FN:3087,_ZNK4mfem23ND_QuadrilateralElement10CalcVShapeERNS_21ElementTransformationERNS_11DenseMatrixE
FN:3141,_ZNK4mfem21ND_TetrahedronElement10CalcVShapeERNS_21ElementTransformationERNS_11DenseMatrixE
FN:3175,_ZNK4mfem21ND_TetrahedronElement11ProjectCurlERKNS_13FiniteElementERNS_21ElementTransformationERNS_11DenseMatrixE
FN:3200,_ZNK4mfem18ND_TriangleElement10CalcVShapeERNS_21ElementTransformationERNS_11DenseMatrixE
FN:3248,_ZNK4mfem17ND_SegmentElement9CalcShapeERKNS_16IntegrationPointERNS_6VectorE
FN:3252,_ZNK4mfem17ND_SegmentElement10CalcVShapeERNS_21ElementTransformationERNS_11DenseMatrixE
FNDA:0,_ZN4mfem19ScalarFiniteElement13CheckScalarFEERKNS_13FiniteElementE
FNDA:0,_ZNK4mfem17ND_SegmentElement10CalcVShapeERNS_21ElementTransformationERNS_11DenseMatrixE
FNDA:0,_ZNK4mfem17ND_SegmentElement9CalcShapeERKNS_16IntegrationPointERNS_6VectorE
FNDA:0,_ZNK4mfem18L2_TriangleElement11ProjectCurlERKNS_13FiniteElementERNS_21ElementTransformationERNS_11DenseMatrixE
FNDA:0,_ZNK4mfem18ND_TriangleElement10CalcVShapeERNS_21ElementTransformationERNS_11DenseMatrixE
FNDA:0,_ZNK4mfem18NodalFiniteElement17GetTransferMatrixERKNS_13FiniteElementERNS_21ElementTransformationERNS_11DenseMatrixE
FNDA:0,_ZNK4mfem18NodalFiniteElement21GetLocalInterpolationERNS_21ElementTransformationERNS_11DenseMatrixE
FNDA:0,_ZNK4mfem18RT_TriangleElement10CalcVShapeERNS_21ElementTransformationERNS_11DenseMatrixE
FNDA:0,_ZNK4mfem18RT_TriangleElement11ProjectCurlERKNS_13FiniteElementERNS_21ElementTransformationERNS_11DenseMatrixE
FNDA:0,_ZNK4mfem19RT0HexFiniteElement10CalcVShapeERNS_21ElementTransformationERNS_11DenseMatrixE
FNDA:0,_ZNK4mfem19RT0TetFiniteElement10CalcVShapeERNS_21ElementTransformationERNS_11DenseMatrixE
FNDA:0,_ZNK4mfem19RT1HexFiniteElement10CalcVShapeERNS_21ElementTransformationERNS_11DenseMatrixE
FNDA:0,_ZNK4mfem20ND_HexahedronElement10CalcVShapeERNS_21ElementTransformationERNS_11DenseMatrixE
FNDA:0,_ZNK4mfem20ND_HexahedronElement11ProjectCurlERKNS_13FiniteElementERNS_21ElementTransformationERNS_11DenseMatrixE
FNDA:0,_ZNK4mfem20RT0QuadFiniteElement10CalcVShapeERNS_21ElementTransformationERNS_11DenseMatrixE
FNDA:0,_ZNK4mfem20RT1QuadFiniteElement10CalcVShapeERNS_21ElementTransformationERNS_11DenseMatrixE
FNDA:0,_ZNK4mfem20RT2QuadFiniteElement10CalcVShapeERNS_21ElementTransformationERNS_11DenseMatrixE
FNDA:0,_ZNK4mfem20RT_HexahedronElement10CalcVShapeERNS_21ElementTransformationERNS_11DenseMatrixE
FNDA:0,_ZNK4mfem20RT_HexahedronElement11ProjectCurlERKNS_13FiniteElementERNS_21ElementTransformationERNS_11DenseMatrixE
FNDA:0,_ZNK4mfem21ND_TetrahedronElement10CalcVShapeERNS_21ElementTransformationERNS_11DenseMatrixE
FNDA:0,_ZNK4mfem21ND_TetrahedronElement11ProjectCurlERKNS_13FiniteElementERNS_21ElementTransformationERNS_11DenseMatrixE
FNDA:0,_ZNK4mfem21RT_TetrahedronElement10CalcVShapeERNS_21ElementTransformationERNS_11DenseMatrixE
FNDA:0,_ZNK4mfem21RT_TetrahedronElement11ProjectCurlERKNS_13FiniteElementERNS_21ElementTransformationERNS_11DenseMatrixE
FNDA:0,_ZNK4mfem23L2_QuadrilateralElement11ProjectCurlERKNS_13FiniteElementERNS_21ElementTransformationERNS_11DenseMatrixE
FNDA:0,_ZNK4mfem23ND_QuadrilateralElement10CalcVShapeERNS_21ElementTransformationERNS_11DenseMatrixE
FNDA:0,_ZNK4mfem23RT_QuadrilateralElement10CalcVShapeERNS_21ElementTransformationERNS_11DenseMatrixE
FNDA:0,_ZNK4mfem23RT_QuadrilateralElement11ProjectCurlERKNS_13FiniteElementERNS_21ElementTransformationERNS_11DenseMatrixE
FNDA:0,_ZNK4mfem24Nedelec1HexFiniteElement10CalcVShapeERNS_21ElementTransformationERNS_11DenseMatrixE
FNDA:0,_ZNK4mfem24Nedelec1TetFiniteElement10CalcVShapeERNS_21ElementTransformationERNS_11DenseMatrixE
FNDA:0,_ZNK4mfem24NodalTensorFiniteElement12GetDofToQuadERKNS_15IntegrationRuleENS_9DofToQuad4ModeE
FNDA:0,_ZNK4mfem24RT0TriangleFiniteElement10CalcVShapeERNS_21ElementTransformationERNS_11DenseMatrixE
FNDA:0,_ZNK4mfem24RT1TriangleFiniteElement10CalcVShapeERNS_21ElementTransformationERNS_11DenseMatrixE
FNDA:0,_ZNK4mfem24RT2TriangleFiniteElement10CalcVShapeERNS_21ElementTransformationERNS_11DenseMatrixE
FNDA:0,_ZNK4mfem27PositiveTensorFiniteElement12GetDofToQuadERKNS_15IntegrationRuleENS_9DofToQuad4ModeE
FNF:34
FNH:0
DA:309,0
DA:312,0
DA:315,0
DA:319,0
DA:329,0
DA:332,0
DA:336,0
DA:341,0
DA:347,0
DA:352,0
DA:382,0
DA:628,0
DA:630,0
DA:631,0
DA:632,0
DA:718,0
DA:720,0
DA:725,0
DA:728,0
DA:772,0
DA:993,0
DA:1006,0
DA:1026,0
DA:1048,0
DA:1186,0
DA:1333,0
DA:1375,0
DA:1447,0
DA:1449,0
DA:1476,0
DA:1478,0
DA:1505,0
DA:1507,0
DA:1534,0
DA:1536,0
DA:1562,0
DA:1564,0
DA:1585,0
DA:1587,0
DA:1804,0
DA:1806,0
DA:1828,0
DA:1830,0
DA:1854,0
DA:1856,0
DA:1884,0
DA:1886,0
DA:1914,0
DA:1916,0
DA:2079,0
DA:2080,0
DA:2085,0
DA:2086,0
DA:2126,0
DA:2161,0
DA:2164,0
DA:2165,0
DA:2166,0
DA:2177,0
DA:2180,0
DA:2181,0
DA:2182,0
DA:2572,0
DA:2575,0
DA:2650,0
DA:2653,0
DA:2787,0
DA:2789,0
DA:2821,0
DA:2824,0
DA:2848,0
DA:2850,0
DA:2876,0
DA:2879,0
DA:2902,0
DA:2904,0
DA:2936,0
DA:2939,0
DA:2962,0
DA:2964,0
DA:2990,0
DA:2993,0
DA:3017,0
DA:3019,0
DA:3061,0
DA:3064,0
DA:3087,0
DA:3089,0
DA:3141,0
DA:3143,0
DA:3175,0
DA:3178,0
DA:3200,0
DA:3202,0
DA:3237,0
DA:3248,0
DA:3249,0
DA:3252,0
DA:3254,0
LF:99
LH:0
end_of_record
TN:
SF:/root/mfem/fem/fe_coll.hpp
FN:67,_ZNK4mfem23FiniteElementCollection29TraceFiniteElementForGeometryENS_8Geometry4TypeE
FN:214,_ZNK4mfem15H1_FECollection24FiniteElementForGeometryENS_8Geometry4TypeE
FN:217,_ZNK4mfem15H1_FECollection14DofForGeometryENS_8Geometry4TypeE
FN:222,_ZNK4mfem15H1_FECollection4NameEv
FN:223,_ZNK4mfem15H1_FECollection11GetContTypeEv
FN:236,_ZNK4mfem15H1_FECollection5CloneEi
FN:289,_ZNK4mfem15L2_FECollection24FiniteElementForGeometryENS_8Geometry4TypeE
FN:304,_ZNK4mfem15L2_FECollection4NameEv
FN:355,_ZNK4mfem15RT_FECollection24FiniteElementForGeometryENS_8Geometry4TypeE
FN:405,_ZNK4mfem15ND_FECollection24FiniteElementForGeometryENS_8Geometry4TypeE
FN:498,_ZN4mfem18LinearFECollectionC2Ev
FN:508,_ZNK4mfem18LinearFECollection4NameEv
FN:1077,_ZNK4mfem18Local_FECollection24FiniteElementForGeometryENS_8Geometry4TypeE
FN:1080,_ZNK4mfem18Local_FECollection14DofForGeometryENS_8Geometry4TypeE
FN:1082,_ZNK4mfem18Local_FECollection22DofOrderForOrientationENS_8Geometry4TypeEi
FN:1085,_ZNK4mfem18Local_FECollection4NameEv
FN:1087,_ZN4mfem18Local_FECollectionD0Ev
FN:1087,_ZN4mfem18Local_FECollectionD2Ev
FN:1088,_ZNK4mfem18Local_FECollection11GetContTypeEv
FNDA:0,_ZN4mfem18LinearFECollectionC2Ev
FNDA:0,_ZN4mfem18Local_FECollectionD0Ev
FNDA:0,_ZN4mfem18Local_FECollectionD2Ev
FNDA:0,_ZNK4mfem15H1_FECollection11GetContTypeEv
FNDA:0,_ZNK4mfem15H1_FECollection14DofForGeometryENS_8Geometry4TypeE
FNDA:0,_ZNK4mfem15H1_FECollection24FiniteElementForGeometryENS_8Geometry4TypeE
FNDA:0,_ZNK4mfem15H1_FECollection4NameEv
FNDA:0,_ZNK4mfem15H1_FECollection5CloneEi
FNDA:0,_ZNK4mfem15L2_FECollection24FiniteElementForGeometryENS_8Geometry4TypeE
FNDA:0,_ZNK4mfem15L2_FECollection4NameEv
FNDA:0,_ZNK4mfem15ND_FECollection24FiniteElementForGeometryENS_8Geometry4TypeE
FNDA:0,_ZNK4mfem15RT_FECollection24FiniteElementForGeometryENS_8Geometry4TypeE
FNDA:0,_ZNK4mfem18LinearFECollection4NameEv
FNDA:0,_ZNK4mfem18Local_FECollection11GetContTypeEv
FNDA:0,_ZNK4mfem18Local_FECollection14DofForGeometryENS_8Geometry4TypeE
FNDA:0,_ZNK4mfem18Local_FECollection22DofOrderForOrientationENS_8Geometry4TypeEi
FNDA:0,_ZNK4mfem18Local_FECollection24FiniteElementForGeometryENS_8Geometry4TypeE
FNDA:0,_ZNK4mfem18Local_FECollection4NameEv
FNDA:0,_ZNK4mfem23FiniteElementCollection29TraceFiniteElementForGeometryENS_8Geometry4TypeE
FNF:19
FNH:0
DA:67,0
DA:70,0
DA:189,0
DA:214,0
DA:216,0
DA:217,0
DA:218,0
DA:222,0
DA:223,0
DA:224,0
DA:236,0
DA:237,0
DA:289,0
DA:292,0
DA:304,0
DA:355,0
DA:357,0
DA:405,0
DA:407,0
DA:498,0
DA:508,0
DA:1077,0
DA:1079,0
DA:1080,0
DA:1081,0
DA:1082,0
DA:1084,0
DA:1085,0
DA:1087,0
DA:1088,0
LF:30
LH:0
end_of_record
TN:
SF:/root/mfem/fem/fespace.hpp
FN:386,_ZN4mfem18FiniteElementSpaceC2EPNS_4MeshEPKNS_23FiniteElementCollectionEii
FN:439,_ZNK4mfem18FiniteElementSpace21GetProlongationMatrixEv
FN:455,_ZNK4mfem18FiniteElementSpace20GetRestrictionMatrixEv
FN:534,_ZNK4mfem18FiniteElementSpace12GetTrueVSizeEv
FN:919,_ZN4mfem15QuadratureSpaceD0Ev
FN:919,_ZN4mfem15QuadratureSpaceD2Ev
FN:1120,_ZN4mfem24L2ProjectionGridTransfer12L2ProjectionD0Ev
FN:1120,_ZN4mfem24L2ProjectionGridTransfer12L2ProjectionD2Ev
FN:1132,_ZNK4mfem24L2ProjectionGridTransfer14L2Prolongation4MultERKNS_6VectorERS2_
FN:1136,_ZN4mfem24L2ProjectionGridTransfer14L2ProlongationD0Ev
FN:1136,_ZN4mfem24L2ProjectionGridTransfer14L2ProlongationD2Ev
FNDA:0,_ZN4mfem15QuadratureSpaceD0Ev
FNDA:0,_ZN4mfem15QuadratureSpaceD2Ev
FNDA:0,_ZN4mfem18FiniteElementSpaceC2EPNS_4MeshEPKNS_23FiniteElementCollectionEii
FNDA:0,_ZN4mfem24L2ProjectionGridTransfer12L2ProjectionD0Ev
FNDA:0,_ZN4mfem24L2ProjectionGridTransfer12L2ProjectionD2Ev
FNDA:0,_ZN4mfem24L2ProjectionGridTransfer14L2ProlongationD0Ev
FNDA:0,_ZN4mfem24L2ProjectionGridTransfer14L2ProlongationD2Ev
FNDA:0,_ZNK4mfem18FiniteElementSpace12GetTrueVSizeEv
FNDA:0,_ZNK4mfem18FiniteElementSpace20GetRestrictionMatrixEv
FNDA:0,_ZNK4mfem18FiniteElementSpace21GetProlongationMatrixEv
FNDA:0,_ZNK4mfem24L2ProjectionGridTransfer14L2Prolongation4MultERKNS_6VectorERS2_
FNF:11
FNH:0
DA:386,0
DA:389,0
DA:401,0
DA:439,0
DA:440,0
DA:455,0
DA:456,0
DA:525,0
DA:528,0
DA:531,0
DA:534,0
DA:540,0
DA:545,0
DA:707,0
DA:711,0
DA:856,0
DA:873,0
DA:875,0
DA:876,0
DA:877,0
DA:878,0
DA:913,0
DA:914,0
DA:919,0
DA:922,0
DA:934,0
DA:935,0
DA:1120,0
DA:1132,0
DA:1134,0
DA:1135,0
DA:1136,0
LF:32
LH:0
end_of_record
TN:
SF:/root/mfem/fem/geom.hpp
FNF:0
FNH:0
DA:70,0
DA:71,0
DA:267,0
LF:3
LH:0
end_of_record
TN:
SF:/root/mfem/fem/gridfunc.hpp
FN:85,_ZN4mfem12GridFunctionC2EPNS_18FiniteElementSpaceE
FN:695,_ZN4mfem12GridFunctionD0Ev
FN:695,_ZN4mfem12GridFunctionD2Ev
FN:754,_ZN4mfem18QuadratureFunctionC2EPNS_15QuadratureSpaceEi
FN:770,_ZN4mfem18QuadratureFunctionD0Ev
FN:770,_ZN4mfem18QuadratureFunctionD2Ev
FN:911,_ZN4mfem18ExtrudeCoefficientD0Ev
FN:911,_ZN4mfem18ExtrudeCoefficientD2Ev
FNDA:0,_ZN4mfem12GridFunctionC2EPNS_18FiniteElementSpaceE
FNDA:0,_ZN4mfem12GridFunctionD0Ev
FNDA:0,_ZN4mfem12GridFunctionD2Ev
FNDA:0,_ZN4mfem18ExtrudeCoefficientD0Ev
FNDA:0,_ZN4mfem18ExtrudeCoefficientD2Ev
FNDA:0,_ZN4mfem18QuadratureFunctionC2EPNS_15QuadratureSpaceEi
FNDA:0,_ZN4mfem18QuadratureFunctionD0Ev
FNDA:0,_ZN4mfem18QuadratureFunctionD2Ev
FNF:8
FNH:0
DA:77,0
DA:85,0
DA:86,0
DA:112,0
DA:113,0
DA:422,0
DA:424,0
DA:425,0
DA:454,0
DA:456,0
DA:627,0
DA:695,0
DA:754,0
DA:755,0
DA:756,0
DA:770,0
DA:800,0
DA:911,0
LF:18
LH:0
end_of_record
TN:
SF:/root/mfem/fem/intrules.hpp
FN:221,_ZN4mfem15IntegrationRuleC2Ei
FNDA:0,_ZN4mfem15IntegrationRuleC2Ei
FNF:1
FNH:0
DA:31,0
DA:33,0
DA:34,0
DA:70,0
DA:71,0
DA:80,0
DA:217,0
DA:218,0
DA:221,0
DA:222,0
DA:224,0
DA:226,0
DA:228,0
DA:238,0
DA:245,0
DA:248,0
DA:251,0
DA:259,0
DA:371,0
LF:19
LH:0
end_of_record
TN:
SF:/root/mfem/fem/linearform.hpp
FN:66,_ZN4mfem10LinearFormC2EPNS_18FiniteElementSpaceE
FNDA:0,_ZN4mfem10LinearFormC2EPNS_18FiniteElementSpaceE
FNF:1
FNH:0
DA:66,0
DA:67,0
LF:2
LH:0
end_of_record
TN:
SF:/root/mfem/fem/lininteg.hpp
FN:39,_ZN4mfem20LinearFormIntegrator10SetIntRuleEPKNS_15IntegrationRuleE
FN:100,_ZN4mfem18DomainLFIntegratorC2ERNS_11CoefficientEii
FN:217,_ZN4mfem24VectorDomainLFIntegratorC2ERNS_17VectorCoefficientE
FNDA:0,_ZN4mfem18DomainLFIntegratorC2ERNS_11CoefficientEii
FNDA:0,_ZN4mfem20LinearFormIntegrator10SetIntRuleEPKNS_15IntegrationRuleE
FNDA:0,_ZN4mfem24VectorDomainLFIntegratorC2ERNS_17VectorCoefficientE
FNF:3
FNH:0
DA:27,0
DA:39,0
DA:55,0
DA:56,0
DA:57,0
DA:58,0
DA:62,0
DA:64,0
DA:66,0
DA:100,0
DA:103,0
DA:158,0
DA:159,0
DA:179,0
DA:180,0
DA:217,0
DA:218,0
DA:365,0
DA:366,0
DA:383,0
DA:385,0
DA:516,0
DA:518,0
DA:520,0
DA:547,0
DA:549,0
DA:551,0
LF:27
LH:0
end_of_record
TN:
SF:/root/mfem/fem/nonlinearform.hpp
FN:73,_ZN4mfem13NonlinearFormC2EPNS_18FiniteElementSpaceE
FN:209,_ZNK4mfem13NonlinearForm15GetProlongationEv
FN:211,_ZNK4mfem13NonlinearForm14GetRestrictionEv
FNDA:0,_ZN4mfem13NonlinearFormC2EPNS_18FiniteElementSpaceE
FNDA:0,_ZNK4mfem13NonlinearForm14GetRestrictionEv
FNDA:0,_ZNK4mfem13NonlinearForm15GetProlongationEv
FNF:3
FNH:0
DA:73,0
DA:74,0
DA:76,0
DA:77,0
DA:78,0
DA:110,0
DA:111,0
DA:209,0
DA:211,0
DA:212,0
DA:300,0
DA:301,0
LF:12
LH:0
end_of_record
TN:
SF:/root/mfem/fem/nonlinearform_ext.hpp
FN:81,_ZNK4mfem24PANonlinearFormExtension8Gradient15GetProlongationEv
FNDA:0,_ZNK4mfem24PANonlinearFormExtension8Gradient15GetProlongationEv
FNF:1
FNH:0
DA:81,0
DA:83,0
LF:2
LH:0
end_of_record
TN:
SF:/root/mfem/fem/nonlininteg.hpp
FN:123,_ZNK4mfem23NonlinearFormIntegrator12SupportsCeedEv
FN:374,_ZN4mfem29VectorConvectionNLFIntegratorC2Ev
FNDA:0,_ZN4mfem29VectorConvectionNLFIntegratorC2Ev
FNDA:0,_ZNK4mfem23NonlinearFormIntegrator12SupportsCeedEv
FNF:2
FNH:0
DA:35,0
DA:36,0
DA:123,0
DA:138,0
DA:139,0
DA:140,0
DA:147,0
DA:179,0
DA:374,0
LF:9
LH:0
end_of_record
TN:
SF:/root/mfem/fem/pbilinearform.hpp
FN:56,_ZN4mfem15ParBilinearFormC2EPNS_21ParFiniteElementSpaceE
FN:173,_ZNK4mfem15ParBilinearForm15GetProlongationEv
FN:179,_ZNK4mfem15ParBilinearForm14GetRestrictionEv
FN:201,_ZN4mfem15ParBilinearFormD0Ev
FN:201,_ZN4mfem15ParBilinearFormD2Ev
FN:230,_ZN4mfem20ParMixedBilinearFormC2EPNS_21ParFiniteElementSpaceES2_
FN:291,_ZN4mfem20ParMixedBilinearFormD0Ev
FN:291,_ZN4mfem20ParMixedBilinearFormD2Ev
FN:338,_ZN4mfem25ParDiscreteLinearOperatorD0Ev
FN:338,_ZN4mfem25ParDiscreteLinearOperatorD2Ev
FNDA:0,_ZN4mfem15ParBilinearFormC2EPNS_21ParFiniteElementSpaceE
FNDA:0,_ZN4mfem15ParBilinearFormD0Ev
FNDA:0,_ZN4mfem15ParBilinearFormD2Ev
FNDA:0,_ZN4mfem20ParMixedBilinearFormC2EPNS_21ParFiniteElementSpaceES2_
FNDA:0,_ZN4mfem20ParMixedBilinearFormD0Ev
FNDA:0,_ZN4mfem20ParMixedBilinearFormD2Ev
FNDA:0,_ZN4mfem25ParDiscreteLinearOperatorD0Ev
FNDA:0,_ZN4mfem25ParDiscreteLinearOperatorD2Ev
FNDA:0,_ZNK4mfem15ParBilinearForm14GetRestrictionEv
FNDA:0,_ZNK4mfem15ParBilinearForm15GetProlongationEv
FNF:10
FNH:0
DA:56,0
DA:57,0
DA:58,0
DA:59,0
DA:77,0
DA:106,0
DA:173,0
DA:174,0
DA:179,0
DA:180,0
DA:201,0
DA:230,0
DA:232,0
DA:233,0
DA:235,0
DA:236,0
DA:237,0
DA:291,0
DA:317,0
DA:319,0
DA:338,0
LF:21
LH:0
end_of_record
TN:
SF:/root/mfem/fem/pfespace.hpp
FN:266,_ZNK4mfem21ParFiniteElementSpace12GetTrueVSizeEv
FN:366,_ZNK4mfem21ParFiniteElementSpace20GetRestrictionMatrixEv
FN:404,_ZN4mfem21ParFiniteElementSpaceD0Ev
FN:404,_ZN4mfem21ParFiniteElementSpaceD2Ev
FNDA:0,_ZN4mfem21ParFiniteElementSpaceD0Ev
FNDA:0,_ZN4mfem21ParFiniteElementSpaceD2Ev
FNDA:0,_ZNK4mfem21ParFiniteElementSpace12GetTrueVSizeEv
FNDA:0,_ZNK4mfem21ParFiniteElementSpace20GetRestrictionMatrixEv
FNF:4
FNH:0
DA:266,0
DA:298,0
DA:299,0
DA:366,0
DA:367,0
DA:371,0
DA:404,0
DA:409,0
LF:8
LH:0
end_of_record
TN:
SF:/root/mfem/fem/pgridfunc.hpp
FN:56,_ZN4mfem15ParGridFunctionC2EPNS_21ParFiniteElementSpaceE
FN:251,_ZN4mfem15ParGridFunction21ProjectBdrCoefficientEPPNS_11CoefficientERNS_5ArrayIiEE
FN:433,_ZN4mfem15ParGridFunctionD0Ev
FN:433,_ZN4mfem15ParGridFunctionD2Ev
FNDA:0,_ZN4mfem15ParGridFunction21ProjectBdrCoefficientEPPNS_11CoefficientERNS_5ArrayIiEE
FNDA:0,_ZN4mfem15ParGridFunctionC2EPNS_21ParFiniteElementSpaceE
FNDA:0,_ZN4mfem15ParGridFunctionD0Ev
FNDA:0,_ZN4mfem15ParGridFunctionD2Ev
FNF:4
FNH:0
DA:50,0
DA:56,0
DA:101,0
DA:102,0
DA:251,0
DA:252,0
DA:433,0
LF:7
LH:0
end_of_record
TN:
SF:/root/mfem/fem/plinearform.hpp
FNF:0
FNH:0
DA:26,0
DA:46,0
LF:2
LH:0
end_of_record
TN:
SF:/root/mfem/fem/pnonlinearform.hpp
FN:69,_ZN4mfem16ParNonlinearFormD0Ev
FN:69,_ZN4mfem16ParNonlinearFormD2Ev
FNDA:0,_ZN4mfem16ParNonlinearFormD0Ev
FNDA:0,_ZN4mfem16ParNonlinearFormD2Ev
FNF:2
FNH:0
DA:69,0
LF:1
LH:0
end_of_record
TN:
SF:/root/mfem/fem/quadinterpolator.hpp
FNF:0
FNH:0
DA:86,0
DA:87,0
LF:2
LH:0
end_of_record
TN:
SF:/root/mfem/fem/restriction.hpp
FNF:0
FNH:0
LF:0
LH:0
end_of_record
TN:
SF:/root/mfem/fem/tmop_tools.hpp
FN:165,_ZNK4mfem16TMOPNewtonSolver4MultERKNS_6VectorERS1_
FNDA:0,_ZNK4mfem16TMOPNewtonSolver4MultERKNS_6VectorERS1_
FNF:1
FNH:0
DA:165,0
DA:167,0
DA:169,0
DA:171,0
DA:173,0
DA:175,0
DA:176,0
LF:7
LH:0
end_of_record
TN:
SF:/root/mfem/general/array.hpp
FN:622,_ZN4mfem5ArrayINS_16IntegrationPointEEC2ERKS2_
FN:622,_ZN4mfem5ArrayIdEC2ERKS1_
FN:639,_ZN4mfem5ArrayIiEC2IdLi6EEERAT0__KT_
FN:645,_ZN4mfem5ArrayINS_10RefinementEE8GrowSizeEi
FN:645,_ZN4mfem5ArrayINS_13OptionsParser6OptionEE8GrowSizeEi
FN:645,_ZN4mfem5ArrayINS_16IntegrationPointEE8GrowSizeEi
FN:645,_ZN4mfem5ArrayIPNS_10EliminatorEE8GrowSizeEi
FN:645,_ZN4mfem5ArrayIPNS_22BilinearFormIntegratorEE8GrowSizeEi
FN:645,_ZN4mfem5ArrayIPNS_23NonlinearFormIntegratorEE8GrowSizeEi
FN:645,_ZN4mfem5ArrayIPNS_28BlockNonlinearFormIntegratorEE8GrowSizeEi
FN:645,_ZN4mfem5ArrayIbE8GrowSizeEi
FN:645,_ZN4mfem5ArrayIiE8GrowSizeEi
FN:675,_ZN4mfem5ArrayIbE7SetSizeEiRKb
FN:693,_ZN4mfem5ArrayIiE7SetSizeEiNS_10MemoryTypeE
FN:736,_ZN4mfem5ArrayINS_10RefinementEE6AppendERKS1_
FN:736,_ZN4mfem5ArrayINS_13OptionsParser6OptionEE6AppendERKS2_
FN:736,_ZN4mfem5ArrayIPNS_10EliminatorEE6AppendERKS2_
FN:736,_ZN4mfem5ArrayIPNS_22BilinearFormIntegratorEE6AppendERKS2_
FN:736,_ZN4mfem5ArrayIPNS_23NonlinearFormIntegratorEE6AppendERKS2_
FN:736,_ZN4mfem5ArrayIPNS_28BlockNonlinearFormIntegratorEE6AppendERKS2_
FN:736,_ZN4mfem5ArrayIiE6AppendERKi
FN:744,_ZN4mfem5ArrayIiE6AppendEPKii
FN:841,_ZNK4mfem5ArrayIiE4CopyERS1_
FNDA:0,_ZN4mfem5ArrayINS_10RefinementEE6AppendERKS1_
FNDA:0,_ZN4mfem5ArrayINS_10RefinementEE8GrowSizeEi
FNDA:0,_ZN4mfem5ArrayINS_13OptionsParser6OptionEE6AppendERKS2_
FNDA:0,_ZN4mfem5ArrayINS_13OptionsParser6OptionEE8GrowSizeEi
FNDA:0,_ZN4mfem5ArrayINS_16IntegrationPointEE8GrowSizeEi
FNDA:0,_ZN4mfem5ArrayINS_16IntegrationPointEEC2ERKS2_
FNDA:0,_ZN4mfem5ArrayIPNS_10EliminatorEE6AppendERKS2_
FNDA:0,_ZN4mfem5ArrayIPNS_10EliminatorEE8GrowSizeEi
FNDA:0,_ZN4mfem5ArrayIPNS_22BilinearFormIntegratorEE6AppendERKS2_
FNDA:0,_ZN4mfem5ArrayIPNS_22BilinearFormIntegratorEE8GrowSizeEi
FNDA:0,_ZN4mfem5ArrayIPNS_23NonlinearFormIntegratorEE6AppendERKS2_
FNDA:0,_ZN4mfem5ArrayIPNS_23NonlinearFormIntegratorEE8GrowSizeEi
FNDA:0,_ZN4mfem5ArrayIPNS_28BlockNonlinearFormIntegratorEE6AppendERKS2_
FNDA:0,_ZN4mfem5ArrayIPNS_28BlockNonlinearFormIntegratorEE8GrowSizeEi
FNDA:0,_ZN4mfem5ArrayIbE7SetSizeEiRKb
FNDA:0,_ZN4mfem5ArrayIbE8GrowSizeEi
FNDA:0,_ZN4mfem5ArrayIdEC2ERKS1_
FNDA:0,_ZN4mfem5ArrayIiE6AppendEPKii
FNDA:0,_ZN4mfem5ArrayIiE6AppendERKi
FNDA:0,_ZN4mfem5ArrayIiE7SetSizeEiNS_10MemoryTypeE
FNDA:0,_ZN4mfem5ArrayIiEC2IdLi6EEERAT0__KT_
FNDA:0,_ZNK4mfem5ArrayIiE4CopyERS1_
FNDA:6,_ZN4mfem5ArrayIiE8GrowSizeEi
FNF:23
FNH:1
DA:58,0
DA:64,0
DA:65,0
DA:70,0
DA:71,0
DA:86,0
DA:89,0
DA:96,0
DA:99,0
DA:102,0
DA:128,0
DA:143,0
DA:162,0
DA:294,0
DA:295,0
DA:344,0
DA:354,0
DA:415,0
DA:416,0
DA:622,0
DA:623,0
DA:625,0
DA:626,0
DA:627,0
DA:628,0
DA:639,0
DA:641,0
DA:642,0
DA:645,6
DA:647,6
DA:648,12
DA:649,6
DA:650,6
DA:651,6
DA:652,6
DA:653,6
DA:664,0
DA:667,0
DA:669,0
DA:671,0
DA:675,0
DA:678,0
DA:680,0
DA:682,0
DA:684,0
DA:686,0
DA:689,0
DA:690,0
DA:693,0
DA:696,0
DA:698,0
DA:700,0
DA:701,0
DA:704,0
DA:705,0
DA:706,0
DA:708,0
DA:709,0
DA:713,0
DA:714,0
DA:716,0
DA:720,0
DA:724,0
DA:728,0
DA:732,0
DA:736,0
DA:738,0
DA:739,0
DA:740,0
DA:744,0
DA:746,0
DA:748,0
DA:749,0
DA:751,0
DA:753,0
DA:831,0
DA:833,0
DA:834,0
DA:835,0
DA:836,0
DA:837,0
DA:841,0
DA:843,0
DA:844,0
DA:845,0
DA:846,0
DA:876,0
DA:878,0
DA:880,0
DA:902,0
DA:908,0
LF:91
LH:8
end_of_record
TN:
SF:/root/mfem/general/device.hpp
FNF:0
FNH:0
DA:150,0
DA:185,0
DA:186,0
DA:261,0
DA:265,0
DA:270,0
DA:278,0
DA:298,0
DA:306,0
DA:316,0
DA:318,0
DA:333,0
DA:335,0
DA:350,0
DA:352,0
LF:15
LH:0
end_of_record
TN:
SF:/root/mfem/general/forall.hpp
FNF:0
FNH:0
DA:388,0
DA:396,0
DA:460,0
LF:3
LH:0
end_of_record
TN:
SF:/root/mfem/general/mem_alloc.hpp
FN:93,_ZN4mfem5StackIPNS_11TetrahedronELi1024EE5ClearEv
FN:190,_ZN4mfem8MemAllocINS_11TetrahedronELi1024EE5ClearEv
FNDA:0,_ZN4mfem5StackIPNS_11TetrahedronELi1024EE5ClearEv
FNDA:0,_ZN4mfem8MemAllocINS_11TetrahedronELi1024EE5ClearEv
FNF:2
FNH:0
DA:37,0
DA:52,0
DA:93,0
DA:96,0
DA:98,0
DA:99,0
DA:101,0
DA:103,0
DA:104,0
DA:106,0
DA:107,0
DA:108,0
DA:141,0
DA:156,0
DA:162,0
DA:190,0
DA:193,0
DA:195,0
DA:196,0
DA:197,0
DA:199,0
DA:200,0
DA:201,0
LF:23
LH:0
end_of_record
TN:
SF:/root/mfem/general/mem_manager.hpp
FN:812,_ZN4mfem6MemoryINS_16IntegrationPointEE3NewEi
FN:812,_ZN4mfem6MemoryIPNS_10EliminatorEE3NewEi
FN:812,_ZN4mfem6MemoryIPNS_14HypreParMatrixEE3NewEi
FN:812,_ZN4mfem6MemoryIPNS_21ParFiniteElementSpaceEE3NewEi
FN:812,_ZN4mfem6MemoryIdE3NewEi
FN:812,_ZN4mfem6MemoryIiE3NewEi
FN:822,_ZN4mfem6MemoryINS_10RefinementEE3NewEiNS_10MemoryTypeE
FN:822,_ZN4mfem6MemoryINS_13OptionsParser6OptionEE3NewEiNS_10MemoryTypeE
FN:822,_ZN4mfem6MemoryINS_16IntegrationPointEE3NewEiNS_10MemoryTypeE
FN:822,_ZN4mfem6MemoryIPNS_10EliminatorEE3NewEiNS_10MemoryTypeE
FN:822,_ZN4mfem6MemoryIPNS_22BilinearFormIntegratorEE3NewEiNS_10MemoryTypeE
FN:822,_ZN4mfem6MemoryIPNS_23NonlinearFormIntegratorEE3NewEiNS_10MemoryTypeE
FN:822,_ZN4mfem6MemoryIPNS_28BlockNonlinearFormIntegratorEE3NewEiNS_10MemoryTypeE
FN:822,_ZN4mfem6MemoryIbE3NewEiNS_10MemoryTypeE
FN:822,_ZN4mfem6MemoryIdE3NewEiNS_10MemoryTypeE
FN:822,_ZN4mfem6MemoryIiE3NewEiNS_10MemoryTypeE
FN:844,_ZN4mfem6MemoryIdE4WrapEPdib
FN:844,_ZN4mfem6MemoryIiE4WrapEPiib
FN:898,_ZN4mfem6MemoryIdE9MakeAliasERKS1_ii
FN:926,_ZN4mfem6MemoryINS_10RefinementEE6DeleteEv
FN:926,_ZN4mfem6MemoryINS_13OptionsParser6OptionEE6DeleteEv
FN:926,_ZN4mfem6MemoryINS_16IntegrationPointEE6DeleteEv
FN:926,_ZN4mfem6MemoryINS_4Mesh10NCFaceInfoEE6DeleteEv
FN:926,_ZN4mfem6MemoryINS_4Mesh8FaceInfoEE6DeleteEv
FN:926,_ZN4mfem6MemoryINS_6TripleIiiiEEE6DeleteEv
FN:926,_ZN4mfem6MemoryINS_6VertexEE6DeleteEv
FN:926,_ZN4mfem6MemoryINS_8Geometry4TypeEE6DeleteEv
FN:926,_ZN4mfem6MemoryINS_9EmbeddingEE6DeleteEv
FN:926,_ZN4mfem6MemoryIPNS_10EliminatorEE6DeleteEv
FN:926,_ZN4mfem6MemoryIPNS_14HypreParMatrixEE6DeleteEv
FN:926,_ZN4mfem6MemoryIPNS_16GeometricFactorsEE6DeleteEv
FN:926,_ZN4mfem6MemoryIPNS_20FaceGeometricFactorsEE6DeleteEv
FN:926,_ZN4mfem6MemoryIPNS_21ParFiniteElementSpaceEE6DeleteEv
FN:926,_ZN4mfem6MemoryIPNS_22BilinearFormIntegratorEE6DeleteEv
FN:926,_ZN4mfem6MemoryIPNS_22QuadratureInterpolatorEE6DeleteEv
FN:926,_ZN4mfem6MemoryIPNS_23NonlinearFormIntegratorEE6DeleteEv
FN:926,_ZN4mfem6MemoryIPNS_26FaceQuadratureInterpolatorEE6DeleteEv
FN:926,_ZN4mfem6MemoryIPNS_28BlockNonlinearFormIntegratorEE6DeleteEv
FN:926,_ZN4mfem6MemoryIPNS_5ArrayIiEEE6DeleteEv
FN:926,_ZN4mfem6MemoryIPNS_7ElementEE6DeleteEv
FN:926,_ZN4mfem6MemoryIbE6DeleteEv
FN:926,_ZN4mfem6MemoryIcE6DeleteEv
FN:926,_ZN4mfem6MemoryIdE6DeleteEv
FN:926,_ZN4mfem6MemoryIiE6DeleteEv
FN:999,_ZN4mfem6MemoryIdE9ReadWriteENS_11MemoryClassEi
FN:1012,_ZNK4mfem6MemoryIdE4ReadENS_11MemoryClassEi
FN:1012,_ZNK4mfem6MemoryIiE4ReadENS_11MemoryClassEi
FN:1025,_ZN4mfem6MemoryIdE5WriteENS_11MemoryClassEi
FN:1052,_ZNK4mfem6MemoryIdE9SyncAliasERKS1_i
FN:1070,_ZN4mfem6MemoryINS_10RefinementEE8CopyFromERKS2_i
FN:1070,_ZN4mfem6MemoryINS_13OptionsParser6OptionEE8CopyFromERKS3_i
FN:1070,_ZN4mfem6MemoryINS_16IntegrationPointEE8CopyFromERKS2_i
FN:1070,_ZN4mfem6MemoryIPNS_10EliminatorEE8CopyFromERKS3_i
FN:1070,_ZN4mfem6MemoryIPNS_22BilinearFormIntegratorEE8CopyFromERKS3_i
FN:1070,_ZN4mfem6MemoryIPNS_23NonlinearFormIntegratorEE8CopyFromERKS3_i
FN:1070,_ZN4mfem6MemoryIPNS_28BlockNonlinearFormIntegratorEE8CopyFromERKS3_i
FN:1070,_ZN4mfem6MemoryIbE8CopyFromERKS1_i
FN:1070,_ZN4mfem6MemoryIdE8CopyFromERKS1_i
FN:1070,_ZN4mfem6MemoryIiE8CopyFromERKS1_i
FNDA:0,_ZN4mfem6MemoryINS_10RefinementEE3NewEiNS_10MemoryTypeE
FNDA:0,_ZN4mfem6MemoryINS_10RefinementEE6DeleteEv
FNDA:0,_ZN4mfem6MemoryINS_10RefinementEE8CopyFromERKS2_i
FNDA:0,_ZN4mfem6MemoryINS_13OptionsParser6OptionEE3NewEiNS_10MemoryTypeE
FNDA:0,_ZN4mfem6MemoryINS_13OptionsParser6OptionEE6DeleteEv
FNDA:0,_ZN4mfem6MemoryINS_13OptionsParser6OptionEE8CopyFromERKS3_i
FNDA:0,_ZN4mfem6MemoryINS_16IntegrationPointEE3NewEi
FNDA:0,_ZN4mfem6MemoryINS_16IntegrationPointEE3NewEiNS_10MemoryTypeE
FNDA:0,_ZN4mfem6MemoryINS_16IntegrationPointEE6DeleteEv
FNDA:0,_ZN4mfem6MemoryINS_16IntegrationPointEE8CopyFromERKS2_i
FNDA:0,_ZN4mfem6MemoryINS_4Mesh10NCFaceInfoEE6DeleteEv
FNDA:0,_ZN4mfem6MemoryINS_4Mesh8FaceInfoEE6DeleteEv
FNDA:0,_ZN4mfem6MemoryINS_6TripleIiiiEEE6DeleteEv
FNDA:0,_ZN4mfem6MemoryINS_6VertexEE6DeleteEv
FNDA:0,_ZN4mfem6MemoryINS_8Geometry4TypeEE6DeleteEv
FNDA:0,_ZN4mfem6MemoryINS_9EmbeddingEE6DeleteEv
FNDA:0,_ZN4mfem6MemoryIPNS_10EliminatorEE3NewEi
FNDA:0,_ZN4mfem6MemoryIPNS_10EliminatorEE3NewEiNS_10MemoryTypeE
FNDA:0,_ZN4mfem6MemoryIPNS_10EliminatorEE6DeleteEv
FNDA:0,_ZN4mfem6MemoryIPNS_10EliminatorEE8CopyFromERKS3_i
FNDA:0,_ZN4mfem6MemoryIPNS_14HypreParMatrixEE3NewEi
FNDA:0,_ZN4mfem6MemoryIPNS_14HypreParMatrixEE6DeleteEv
FNDA:0,_ZN4mfem6MemoryIPNS_16GeometricFactorsEE6DeleteEv
FNDA:0,_ZN4mfem6MemoryIPNS_20FaceGeometricFactorsEE6DeleteEv
FNDA:0,_ZN4mfem6MemoryIPNS_21ParFiniteElementSpaceEE3NewEi
FNDA:0,_ZN4mfem6MemoryIPNS_21ParFiniteElementSpaceEE6DeleteEv
FNDA:0,_ZN4mfem6MemoryIPNS_22BilinearFormIntegratorEE3NewEiNS_10MemoryTypeE
FNDA:0,_ZN4mfem6MemoryIPNS_22BilinearFormIntegratorEE6DeleteEv
FNDA:0,_ZN4mfem6MemoryIPNS_22BilinearFormIntegratorEE8CopyFromERKS3_i
FNDA:0,_ZN4mfem6MemoryIPNS_22QuadratureInterpolatorEE6DeleteEv
FNDA:0,_ZN4mfem6MemoryIPNS_23NonlinearFormIntegratorEE3NewEiNS_10MemoryTypeE
FNDA:0,_ZN4mfem6MemoryIPNS_23NonlinearFormIntegratorEE6DeleteEv
FNDA:0,_ZN4mfem6MemoryIPNS_23NonlinearFormIntegratorEE8CopyFromERKS3_i
FNDA:0,_ZN4mfem6MemoryIPNS_26FaceQuadratureInterpolatorEE6DeleteEv
FNDA:0,_ZN4mfem6MemoryIPNS_28BlockNonlinearFormIntegratorEE3NewEiNS_10MemoryTypeE
FNDA:0,_ZN4mfem6MemoryIPNS_28BlockNonlinearFormIntegratorEE6DeleteEv
FNDA:0,_ZN4mfem6MemoryIPNS_28BlockNonlinearFormIntegratorEE8CopyFromERKS3_i
FNDA:0,_ZN4mfem6MemoryIPNS_5ArrayIiEEE6DeleteEv
FNDA:0,_ZN4mfem6MemoryIPNS_7ElementEE6DeleteEv
FNDA:0,_ZN4mfem6MemoryIbE3NewEiNS_10MemoryTypeE
FNDA:0,_ZN4mfem6MemoryIbE6DeleteEv
FNDA:0,_ZN4mfem6MemoryIbE8CopyFromERKS1_i
FNDA:0,_ZN4mfem6MemoryIcE6DeleteEv
FNDA:0,_ZN4mfem6MemoryIdE3NewEi
FNDA:0,_ZN4mfem6MemoryIdE4WrapEPdib
FNDA:0,_ZN4mfem6MemoryIdE5WriteENS_11MemoryClassEi
FNDA:0,_ZN4mfem6MemoryIdE8CopyFromERKS1_i
FNDA:0,_ZN4mfem6MemoryIdE9MakeAliasERKS1_ii
FNDA:0,_ZN4mfem6MemoryIdE9ReadWriteENS_11MemoryClassEi
FNDA:0,_ZN4mfem6MemoryIiE3NewEi
FNDA:0,_ZN4mfem6MemoryIiE4WrapEPiib
FNDA:0,_ZNK4mfem6MemoryIdE4ReadENS_11MemoryClassEi
FNDA:0,_ZNK4mfem6MemoryIdE9SyncAliasERKS1_i
FNDA:0,_ZNK4mfem6MemoryIiE4ReadENS_11MemoryClassEi
FNDA:6,_ZN4mfem6MemoryIiE3NewEiNS_10MemoryTypeE
FNDA:6,_ZN4mfem6MemoryIiE8CopyFromERKS1_i
FNDA:14,_ZN4mfem6MemoryIiE6DeleteEv
FNDA:17,_ZN4mfem6MemoryIdE3NewEiNS_10MemoryTypeE
FNDA:44,_ZN4mfem6MemoryIdE6DeleteEv
FNF:59
FNH:5
DA:82,23
DA:173,0
DA:196,6
DA:224,0
DA:225,0
DA:251,0
DA:252,0
DA:255,17
DA:258,23
DA:259,23
DA:262,23
DA:478,0
DA:479,0
DA:523,0
DA:528,23
DA:530,23
DA:730,0
DA:731,0
DA:786,0
DA:787,0
DA:794,0
DA:796,0
DA:797,0
DA:798,0
DA:799,0
DA:800,0
DA:812,0
DA:814,0
DA:815,0
DA:816,0
DA:817,0
DA:818,0
DA:819,0
DA:822,23
DA:824,23
DA:825,23
DA:826,23
DA:827,23
DA:828,23
DA:829,23
DA:830,23
DA:831,23
DA:844,0
DA:846,0
DA:847,0
DA:848,0
DA:849,0
DA:850,0
DA:855,0
DA:856,0
DA:857,0
DA:898,0
DA:900,0
DA:901,0
DA:902,0
DA:903,0
DA:904,0
DA:907,0
DA:908,0
DA:909,0
DA:911,0
DA:926,58
DA:928,58
DA:929,58
DA:930,58
DA:932,58
DA:933,0
DA:935,58
DA:937,58
DA:950,0
DA:954,0
DA:958,0
DA:961,0
DA:965,0
DA:971,0
DA:975,0
DA:978,0
DA:999,0
DA:1001,0
DA:1002,0
DA:1004,0
DA:1005,0
DA:1006,0
DA:1008,0
DA:1012,0
DA:1014,0
DA:1015,0
DA:1017,0
DA:1018,0
DA:1019,0
DA:1021,0
DA:1025,0
DA:1027,0
DA:1028,0
DA:1030,0
DA:1031,0
DA:1032,0
DA:1034,0
DA:1052,0
DA:1057,0
DA:1058,0
DA:1059,0
DA:1063,23
DA:1065,23
DA:1066,0
DA:1070,6
DA:1072,6
DA:1074,6
DA:1078,0
DA:1084,0
DA:1086,6
LF:111
LH:30
end_of_record
TN:
SF:/root/mfem/general/optparser.hpp
FN:82,_ZN4mfem13OptionsParser9AddOptionEPbPKcS3_S3_S3_S3_b
FNDA:0,_ZN4mfem13OptionsParser9AddOptionEPbPKcS3_S3_S3_S3_b
FNF:1
FNH:0
DA:31,0
DA:48,0
DA:50,0
DA:51,0
DA:73,0
DA:74,0
DA:76,0
DA:82,0
DA:87,0
DA:89,0
DA:91,0
DA:94,0
DA:97,0
DA:102,0
DA:105,0
DA:110,0
DA:114,0
DA:120,0
DA:124,0
DA:150,0
LF:20
LH:0
end_of_record
TN:
SF:/root/mfem/general/table.hpp
FNF:0
FNH:0
DA:56,0
LF:1
LH:0
end_of_record
TN:
SF:/root/mfem/general/tassign.hpp
FNF:0
FNH:0
DA:89,0
DA:92,0
DA:144,0
DA:146,0
LF:4
LH:0
end_of_record
TN:
SF:/root/mfem/general/text.hpp
FN:62,_ZN4mfem6to_intERKNSt7__cxx1112basic_stringIcSt11char_traitsIcESaIcEEE
FNDA:0,_ZN4mfem6to_intERKNSt7__cxx1112basic_stringIcSt11char_traitsIcESaIcEEE
FNF:1
FNH:0
DA:62,0
DA:64,0
DA:65,0
DA:66,0
LF:4
LH:0
end_of_record
TN:
SF:/root/mfem/general/zstr.hpp
FN:96,_ZNK14strict_fstream9Exception4whatEv
FNDA:0,_ZNK14strict_fstream9Exception4whatEv
FNF:1
FNH:0
DA:96,0
LF:1
LH:0
end_of_record
TN:
SF:/root/mfem/linalg/auxiliary.hpp
FN:208,_ZNK4mfem13MatrixFreeAMS4MultERKNS_6VectorERS1_
FNDA:0,_ZNK4mfem13MatrixFreeAMS4MultERKNS_6VectorERS1_
FNF:1
FNH:0
DA:208,0
LF:1
LH:0
end_of_record
TN:
SF:/root/mfem/linalg/blockvector.hpp
FNF:0
FNH:0
DA:87,0
LF:1
LH:0
end_of_record
TN:
SF:/root/mfem/linalg/constraints.hpp
FN:61,_ZN4mfem17ConstrainedSolverD0Ev
FN:61,_ZN4mfem17ConstrainedSolverD2Ev
FN:235,_ZN4mfem17EliminationSolver11SetOperatorERKNS_8OperatorE
FN:268,_ZNK4mfem19EliminationCGSolver19BuildPreconditionerEv
FN:276,_ZNK4mfem19EliminationCGSolver11BuildKrylovEv
FN:302,_ZN4mfem24PenaltyConstrainedSolver11SetOperatorERKNS_8OperatorE
FN:338,_ZNK4mfem16PenaltyPCGSolver19BuildPreconditionerEv
FN:346,_ZNK4mfem16PenaltyPCGSolver11BuildKrylovEv
FNDA:0,_ZN4mfem17ConstrainedSolverD0Ev
FNDA:0,_ZN4mfem17ConstrainedSolverD2Ev
FNDA:0,_ZN4mfem17EliminationSolver11SetOperatorERKNS_8OperatorE
FNDA:0,_ZN4mfem24PenaltyConstrainedSolver11SetOperatorERKNS_8OperatorE
FNDA:0,_ZNK4mfem16PenaltyPCGSolver11BuildKrylovEv
FNDA:0,_ZNK4mfem16PenaltyPCGSolver19BuildPreconditionerEv
FNDA:0,_ZNK4mfem19EliminationCGSolver11BuildKrylovEv
FNDA:0,_ZNK4mfem19EliminationCGSolver19BuildPreconditionerEv
FNF:8
FNH:0
DA:61,0
DA:76,0
DA:168,0
DA:235,0
DA:236,0
DA:257,0
DA:260,0
DA:262,0
DA:264,0
DA:268,0
DA:270,0
DA:271,0
DA:272,0
DA:273,0
DA:276,0
DA:277,0
DA:302,0
DA:303,0
DA:322,0
DA:325,0
DA:326,0
DA:328,0
DA:331,0
DA:332,0
DA:334,0
DA:338,0
DA:340,0
DA:341,0
DA:342,0
DA:343,0
DA:346,0
DA:347,0
LF:32
LH:0
end_of_record
TN:
SF:/root/mfem/linalg/densemat.hpp
FN:64,_ZN4mfem11DenseMatrixC2ILi2ELi3EEERAT__AT0__Kd
FN:757,_ZN4mfem11DenseTensorC2Eiii
FN:793,_ZN4mfem11DenseTensor7SetSizeEiiiNS_10MemoryTypeE
FN:802,_ZN4mfem11DenseTensor15UseExternalDataEPdiii
FNDA:0,_ZN4mfem11DenseMatrixC2ILi2ELi3EEERAT__AT0__Kd
FNDA:0,_ZN4mfem11DenseTensor15UseExternalDataEPdiii
FNDA:0,_ZN4mfem11DenseTensor7SetSizeEiiiNS_10MemoryTypeE
FNDA:0,_ZN4mfem11DenseTensorC2Eiii
FNF:4
FNH:0
DA:58,0
DA:59,0
DA:64,0
DA:67,0
DA:69,0
DA:71,0
DA:74,0
DA:80,0
DA:82,0
[...]
DA:165,0
DA:166,0
DA:167,0
DA:168,0
DA:172,0
DA:175,0
DA:176,0
DA:177,0
DA:178,0
DA:182,0
DA:185,0
DA:186,0
DA:187,0
DA:188,0
DA:192,0
DA:195,0
DA:196,0
DA:197,0
DA:198,0
DA:202,0
DA:208,0
DA:212,0
DA:213,0
DA:216,0
DA:222,0
DA:226,0
DA:227,0
DA:230,0
DA:235,0
DA:236,0
DA:238,0
DA:241,0
DA:246,0
DA:247,0
DA:249,0
DA:256,0
DA:258,0
DA:259,0
DA:260,0
DA:264,0
DA:266,0
DA:267,0
DA:268,0
DA:272,0
DA:274,0
DA:275,0
DA:276,0
DA:289,0
DA:291,0
DA:292,0
DA:295,0
DA:297,0
DA:298,0
DA:299,0
DA:308,0
DA:310,0
DA:311,0
DA:314,0
DA:317,0
DA:318,0
DA:321,0
DA:326,0
DA:327,0
DA:328,0
DA:331,0
DA:336,0
DA:339,0
DA:340,0
DA:343,0
DA:348,0
DA:349,0
DA:350,0
DA:353,0
DA:358,0
DA:362,0
DA:363,0
DA:366,0
DA:370,0
DA:372,0
DA:373,0
DA:376,0
DA:381,0
DA:385,0
DA:386,0
DA:389,0
DA:393,0
DA:395,0
DA:396,0
DA:399,0
DA:405,0
DA:410,0
DA:411,0
DA:414,0
DA:420,0
DA:421,0
DA:425,0
DA:426,0
DA:427,0
DA:430,0
DA:436,0
DA:438,0
DA:439,0
DA:442,0
DA:446,0
DA:447,0
DA:450,0
DA:453,0
DA:454,0
DA:457,0
DA:462,0
DA:463,0
DA:464,0
DA:471,0
DA:473,0
DA:474,0
DA:499,0
DA:501,0
DA:502,0
DA:505,0
DA:507,0
DA:508,0
DA:515,0
DA:517,0
DA:518,0
DA:519,0
DA:527,0
DA:529,0
DA:530,0
DA:539,0
DA:541,0
DA:542,0
DA:543,0
DA:547,0
DA:549,0
DA:550,0
DA:625,0
DA:627,0
DA:628,0
DA:631,0
DA:633,0
DA:634,0
DA:635,0
DA:639,0
DA:641,0
DA:642,0
LF:212
LH:0
end_of_record
TN:
SF:/usr/lib/x86_64-linux-gnu/openmpi/include/openmpi/ompi/mpi/cxx/datatype.h
FN:70,_ZN3MPI8DatatypeD0Ev
FN:70,_ZN3MPI8DatatypeD2Ev
FNDA:0,_ZN3MPI8DatatypeD0Ev
FNDA:0,_ZN3MPI8DatatypeD2Ev
FNF:2
FNH:0
DA:70,0
DA:72,0
DA:87,0
DA:88,0
DA:90,0
LF:5
LH:0
end_of_record
TN:
SF:/usr/lib/x86_64-linux-gnu/openmpi/include/openmpi/ompi/mpi/cxx/datatype_inln.h
FN:29,_ZNK3MPI8Datatype17Create_contiguousEi
FN:37,_ZNK3MPI8Datatype13Create_vectorEiii
FN:46,_ZNK3MPI8Datatype14Create_indexedEiPKiS2_
FN:75,_ZNK3MPI8Datatype15Create_hindexedEiPKiPKl
FN:86,_ZNK3MPI8Datatype14Create_hvectorEiil
FN:97,_ZNK3MPI8Datatype20Create_indexed_blockEiiPKi
FN:107,_ZNK3MPI8Datatype14Create_resizedEll
FN:116,_ZNK3MPI8Datatype8Get_sizeEv
FN:124,_ZNK3MPI8Datatype10Get_extentERlS1_
FN:130,_ZNK3MPI8Datatype15Get_true_extentERlS1_
FN:136,_ZN3MPI8Datatype6CommitEv
FN:142,_ZNK3MPI8Datatype4PackEPKviPviRiRKNS_4CommE
FN:151,_ZNK3MPI8Datatype6UnpackEPKviPviRiRKNS_4CommE
FN:160,_ZNK3MPI8Datatype9Pack_sizeEiRKNS_4CommE
FN:168,_ZNK3MPI8Datatype13Pack_externalEPKcPKviPvlRl
FN:176,_ZNK3MPI8Datatype18Pack_external_sizeEPKci
FN:184,_ZNK3MPI8Datatype15Unpack_externalEPKcPKvlRlPvi
FN:196,_ZNK3MPI8Datatype15Create_subarrayEiPKiS2_S2_i
FN:210,_ZNK3MPI8Datatype13Create_darrayEiiiPKiS2_S2_S2_i
FN:263,_ZNK3MPI8Datatype3DupEv
FN:332,_ZN3MPI8Datatype11Delete_attrEi
FN:344,_ZNK3MPI8Datatype8Get_attrEiPv
FN:354,_ZNK3MPI8Datatype12Get_contentsEiiiPiPlPS0_
FN:376,_ZNK3MPI8Datatype12Get_envelopeERiS1_S1_S1_
FN:384,_ZNK3MPI8Datatype8Get_nameEPcRi
FN:390,_ZN3MPI8Datatype8Set_attrEiPKv
FN:396,_ZN3MPI8Datatype8Set_nameEPKc
FNDA:0,_ZN3MPI8Datatype11Delete_attrEi
FNDA:0,_ZN3MPI8Datatype6CommitEv
FNDA:0,_ZN3MPI8Datatype8Set_attrEiPKv
FNDA:0,_ZN3MPI8Datatype8Set_nameEPKc
FNDA:0,_ZNK3MPI8Datatype10Get_extentERlS1_
FNDA:0,_ZNK3MPI8Datatype12Get_contentsEiiiPiPlPS0_
FNDA:0,_ZNK3MPI8Datatype12Get_envelopeERiS1_S1_S1_
FNDA:0,_ZNK3MPI8Datatype13Create_darrayEiiiPKiS2_S2_S2_i
FNDA:0,_ZNK3MPI8Datatype13Create_vectorEiii
FNDA:0,_ZNK3MPI8Datatype13Pack_externalEPKcPKviPvlRl
FNDA:0,_ZNK3MPI8Datatype14Create_hvectorEiil
FNDA:0,_ZNK3MPI8Datatype14Create_indexedEiPKiS2_
FNDA:0,_ZNK3MPI8Datatype14Create_resizedEll
FNDA:0,_ZNK3MPI8Datatype15Create_hindexedEiPKiPKl
FNDA:0,_ZNK3MPI8Datatype15Create_subarrayEiPKiS2_S2_i
FNDA:0,_ZNK3MPI8Datatype15Get_true_extentERlS1_
FNDA:0,_ZNK3MPI8Datatype15Unpack_externalEPKcPKvlRlPvi
FNDA:0,_ZNK3MPI8Datatype17Create_contiguousEi
FNDA:0,_ZNK3MPI8Datatype18Pack_external_sizeEPKci
FNDA:0,_ZNK3MPI8Datatype20Create_indexed_blockEiiPKi
FNDA:0,_ZNK3MPI8Datatype3DupEv
FNDA:0,_ZNK3MPI8Datatype4PackEPKviPviRiRKNS_4CommE
FNDA:0,_ZNK3MPI8Datatype6UnpackEPKviPviRiRKNS_4CommE
FNDA:0,_ZNK3MPI8Datatype8Get_attrEiPv
FNDA:0,_ZNK3MPI8Datatype8Get_nameEPcRi
FNDA:0,_ZNK3MPI8Datatype8Get_sizeEv
FNDA:0,_ZNK3MPI8Datatype9Pack_sizeEiRKNS_4CommE
FNF:27
FNH:0
DA:29,0
DA:31,0
DA:32,0
DA:33,0
DA:37,0
DA:40,0
DA:41,0
DA:42,0
DA:46,0
DA:50,0
DA:51,0
DA:52,0
DA:53,0
DA:75,0
DA:78,0
DA:79,0
DA:81,0
DA:82,0
DA:86,0
DA:89,0
DA:90,0
DA:91,0
DA:93,0
DA:97,0
DA:100,0
DA:101,0
DA:102,0
DA:103,0
DA:107,0
DA:109,0
DA:111,0
DA:112,0
DA:116,0
DA:118,0
DA:119,0
DA:120,0
DA:124,0
DA:126,0
DA:127,0
DA:130,0
DA:132,0
DA:133,0
DA:136,0
DA:138,0
DA:139,0
DA:142,0
DA:146,0
DA:148,0
DA:151,0
DA:155,0
DA:156,0
DA:157,0
DA:160,0
DA:162,0
DA:163,0
DA:164,0
DA:168,0
DA:171,0
DA:172,0
DA:173,0
DA:176,0
DA:178,0
DA:179,0
DA:180,0
DA:184,0
DA:187,0
DA:188,0
DA:189,0
DA:196,0
DA:201,0
DA:202,0
DA:205,0
DA:206,0
DA:210,0
DA:215,0
DA:216,0
DA:221,0
DA:222,0
DA:263,0
DA:265,0
DA:266,0
DA:267,0
DA:332,0
DA:334,0
DA:335,0
DA:344,0
DA:347,0
DA:348,0
DA:349,0
DA:354,0
DA:359,0
DA:360,0
DA:362,0
DA:369,0
DA:370,0
DA:372,0
DA:373,0
DA:376,0
DA:379,0
DA:381,0
DA:384,0
DA:386,0
DA:387,0
DA:390,0
DA:392,0
DA:393,0
DA:396,0
DA:398,0
DA:399,0
LF:109
LH:0
end_of_record
TN:
SF:/usr/lib/x86_64-linux-gnu/openmpi/include/openmpi/ompi/mpi/cxx/errhandler.h
FN:27,_ZN3MPI10ErrhandlerD0Ev
FN:27,_ZN3MPI10ErrhandlerD2Ev
FNDA:0,_ZN3MPI10ErrhandlerD0Ev
FNDA:0,_ZN3MPI10ErrhandlerD2Ev
FNF:2
FNH:0
DA:27,0
DA:29,0
DA:30,0
DA:51,0
LF:4
LH:0
end_of_record
TN:
SF:/usr/lib/x86_64-linux-gnu/openmpi/include/openmpi/ompi/mpi/cxx/errhandler_inln.h
FN:42,_ZN3MPI10Errhandler4FreeEv
FNDA:0,_ZN3MPI10Errhandler4FreeEv
FNF:1
FNH:0
DA:42,0
DA:44,0
DA:45,0
LF:3
LH:0
end_of_record
TN:
SF:/usr/lib/x86_64-linux-gnu/openmpi/include/openmpi/ompi/mpi/cxx/functions_inln.h
FNF:0
FNH:0
DA:139,0
DA:141,0
DA:142,0
DA:143,0
LF:4
LH:0
end_of_record
TN:
SF:/usr/lib/x86_64-linux-gnu/openmpi/include/openmpi/ompi/mpi/cxx/group.h
FN:67,_ZN3MPI5GroupD0Ev
FN:67,_ZN3MPI5GroupD2Ev
FNDA:0,_ZN3MPI5GroupD0Ev
FNDA:0,_ZN3MPI5GroupD2Ev
FNF:2
FNH:0
DA:62,0
DA:67,0
DA:77,0
LF:3
LH:0
end_of_record
TN:
SF:/usr/lib/x86_64-linux-gnu/openmpi/include/openmpi/ompi/mpi/cxx/group_inln.h
FN:26,_ZNK3MPI5Group8Get_sizeEv
FN:34,_ZNK3MPI5Group8Get_rankEv
FN:82,_ZNK3MPI5Group4InclEiPKi
FN:90,_ZNK3MPI5Group4ExclEiPKi
FN:98,_ZNK3MPI5Group10Range_inclEiPA3_Ki
FN:112,_ZNK3MPI5Group10Range_exclEiPA3_Ki
FN:126,_ZN3MPI5Group4FreeEv
FNDA:0,_ZN3MPI5Group4FreeEv
FNDA:0,_ZNK3MPI5Group10Range_exclEiPA3_Ki
FNDA:0,_ZNK3MPI5Group10Range_inclEiPA3_Ki
FNDA:0,_ZNK3MPI5Group4ExclEiPKi
FNDA:0,_ZNK3MPI5Group4InclEiPKi
FNDA:0,_ZNK3MPI5Group8Get_rankEv
FNDA:0,_ZNK3MPI5Group8Get_sizeEv
FNF:7
FNH:0
DA:26,0
DA:28,0
DA:29,0
DA:30,0
DA:34,0
DA:36,0
DA:37,0
DA:38,0
DA:82,0
DA:84,0
DA:85,0
DA:86,0
DA:90,0
DA:92,0
DA:93,0
DA:94,0
DA:98,0
DA:100,0
DA:101,0
DA:108,0
DA:112,0
DA:114,0
DA:115,0
DA:122,0
DA:126,0
DA:128,0
DA:129,0
LF:27
LH:0
end_of_record
TN:
SF:/usr/lib/x86_64-linux-gnu/openmpi/include/openmpi/ompi/mpi/cxx/info.h
FN:63,_ZN3MPI4InfoD0Ev
FN:63,_ZN3MPI4InfoD2Ev
FNDA:0,_ZN3MPI4InfoD0Ev
FNDA:0,_ZN3MPI4InfoD2Ev
FNF:2
FNH:0
DA:61,0
DA:63,0
DA:73,0
LF:3
LH:0
end_of_record
TN:
SF:/usr/lib/x86_64-linux-gnu/openmpi/include/openmpi/ompi/mpi/cxx/info_inln.h
FN:30,_ZN3MPI4Info6DeleteEPKc
FN:36,_ZNK3MPI4Info3DupEv
FN:44,_ZN3MPI4Info4FreeEv
FN:50,_ZNK3MPI4Info3GetEPKciPc
FN:58,_ZNK3MPI4Info9Get_nkeysEv
FN:66,_ZNK3MPI4Info10Get_nthkeyEiPc
FN:72,_ZNK3MPI4Info12Get_valuelenEPKcRi
FN:80,_ZN3MPI4Info3SetEPKcS2_
FNDA:0,_ZN3MPI4Info3SetEPKcS2_
FNDA:0,_ZN3MPI4Info4FreeEv
FNDA:0,_ZN3MPI4Info6DeleteEPKc
FNDA:0,_ZNK3MPI4Info10Get_nthkeyEiPc
FNDA:0,_ZNK3MPI4Info12Get_valuelenEPKcRi
FNDA:0,_ZNK3MPI4Info3DupEv
FNDA:0,_ZNK3MPI4Info3GetEPKciPc
FNDA:0,_ZNK3MPI4Info9Get_nkeysEv
FNF:8
FNH:0
DA:30,0
DA:32,0
DA:33,0
DA:36,0
DA:38,0
DA:39,0
DA:40,0
DA:44,0
DA:46,0
DA:47,0
DA:50,0
DA:52,0
DA:53,0
DA:54,0
DA:58,0
DA:60,0
DA:61,0
DA:62,0
DA:66,0
DA:68,0
DA:69,0
DA:72,0
DA:74,0
DA:75,0
DA:76,0
DA:80,0
DA:82,0
DA:83,0
LF:28
LH:0
end_of_record
TN:
SF:/usr/lib/x86_64-linux-gnu/openmpi/include/openmpi/ompi/mpi/cxx/intercomm.h
FNF:0
FNH:0
DA:34,0
LF:1
LH:0
end_of_record
TN:
SF:/usr/lib/x86_64-linux-gnu/openmpi/include/openmpi/ompi/mpi/cxx/intercomm_inln.h
FN:30,_ZNK3MPI9Intercomm5CloneEv
FN:39,_ZNK3MPI9Intercomm15Get_remote_sizeEv
FN:47,_ZNK3MPI9Intercomm16Get_remote_groupEv
FN:55,_ZNK3MPI9Intercomm5MergeEb
FN:68,_ZNK3MPI9Intercomm6CreateERKNS_5GroupE
FN:76,_ZNK3MPI9Intercomm5SplitEii
FNDA:0,_ZNK3MPI9Intercomm15Get_remote_sizeEv
FNDA:0,_ZNK3MPI9Intercomm16Get_remote_groupEv
FNDA:0,_ZNK3MPI9Intercomm5CloneEv
FNDA:0,_ZNK3MPI9Intercomm5MergeEb
FNDA:0,_ZNK3MPI9Intercomm5SplitEii
FNDA:0,_ZNK3MPI9Intercomm6CreateERKNS_5GroupE
FNF:6
FNH:0
DA:30,0
DA:32,0
DA:33,0
DA:34,0
DA:35,0
DA:39,0
DA:41,0
DA:42,0
DA:43,0
DA:47,0
DA:49,0
DA:50,0
DA:51,0
DA:55,0
DA:57,0
DA:58,0
DA:59,0
DA:68,0
DA:70,0
DA:71,0
DA:72,0
DA:76,0
DA:78,0
DA:79,0
DA:80,0
LF:25
LH:0
end_of_record
TN:
SF:/usr/lib/x86_64-linux-gnu/openmpi/include/openmpi/ompi/mpi/cxx/intracomm.h
FNF:0
FNH:0
DA:25,0
LF:1
LH:0
end_of_record
TN:
SF:/usr/lib/x86_64-linux-gnu/openmpi/include/openmpi/ompi/mpi/cxx/intracomm_inln.h
FN:23,_ZN3MPI9IntracommC2EP19ompi_communicator_t
FN:39,_ZNK3MPI9Intracomm4ScanEPKvPviRKNS_8DatatypeERKNS_2OpE
FN:46,_ZNK3MPI9Intracomm6ExscanEPKvPviRKNS_8DatatypeERKNS_2OpE
FN:62,_ZNK3MPI9Intracomm5CloneEv
FN:71,_ZNK3MPI9Intracomm6CreateERKNS_5GroupE
FN:79,_ZNK3MPI9Intracomm5SplitEii
FN:89,_ZNK3MPI9Intracomm16Create_intercommEiRKNS_4CommEii
FN:100,_ZNK3MPI9Intracomm11Create_cartEiPKiPKbb
FN:115,_ZNK3MPI9Intracomm12Create_graphEiPKiS2_b
FN:130,_ZNK3MPI9Intracomm6AcceptEPKcRKNS_4InfoEi
FN:142,_ZNK3MPI9Intracomm7ConnectEPKcRKNS_4InfoEi
FN:154,_ZNK3MPI9Intracomm5SpawnEPKcPS2_iRKNS_4InfoEi
FN:167,_ZNK3MPI9Intracomm5SpawnEPKcPS2_iRKNS_4InfoEiPi
FN:180,_ZN3MPI9Intracomm14Spawn_multipleEiPPKcPS3_PKiPKNS_4InfoEi
FN:200,_ZN3MPI9Intracomm24convert_info_to_mpi_infoEiPKNS_4InfoE
FN:212,_ZN3MPI9Intracomm14Spawn_multipleEiPPKcPS3_PKiPKNS_4InfoEiPi
FNDA:0,_ZN3MPI9Intracomm14Spawn_multipleEiPPKcPS3_PKiPKNS_4InfoEi
FNDA:0,_ZN3MPI9Intracomm14Spawn_multipleEiPPKcPS3_PKiPKNS_4InfoEiPi
FNDA:0,_ZN3MPI9Intracomm24convert_info_to_mpi_infoEiPKNS_4InfoE
FNDA:0,_ZN3MPI9IntracommC2EP19ompi_communicator_t
FNDA:0,_ZNK3MPI9Intracomm11Create_cartEiPKiPKbb
FNDA:0,_ZNK3MPI9Intracomm12Create_graphEiPKiS2_b
FNDA:0,_ZNK3MPI9Intracomm16Create_intercommEiRKNS_4CommEii
FNDA:0,_ZNK3MPI9Intracomm4ScanEPKvPviRKNS_8DatatypeERKNS_2OpE
FNDA:0,_ZNK3MPI9Intracomm5CloneEv
FNDA:0,_ZNK3MPI9Intracomm5SpawnEPKcPS2_iRKNS_4InfoEi
FNDA:0,_ZNK3MPI9Intracomm5SpawnEPKcPS2_iRKNS_4InfoEiPi
FNDA:0,_ZNK3MPI9Intracomm5SplitEii
FNDA:0,_ZNK3MPI9Intracomm6AcceptEPKcRKNS_4InfoEi
FNDA:0,_ZNK3MPI9Intracomm6CreateERKNS_5GroupE
FNDA:0,_ZNK3MPI9Intracomm6ExscanEPKvPviRKNS_8DatatypeERKNS_2OpE
FNDA:0,_ZNK3MPI9Intracomm7ConnectEPKcRKNS_4InfoEi
FNF:16
FNH:0
DA:23,0
DA:24,0
DA:25,0
DA:26,0
DA:27,0
DA:28,0
DA:30,0
DA:34,0
DA:36,0
DA:39,0
DA:42,0
DA:43,0
DA:46,0
DA:50,0
DA:51,0
DA:62,0
DA:64,0
DA:65,0
DA:66,0
DA:67,0
DA:71,0
DA:73,0
DA:74,0
DA:75,0
DA:79,0
DA:81,0
DA:82,0
DA:83,0
DA:89,0
DA:93,0
DA:94,0
DA:96,0
DA:100,0
DA:103,0
DA:104,0
DA:105,0
DA:107,0
DA:108,0
DA:110,0
DA:111,0
DA:115,0
DA:118,0
DA:119,0
DA:121,0
DA:130,0
DA:134,0
DA:135,0
DA:137,0
DA:142,0
DA:146,0
DA:147,0
DA:149,0
DA:154,0
DA:158,0
DA:159,0
DA:160,0
DA:162,0
DA:167,0
DA:171,0
DA:172,0
DA:173,0
DA:175,0
DA:180,0
DA:186,0
DA:187,0
DA:188,0
DA:190,0
DA:195,0
DA:196,0
DA:200,0
DA:202,0
DA:204,0
DA:205,0
DA:208,0
DA:212,0
DA:219,0
DA:220,0
DA:221,0
DA:223,0
DA:228,0
DA:229,0
LF:81
LH:0
end_of_record
TN:
SF:/usr/lib/x86_64-linux-gnu/openmpi/include/openmpi/ompi/mpi/cxx/op_inln.h
FN:76,_ZN3MPI2OpD0Ev
FN:76,_ZN3MPI2OpD2Ev
FN:119,_ZN3MPI2Op4InitEPFvPKvPviRKNS_8DatatypeEEb
FN:128,_ZN3MPI2Op4FreeEv
FN:135,_ZNK3MPI2Op12Reduce_localEPKvPviRKNS_8DatatypeE
FN:144,_ZNK3MPI2Op14Is_commutativeEv
FNDA:0,_ZN3MPI2Op4FreeEv
FNDA:0,_ZN3MPI2Op4InitEPFvPKvPviRKNS_8DatatypeEEb
FNDA:0,_ZN3MPI2OpD0Ev
FNDA:0,_ZN3MPI2OpD2Ev
FNDA:0,_ZNK3MPI2Op12Reduce_localEPKvPviRKNS_8DatatypeE
FNDA:0,_ZNK3MPI2Op14Is_commutativeEv
FNF:6
FNH:0
DA:76,0
DA:82,0
DA:102,0
DA:119,0
DA:121,0
DA:123,0
DA:124,0
DA:128,0
DA:130,0
DA:131,0
DA:135,0
DA:138,0
DA:139,0
DA:140,0
DA:144,0
DA:146,0
DA:147,0
DA:148,0
LF:18
LH:0
end_of_record
TN:
SF:/usr/lib/x86_64-linux-gnu/openmpi/include/openmpi/ompi/mpi/cxx/request.h
FN:61,_ZN3MPI7RequestD0Ev
FN:61,_ZN3MPI7RequestD2Ev
FN:177,_ZN3MPI8PrequestD0Ev
FN:177,_ZN3MPI8PrequestD2Ev
FN:209,_ZN3MPI8GrequestD0Ev
FN:209,_ZN3MPI8GrequestD2Ev
FNDA:0,_ZN3MPI7RequestD0Ev
FNDA:0,_ZN3MPI7RequestD2Ev
FNDA:0,_ZN3MPI8GrequestD0Ev
FNDA:0,_ZN3MPI8GrequestD2Ev
FNDA:0,_ZN3MPI8PrequestD0Ev
FNDA:0,_ZN3MPI8PrequestD2Ev
FNF:6
FNH:0
DA:61,0
DA:62,0
DA:175,0
DA:177,0
DA:209,0
LF:5
LH:0
end_of_record
TN:
SF:/usr/lib/x86_64-linux-gnu/openmpi/include/openmpi/ompi/mpi/cxx/request_inln.h
FN:27,_ZN3MPI7Request4WaitERNS_6StatusE
FN:33,_ZN3MPI7Request4WaitEv
FN:39,_ZN3MPI7Request4FreeEv
FN:45,_ZN3MPI7Request4TestERNS_6StatusE
FN:53,_ZN3MPI7Request4TestEv
FN:288,_ZNK3MPI7Request6CancelEv
FN:294,_ZN3MPI8Prequest5StartEv
FN:315,_ZNK3MPI7Request10Get_statusERNS_6StatusE
FN:330,_ZNK3MPI7Request10Get_statusEv
FN:362,_ZN3MPI8Grequest8CompleteEv
FNDA:0,_ZN3MPI7Request4FreeEv
FNDA:0,_ZN3MPI7Request4TestERNS_6StatusE
FNDA:0,_ZN3MPI7Request4TestEv
FNDA:0,_ZN3MPI7Request4WaitERNS_6StatusE
FNDA:0,_ZN3MPI7Request4WaitEv
FNDA:0,_ZN3MPI8Grequest8CompleteEv
FNDA:0,_ZN3MPI8Prequest5StartEv
FNDA:0,_ZNK3MPI7Request10Get_statusERNS_6StatusE
FNDA:0,_ZNK3MPI7Request10Get_statusEv
FNDA:0,_ZNK3MPI7Request6CancelEv
FNF:10
FNH:0
DA:27,0
DA:29,0
DA:30,0
DA:33,0
DA:35,0
DA:36,0
DA:39,0
DA:41,0
DA:42,0
DA:45,0
DA:47,0
DA:48,0
DA:49,0
DA:53,0
DA:55,0
DA:56,0
DA:57,0
DA:288,0
DA:290,0
DA:291,0
DA:294,0
DA:296,0
DA:297,0
DA:315,0
DA:317,0
DA:318,0
DA:323,0
DA:324,0
DA:325,0
DA:327,0
DA:330,0
DA:332,0
DA:337,0
DA:338,0
DA:362,0
DA:364,0
DA:365,0
LF:37
LH:0
end_of_record
TN:
SF:/usr/lib/x86_64-linux-gnu/openmpi/include/openmpi/ompi/mpi/cxx/status.h
FN:64,_ZN3MPI6StatusD0Ev
FN:64,_ZN3MPI6StatusD2Ev
FNDA:0,_ZN3MPI6StatusD0Ev
FNDA:0,_ZN3MPI6StatusD2Ev
FNF:2
FNH:0
DA:64,0
DA:72,0
DA:73,0
LF:3
LH:0
end_of_record
TN:
SF:/usr/lib/x86_64-linux-gnu/openmpi/include/openmpi/ompi/mpi/cxx/status_inln.h
FN:26,_ZNK3MPI6Status9Get_countERKNS_8DatatypeE
FN:34,_ZNK3MPI6Status12Is_cancelledEv
FN:42,_ZNK3MPI6Status12Get_elementsERKNS_8DatatypeE
FN:53,_ZNK3MPI6Status10Get_sourceEv
FN:61,_ZN3MPI6Status10Set_sourceEi
FN:67,_ZNK3MPI6Status7Get_tagEv
FN:75,_ZN3MPI6Status7Set_tagEi
FN:81,_ZNK3MPI6Status9Get_errorEv
FN:89,_ZN3MPI6Status9Set_errorEi
FN:95,_ZN3MPI6Status12Set_elementsERKNS_8DatatypeEi
FN:101,_ZN3MPI6Status13Set_cancelledEb
FNDA:0,_ZN3MPI6Status10Set_sourceEi
FNDA:0,_ZN3MPI6Status12Set_elementsERKNS_8DatatypeEi
FNDA:0,_ZN3MPI6Status13Set_cancelledEb
FNDA:0,_ZN3MPI6Status7Set_tagEi
FNDA:0,_ZN3MPI6Status9Set_errorEi
FNDA:0,_ZNK3MPI6Status10Get_sourceEv
FNDA:0,_ZNK3MPI6Status12Get_elementsERKNS_8DatatypeE
FNDA:0,_ZNK3MPI6Status12Is_cancelledEv
FNDA:0,_ZNK3MPI6Status7Get_tagEv
FNDA:0,_ZNK3MPI6Status9Get_countERKNS_8DatatypeE
FNDA:0,_ZNK3MPI6Status9Get_errorEv
FNF:11
FNH:0
DA:26,0
DA:28,0
DA:29,0
DA:30,0
DA:34,0
DA:36,0
DA:37,0
DA:38,0
DA:42,0
DA:44,0
DA:45,0
DA:46,0
DA:53,0
DA:55,0
DA:56,0
DA:57,0
DA:61,0
DA:63,0
DA:64,0
DA:67,0
DA:69,0
DA:70,0
DA:71,0
DA:75,0
DA:77,0
DA:78,0
DA:81,0
DA:83,0
DA:84,0
DA:85,0
DA:89,0
DA:91,0
DA:92,0
DA:95,0
DA:97,0
DA:98,0
DA:101,0
DA:103,0
DA:104,0
LF:39
LH:0
end_of_record
TN:
SF:/usr/lib/x86_64-linux-gnu/openmpi/include/openmpi/ompi/mpi/cxx/topology.h
FNF:0
FNH:0
LF:0
LH:0
end_of_record
TN:
SF:/usr/lib/x86_64-linux-gnu/openmpi/include/openmpi/ompi/mpi/cxx/topology_inln.h
FN:28,_ZN3MPI8CartcommC2ERKP19ompi_communicator_t
FN:59,_ZNK3MPI8Cartcomm7Get_dimEv
FN:67,_ZNK3MPI8Cartcomm8Get_topoEiPiPbS1_
FN:83,_ZNK3MPI8Cartcomm13Get_cart_rankEPKi
FN:91,_ZNK3MPI8Cartcomm10Get_coordsEiiPi
FN:97,_ZNK3MPI8Cartcomm5ShiftEiiRiS1_
FN:104,_ZNK3MPI8Cartcomm3SubEPKb
FN:119,_ZNK3MPI8Cartcomm3MapEiPKiPKb
FN:133,_ZNK3MPI8Cartcomm5CloneEv
FN:146,_ZN3MPI9GraphcommC2ERKP19ompi_communicator_t
FN:177,_ZNK3MPI9Graphcomm8Get_dimsEPiS1_
FN:183,_ZNK3MPI9Graphcomm8Get_topoEiiPiS1_
FN:190,_ZNK3MPI9Graphcomm19Get_neighbors_countEi
FN:198,_ZNK3MPI9Graphcomm13Get_neighborsEiiPi
FN:205,_ZNK3MPI9Graphcomm3MapEiPKiS2_
FN:214,_ZNK3MPI9Graphcomm5CloneEv
FNDA:0,_ZN3MPI8CartcommC2ERKP19ompi_communicator_t
FNDA:0,_ZN3MPI9GraphcommC2ERKP19ompi_communicator_t
FNDA:0,_ZNK3MPI8Cartcomm10Get_coordsEiiPi
FNDA:0,_ZNK3MPI8Cartcomm13Get_cart_rankEPKi
FNDA:0,_ZNK3MPI8Cartcomm3MapEiPKiPKb
FNDA:0,_ZNK3MPI8Cartcomm3SubEPKb
FNDA:0,_ZNK3MPI8Cartcomm5CloneEv
FNDA:0,_ZNK3MPI8Cartcomm5ShiftEiiRiS1_
FNDA:0,_ZNK3MPI8Cartcomm7Get_dimEv
FNDA:0,_ZNK3MPI8Cartcomm8Get_topoEiPiPbS1_
FNDA:0,_ZNK3MPI9Graphcomm13Get_neighborsEiiPi
FNDA:0,_ZNK3MPI9Graphcomm19Get_neighbors_countEi
FNDA:0,_ZNK3MPI9Graphcomm3MapEiPKiS2_
FNDA:0,_ZNK3MPI9Graphcomm5CloneEv
FNDA:0,_ZNK3MPI9Graphcomm8Get_dimsEPiS1_
FNDA:0,_ZNK3MPI9Graphcomm8Get_topoEiiPiS1_
FNF:16
FNH:0
DA:28,0
DA:29,0
DA:30,0
DA:31,0
DA:32,0
DA:33,0
DA:35,0
DA:38,0
DA:40,0
DA:59,0
DA:61,0
DA:62,0
DA:63,0
DA:67,0
DA:70,0
DA:71,0
DA:72,0
DA:73,0
DA:75,0
DA:76,0
DA:77,0
DA:79,0
DA:80,0
DA:83,0
DA:85,0
DA:86,0
DA:87,0
DA:91,0
DA:93,0
DA:94,0
DA:97,0
DA:100,0
DA:101,0
DA:104,0
DA:106,0
DA:107,0
DA:108,0
DA:109,0
DA:110,0
DA:112,0
DA:113,0
DA:114,0
DA:115,0
DA:119,0
DA:121,0
DA:122,0
DA:123,0
DA:125,0
DA:126,0
DA:127,0
DA:128,0
DA:133,0
DA:135,0
DA:136,0
DA:137,0
DA:138,0
DA:146,0
DA:147,0
DA:148,0
DA:149,0
DA:150,0
DA:151,0
DA:153,0
DA:156,0
DA:158,0
DA:177,0
DA:179,0
DA:180,0
DA:183,0
DA:186,0
DA:187,0
DA:190,0
DA:192,0
DA:193,0
DA:194,0
DA:198,0
DA:201,0
DA:202,0
DA:205,0
DA:208,0
DA:209,0
DA:210,0
DA:214,0
DA:216,0
DA:217,0
DA:218,0
DA:219,0
LF:87
LH:0
end_of_record
TN:
SF:/usr/lib/x86_64-linux-gnu/openmpi/include/openmpi/ompi/mpi/cxx/win.h
FN:63,_ZN3MPI3WinD0Ev
FN:63,_ZN3MPI3WinD2Ev
FNDA:0,_ZN3MPI3WinD0Ev
FNDA:0,_ZN3MPI3WinD2Ev
FNF:2
FNH:0
DA:63,0
LF:1
LH:0
end_of_record
TN:
SF:/usr/lib/x86_64-linux-gnu/openmpi/include/openmpi/ompi/mpi/cxx/win_inln.h
FN:30,_ZNK3MPI3Win14Get_errhandlerEv
FN:39,_ZNK3MPI3Win14Set_errhandlerERKNS_10ErrhandlerE
FN:51,_ZNK3MPI3Win10AccumulateEPKviRKNS_8DatatypeEiliS5_RKNS_2OpE
FN:65,_ZNK3MPI3Win8CompleteEv
FN:83,_ZNK3MPI3Win5FenceEi
FN:90,_ZNK3MPI3Win3GetEPKviRKNS_8DatatypeEiliS5_
FN:104,_ZNK3MPI3Win9Get_groupEv
FN:113,_ZNK3MPI3Win4LockEiii
FN:120,_ZNK3MPI3Win4PostERKNS_5GroupEi
FN:127,_ZNK3MPI3Win3PutEPKviRKNS_8DatatypeEiliS5_
FN:141,_ZNK3MPI3Win5StartERKNS_5GroupEi
FN:148,_ZNK3MPI3Win4TestEv
FN:158,_ZNK3MPI3Win6UnlockEi
FN:165,_ZNK3MPI3Win4WaitEv
FN:176,_ZNK3MPI3Win15Call_errhandlerEi
FN:242,_ZN3MPI3Win11Delete_attrEi
FN:277,_ZNK3MPI3Win8Get_nameEPcRi
FN:284,_ZN3MPI3Win8Set_attrEiPKv
FN:291,_ZN3MPI3Win8Set_nameEPKc
FNDA:0,_ZN3MPI3Win11Delete_attrEi
FNDA:0,_ZN3MPI3Win8Set_attrEiPKv
FNDA:0,_ZN3MPI3Win8Set_nameEPKc
FNDA:0,_ZNK3MPI3Win10AccumulateEPKviRKNS_8DatatypeEiliS5_RKNS_2OpE
FNDA:0,_ZNK3MPI3Win14Get_errhandlerEv
FNDA:0,_ZNK3MPI3Win14Set_errhandlerERKNS_10ErrhandlerE
FNDA:0,_ZNK3MPI3Win15Call_errhandlerEi
FNDA:0,_ZNK3MPI3Win3GetEPKviRKNS_8DatatypeEiliS5_
FNDA:0,_ZNK3MPI3Win3PutEPKviRKNS_8DatatypeEiliS5_
FNDA:0,_ZNK3MPI3Win4LockEiii
FNDA:0,_ZNK3MPI3Win4PostERKNS_5GroupEi
FNDA:0,_ZNK3MPI3Win4TestEv
FNDA:0,_ZNK3MPI3Win4WaitEv
FNDA:0,_ZNK3MPI3Win5FenceEi
FNDA:0,_ZNK3MPI3Win5StartERKNS_5GroupEi
FNDA:0,_ZNK3MPI3Win6UnlockEi
FNDA:0,_ZNK3MPI3Win8CompleteEv
FNDA:0,_ZNK3MPI3Win8Get_nameEPcRi
FNDA:0,_ZNK3MPI3Win9Get_groupEv
FNF:19
FNH:0
DA:30,0
DA:32,0
DA:33,0
DA:34,0
DA:39,0
DA:41,0
DA:42,0
DA:51,0
DA:57,0
DA:59,0
DA:61,0
DA:65,0
DA:67,0
DA:68,0
DA:83,0
DA:85,0
DA:86,0
DA:90,0
DA:96,0
DA:98,0
DA:100,0
DA:104,0
DA:106,0
DA:107,0
DA:108,0
DA:113,0
DA:115,0
DA:116,0
DA:120,0
DA:122,0
DA:123,0
DA:127,0
DA:133,0
DA:135,0
DA:137,0
DA:141,0
DA:143,0
DA:144,0
DA:148,0
DA:150,0
DA:151,0
DA:152,0
DA:158,0
DA:160,0
DA:161,0
DA:165,0
DA:167,0
DA:168,0
DA:176,0
DA:178,0
DA:179,0
DA:242,0
DA:244,0
DA:245,0
DA:277,0
DA:279,0
DA:280,0
DA:284,0
DA:286,0
DA:287,0
DA:291,0
DA:293,0
DA:294,0
LF:63
LH:0
end_of_record
