TN:
SF:/root/mfem/fem/bilinearform.hpp
FN:284,_ZNK4mfem12BilinearForm16AddMultTransposeERKNS_6VectorERS1_d
FN:295,_ZNK4mfem12BilinearForm13MultTransposeERKNS_6VectorERS1_
FN:316,_ZN4mfem12BilinearForm5SpMatEv
FN:394,_ZNK4mfem12BilinearForm15GetProlongationEv
FN:397,_ZNK4mfem12BilinearForm14GetRestrictionEv
FN:473,_ZN4mfem12BilinearForm16FormSystemMatrixINS_12SparseMatrixEEEvRKNS_5ArrayIiEERT_
FN:804,_ZNK4mfem17MixedBilinearForm15GetProlongationEv
FN:808,_ZNK4mfem17MixedBilinearForm14GetRestrictionEv
FNDA:0,_ZN4mfem12BilinearForm16FormSystemMatrixINS_12SparseMatrixEEEvRKNS_5ArrayIiEERT_
FNDA:0,_ZN4mfem12BilinearForm5SpMatEv
FNDA:0,_ZNK4mfem12BilinearForm13MultTransposeERKNS_6VectorERS1_
FNDA:0,_ZNK4mfem12BilinearForm14GetRestrictionEv
FNDA:0,_ZNK4mfem12BilinearForm15GetProlongationEv
FNDA:0,_ZNK4mfem12BilinearForm16AddMultTransposeERKNS_6VectorERS1_d
FNDA:0,_ZNK4mfem17MixedBilinearForm14GetRestrictionEv
FNDA:0,_ZNK4mfem17MixedBilinearForm15GetProlongationEv
FNF:8
FNH:0
DA:284,0
DA:286,0
DA:295,0
DA:296,0
DA:316,0
DA:318,0
DA:319,0
DA:394,0
DA:395,0
DA:397,0
DA:398,0
DA:473,0
DA:475,0
DA:476,0
DA:477,0
DA:478,0
DA:479,0
DA:480,0
DA:738,0
DA:804,0
DA:805,0
DA:808,0
DA:809,0
DA:986,0
DA:1000,0
DA:1002,0
DA:1005,0
DA:1006,0
LF:28
LH:0
end_of_record
TN:
SF:/root/mfem/fem/bilininteg.hpp
FN:177,_ZN4mfem22BilinearFormIntegrator19AssembleElementGradERKNS_13FiniteElementERNS_21ElementTransformationERKNS_6VectorERNS_11DenseMatrixE
FN:182,_ZN4mfem22BilinearFormIntegrator16AssembleFaceGradERKNS_13FiniteElementES3_RNS_26FaceElementTransformationsERKNS_6VectorERNS_11DenseMatrixE
FN:217,_ZN4mfem22BilinearFormIntegrator18ComputeElementFluxERKNS_13FiniteElementERNS_21ElementTransformationERNS_6VectorES3_S7_b
FN:242,_ZN4mfem22BilinearFormIntegrator17ComputeFluxEnergyERKNS_13FiniteElementERNS_21ElementTransformationERNS_6VectorEPS6_
FN:261,_ZN4mfem19TransposeIntegratorC2EPNS_22BilinearFormIntegratorEi
FN:371,_ZN4mfem13SumIntegratorC2Ei
FN:446,_ZN4mfem21MixedScalarIntegrator21AssembleElementMatrixERKNS_13FiniteElementERNS_21ElementTransformationERNS_11DenseMatrixE
FN:460,_ZNK4mfem21MixedScalarIntegrator24VerifyFiniteElementTypesERKNS_13FiniteElementES3_
FN:468,_ZNK4mfem21MixedScalarIntegrator31FiniteElementTypeFailureMessageEv
FN:474,_ZN4mfem21MixedScalarIntegrator19GetIntegrationOrderERKNS_13FiniteElementES3_RNS_21ElementTransformationE
FN:480,_ZN4mfem21MixedScalarIntegrator13CalcTestShapeERKNS_13FiniteElementERNS_21ElementTransformationERNS_6VectorE
FN:485,_ZN4mfem21MixedScalarIntegrator14CalcTrialShapeERKNS_13FiniteElementERNS_21ElementTransformationERNS_6VectorE
FN:513,_ZN4mfem21MixedVectorIntegrator21AssembleElementMatrixERKNS_13FiniteElementERNS_21ElementTransformationERNS_11DenseMatrixE
FN:524,_ZN4mfem21MixedVectorIntegratorC2Ev
FN:526,_ZN4mfem21MixedVectorIntegratorC2ERNS_11CoefficientE
FN:528,_ZN4mfem21MixedVectorIntegratorC2ERNS_17VectorCoefficientEb
FN:531,_ZN4mfem21MixedVectorIntegratorC2ERNS_17MatrixCoefficientE
FN:534,_ZNK4mfem21MixedVectorIntegrator24VerifyFiniteElementTypesERKNS_13FiniteElementES3_
FN:542,_ZNK4mfem21MixedVectorIntegrator31FiniteElementTypeFailureMessageEv
FN:548,_ZN4mfem21MixedVectorIntegrator19GetIntegrationOrderERKNS_13FiniteElementES3_RNS_21ElementTransformationE
FN:554,_ZN4mfem21MixedVectorIntegrator13CalcTestShapeERKNS_13FiniteElementERNS_21ElementTransformationERNS_11DenseMatrixE
FN:559,_ZN4mfem21MixedVectorIntegrator14CalcTrialShapeERKNS_13FiniteElementERNS_21ElementTransformationERNS_11DenseMatrixE
FN:599,_ZN4mfem27MixedScalarVectorIntegrator21AssembleElementMatrixERKNS_13FiniteElementERNS_21ElementTransformationERNS_11DenseMatrixE
FN:606,_ZN4mfem27MixedScalarVectorIntegratorC2ERNS_17VectorCoefficientEbb
FN:610,_ZNK4mfem27MixedScalarVectorIntegrator24VerifyFiniteElementTypesERKNS_13FiniteElementES3_
FN:623,_ZNK4mfem27MixedScalarVectorIntegrator31FiniteElementTypeFailureMessageEv
FN:639,_ZN4mfem27MixedScalarVectorIntegrator19GetIntegrationOrderERKNS_13FiniteElementES3_RNS_21ElementTransformationE
FN:645,_ZN4mfem27MixedScalarVectorIntegrator10CalcVShapeERKNS_13FiniteElementERNS_21ElementTransformationERNS_11DenseMatrixE
FN:650,_ZN4mfem27MixedScalarVectorIntegrator9CalcShapeERKNS_13FiniteElementERNS_21ElementTransformationERNS_6VectorE
FN:701,_ZNK4mfem31MixedScalarDerivativeIntegrator24VerifyFiniteElementTypesERKNS_13FiniteElementES3_
FN:710,_ZNK4mfem31MixedScalarDerivativeIntegrator31FiniteElementTypeFailureMessageEv
FN:717,_ZN4mfem31MixedScalarDerivativeIntegrator14CalcTrialShapeERKNS_13FiniteElementERNS_21ElementTransformationERNS_6VectorE
FN:736,_ZNK4mfem35MixedScalarWeakDerivativeIntegrator24VerifyFiniteElementTypesERKNS_13FiniteElementES3_
FN:745,_ZNK4mfem35MixedScalarWeakDerivativeIntegrator31FiniteElementTypeFailureMessageEv
FN:753,_ZN4mfem35MixedScalarWeakDerivativeIntegrator13CalcTestShapeERKNS_13FiniteElementERNS_21ElementTransformationERNS_6VectorE
FN:774,_ZNK4mfem31MixedScalarDivergenceIntegrator24VerifyFiniteElementTypesERKNS_13FiniteElementES3_
FN:782,_ZNK4mfem31MixedScalarDivergenceIntegrator31FiniteElementTypeFailureMessageEv
FN:789,_ZN4mfem31MixedScalarDivergenceIntegrator19GetIntegrationOrderERKNS_13FiniteElementES3_RNS_21ElementTransformationE
FN:794,_ZN4mfem31MixedScalarDivergenceIntegrator14CalcTrialShapeERKNS_13FiniteElementERNS_21ElementTransformationERNS_6VectorE
FN:810,_ZNK4mfem31MixedVectorDivergenceIntegrator24VerifyFiniteElementTypesERKNS_13FiniteElementES3_
FN:818,_ZNK4mfem31MixedVectorDivergenceIntegrator31FiniteElementTypeFailureMessageEv
FN:827,_ZN4mfem31MixedVectorDivergenceIntegrator19GetIntegrationOrderERKNS_13FiniteElementES3_RNS_21ElementTransformationE
FN:832,_ZN4mfem31MixedVectorDivergenceIntegrator9CalcShapeERKNS_13FiniteElementERNS_21ElementTransformationERNS_6VectorE
FN:849,_ZNK4mfem33MixedScalarWeakGradientIntegrator24VerifyFiniteElementTypesERKNS_13FiniteElementES3_
FN:857,_ZNK4mfem33MixedScalarWeakGradientIntegrator31FiniteElementTypeFailureMessageEv
FN:864,_ZN4mfem33MixedScalarWeakGradientIntegrator19GetIntegrationOrderERKNS_13FiniteElementES3_RNS_21ElementTransformationE
FN:869,_ZN4mfem33MixedScalarWeakGradientIntegrator13CalcTestShapeERKNS_13FiniteElementERNS_21ElementTransformationERNS_6VectorE
FN:889,_ZNK4mfem25MixedScalarCurlIntegrator24VerifyFiniteElementTypesERKNS_13FiniteElementES3_
FN:898,_ZNK4mfem25MixedScalarCurlIntegrator31FiniteElementTypeFailureMessageEv
FN:905,_ZN4mfem25MixedScalarCurlIntegrator19GetIntegrationOrderERKNS_13FiniteElementES3_RNS_21ElementTransformationE
FN:910,_ZN4mfem25MixedScalarCurlIntegrator14CalcTrialShapeERKNS_13FiniteElementERNS_21ElementTransformationERNS_6VectorE
FN:930,_ZNK4mfem29MixedScalarWeakCurlIntegrator24VerifyFiniteElementTypesERKNS_13FiniteElementES3_
FN:939,_ZNK4mfem29MixedScalarWeakCurlIntegrator31FiniteElementTypeFailureMessageEv
FN:946,_ZN4mfem29MixedScalarWeakCurlIntegrator13CalcTestShapeERKNS_13FiniteElementERNS_21ElementTransformationERNS_6VectorE
FN:988,_ZNK4mfem25MixedDotProductIntegrator24VerifyFiniteElementTypesERKNS_13FiniteElementES3_
FN:996,_ZNK4mfem25MixedDotProductIntegrator31FiniteElementTypeFailureMessageEv
FN:1013,_ZNK4mfem26MixedWeakGradDotIntegrator24VerifyFiniteElementTypesERKNS_13FiniteElementES3_
FN:1022,_ZNK4mfem26MixedWeakGradDotIntegrator31FiniteElementTypeFailureMessageEv
FN:1031,_ZN4mfem26MixedWeakGradDotIntegrator19GetIntegrationOrderERKNS_13FiniteElementES3_RNS_21ElementTransformationE
FN:1036,_ZN4mfem26MixedWeakGradDotIntegrator9CalcShapeERKNS_13FiniteElementERNS_21ElementTransformationERNS_6VectorE
FN:1050,_ZNK4mfem27MixedWeakDivCrossIntegrator24VerifyFiniteElementTypesERKNS_13FiniteElementES3_
FN:1060,_ZNK4mfem27MixedWeakDivCrossIntegrator31FiniteElementTypeFailureMessageEv
FN:1067,_ZN4mfem27MixedWeakDivCrossIntegrator13CalcTestShapeERKNS_13FiniteElementERNS_21ElementTransformationERNS_11DenseMatrixE
FN:1087,_ZNK4mfem23MixedGradGradIntegrator24VerifyFiniteElementTypesERKNS_13FiniteElementES3_
FN:1097,_ZNK4mfem23MixedGradGradIntegrator31FiniteElementTypeFailureMessageEv
FN:1104,_ZN4mfem23MixedGradGradIntegrator19GetIntegrationOrderERKNS_13FiniteElementES3_RNS_21ElementTransformationE
FN:1114,_ZN4mfem23MixedGradGradIntegrator14CalcTrialShapeERKNS_13FiniteElementERNS_21ElementTransformationERNS_11DenseMatrixE
FN:1119,_ZN4mfem23MixedGradGradIntegrator13CalcTestShapeERKNS_13FiniteElementERNS_21ElementTransformationERNS_11DenseMatrixE
FN:1133,_ZNK4mfem28MixedCrossGradGradIntegrator24VerifyFiniteElementTypesERKNS_13FiniteElementES3_
FN:1143,_ZNK4mfem28MixedCrossGradGradIntegrator31FiniteElementTypeFailureMessageEv
FN:1150,_ZN4mfem28MixedCrossGradGradIntegrator14CalcTrialShapeERKNS_13FiniteElementERNS_21ElementTransformationERNS_11DenseMatrixE
FN:1155,_ZN4mfem28MixedCrossGradGradIntegrator13CalcTestShapeERKNS_13FiniteElementERNS_21ElementTransformationERNS_11DenseMatrixE
FN:1175,_ZNK4mfem23MixedCurlCurlIntegrator24VerifyFiniteElementTypesERKNS_13FiniteElementES3_
FN:1186,_ZNK4mfem23MixedCurlCurlIntegrator31FiniteElementTypeFailureMessageEv
FN:1193,_ZN4mfem23MixedCurlCurlIntegrator14CalcTrialShapeERKNS_13FiniteElementERNS_21ElementTransformationERNS_11DenseMatrixE
FN:1198,_ZN4mfem23MixedCurlCurlIntegrator13CalcTestShapeERKNS_13FiniteElementERNS_21ElementTransformationERNS_11DenseMatrixE
FN:1212,_ZNK4mfem28MixedCrossCurlCurlIntegrator24VerifyFiniteElementTypesERKNS_13FiniteElementES3_
FN:1223,_ZNK4mfem28MixedCrossCurlCurlIntegrator31FiniteElementTypeFailureMessageEv
FN:1230,_ZN4mfem28MixedCrossCurlCurlIntegrator14CalcTrialShapeERKNS_13FiniteElementERNS_21ElementTransformationERNS_11DenseMatrixE
FN:1235,_ZN4mfem28MixedCrossCurlCurlIntegrator13CalcTestShapeERKNS_13FiniteElementERNS_21ElementTransformationERNS_11DenseMatrixE
FN:1249,_ZNK4mfem28MixedCrossCurlGradIntegrator24VerifyFiniteElementTypesERKNS_13FiniteElementES3_
FN:1260,_ZNK4mfem28MixedCrossCurlGradIntegrator31FiniteElementTypeFailureMessageEv
FN:1267,_ZN4mfem28MixedCrossCurlGradIntegrator14CalcTrialShapeERKNS_13FiniteElementERNS_21ElementTransformationERNS_11DenseMatrixE
FN:1272,_ZN4mfem28MixedCrossCurlGradIntegrator13CalcTestShapeERKNS_13FiniteElementERNS_21ElementTransformationERNS_11DenseMatrixE
FN:1286,_ZNK4mfem28MixedCrossGradCurlIntegrator24VerifyFiniteElementTypesERKNS_13FiniteElementES3_
FN:1297,_ZNK4mfem28MixedCrossGradCurlIntegrator31FiniteElementTypeFailureMessageEv
FN:1304,_ZN4mfem28MixedCrossGradCurlIntegrator14CalcTrialShapeERKNS_13FiniteElementERNS_21ElementTransformationERNS_11DenseMatrixE
FN:1309,_ZN4mfem28MixedCrossGradCurlIntegrator13CalcTestShapeERKNS_13FiniteElementERNS_21ElementTransformationERNS_11DenseMatrixE
FN:1324,_ZNK4mfem28MixedWeakCurlCrossIntegrator24VerifyFiniteElementTypesERKNS_13FiniteElementES3_
FN:1334,_ZNK4mfem28MixedWeakCurlCrossIntegrator31FiniteElementTypeFailureMessageEv
FN:1341,_ZN4mfem28MixedWeakCurlCrossIntegrator13CalcTestShapeERKNS_13FiniteElementERNS_21ElementTransformationERNS_11DenseMatrixE
FN:1356,_ZNK4mfem34MixedScalarWeakCurlCrossIntegrator24VerifyFiniteElementTypesERKNS_13FiniteElementES3_
FN:1366,_ZNK4mfem34MixedScalarWeakCurlCrossIntegrator31FiniteElementTypeFailureMessageEv
FN:1373,_ZN4mfem34MixedScalarWeakCurlCrossIntegrator9CalcShapeERKNS_13FiniteElementERNS_21ElementTransformationERNS_6VectorE
FN:1391,_ZNK4mfem24MixedCrossGradIntegrator24VerifyFiniteElementTypesERKNS_13FiniteElementES3_
FN:1401,_ZNK4mfem24MixedCrossGradIntegrator31FiniteElementTypeFailureMessageEv
FN:1408,_ZN4mfem24MixedCrossGradIntegrator14CalcTrialShapeERKNS_13FiniteElementERNS_21ElementTransformationERNS_11DenseMatrixE
FN:1413,_ZN4mfem24MixedCrossGradIntegrator13CalcTestShapeERKNS_13FiniteElementERNS_21ElementTransformationERNS_11DenseMatrixE
FN:1428,_ZNK4mfem24MixedCrossCurlIntegrator24VerifyFiniteElementTypesERKNS_13FiniteElementES3_
FN:1438,_ZNK4mfem24MixedCrossCurlIntegrator31FiniteElementTypeFailureMessageEv
FN:1445,_ZN4mfem24MixedCrossCurlIntegrator14CalcTrialShapeERKNS_13FiniteElementERNS_21ElementTransformationERNS_11DenseMatrixE
FN:1460,_ZNK4mfem30MixedScalarCrossCurlIntegrator24VerifyFiniteElementTypesERKNS_13FiniteElementES3_
FN:1470,_ZNK4mfem30MixedScalarCrossCurlIntegrator31FiniteElementTypeFailureMessageEv
FN:1477,_ZN4mfem30MixedScalarCrossCurlIntegrator9CalcShapeERKNS_13FiniteElementERNS_21ElementTransformationERNS_6VectorE
FN:1494,_ZNK4mfem30MixedScalarCrossGradIntegrator24VerifyFiniteElementTypesERKNS_13FiniteElementES3_
FN:1504,_ZNK4mfem30MixedScalarCrossGradIntegrator31FiniteElementTypeFailureMessageEv
FN:1511,_ZN4mfem30MixedScalarCrossGradIntegrator10CalcVShapeERKNS_13FiniteElementERNS_21ElementTransformationERNS_11DenseMatrixE
FN:1525,_ZNK4mfem33MixedScalarCrossProductIntegrator24VerifyFiniteElementTypesERKNS_13FiniteElementES3_
FN:1534,_ZNK4mfem33MixedScalarCrossProductIntegrator31FiniteElementTypeFailureMessageEv
FN:1550,_ZNK4mfem37MixedScalarWeakCrossProductIntegrator24VerifyFiniteElementTypesERKNS_13FiniteElementES3_
FN:1559,_ZNK4mfem37MixedScalarWeakCrossProductIntegrator31FiniteElementTypeFailureMessageEv
FN:1566,_ZN4mfem37MixedScalarWeakCrossProductIntegrator9CalcShapeERKNS_13FiniteElementERNS_21ElementTransformationERNS_6VectorE
FN:1580,_ZNK4mfem36MixedDirectionalDerivativeIntegrator24VerifyFiniteElementTypesERKNS_13FiniteElementES3_
FN:1589,_ZNK4mfem36MixedDirectionalDerivativeIntegrator31FiniteElementTypeFailureMessageEv
FN:1596,_ZN4mfem36MixedDirectionalDerivativeIntegrator10CalcVShapeERKNS_13FiniteElementERNS_21ElementTransformationERNS_11DenseMatrixE
FN:1610,_ZNK4mfem22MixedGradDivIntegrator24VerifyFiniteElementTypesERKNS_13FiniteElementES3_
FN:1620,_ZNK4mfem22MixedGradDivIntegrator31FiniteElementTypeFailureMessageEv
FN:1627,_ZN4mfem22MixedGradDivIntegrator10CalcVShapeERKNS_13FiniteElementERNS_21ElementTransformationERNS_11DenseMatrixE
FN:1632,_ZN4mfem22MixedGradDivIntegrator9CalcShapeERKNS_13FiniteElementERNS_21ElementTransformationERNS_6VectorE
FN:1646,_ZNK4mfem22MixedDivGradIntegrator24VerifyFiniteElementTypesERKNS_13FiniteElementES3_
FN:1657,_ZNK4mfem22MixedDivGradIntegrator31FiniteElementTypeFailureMessageEv
FN:1664,_ZN4mfem22MixedDivGradIntegrator10CalcVShapeERKNS_13FiniteElementERNS_21ElementTransformationERNS_11DenseMatrixE
FN:1669,_ZN4mfem22MixedDivGradIntegrator9CalcShapeERKNS_13FiniteElementERNS_21ElementTransformationERNS_6VectorE
FN:1683,_ZNK4mfem35MixedScalarWeakDivergenceIntegrator24VerifyFiniteElementTypesERKNS_13FiniteElementES3_
FN:1692,_ZNK4mfem35MixedScalarWeakDivergenceIntegrator31FiniteElementTypeFailureMessageEv
FN:1699,_ZN4mfem35MixedScalarWeakDivergenceIntegrator10CalcVShapeERKNS_13FiniteElementERNS_21ElementTransformationERNS_11DenseMatrixE
FN:1711,_ZN4mfem29MixedVectorGradientIntegratorC2Ev
FN:1712,_ZN4mfem29MixedVectorGradientIntegratorC2ERNS_11CoefficientE
FN:1714,_ZN4mfem29MixedVectorGradientIntegratorC2ERNS_17VectorCoefficientE
FN:1716,_ZN4mfem29MixedVectorGradientIntegratorC2ERNS_17MatrixCoefficientE
FN:1882,_ZNK4mfem35MixedVectorWeakDivergenceIntegrator24VerifyFiniteElementTypesERKNS_13FiniteElementES3_
FN:1890,_ZNK4mfem35MixedVectorWeakDivergenceIntegrator31FiniteElementTypeFailureMessageEv
FN:1897,_ZN4mfem35MixedVectorWeakDivergenceIntegrator13CalcTestShapeERKNS_13FiniteElementERNS_21ElementTransformationERNS_11DenseMatrixE
FN:1930,_ZN4mfem18GradientIntegratorC2Ev
FN:1985,_ZN4mfem19DiffusionIntegratorC2EPKNS_15IntegrationRuleE
FN:1990,_ZN4mfem19DiffusionIntegratorC2ERNS_11CoefficientEPKNS_15IntegrationRuleE
FN:1995,_ZN4mfem19DiffusionIntegratorC2ERNS_17VectorCoefficientEPKNS_15IntegrationRuleE
FN:2001,_ZN4mfem19DiffusionIntegratorC2ERNS_17MatrixCoefficientEPKNS_15IntegrationRuleE
FN:2007,_ZN4mfem19DiffusionIntegratorC2ERNS_26SymmetricMatrixCoefficientEPKNS_15IntegrationRuleE
FN:2155,_ZN4mfem20ConvectionIntegratorC2ERNS_17VectorCoefficientEd
FN:2243,_ZN4mfem20VectorMassIntegratorC2Ev
FN:2315,_ZN4mfem28VectorFEDivergenceIntegrator21AssembleElementMatrixERKNS_13FiniteElementERNS_21ElementTransformationERNS_11DenseMatrixE
FN:2345,_ZN4mfem32VectorFEWeakDivergenceIntegrator21AssembleElementMatrixERKNS_13FiniteElementERNS_21ElementTransformationERNS_11DenseMatrixE
FN:2371,_ZN4mfem22VectorFECurlIntegrator21AssembleElementMatrixERKNS_13FiniteElementERNS_21ElementTransformationERNS_11DenseMatrixE
FN:2393,_ZN4mfem20DerivativeIntegrator21AssembleElementMatrixERKNS_13FiniteElementERNS_21ElementTransformationERNS_11DenseMatrixE
FN:2429,_ZN4mfem18CurlCurlIntegratorC2Ev
FN:2431,_ZN4mfem18CurlCurlIntegratorC2ERNS_11CoefficientEPKNS_15IntegrationRuleE
FN:2433,_ZN4mfem18CurlCurlIntegratorC2ERNS_17VectorCoefficientEPKNS_15IntegrationRuleE
FN:2436,_ZN4mfem18CurlCurlIntegratorC2ERNS_17MatrixCoefficientEPKNS_15IntegrationRuleE
FN:2438,_ZN4mfem18CurlCurlIntegratorC2ERNS_26SymmetricMatrixCoefficientEPKNS_15IntegrationRuleE
FN:2527,_ZN4mfem22VectorFEMassIntegratorC2Ev
FN:2529,_ZN4mfem22VectorFEMassIntegratorC2ERNS_11CoefficientE
FN:2531,_ZN4mfem22VectorFEMassIntegratorC2ERNS_17VectorCoefficientE
FN:2533,_ZN4mfem22VectorFEMassIntegratorC2ERNS_17MatrixCoefficientE
FN:2534,_ZN4mfem22VectorFEMassIntegratorC2ERNS_26SymmetricMatrixCoefficientE
FN:2574,_ZN4mfem26VectorDivergenceIntegratorC2Ev
FN:2666,_ZN4mfem25VectorDiffusionIntegratorC2Ev
FN:3226,_ZN4mfem16CurlInterpolator22AssembleElementMatrix2ERKNS_13FiniteElementES3_RNS_21ElementTransformationERNS_11DenseMatrixE
FN:3245,_ZN4mfem22DivergenceInterpolator22AssembleElementMatrix2ERKNS_13FiniteElementES3_RNS_21ElementTransformationERNS_11DenseMatrixE
FNDA:0,_ZN4mfem13SumIntegratorC2Ei
FNDA:0,_ZN4mfem16CurlInterpolator22AssembleElementMatrix2ERKNS_13FiniteElementES3_RNS_21ElementTransformationERNS_11DenseMatrixE
FNDA:0,_ZN4mfem18CurlCurlIntegratorC2ERNS_11CoefficientEPKNS_15IntegrationRuleE
FNDA:0,_ZN4mfem18CurlCurlIntegratorC2ERNS_17MatrixCoefficientEPKNS_15IntegrationRuleE
FNDA:0,_ZN4mfem18CurlCurlIntegratorC2ERNS_17VectorCoefficientEPKNS_15IntegrationRuleE
FNDA:0,_ZN4mfem18CurlCurlIntegratorC2ERNS_26SymmetricMatrixCoefficientEPKNS_15IntegrationRuleE
FNDA:0,_ZN4mfem18CurlCurlIntegratorC2Ev
FNDA:0,_ZN4mfem18GradientIntegratorC2Ev
FNDA:0,_ZN4mfem19DiffusionIntegratorC2EPKNS_15IntegrationRuleE
FNDA:0,_ZN4mfem19DiffusionIntegratorC2ERNS_11CoefficientEPKNS_15IntegrationRuleE
FNDA:0,_ZN4mfem19DiffusionIntegratorC2ERNS_17MatrixCoefficientEPKNS_15IntegrationRuleE
FNDA:0,_ZN4mfem19DiffusionIntegratorC2ERNS_17VectorCoefficientEPKNS_15IntegrationRuleE
FNDA:0,_ZN4mfem19DiffusionIntegratorC2ERNS_26SymmetricMatrixCoefficientEPKNS_15IntegrationRuleE
FNDA:0,_ZN4mfem19TransposeIntegratorC2EPNS_22BilinearFormIntegratorEi
FNDA:0,_ZN4mfem20ConvectionIntegratorC2ERNS_17VectorCoefficientEd
FNDA:0,_ZN4mfem20DerivativeIntegrator21AssembleElementMatrixERKNS_13FiniteElementERNS_21ElementTransformationERNS_11DenseMatrixE
FNDA:0,_ZN4mfem20VectorMassIntegratorC2Ev
FNDA:0,_ZN4mfem21MixedScalarIntegrator13CalcTestShapeERKNS_13FiniteElementERNS_21ElementTransformationERNS_6VectorE
FNDA:0,_ZN4mfem21MixedScalarIntegrator14CalcTrialShapeERKNS_13FiniteElementERNS_21ElementTransformationERNS_6VectorE
FNDA:0,_ZN4mfem21MixedScalarIntegrator19GetIntegrationOrderERKNS_13FiniteElementES3_RNS_21ElementTransformationE
FNDA:0,_ZN4mfem21MixedScalarIntegrator21AssembleElementMatrixERKNS_13FiniteElementERNS_21ElementTransformationERNS_11DenseMatrixE
FNDA:0,_ZN4mfem21MixedVectorIntegrator13CalcTestShapeERKNS_13FiniteElementERNS_21ElementTransformationERNS_11DenseMatrixE
FNDA:0,_ZN4mfem21MixedVectorIntegrator14CalcTrialShapeERKNS_13FiniteElementERNS_21ElementTransformationERNS_11DenseMatrixE
FNDA:0,_ZN4mfem21MixedVectorIntegrator19GetIntegrationOrderERKNS_13FiniteElementES3_RNS_21ElementTransformationE
FNDA:0,_ZN4mfem21MixedVectorIntegrator21AssembleElementMatrixERKNS_13FiniteElementERNS_21ElementTransformationERNS_11DenseMatrixE
FNDA:0,_ZN4mfem21MixedVectorIntegratorC2ERNS_11CoefficientE
FNDA:0,_ZN4mfem21MixedVectorIntegratorC2ERNS_17MatrixCoefficientE
FNDA:0,_ZN4mfem21MixedVectorIntegratorC2ERNS_17VectorCoefficientEb
FNDA:0,_ZN4mfem21MixedVectorIntegratorC2Ev
FNDA:0,_ZN4mfem22BilinearFormIntegrator16AssembleFaceGradERKNS_13FiniteElementES3_RNS_26FaceElementTransformationsERKNS_6VectorERNS_11DenseMatrixE
FNDA:0,_ZN4mfem22BilinearFormIntegrator17ComputeFluxEnergyERKNS_13FiniteElementERNS_21ElementTransformationERNS_6VectorEPS6_
FNDA:0,_ZN4mfem22BilinearFormIntegrator18ComputeElementFluxERKNS_13FiniteElementERNS_21ElementTransformationERNS_6VectorES3_S7_b
FNDA:0,_ZN4mfem22BilinearFormIntegrator19AssembleElementGradERKNS_13FiniteElementERNS_21ElementTransformationERKNS_6VectorERNS_11DenseMatrixE
FNDA:0,_ZN4mfem22DivergenceInterpolator22AssembleElementMatrix2ERKNS_13FiniteElementES3_RNS_21ElementTransformationERNS_11DenseMatrixE
FNDA:0,_ZN4mfem22MixedDivGradIntegrator10CalcVShapeERKNS_13FiniteElementERNS_21ElementTransformationERNS_11DenseMatrixE
FNDA:0,_ZN4mfem22MixedDivGradIntegrator9CalcShapeERKNS_13FiniteElementERNS_21ElementTransformationERNS_6VectorE
FNDA:0,_ZN4mfem22MixedGradDivIntegrator10CalcVShapeERKNS_13FiniteElementERNS_21ElementTransformationERNS_11DenseMatrixE
FNDA:0,_ZN4mfem22MixedGradDivIntegrator9CalcShapeERKNS_13FiniteElementERNS_21ElementTransformationERNS_6VectorE
FNDA:0,_ZN4mfem22VectorFECurlIntegrator21AssembleElementMatrixERKNS_13FiniteElementERNS_21ElementTransformationERNS_11DenseMatrixE
FNDA:0,_ZN4mfem22VectorFEMassIntegratorC2ERNS_11CoefficientE
FNDA:0,_ZN4mfem22VectorFEMassIntegratorC2ERNS_17MatrixCoefficientE
FNDA:0,_ZN4mfem22VectorFEMassIntegratorC2ERNS_17VectorCoefficientE
FNDA:0,_ZN4mfem22VectorFEMassIntegratorC2ERNS_26SymmetricMatrixCoefficientE
FNDA:0,_ZN4mfem22VectorFEMassIntegratorC2Ev
FNDA:0,_ZN4mfem23MixedCurlCurlIntegrator13CalcTestShapeERKNS_13FiniteElementERNS_21ElementTransformationERNS_11DenseMatrixE
FNDA:0,_ZN4mfem23MixedCurlCurlIntegrator14CalcTrialShapeERKNS_13FiniteElementERNS_21ElementTransformationERNS_11DenseMatrixE
FNDA:0,_ZN4mfem23MixedGradGradIntegrator13CalcTestShapeERKNS_13FiniteElementERNS_21ElementTransformationERNS_11DenseMatrixE
FNDA:0,_ZN4mfem23MixedGradGradIntegrator14CalcTrialShapeERKNS_13FiniteElementERNS_21ElementTransformationERNS_11DenseMatrixE
FNDA:0,_ZN4mfem23MixedGradGradIntegrator19GetIntegrationOrderERKNS_13FiniteElementES3_RNS_21ElementTransformationE
FNDA:0,_ZN4mfem24MixedCrossCurlIntegrator14CalcTrialShapeERKNS_13FiniteElementERNS_21ElementTransformationERNS_11DenseMatrixE
FNDA:0,_ZN4mfem24MixedCrossGradIntegrator13CalcTestShapeERKNS_13FiniteElementERNS_21ElementTransformationERNS_11DenseMatrixE
FNDA:0,_ZN4mfem24MixedCrossGradIntegrator14CalcTrialShapeERKNS_13FiniteElementERNS_21ElementTransformationERNS_11DenseMatrixE
FNDA:0,_ZN4mfem25MixedScalarCurlIntegrator14CalcTrialShapeERKNS_13FiniteElementERNS_21ElementTransformationERNS_6VectorE
FNDA:0,_ZN4mfem25MixedScalarCurlIntegrator19GetIntegrationOrderERKNS_13FiniteElementES3_RNS_21ElementTransformationE
FNDA:0,_ZN4mfem25VectorDiffusionIntegratorC2Ev
FNDA:0,_ZN4mfem26MixedWeakGradDotIntegrator19GetIntegrationOrderERKNS_13FiniteElementES3_RNS_21ElementTransformationE
FNDA:0,_ZN4mfem26MixedWeakGradDotIntegrator9CalcShapeERKNS_13FiniteElementERNS_21ElementTransformationERNS_6VectorE
FNDA:0,_ZN4mfem26VectorDivergenceIntegratorC2Ev
FNDA:0,_ZN4mfem27MixedScalarVectorIntegrator10CalcVShapeERKNS_13FiniteElementERNS_21ElementTransformationERNS_11DenseMatrixE
FNDA:0,_ZN4mfem27MixedScalarVectorIntegrator19GetIntegrationOrderERKNS_13FiniteElementES3_RNS_21ElementTransformationE
FNDA:0,_ZN4mfem27MixedScalarVectorIntegrator21AssembleElementMatrixERKNS_13FiniteElementERNS_21ElementTransformationERNS_11DenseMatrixE
FNDA:0,_ZN4mfem27MixedScalarVectorIntegrator9CalcShapeERKNS_13FiniteElementERNS_21ElementTransformationERNS_6VectorE
FNDA:0,_ZN4mfem27MixedScalarVectorIntegratorC2ERNS_17VectorCoefficientEbb
FNDA:0,_ZN4mfem27MixedWeakDivCrossIntegrator13CalcTestShapeERKNS_13FiniteElementERNS_21ElementTransformationERNS_11DenseMatrixE
FNDA:0,_ZN4mfem28MixedCrossCurlCurlIntegrator13CalcTestShapeERKNS_13FiniteElementERNS_21ElementTransformationERNS_11DenseMatrixE
FNDA:0,_ZN4mfem28MixedCrossCurlCurlIntegrator14CalcTrialShapeERKNS_13FiniteElementERNS_21ElementTransformationERNS_11DenseMatrixE
FNDA:0,_ZN4mfem28MixedCrossCurlGradIntegrator13CalcTestShapeERKNS_13FiniteElementERNS_21ElementTransformationERNS_11DenseMatrixE
FNDA:0,_ZN4mfem28MixedCrossCurlGradIntegrator14CalcTrialShapeERKNS_13FiniteElementERNS_21ElementTransformationERNS_11DenseMatrixE
FNDA:0,_ZN4mfem28MixedCrossGradCurlIntegrator13CalcTestShapeERKNS_13FiniteElementERNS_21ElementTransformationERNS_11DenseMatrixE
FNDA:0,_ZN4mfem28MixedCrossGradCurlIntegrator14CalcTrialShapeERKNS_13FiniteElementERNS_21ElementTransformationERNS_11DenseMatrixE
FNDA:0,_ZN4mfem28MixedCrossGradGradIntegrator13CalcTestShapeERKNS_13FiniteElementERNS_21ElementTransformationERNS_11DenseMatrixE
FNDA:0,_ZN4mfem28MixedCrossGradGradIntegrator14CalcTrialShapeERKNS_13FiniteElementERNS_21ElementTransformationERNS_11DenseMatrixE
FNDA:0,_ZN4mfem28MixedWeakCurlCrossIntegrator13CalcTestShapeERKNS_13FiniteElementERNS_21ElementTransformationERNS_11DenseMatrixE
FNDA:0,_ZN4mfem28VectorFEDivergenceIntegrator21AssembleElementMatrixERKNS_13FiniteElementERNS_21ElementTransformationERNS_11DenseMatrixE
FNDA:0,_ZN4mfem29MixedScalarWeakCurlIntegrator13CalcTestShapeERKNS_13FiniteElementERNS_21ElementTransformationERNS_6VectorE
FNDA:0,_ZN4mfem29MixedVectorGradientIntegratorC2ERNS_11CoefficientE
FNDA:0,_ZN4mfem29MixedVectorGradientIntegratorC2ERNS_17MatrixCoefficientE
FNDA:0,_ZN4mfem29MixedVectorGradientIntegratorC2ERNS_17VectorCoefficientE
FNDA:0,_ZN4mfem29MixedVectorGradientIntegratorC2Ev
FNDA:0,_ZN4mfem30MixedScalarCrossCurlIntegrator9CalcShapeERKNS_13FiniteElementERNS_21ElementTransformationERNS_6VectorE
FNDA:0,_ZN4mfem30MixedScalarCrossGradIntegrator10CalcVShapeERKNS_13FiniteElementERNS_21ElementTransformationERNS_11DenseMatrixE
FNDA:0,_ZN4mfem31MixedScalarDerivativeIntegrator14CalcTrialShapeERKNS_13FiniteElementERNS_21ElementTransformationERNS_6VectorE
FNDA:0,_ZN4mfem31MixedScalarDivergenceIntegrator14CalcTrialShapeERKNS_13FiniteElementERNS_21ElementTransformationERNS_6VectorE
FNDA:0,_ZN4mfem31MixedScalarDivergenceIntegrator19GetIntegrationOrderERKNS_13FiniteElementES3_RNS_21ElementTransformationE
FNDA:0,_ZN4mfem31MixedVectorDivergenceIntegrator19GetIntegrationOrderERKNS_13FiniteElementES3_RNS_21ElementTransformationE
FNDA:0,_ZN4mfem31MixedVectorDivergenceIntegrator9CalcShapeERKNS_13FiniteElementERNS_21ElementTransformationERNS_6VectorE
FNDA:0,_ZN4mfem32VectorFEWeakDivergenceIntegrator21AssembleElementMatrixERKNS_13FiniteElementERNS_21ElementTransformationERNS_11DenseMatrixE
FNDA:0,_ZN4mfem33MixedScalarWeakGradientIntegrator13CalcTestShapeERKNS_13FiniteElementERNS_21ElementTransformationERNS_6VectorE
FNDA:0,_ZN4mfem33MixedScalarWeakGradientIntegrator19GetIntegrationOrderERKNS_13FiniteElementES3_RNS_21ElementTransformationE
FNDA:0,_ZN4mfem34MixedScalarWeakCurlCrossIntegrator9CalcShapeERKNS_13FiniteElementERNS_21ElementTransformationERNS_6VectorE
FNDA:0,_ZN4mfem35MixedScalarWeakDerivativeIntegrator13CalcTestShapeERKNS_13FiniteElementERNS_21ElementTransformationERNS_6VectorE
FNDA:0,_ZN4mfem35MixedScalarWeakDivergenceIntegrator10CalcVShapeERKNS_13FiniteElementERNS_21ElementTransformationERNS_11DenseMatrixE
FNDA:0,_ZN4mfem35MixedVectorWeakDivergenceIntegrator13CalcTestShapeERKNS_13FiniteElementERNS_21ElementTransformationERNS_11DenseMatrixE
FNDA:0,_ZN4mfem36MixedDirectionalDerivativeIntegrator10CalcVShapeERKNS_13FiniteElementERNS_21ElementTransformationERNS_11DenseMatrixE
FNDA:0,_ZN4mfem37MixedScalarWeakCrossProductIntegrator9CalcShapeERKNS_13FiniteElementERNS_21ElementTransformationERNS_6VectorE
FNDA:0,_ZNK4mfem21MixedScalarIntegrator24VerifyFiniteElementTypesERKNS_13FiniteElementES3_
FNDA:0,_ZNK4mfem21MixedScalarIntegrator31FiniteElementTypeFailureMessageEv
FNDA:0,_ZNK4mfem21MixedVectorIntegrator24VerifyFiniteElementTypesERKNS_13FiniteElementES3_
FNDA:0,_ZNK4mfem21MixedVectorIntegrator31FiniteElementTypeFailureMessageEv
FNDA:0,_ZNK4mfem22MixedDivGradIntegrator24VerifyFiniteElementTypesERKNS_13FiniteElementES3_
FNDA:0,_ZNK4mfem22MixedDivGradIntegrator31FiniteElementTypeFailureMessageEv
FNDA:0,_ZNK4mfem22MixedGradDivIntegrator24VerifyFiniteElementTypesERKNS_13FiniteElementES3_
FNDA:0,_ZNK4mfem22MixedGradDivIntegrator31FiniteElementTypeFailureMessageEv
FNDA:0,_ZNK4mfem23MixedCurlCurlIntegrator24VerifyFiniteElementTypesERKNS_13FiniteElementES3_
FNDA:0,_ZNK4mfem23MixedCurlCurlIntegrator31FiniteElementTypeFailureMessageEv
FNDA:0,_ZNK4mfem23MixedGradGradIntegrator24VerifyFiniteElementTypesERKNS_13FiniteElementES3_
FNDA:0,_ZNK4mfem23MixedGradGradIntegrator31FiniteElementTypeFailureMessageEv
FNDA:0,_ZNK4mfem24MixedCrossCurlIntegrator24VerifyFiniteElementTypesERKNS_13FiniteElementES3_
FNDA:0,_ZNK4mfem24MixedCrossCurlIntegrator31FiniteElementTypeFailureMessageEv
FNDA:0,_ZNK4mfem24MixedCrossGradIntegrator24VerifyFiniteElementTypesERKNS_13FiniteElementES3_
FNDA:0,_ZNK4mfem24MixedCrossGradIntegrator31FiniteElementTypeFailureMessageEv
FNDA:0,_ZNK4mfem25MixedDotProductIntegrator24VerifyFiniteElementTypesERKNS_13FiniteElementES3_
FNDA:0,_ZNK4mfem25MixedDotProductIntegrator31FiniteElementTypeFailureMessageEv
FNDA:0,_ZNK4mfem25MixedScalarCurlIntegrator24VerifyFiniteElementTypesERKNS_13FiniteElementES3_
FNDA:0,_ZNK4mfem25MixedScalarCurlIntegrator31FiniteElementTypeFailureMessageEv
FNDA:0,_ZNK4mfem26MixedWeakGradDotIntegrator24VerifyFiniteElementTypesERKNS_13FiniteElementES3_
FNDA:0,_ZNK4mfem26MixedWeakGradDotIntegrator31FiniteElementTypeFailureMessageEv
FNDA:0,_ZNK4mfem27MixedScalarVectorIntegrator24VerifyFiniteElementTypesERKNS_13FiniteElementES3_
FNDA:0,_ZNK4mfem27MixedScalarVectorIntegrator31FiniteElementTypeFailureMessageEv
FNDA:0,_ZNK4mfem27MixedWeakDivCrossIntegrator24VerifyFiniteElementTypesERKNS_13FiniteElementES3_
FNDA:0,_ZNK4mfem27MixedWeakDivCrossIntegrator31FiniteElementTypeFailureMessageEv
FNDA:0,_ZNK4mfem28MixedCrossCurlCurlIntegrator24VerifyFiniteElementTypesERKNS_13FiniteElementES3_
FNDA:0,_ZNK4mfem28MixedCrossCurlCurlIntegrator31FiniteElementTypeFailureMessageEv
FNDA:0,_ZNK4mfem28MixedCrossCurlGradIntegrator24VerifyFiniteElementTypesERKNS_13FiniteElementES3_
FNDA:0,_ZNK4mfem28MixedCrossCurlGradIntegrator31FiniteElementTypeFailureMessageEv
FNDA:0,_ZNK4mfem28MixedCrossGradCurlIntegrator24VerifyFiniteElementTypesERKNS_13FiniteElementES3_
FNDA:0,_ZNK4mfem28MixedCrossGradCurlIntegrator31FiniteElementTypeFailureMessageEv
FNDA:0,_ZNK4mfem28MixedCrossGradGradIntegrator24VerifyFiniteElementTypesERKNS_13FiniteElementES3_
FNDA:0,_ZNK4mfem28MixedCrossGradGradIntegrator31FiniteElementTypeFailureMessageEv
FNDA:0,_ZNK4mfem28MixedWeakCurlCrossIntegrator24VerifyFiniteElementTypesERKNS_13FiniteElementES3_
FNDA:0,_ZNK4mfem28MixedWeakCurlCrossIntegrator31FiniteElementTypeFailureMessageEv
FNDA:0,_ZNK4mfem29MixedScalarWeakCurlIntegrator24VerifyFiniteElementTypesERKNS_13FiniteElementES3_
FNDA:0,_ZNK4mfem29MixedScalarWeakCurlIntegrator31FiniteElementTypeFailureMessageEv
FNDA:0,_ZNK4mfem30MixedScalarCrossCurlIntegrator24VerifyFiniteElementTypesERKNS_13FiniteElementES3_
FNDA:0,_ZNK4mfem30MixedScalarCrossCurlIntegrator31FiniteElementTypeFailureMessageEv
FNDA:0,_ZNK4mfem30MixedScalarCrossGradIntegrator24VerifyFiniteElementTypesERKNS_13FiniteElementES3_
FNDA:0,_ZNK4mfem30MixedScalarCrossGradIntegrator31FiniteElementTypeFailureMessageEv
FNDA:0,_ZNK4mfem31MixedScalarDerivativeIntegrator24VerifyFiniteElementTypesERKNS_13FiniteElementES3_
FNDA:0,_ZNK4mfem31MixedScalarDerivativeIntegrator31FiniteElementTypeFailureMessageEv
FNDA:0,_ZNK4mfem31MixedScalarDivergenceIntegrator24VerifyFiniteElementTypesERKNS_13FiniteElementES3_
FNDA:0,_ZNK4mfem31MixedScalarDivergenceIntegrator31FiniteElementTypeFailureMessageEv
FNDA:0,_ZNK4mfem31MixedVectorDivergenceIntegrator24VerifyFiniteElementTypesERKNS_13FiniteElementES3_
FNDA:0,_ZNK4mfem31MixedVectorDivergenceIntegrator31FiniteElementTypeFailureMessageEv
FNDA:0,_ZNK4mfem33MixedScalarCrossProductIntegrator24VerifyFiniteElementTypesERKNS_13FiniteElementES3_
FNDA:0,_ZNK4mfem33MixedScalarCrossProductIntegrator31FiniteElementTypeFailureMessageEv
FNDA:0,_ZNK4mfem33MixedScalarWeakGradientIntegrator24VerifyFiniteElementTypesERKNS_13FiniteElementES3_
FNDA:0,_ZNK4mfem33MixedScalarWeakGradientIntegrator31FiniteElementTypeFailureMessageEv
FNDA:0,_ZNK4mfem34MixedScalarWeakCurlCrossIntegrator24VerifyFiniteElementTypesERKNS_13FiniteElementES3_
FNDA:0,_ZNK4mfem34MixedScalarWeakCurlCrossIntegrator31FiniteElementTypeFailureMessageEv
FNDA:0,_ZNK4mfem35MixedScalarWeakDerivativeIntegrator24VerifyFiniteElementTypesERKNS_13FiniteElementES3_
FNDA:0,_ZNK4mfem35MixedScalarWeakDerivativeIntegrator31FiniteElementTypeFailureMessageEv
FNDA:0,_ZNK4mfem35MixedScalarWeakDivergenceIntegrator24VerifyFiniteElementTypesERKNS_13FiniteElementES3_
FNDA:0,_ZNK4mfem35MixedScalarWeakDivergenceIntegrator31FiniteElementTypeFailureMessageEv
FNDA:0,_ZNK4mfem35MixedVectorWeakDivergenceIntegrator24VerifyFiniteElementTypesERKNS_13FiniteElementES3_
FNDA:0,_ZNK4mfem35MixedVectorWeakDivergenceIntegrator31FiniteElementTypeFailureMessageEv
FNDA:0,_ZNK4mfem36MixedDirectionalDerivativeIntegrator24VerifyFiniteElementTypesERKNS_13FiniteElementES3_
FNDA:0,_ZNK4mfem36MixedDirectionalDerivativeIntegrator31FiniteElementTypeFailureMessageEv
FNDA:0,_ZNK4mfem37MixedScalarWeakCrossProductIntegrator24VerifyFiniteElementTypesERKNS_13FiniteElementES3_
FNDA:0,_ZNK4mfem37MixedScalarWeakCrossProductIntegrator31FiniteElementTypeFailureMessageEv
FNF:159
FNH:0
DA:37,0
DA:38,0
DA:177,0
DA:180,0
DA:182,0
DA:186,0
DA:217,0
DA:221,0
DA:242,0
DA:245,0
DA:247,0
DA:261,0
DA:262,0
DA:371,0
DA:375,0
DA:376,0
DA:446,0
DA:449,0
DA:457,0
DA:458,0
DA:460,0
DA:464,0
DA:465,0
DA:468,0
DA:470,0
DA:471,0
DA:474,0
DA:477,0
DA:480,0
DA:483,0
DA:485,0
DA:488,0
DA:513,0
DA:516,0
DA:524,0
DA:525,0
DA:526,0
DA:527,0
DA:528,0
DA:529,0
DA:530,0
DA:531,0
DA:532,0
DA:534,0
DA:538,0
DA:539,0
DA:542,0
DA:544,0
DA:545,0
DA:548,0
DA:551,0
DA:554,0
DA:557,0
DA:559,0
DA:562,0
DA:599,0
DA:602,0
DA:606,0
DA:608,0
DA:610,0
DA:614,0
DA:615,0
DA:616,0
DA:617,0
DA:618,0
DA:619,0
DA:620,0
DA:623,0
DA:625,0
DA:633,0
DA:635,0
DA:639,0
DA:642,0
DA:645,0
DA:648,0
DA:650,0
DA:653,0
DA:676,0
DA:677,0
DA:678,0
DA:687,0
DA:688,0
DA:696,0
DA:697,0
DA:698,0
DA:701,0
DA:705,0
DA:706,0
DA:707,0
DA:710,0
DA:712,0
DA:714,0
DA:717,0
DA:721,0
DA:722,0
DA:723,0
DA:731,0
DA:732,0
DA:733,0
DA:736,0
DA:740,0
DA:741,0
DA:742,0
DA:745,0
DA:747,0
DA:750,0
DA:753,0
DA:757,0
DA:758,0
DA:759,0
DA:760,0
DA:769,0
DA:770,0
DA:771,0
DA:774,0
DA:778,0
DA:779,0
DA:782,0
DA:784,0
DA:786,0
DA:789,0
DA:792,0
DA:794,0
DA:797,0
DA:806,0
DA:807,0
DA:810,0
DA:814,0
DA:815,0
DA:818,0
DA:820,0
DA:822,0
DA:827,0
DA:830,0
DA:832,0
DA:835,0
DA:844,0
DA:845,0
DA:846,0
DA:849,0
DA:853,0
DA:854,0
DA:857,0
DA:859,0
DA:861,0
DA:864,0
DA:867,0
DA:869,0
DA:873,0
DA:874,0
DA:875,0
DA:884,0
DA:885,0
DA:886,0
DA:889,0
DA:893,0
DA:894,0
DA:895,0
DA:898,0
DA:900,0
DA:902,0
DA:905,0
DA:908,0
DA:910,0
DA:914,0
DA:915,0
DA:916,0
DA:925,0
DA:926,0
DA:927,0
DA:930,0
DA:934,0
DA:935,0
DA:936,0
DA:939,0
DA:941,0
DA:943,0
DA:946,0
DA:950,0
DA:951,0
DA:952,0
DA:961,0
DA:962,0
DA:963,0
DA:964,0
DA:965,0
DA:966,0
DA:967,0
DA:975,0
DA:976,0
DA:985,0
DA:986,0
DA:988,0
DA:992,0
DA:993,0
DA:996,0
DA:998,0
DA:1000,0
DA:1010,0
DA:1011,0
DA:1013,0
DA:1017,0
DA:1018,0
DA:1019,0
DA:1022,0
DA:1024,0
DA:1026,0
DA:1031,0
DA:1034,0
DA:1036,0
DA:1039,0
DA:1047,0
DA:1048,0
DA:1050,0
DA:1054,0
DA:1055,0
DA:1056,0
DA:1057,0
DA:1060,0
DA:1062,0
DA:1064,0
DA:1067,0
DA:1070,0
DA:1079,0
DA:1080,0
DA:1081,0
DA:1082,0
DA:1083,0
DA:1084,0
DA:1085,0
DA:1087,0
DA:1091,0
DA:1092,0
DA:1093,0
DA:1094,0
DA:1097,0
DA:1099,0
DA:1101,0
DA:1104,0
DA:1109,0
DA:1110,0
DA:1111,0
DA:1114,0
DA:1117,0
DA:1119,0
DA:1122,0
DA:1130,0
DA:1131,0
DA:1133,0
DA:1137,0
DA:1138,0
DA:1139,0
DA:1140,0
DA:1143,0
DA:1145,0
DA:1147,0
DA:1150,0
DA:1153,0
DA:1155,0
DA:1158,0
DA:1167,0
DA:1168,0
DA:1169,0
DA:1170,0
DA:1171,0
DA:1172,0
DA:1173,0
DA:1175,0
DA:1179,0
DA:1180,0
DA:1181,0
DA:1182,0
DA:1183,0
DA:1186,0
DA:1188,0
DA:1190,0
DA:1193,0
DA:1196,0
DA:1198,0
DA:1201,0
DA:1209,0
DA:1210,0
DA:1212,0
DA:1216,0
DA:1217,0
DA:1218,0
DA:1219,0
DA:1220,0
DA:1223,0
DA:1225,0
DA:1227,0
DA:1230,0
DA:1233,0
DA:1235,0
DA:1238,0
DA:1246,0
DA:1247,0
DA:1249,0
DA:1253,0
DA:1254,0
DA:1255,0
DA:1256,0
DA:1257,0
DA:1260,0
DA:1262,0
DA:1264,0
DA:1267,0
DA:1270,0
DA:1272,0
DA:1275,0
DA:1283,0
DA:1284,0
DA:1286,0
DA:1290,0
DA:1291,0
DA:1292,0
DA:1293,0
DA:1294,0
DA:1297,0
DA:1299,0
DA:1301,0
DA:1304,0
DA:1307,0
DA:1309,0
DA:1312,0
DA:1321,0
DA:1322,0
DA:1324,0
DA:1328,0
DA:1329,0
DA:1330,0
DA:1331,0
DA:1334,0
DA:1336,0
DA:1338,0
DA:1341,0
DA:1344,0
DA:1353,0
DA:1354,0
DA:1356,0
DA:1360,0
DA:1361,0
DA:1362,0
DA:1363,0
DA:1366,0
DA:1368,0
DA:1370,0
DA:1373,0
DA:1377,0
DA:1378,0
DA:1379,0
DA:1388,0
DA:1389,0
DA:1391,0
DA:1395,0
DA:1396,0
DA:1397,0
DA:1398,0
DA:1401,0
DA:1403,0
DA:1405,0
DA:1408,0
DA:1411,0
DA:1413,0
DA:1416,0
DA:1425,0
DA:1426,0
DA:1428,0
DA:1432,0
DA:1433,0
DA:1434,0
DA:1435,0
DA:1438,0
DA:1440,0
DA:1442,0
DA:1445,0
DA:1448,0
DA:1457,0
DA:1458,0
DA:1460,0
DA:1464,0
DA:1465,0
DA:1466,0
DA:1467,0
DA:1470,0
DA:1472,0
DA:1474,0
DA:1477,0
DA:1481,0
DA:1482,0
DA:1483,0
DA:1491,0
DA:1492,0
DA:1494,0
DA:1498,0
DA:1499,0
DA:1500,0
DA:1501,0
DA:1504,0
DA:1506,0
DA:1508,0
DA:1511,0
DA:1514,0
DA:1522,0
DA:1523,0
DA:1525,0
DA:1529,0
DA:1530,0
DA:1531,0
DA:1534,0
DA:1536,0
DA:1538,0
DA:1547,0
DA:1548,0
DA:1550,0
DA:1554,0
DA:1555,0
DA:1556,0
DA:1559,0
DA:1561,0
DA:1563,0
DA:1566,0
DA:1569,0
DA:1577,0
DA:1578,0
DA:1580,0
DA:1584,0
DA:1585,0
DA:1586,0
DA:1589,0
DA:1591,0
DA:1593,0
DA:1596,0
DA:1599,0
DA:1607,0
DA:1608,0
DA:1610,0
DA:1614,0
DA:1615,0
DA:1616,0
DA:1617,0
DA:1620,0
DA:1622,0
DA:1624,0
DA:1627,0
DA:1630,0
DA:1632,0
DA:1635,0
DA:1643,0
DA:1644,0
DA:1646,0
DA:1650,0
DA:1651,0
DA:1652,0
DA:1653,0
DA:1654,0
DA:1657,0
DA:1659,0
DA:1661,0
DA:1664,0
DA:1667,0
DA:1669,0
DA:1672,0
DA:1680,0
DA:1681,0
DA:1683,0
DA:1687,0
DA:1688,0
DA:1689,0
DA:1692,0
DA:1694,0
DA:1696,0
DA:1699,0
DA:1702,0
DA:1711,0
DA:1712,0
DA:1713,0
DA:1714,0
DA:1715,0
DA:1716,0
DA:1717,0
DA:1765,0
DA:1766,0
DA:1767,0
DA:1768,0
DA:1769,0
DA:1770,0
DA:1771,0
DA:1820,0
DA:1821,0
DA:1822,0
DA:1823,0
DA:1824,0
DA:1825,0
DA:1826,0
DA:1873,0
DA:1874,0
DA:1875,0
DA:1876,0
DA:1877,0
DA:1878,0
DA:1879,0
DA:1882,0
DA:1886,0
DA:1887,0
DA:1890,0
DA:1892,0
DA:1894,0
DA:1897,0
DA:1901,0
DA:1902,0
DA:1903,0
DA:1930,0
DA:1931,0
DA:1932,0
DA:1985,0
DA:1986,0
DA:1987,0
DA:1990,0
DA:1991,0
DA:1992,0
DA:1995,0
DA:1997,0
DA:1998,0
DA:2001,0
DA:2003,0
DA:2004,0
DA:2007,0
DA:2009,0
DA:2010,0
DA:2079,0
DA:2080,0
DA:2083,0
DA:2084,0
DA:2155,0
DA:2156,0
DA:2243,0
DA:2244,0
DA:2313,0
DA:2314,0
DA:2315,0
DA:2317,0
DA:2345,0
DA:2347,0
DA:2371,0
DA:2373,0
DA:2393,0
DA:2396,0
DA:2429,0
DA:2431,0
DA:2432,0
DA:2433,0
DA:2434,0
DA:2435,0
DA:2436,0
DA:2437,0
DA:2438,0
DA:2439,0
DA:2440,0
DA:2497,0
DA:2499,0
DA:2527,0
DA:2529,0
DA:2531,0
DA:2533,0
DA:2534,0
DA:2574,0
DA:2575,0
DA:2576,0
DA:2625,0
DA:2626,0
DA:2666,0
DA:2837,0
DA:2838,0
DA:2840,0
DA:2842,0
DA:3146,0
DA:3155,0
DA:3191,0
DA:3223,0
DA:3226,0
DA:3230,0
DA:3242,0
DA:3245,0
DA:3249,0
DA:3271,0
DA:3288,0
DA:3289,0
DA:3305,0
DA:3306,0
DA:3321,0
DA:3322,0
DA:3338,0
DA:3339,0
DA:3355,0
LF:595
LH:0
end_of_record
TN:
SF:/root/mfem/fem/ceed/operator.hpp
FN:45,_ZN4mfem4ceed8OperatorD0Ev
FN:45,_ZN4mfem4ceed8OperatorD2Ev
FNDA:0,_ZN4mfem4ceed8OperatorD0Ev
FNDA:0,_ZN4mfem4ceed8OperatorD2Ev
FNF:2
FNH:0
DA:45,0
DA:46,0
DA:52,0
LF:3
LH:0
end_of_record
TN:
SF:/root/mfem/fem/coefficient.hpp
FN:48,_ZN4mfem11Coefficient7SetTimeEd
FN:87,_ZN4mfem19ConstantCoefficient4EvalERNS_21ElementTransformationERKNS_16IntegrationPointE
FN:184,_ZN4mfem13PWCoefficientC2ERKNS_5ArrayIiEERKNS1_IPNS_11CoefficientEEE
FN:405,_ZN4mfem16DeltaCoefficientD0Ev
FN:405,_ZN4mfem16DeltaCoefficientD2Ev
FN:443,_ZN4mfem17VectorCoefficient7SetTimeEd
FN:490,_ZN4mfem25VectorConstantCoefficient4EvalERNS_6VectorERNS_21ElementTransformationERKNS_16IntegrationPointE
FN:555,_ZN4mfem19PWVectorCoefficientC2EiRKNS_5ArrayIiEERKNS1_IPNS_17VectorCoefficientEEE
FN:614,_ZN4mfem25VectorFunctionCoefficientD0Ev
FN:614,_ZN4mfem25VectorFunctionCoefficientD2Ev
FN:691,_ZN4mfem29VectorGridFunctionCoefficientD0Ev
FN:691,_ZN4mfem29VectorGridFunctionCoefficientD2Ev
FN:722,_ZN4mfem31GradientGridFunctionCoefficientD0Ev
FN:722,_ZN4mfem31GradientGridFunctionCoefficientD2Ev
FN:747,_ZN4mfem27CurlGridFunctionCoefficientD0Ev
FN:747,_ZN4mfem27CurlGridFunctionCoefficientD2Ev
FN:771,_ZN4mfem33DivergenceGridFunctionCoefficientD0Ev
FN:771,_ZN4mfem33DivergenceGridFunctionCoefficientD2Ev
FN:840,_ZN4mfem22VectorDeltaCoefficientD0Ev
FN:840,_ZN4mfem22VectorDeltaCoefficientD2Ev
FN:893,_ZN4mfem17MatrixCoefficient7SetTimeEd
FN:925,_ZN4mfem17MatrixCoefficient13EvalSymmetricERNS_6VectorERNS_21ElementTransformationERKNS_16IntegrationPointE
FN:944,_ZN4mfem25MatrixConstantCoefficient4EvalERNS_11DenseMatrixERNS_21ElementTransformationERKNS_16IntegrationPointE
FN:1013,_ZN4mfem19PWMatrixCoefficientC2EiRKNS_5ArrayIiEERKNS1_IPNS_17MatrixCoefficientEEEb
FN:1073,_ZN4mfem25MatrixFunctionCoefficientC2EiSt8functionIFvRKNS_6VectorERNS_11DenseMatrixEEEPNS_11CoefficientE
FN:1120,_ZN4mfem25MatrixFunctionCoefficientD0Ev
FN:1120,_ZN4mfem25MatrixFunctionCoefficientD2Ev
FN:1262,_ZN4mfem26SymmetricMatrixCoefficient7SetTimeEd
FN:1294,_ZN4mfem34SymmetricMatrixConstantCoefficient4EvalERNS_20DenseSymmetricMatrixERNS_21ElementTransformationERKNS_16IntegrationPointE
FN:1316,_ZN4mfem34SymmetricMatrixFunctionCoefficientC2EiSt8functionIFvRKNS_6VectorERNS_20DenseSymmetricMatrixEEEPNS_11CoefficientE
FN:1347,_ZN4mfem34SymmetricMatrixFunctionCoefficientD0Ev
FN:1347,_ZN4mfem34SymmetricMatrixFunctionCoefficientD2Ev
FN:2041,_ZN4mfem35VectorQuadratureFunctionCoefficientD0Ev
FN:2041,_ZN4mfem35VectorQuadratureFunctionCoefficientD2Ev
FN:2060,_ZN4mfem29QuadratureFunctionCoefficientD0Ev
FN:2060,_ZN4mfem29QuadratureFunctionCoefficientD2Ev
FNDA:0,_ZN4mfem11Coefficient7SetTimeEd
FNDA:0,_ZN4mfem13PWCoefficientC2ERKNS_5ArrayIiEERKNS1_IPNS_11CoefficientEEE
FNDA:0,_ZN4mfem16DeltaCoefficientD0Ev
FNDA:0,_ZN4mfem16DeltaCoefficientD2Ev
FNDA:0,_ZN4mfem17MatrixCoefficient13EvalSymmetricERNS_6VectorERNS_21ElementTransformationERKNS_16IntegrationPointE
FNDA:0,_ZN4mfem17MatrixCoefficient7SetTimeEd
FNDA:0,_ZN4mfem17VectorCoefficient7SetTimeEd
FNDA:0,_ZN4mfem19ConstantCoefficient4EvalERNS_21ElementTransformationERKNS_16IntegrationPointE
FNDA:0,_ZN4mfem19PWMatrixCoefficientC2EiRKNS_5ArrayIiEERKNS1_IPNS_17MatrixCoefficientEEEb
FNDA:0,_ZN4mfem19PWVectorCoefficientC2EiRKNS_5ArrayIiEERKNS1_IPNS_17VectorCoefficientEEE
FNDA:0,_ZN4mfem22VectorDeltaCoefficientD0Ev
FNDA:0,_ZN4mfem22VectorDeltaCoefficientD2Ev
FNDA:0,_ZN4mfem25MatrixConstantCoefficient4EvalERNS_11DenseMatrixERNS_21ElementTransformationERKNS_16IntegrationPointE
FNDA:0,_ZN4mfem25MatrixFunctionCoefficientC2EiSt8functionIFvRKNS_6VectorERNS_11DenseMatrixEEEPNS_11CoefficientE
FNDA:0,_ZN4mfem25MatrixFunctionCoefficientD0Ev
FNDA:0,_ZN4mfem25MatrixFunctionCoefficientD2Ev
FNDA:0,_ZN4mfem25VectorConstantCoefficient4EvalERNS_6VectorERNS_21ElementTransformationERKNS_16IntegrationPointE
FNDA:0,_ZN4mfem25VectorFunctionCoefficientD0Ev
FNDA:0,_ZN4mfem25VectorFunctionCoefficientD2Ev
FNDA:0,_ZN4mfem26SymmetricMatrixCoefficient7SetTimeEd
FNDA:0,_ZN4mfem27CurlGridFunctionCoefficientD0Ev
FNDA:0,_ZN4mfem27CurlGridFunctionCoefficientD2Ev
FNDA:0,_ZN4mfem29QuadratureFunctionCoefficientD0Ev
FNDA:0,_ZN4mfem29QuadratureFunctionCoefficientD2Ev
FNDA:0,_ZN4mfem29VectorGridFunctionCoefficientD0Ev
FNDA:0,_ZN4mfem29VectorGridFunctionCoefficientD2Ev
FNDA:0,_ZN4mfem31GradientGridFunctionCoefficientD0Ev
FNDA:0,_ZN4mfem31GradientGridFunctionCoefficientD2Ev
FNDA:0,_ZN4mfem33DivergenceGridFunctionCoefficientD0Ev
FNDA:0,_ZN4mfem33DivergenceGridFunctionCoefficientD2Ev
FNDA:0,_ZN4mfem34SymmetricMatrixConstantCoefficient4EvalERNS_20DenseSymmetricMatrixERNS_21ElementTransformationERKNS_16IntegrationPointE
FNDA:0,_ZN4mfem34SymmetricMatrixFunctionCoefficientC2EiSt8functionIFvRKNS_6VectorERNS_20DenseSymmetricMatrixEEEPNS_11CoefficientE
FNDA:0,_ZN4mfem34SymmetricMatrixFunctionCoefficientD0Ev
FNDA:0,_ZN4mfem34SymmetricMatrixFunctionCoefficientD2Ev
FNDA:0,_ZN4mfem35VectorQuadratureFunctionCoefficientD0Ev
FNDA:0,_ZN4mfem35VectorQuadratureFunctionCoefficientD2Ev
FNF:36
FNH:0
DA:45,0
DA:48,0
DA:73,0
DA:78,0
DA:84,0
DA:87,0
DA:89,0
DA:144,0
DA:173,0
DA:184,0
DA:186,0
DA:192,0
DA:194,0
DA:197,0
DA:198,0
DA:201,0
DA:202,0
DA:219,0
DA:220,0
DA:255,0
DA:265,0
DA:266,0
DA:405,0
DA:440,0
DA:443,0
DA:474,0
DA:479,0
DA:485,0
DA:486,0
DA:490,0
DA:491,0
DA:514,0
DA:543,0
DA:555,0
DA:557,0
DA:563,0
DA:565,0
DA:571,0
DA:572,0
DA:593,0
DA:596,0
DA:614,0
DA:691,0
DA:722,0
DA:747,0
DA:771,0
DA:840,0
DA:885,0
DA:886,0
DA:889,0
DA:890,0
DA:893,0
DA:925,0
DA:927,0
DA:929,0
DA:934,0
DA:940,0
DA:941,0
DA:944,0
DA:945,0
DA:966,0
DA:995,0
DA:996,0
DA:1013,0
DA:1016,0
DA:1039,0
DA:1041,0
DA:1047,0
DA:1048,0
DA:1073,0
DA:1076,0
DA:1077,0
DA:1120,0
DA:1258,0
DA:1259,0
DA:1262,0
DA:1278,0
DA:1294,0
DA:1295,0
DA:1316,0
DA:1319,0
DA:1320,0
DA:1347,0
DA:2041,0
DA:2060,0
LF:85
LH:0
end_of_record
TN:
SF:/root/mfem/fem/complex_fem.hpp
FN:38,_ZN4mfem19ComplexGridFunction7DestroyEv
FN:83,_ZN4mfem19ComplexGridFunctionD0Ev
FN:83,_ZN4mfem19ComplexGridFunctionD2Ev
FNDA:0,_ZN4mfem19ComplexGridFunction7DestroyEv
FNDA:0,_ZN4mfem19ComplexGridFunctionD0Ev
FNDA:0,_ZN4mfem19ComplexGridFunctionD2Ev
FNF:3
FNH:0
DA:38,0
DA:83,0
LF:2
LH:0
end_of_record
TN:
SF:/root/mfem/fem/datacollection.hpp
FN:39,_ZN4mfem14NamedFieldsMapINS_12GridFunctionEE8RegisterERKNSt7__cxx1112basic_stringIcSt11char_traitsIcESaIcEEEPS1_b
FNDA:0,_ZN4mfem14NamedFieldsMapINS_12GridFunctionEE8RegisterERKNSt7__cxx1112basic_stringIcSt11char_traitsIcESaIcEEEPS1_b
FNF:1
FNH:0
DA:39,0
DA:41,0
DA:42,0
DA:44,0
DA:46,0
DA:47,0
DA:79,0
DA:81,0
DA:86,0
DA:88,0
DA:89,0
DA:243,0
DA:244,0
DA:261,0
DA:262,0
DA:266,0
DA:267,0
DA:282,0
DA:283,0
DA:287,0
DA:288,0
DA:303,0
DA:318,0
DA:320,0
DA:326,0
DA:328,0
DA:333,0
DA:340,0
DA:479,0
DA:484,0
LF:30
LH:0
end_of_record
TN:
SF:/root/mfem/fem/doftrans.hpp
FNF:0
FNH:0
DA:63,0
DA:64,0
DA:68,0
DA:71,0
DA:77,0
DA:78,0
DA:117,0
DA:139,0
DA:149,0
DA:150,0
DA:152,0
DA:155,0
DA:157,0
DA:159,0
DA:210,0
DA:252,0
LF:16
LH:0
end_of_record
TN:
SF:/root/mfem/fem/eltrans.hpp
FN:180,_ZN4mfem21ElementTransformationD0Ev
FN:180,_ZN4mfem21ElementTransformationD2Ev
FN:378,_ZN4mfem27IsoparametricTransformationC2Ev
FN:450,_ZN4mfem27IsoparametricTransformation13TransformBackERKNS_6VectorERNS_16IntegrationPointE
FN:456,_ZN4mfem27IsoparametricTransformationD0Ev
FN:456,_ZN4mfem27IsoparametricTransformationD2Ev
FN:526,_ZN4mfem26FaceElementTransformationsC2Ev
FNDA:0,_ZN4mfem21ElementTransformationD0Ev
FNDA:0,_ZN4mfem21ElementTransformationD2Ev
FNDA:0,_ZN4mfem26FaceElementTransformationsC2Ev
FNDA:0,_ZN4mfem27IsoparametricTransformation13TransformBackERKNS_6VectorERNS_16IntegrationPointE
FNDA:0,_ZN4mfem27IsoparametricTransformationC2Ev
FNDA:0,_ZN4mfem27IsoparametricTransformationD0Ev
FNDA:0,_ZN4mfem27IsoparametricTransformationD2Ev
FNF:7
FNH:0
DA:93,0
DA:94,0
DA:119,0
DA:120,0
DA:162,0
DA:180,0
DA:275,0
DA:276,0
DA:286,0
DA:289,0
DA:296,0
DA:314,0
DA:334,0
DA:378,0
DA:381,0
DA:383,0
DA:384,0
DA:385,0
DA:386,0
DA:410,0
DA:450,0
DA:452,0
DA:453,0
DA:456,0
DA:461,0
DA:526,0
LF:26
LH:0
end_of_record
TN:
SF:/root/mfem/fem/fe/fe_base.hpp
FN:628,_ZN4mfem19ScalarFiniteElement13CheckScalarFEERKNS_13FiniteElementE
FN:660,_ZN4mfem19ScalarFiniteElement10SetMapTypeEi
FN:718,_ZNK4mfem18NodalFiniteElement21GetLocalInterpolationERNS_21ElementTransformationERNS_11DenseMatrixE
FN:725,_ZNK4mfem18NodalFiniteElement17GetTransferMatrixERKNS_13FiniteElementERNS_21ElementTransformationERNS_11DenseMatrixE
FNDA:0,_ZN4mfem19ScalarFiniteElement10SetMapTypeEi
FNDA:0,_ZN4mfem19ScalarFiniteElement13CheckScalarFEERKNS_13FiniteElementE
FNDA:0,_ZNK4mfem18NodalFiniteElement17GetTransferMatrixERKNS_13FiniteElementERNS_21ElementTransformationERNS_11DenseMatrixE
FNDA:0,_ZNK4mfem18NodalFiniteElement21GetLocalInterpolationERNS_21ElementTransformationERNS_11DenseMatrixE
FNF:4
FNH:0
DA:309,0
DA:312,0
DA:315,0
DA:319,0
DA:329,0
DA:332,0
DA:336,0
DA:341,0
DA:347,0
DA:352,0
DA:382,0
DA:628,0
DA:630,0
DA:631,0
DA:632,0
DA:660,0
DA:662,0
DA:663,0
DA:664,0
DA:665,0
DA:718,0
DA:720,0
DA:725,0
DA:728,0
DA:772,0
DA:1015,0
LF:26
LH:0
end_of_record
TN:
SF:/root/mfem/fem/fe/fe_fixed_order.hpp
FN:503,_ZNK4mfem24RT0TriangleFiniteElement10CalcVShapeERNS_21ElementTransformationERNS_11DenseMatrixE
FN:532,_ZNK4mfem20RT0QuadFiniteElement10CalcVShapeERNS_21ElementTransformationERNS_11DenseMatrixE
FN:561,_ZNK4mfem24RT1TriangleFiniteElement10CalcVShapeERNS_21ElementTransformationERNS_11DenseMatrixE
FN:590,_ZNK4mfem20RT1QuadFiniteElement10CalcVShapeERNS_21ElementTransformationERNS_11DenseMatrixE
FN:618,_ZNK4mfem24RT2TriangleFiniteElement10CalcVShapeERNS_21ElementTransformationERNS_11DenseMatrixE
FN:641,_ZNK4mfem20RT2QuadFiniteElement10CalcVShapeERNS_21ElementTransformationERNS_11DenseMatrixE
FN:920,_ZNK4mfem24Nedelec1HexFiniteElement10CalcVShapeERNS_21ElementTransformationERNS_11DenseMatrixE
FN:948,_ZNK4mfem24Nedelec1TetFiniteElement10CalcVShapeERNS_21ElementTransformationERNS_11DenseMatrixE
FN:976,_ZNK4mfem24Nedelec1WdgFiniteElement10CalcVShapeERNS_21ElementTransformationERNS_11DenseMatrixE
FN:1004,_ZNK4mfem24Nedelec1PyrFiniteElement10CalcVShapeERNS_21ElementTransformationERNS_11DenseMatrixE
FN:1034,_ZNK4mfem19RT0HexFiniteElement10CalcVShapeERNS_21ElementTransformationERNS_11DenseMatrixE
FN:1064,_ZNK4mfem19RT1HexFiniteElement10CalcVShapeERNS_21ElementTransformationERNS_11DenseMatrixE
FN:1094,_ZNK4mfem19RT0TetFiniteElement10CalcVShapeERNS_21ElementTransformationERNS_11DenseMatrixE
FN:1124,_ZNK4mfem19RT0WdgFiniteElement10CalcVShapeERNS_21ElementTransformationERNS_11DenseMatrixE
FN:1161,_ZNK4mfem19RT0PyrFiniteElement10CalcVShapeERNS_21ElementTransformationERNS_11DenseMatrixE
FNDA:0,_ZNK4mfem19RT0HexFiniteElement10CalcVShapeERNS_21ElementTransformationERNS_11DenseMatrixE
FNDA:0,_ZNK4mfem19RT0PyrFiniteElement10CalcVShapeERNS_21ElementTransformationERNS_11DenseMatrixE
FNDA:0,_ZNK4mfem19RT0TetFiniteElement10CalcVShapeERNS_21ElementTransformationERNS_11DenseMatrixE
FNDA:0,_ZNK4mfem19RT0WdgFiniteElement10CalcVShapeERNS_21ElementTransformationERNS_11DenseMatrixE
FNDA:0,_ZNK4mfem19RT1HexFiniteElement10CalcVShapeERNS_21ElementTransformationERNS_11DenseMatrixE
FNDA:0,_ZNK4mfem20RT0QuadFiniteElement10CalcVShapeERNS_21ElementTransformationERNS_11DenseMatrixE
FNDA:0,_ZNK4mfem20RT1QuadFiniteElement10CalcVShapeERNS_21ElementTransformationERNS_11DenseMatrixE
FNDA:0,_ZNK4mfem20RT2QuadFiniteElement10CalcVShapeERNS_21ElementTransformationERNS_11DenseMatrixE
FNDA:0,_ZNK4mfem24Nedelec1HexFiniteElement10CalcVShapeERNS_21ElementTransformationERNS_11DenseMatrixE
FNDA:0,_ZNK4mfem24Nedelec1PyrFiniteElement10CalcVShapeERNS_21ElementTransformationERNS_11DenseMatrixE
FNDA:0,_ZNK4mfem24Nedelec1TetFiniteElement10CalcVShapeERNS_21ElementTransformationERNS_11DenseMatrixE
FNDA:0,_ZNK4mfem24Nedelec1WdgFiniteElement10CalcVShapeERNS_21ElementTransformationERNS_11DenseMatrixE
FNDA:0,_ZNK4mfem24RT0TriangleFiniteElement10CalcVShapeERNS_21ElementTransformationERNS_11DenseMatrixE
FNDA:0,_ZNK4mfem24RT1TriangleFiniteElement10CalcVShapeERNS_21ElementTransformationERNS_11DenseMatrixE
FNDA:0,_ZNK4mfem24RT2TriangleFiniteElement10CalcVShapeERNS_21ElementTransformationERNS_11DenseMatrixE
FNF:15
FNH:0
DA:23,0
DA:36,0
DA:56,0
DA:78,0
DA:205,0
DA:298,0
DA:389,0
DA:431,0
DA:503,0
DA:505,0
DA:532,0
DA:534,0
DA:561,0
DA:563,0
DA:590,0
DA:592,0
DA:618,0
DA:620,0
DA:641,0
DA:643,0
DA:920,0
DA:922,0
DA:948,0
DA:950,0
DA:976,0
DA:978,0
DA:1004,0
DA:1006,0
DA:1034,0
DA:1036,0
DA:1064,0
DA:1066,0
DA:1094,0
DA:1096,0
DA:1124,0
DA:1126,0
DA:1161,0
DA:1163,0
LF:38
LH:0
end_of_record
TN:
SF:/root/mfem/fem/fe/fe_h1.hpp
FNF:0
FNH:0
LF:0
LH:0
end_of_record
TN:
SF:/root/mfem/fem/fe/fe_l2.hpp
FN:54,_ZNK4mfem23L2_QuadrilateralElement11ProjectCurlERKNS_13FiniteElementERNS_21ElementTransformationERNS_11DenseMatrixE
FN:98,_ZNK4mfem18L2_TriangleElement11ProjectCurlERKNS_13FiniteElementERNS_21ElementTransformationERNS_11DenseMatrixE
FNDA:0,_ZNK4mfem18L2_TriangleElement11ProjectCurlERKNS_13FiniteElementERNS_21ElementTransformationERNS_11DenseMatrixE
FNDA:0,_ZNK4mfem23L2_QuadrilateralElement11ProjectCurlERKNS_13FiniteElementERNS_21ElementTransformationERNS_11DenseMatrixE
FNF:2
FNH:0
DA:54,0
DA:57,0
DA:98,0
DA:101,0
LF:4
LH:0
end_of_record
TN:
SF:/root/mfem/fem/fe/fe_nd.hpp
FN:42,_ZNK4mfem20ND_HexahedronElement10CalcVShapeERNS_21ElementTransformationERNS_11DenseMatrixE
FN:64,_ZNK4mfem20ND_HexahedronElement7ProjectERNS_17VectorCoefficientERNS_21ElementTransformationERNS_6VectorE
FN:89,_ZNK4mfem20ND_HexahedronElement11ProjectCurlERKNS_13FiniteElementERNS_21ElementTransformationERNS_11DenseMatrixE
FN:121,_ZNK4mfem23ND_QuadrilateralElement10CalcVShapeERNS_21ElementTransformationERNS_11DenseMatrixE
FN:137,_ZNK4mfem23ND_QuadrilateralElement7ProjectERNS_17VectorCoefficientERNS_21ElementTransformationERNS_6VectorE
FN:183,_ZNK4mfem21ND_TetrahedronElement10CalcVShapeERNS_21ElementTransformationERNS_11DenseMatrixE
FN:199,_ZNK4mfem21ND_TetrahedronElement7ProjectERNS_17VectorCoefficientERNS_21ElementTransformationERNS_6VectorE
FN:217,_ZNK4mfem21ND_TetrahedronElement11ProjectCurlERKNS_13FiniteElementERNS_21ElementTransformationERNS_11DenseMatrixE
FN:242,_ZNK4mfem18ND_TriangleElement10CalcVShapeERNS_21ElementTransformationERNS_11DenseMatrixE
FN:258,_ZNK4mfem18ND_TriangleElement7ProjectERNS_17VectorCoefficientERNS_21ElementTransformationERNS_6VectorE
FN:289,_ZNK4mfem17ND_SegmentElement9CalcShapeERKNS_16IntegrationPointERNS_6VectorE
FN:293,_ZNK4mfem17ND_SegmentElement10CalcVShapeERNS_21ElementTransformationERNS_11DenseMatrixE
FN:309,_ZNK4mfem17ND_SegmentElement7ProjectERNS_17VectorCoefficientERNS_21ElementTransformationERNS_6VectorE
FN:350,_ZNK4mfem15ND_WedgeElement10CalcVShapeERNS_21ElementTransformationERNS_11DenseMatrixE
FN:370,_ZNK4mfem15ND_WedgeElement7ProjectERNS_17VectorCoefficientERNS_21ElementTransformationERNS_6VectorE
FN:388,_ZNK4mfem15ND_WedgeElement11ProjectCurlERKNS_13FiniteElementERNS_21ElementTransformationERNS_11DenseMatrixE
FNDA:0,_ZNK4mfem15ND_WedgeElement10CalcVShapeERNS_21ElementTransformationERNS_11DenseMatrixE
FNDA:0,_ZNK4mfem15ND_WedgeElement11ProjectCurlERKNS_13FiniteElementERNS_21ElementTransformationERNS_11DenseMatrixE
FNDA:0,_ZNK4mfem15ND_WedgeElement7ProjectERNS_17VectorCoefficientERNS_21ElementTransformationERNS_6VectorE
FNDA:0,_ZNK4mfem17ND_SegmentElement10CalcVShapeERNS_21ElementTransformationERNS_11DenseMatrixE
FNDA:0,_ZNK4mfem17ND_SegmentElement7ProjectERNS_17VectorCoefficientERNS_21ElementTransformationERNS_6VectorE
FNDA:0,_ZNK4mfem17ND_SegmentElement9CalcShapeERKNS_16IntegrationPointERNS_6VectorE
FNDA:0,_ZNK4mfem18ND_TriangleElement10CalcVShapeERNS_21ElementTransformationERNS_11DenseMatrixE
FNDA:0,_ZNK4mfem18ND_TriangleElement7ProjectERNS_17VectorCoefficientERNS_21ElementTransformationERNS_6VectorE
FNDA:0,_ZNK4mfem20ND_HexahedronElement10CalcVShapeERNS_21ElementTransformationERNS_11DenseMatrixE
FNDA:0,_ZNK4mfem20ND_HexahedronElement11ProjectCurlERKNS_13FiniteElementERNS_21ElementTransformationERNS_11DenseMatrixE
FNDA:0,_ZNK4mfem20ND_HexahedronElement7ProjectERNS_17VectorCoefficientERNS_21ElementTransformationERNS_6VectorE
FNDA:0,_ZNK4mfem21ND_TetrahedronElement10CalcVShapeERNS_21ElementTransformationERNS_11DenseMatrixE
FNDA:0,_ZNK4mfem21ND_TetrahedronElement11ProjectCurlERKNS_13FiniteElementERNS_21ElementTransformationERNS_11DenseMatrixE
FNDA:0,_ZNK4mfem21ND_TetrahedronElement7ProjectERNS_17VectorCoefficientERNS_21ElementTransformationERNS_6VectorE
FNDA:0,_ZNK4mfem23ND_QuadrilateralElement10CalcVShapeERNS_21ElementTransformationERNS_11DenseMatrixE
FNDA:0,_ZNK4mfem23ND_QuadrilateralElement7ProjectERNS_17VectorCoefficientERNS_21ElementTransformationERNS_6VectorE
FNF:16
FNH:0
DA:42,0
DA:44,0
DA:64,0
DA:67,0
DA:68,0
DA:69,0
DA:89,0
DA:92,0
DA:121,0
DA:123,0
DA:137,0
DA:140,0
DA:141,0
DA:142,0
DA:183,0
DA:185,0
DA:199,0
DA:201,0
DA:217,0
DA:220,0
DA:242,0
DA:244,0
DA:258,0
DA:260,0
DA:279,0
DA:289,0
DA:290,0
DA:293,0
DA:295,0
DA:309,0
DA:311,0
DA:350,0
DA:352,0
DA:370,0
DA:372,0
DA:388,0
DA:391,0
LF:37
LH:0
end_of_record
TN:
SF:/root/mfem/fem/fe/fe_pos.hpp
FNF:0
FNH:0
LF:0
LH:0
end_of_record
TN:
SF:/root/mfem/fem/fe/fe_rt.hpp
FN:43,_ZNK4mfem23RT_QuadrilateralElement10CalcVShapeERNS_21ElementTransformationERNS_11DenseMatrixE
FN:59,_ZNK4mfem23RT_QuadrilateralElement7ProjectERNS_17VectorCoefficientERNS_21ElementTransformationERNS_6VectorE
FN:80,_ZNK4mfem23RT_QuadrilateralElement11ProjectCurlERKNS_13FiniteElementERNS_21ElementTransformationERNS_11DenseMatrixE
FN:112,_ZNK4mfem20RT_HexahedronElement10CalcVShapeERNS_21ElementTransformationERNS_11DenseMatrixE
FN:128,_ZNK4mfem20RT_HexahedronElement7ProjectERNS_17VectorCoefficientERNS_21ElementTransformationERNS_6VectorE
FN:143,_ZNK4mfem20RT_HexahedronElement11ProjectCurlERKNS_13FiniteElementERNS_21ElementTransformationERNS_11DenseMatrixE
FN:174,_ZNK4mfem18RT_TriangleElement10CalcVShapeERNS_21ElementTransformationERNS_11DenseMatrixE
FN:190,_ZNK4mfem18RT_TriangleElement7ProjectERNS_17VectorCoefficientERNS_21ElementTransformationERNS_6VectorE
FN:208,_ZNK4mfem18RT_TriangleElement11ProjectCurlERKNS_13FiniteElementERNS_21ElementTransformationERNS_11DenseMatrixE
FN:234,_ZNK4mfem21RT_TetrahedronElement10CalcVShapeERNS_21ElementTransformationERNS_11DenseMatrixE
FN:250,_ZNK4mfem21RT_TetrahedronElement7ProjectERNS_17VectorCoefficientERNS_21ElementTransformationERNS_6VectorE
FN:262,_ZNK4mfem21RT_TetrahedronElement11ProjectCurlERKNS_13FiniteElementERNS_21ElementTransformationERNS_11DenseMatrixE
FN:294,_ZNK4mfem15RT_WedgeElement10CalcVShapeERNS_21ElementTransformationERNS_11DenseMatrixE
FN:310,_ZNK4mfem15RT_WedgeElement7ProjectERNS_17VectorCoefficientERNS_21ElementTransformationERNS_6VectorE
FN:319,_ZNK4mfem15RT_WedgeElement11ProjectCurlERKNS_13FiniteElementERNS_21ElementTransformationERNS_11DenseMatrixE
FNDA:0,_ZNK4mfem15RT_WedgeElement10CalcVShapeERNS_21ElementTransformationERNS_11DenseMatrixE
FNDA:0,_ZNK4mfem15RT_WedgeElement11ProjectCurlERKNS_13FiniteElementERNS_21ElementTransformationERNS_11DenseMatrixE
FNDA:0,_ZNK4mfem15RT_WedgeElement7ProjectERNS_17VectorCoefficientERNS_21ElementTransformationERNS_6VectorE
FNDA:0,_ZNK4mfem18RT_TriangleElement10CalcVShapeERNS_21ElementTransformationERNS_11DenseMatrixE
FNDA:0,_ZNK4mfem18RT_TriangleElement11ProjectCurlERKNS_13FiniteElementERNS_21ElementTransformationERNS_11DenseMatrixE
FNDA:0,_ZNK4mfem18RT_TriangleElement7ProjectERNS_17VectorCoefficientERNS_21ElementTransformationERNS_6VectorE
FNDA:0,_ZNK4mfem20RT_HexahedronElement10CalcVShapeERNS_21ElementTransformationERNS_11DenseMatrixE
FNDA:0,_ZNK4mfem20RT_HexahedronElement11ProjectCurlERKNS_13FiniteElementERNS_21ElementTransformationERNS_11DenseMatrixE
FNDA:0,_ZNK4mfem20RT_HexahedronElement7ProjectERNS_17VectorCoefficientERNS_21ElementTransformationERNS_6VectorE
FNDA:0,_ZNK4mfem21RT_TetrahedronElement10CalcVShapeERNS_21ElementTransformationERNS_11DenseMatrixE
FNDA:0,_ZNK4mfem21RT_TetrahedronElement11ProjectCurlERKNS_13FiniteElementERNS_21ElementTransformationERNS_11DenseMatrixE
FNDA:0,_ZNK4mfem21RT_TetrahedronElement7ProjectERNS_17VectorCoefficientERNS_21ElementTransformationERNS_6VectorE
FNDA:0,_ZNK4mfem23RT_QuadrilateralElement10CalcVShapeERNS_21ElementTransformationERNS_11DenseMatrixE
FNDA:0,_ZNK4mfem23RT_QuadrilateralElement11ProjectCurlERKNS_13FiniteElementERNS_21ElementTransformationERNS_11DenseMatrixE
FNDA:0,_ZNK4mfem23RT_QuadrilateralElement7ProjectERNS_17VectorCoefficientERNS_21ElementTransformationERNS_6VectorE
FNF:15
FNH:0
DA:43,0
DA:45,0
DA:59,0
DA:62,0
DA:63,0
DA:64,0
DA:80,0
DA:83,0
DA:112,0
DA:114,0
DA:128,0
DA:131,0
DA:132,0
DA:133,0
DA:143,0
DA:146,0
DA:174,0
DA:176,0
DA:190,0
DA:192,0
DA:208,0
DA:211,0
DA:234,0
DA:236,0
DA:250,0
DA:252,0
DA:262,0
DA:265,0
DA:294,0
DA:296,0
DA:310,0
DA:312,0
DA:319,0
DA:322,0
LF:34
LH:0
end_of_record
TN:
SF:/root/mfem/fem/fe_coll.hpp
FN:67,_ZNK4mfem23FiniteElementCollection29TraceFiniteElementForGeometryENS_8Geometry4TypeE
FN:232,_ZNK4mfem15H1_FECollection14DofForGeometryENS_8Geometry4TypeE
FN:237,_ZNK4mfem15H1_FECollection4NameEv
FN:238,_ZNK4mfem15H1_FECollection11GetContTypeEv
FN:248,_ZNK4mfem15H1_FECollection5CloneEi
FN:315,_ZNK4mfem15L2_FECollection4NameEv
FN:529,_ZN4mfem18LinearFECollectionC2Ev
FN:539,_ZNK4mfem18LinearFECollection4NameEv
FN:1115,_ZNK4mfem18Local_FECollection24FiniteElementForGeometryENS_8Geometry4TypeE
FN:1118,_ZNK4mfem18Local_FECollection14DofForGeometryENS_8Geometry4TypeE
FN:1120,_ZNK4mfem18Local_FECollection22DofOrderForOrientationENS_8Geometry4TypeEi
FN:1123,_ZNK4mfem18Local_FECollection4NameEv
FN:1125,_ZN4mfem18Local_FECollectionD0Ev
FN:1125,_ZN4mfem18Local_FECollectionD2Ev
FN:1126,_ZNK4mfem18Local_FECollection11GetContTypeEv
FNDA:0,_ZN4mfem18LinearFECollectionC2Ev
FNDA:0,_ZN4mfem18Local_FECollectionD0Ev
FNDA:0,_ZN4mfem18Local_FECollectionD2Ev
FNDA:0,_ZNK4mfem15H1_FECollection11GetContTypeEv
FNDA:0,_ZNK4mfem15H1_FECollection14DofForGeometryENS_8Geometry4TypeE
FNDA:0,_ZNK4mfem15H1_FECollection4NameEv
FNDA:0,_ZNK4mfem15H1_FECollection5CloneEi
FNDA:0,_ZNK4mfem15L2_FECollection4NameEv
FNDA:0,_ZNK4mfem18LinearFECollection4NameEv
FNDA:0,_ZNK4mfem18Local_FECollection11GetContTypeEv
FNDA:0,_ZNK4mfem18Local_FECollection14DofForGeometryENS_8Geometry4TypeE
FNDA:0,_ZNK4mfem18Local_FECollection22DofOrderForOrientationENS_8Geometry4TypeEi
FNDA:0,_ZNK4mfem18Local_FECollection24FiniteElementForGeometryENS_8Geometry4TypeE
FNDA:0,_ZNK4mfem18Local_FECollection4NameEv
FNDA:0,_ZNK4mfem23FiniteElementCollection29TraceFiniteElementForGeometryENS_8Geometry4TypeE
FNF:15
FNH:0
DA:67,0
DA:70,0
DA:208,0
DA:232,0
DA:233,0
DA:237,0
DA:238,0
DA:248,0
DA:249,0
DA:315,0
DA:529,0
DA:539,0
DA:1115,0
DA:1117,0
DA:1118,0
DA:1119,0
DA:1120,0
DA:1122,0
DA:1123,0
DA:1125,0
DA:1126,0
LF:21
LH:0
end_of_record
TN:
SF:/root/mfem/fem/fespace.hpp
FN:415,_ZN4mfem18FiniteElementSpaceC2EPNS_4MeshEPKNS_23FiniteElementCollectionEii
FN:468,_ZNK4mfem18FiniteElementSpace21GetProlongationMatrixEv
FN:484,_ZNK4mfem18FiniteElementSpace20GetRestrictionMatrixEv
FN:563,_ZNK4mfem18FiniteElementSpace12GetTrueVSizeEv
FN:958,_ZN4mfem15QuadratureSpaceD0Ev
FN:958,_ZN4mfem15QuadratureSpaceD2Ev
FNDA:0,_ZN4mfem15QuadratureSpaceD0Ev
FNDA:0,_ZN4mfem15QuadratureSpaceD2Ev
FNDA:0,_ZN4mfem18FiniteElementSpaceC2EPNS_4MeshEPKNS_23FiniteElementCollectionEii
FNDA:0,_ZNK4mfem18FiniteElementSpace12GetTrueVSizeEv
FNDA:0,_ZNK4mfem18FiniteElementSpace20GetRestrictionMatrixEv
FNDA:0,_ZNK4mfem18FiniteElementSpace21GetProlongationMatrixEv
FNF:6
FNH:0
DA:415,0
DA:418,0
DA:430,0
DA:468,0
DA:469,0
DA:484,0
DA:485,0
DA:488,0
DA:489,0
DA:554,0
DA:557,0
DA:560,0
DA:563,0
DA:569,0
DA:596,0
DA:746,0
DA:750,0
DA:895,0
DA:912,0
DA:914,0
DA:915,0
DA:916,0
DA:917,0
DA:952,0
DA:953,0
DA:958,0
DA:961,0
DA:973,0
DA:974,0
LF:29
LH:0
end_of_record
TN:
SF:/root/mfem/fem/geom.hpp
FNF:0
FNH:0
DA:71,0
DA:72,0
DA:306,0
LF:3
LH:0
end_of_record
TN:
SF:/root/mfem/fem/gridfunc.hpp
FN:85,_ZN4mfem12GridFunctionC2EPNS_18FiniteElementSpaceE
FN:719,_ZN4mfem12GridFunctionD0Ev
FN:719,_ZN4mfem12GridFunctionD2Ev
FN:778,_ZN4mfem18QuadratureFunctionC2EPNS_15QuadratureSpaceEi
FN:794,_ZN4mfem18QuadratureFunctionD0Ev
FN:794,_ZN4mfem18QuadratureFunctionD2Ev
FN:951,_ZN4mfem18ExtrudeCoefficientD0Ev
FN:951,_ZN4mfem18ExtrudeCoefficientD2Ev
FNDA:0,_ZN4mfem12GridFunctionC2EPNS_18FiniteElementSpaceE
FNDA:0,_ZN4mfem12GridFunctionD0Ev
FNDA:0,_ZN4mfem12GridFunctionD2Ev
FNDA:0,_ZN4mfem18ExtrudeCoefficientD0Ev
FNDA:0,_ZN4mfem18ExtrudeCoefficientD2Ev
FNDA:0,_ZN4mfem18QuadratureFunctionC2EPNS_15QuadratureSpaceEi
FNDA:0,_ZN4mfem18QuadratureFunctionD0Ev
FNDA:0,_ZN4mfem18QuadratureFunctionD2Ev
FNF:8
FNH:0
DA:85,0
DA:86,0
DA:446,0
DA:448,0
DA:449,0
DA:478,0
DA:480,0
DA:651,0
DA:719,0
DA:778,0
DA:779,0
DA:780,0
DA:794,0
DA:824,0
DA:951,0
LF:15
LH:0
end_of_record
TN:
SF:/root/mfem/fem/intrules.hpp
FN:218,_ZN4mfem15IntegrationRuleC2Ei
FNDA:0,_ZN4mfem15IntegrationRuleC2Ei
FNF:1
FNH:0
DA:31,0
DA:33,0
DA:34,0
DA:70,0
DA:71,0
DA:80,0
DA:214,0
DA:215,0
DA:218,0
DA:219,0
DA:221,0
DA:223,0
DA:225,0
DA:247,0
DA:250,0
DA:253,0
DA:261,0
DA:372,0
LF:18
LH:0
end_of_record
TN:
SF:/root/mfem/fem/linearform.hpp
FN:77,_ZN4mfem10LinearFormC2EPNS_18FiniteElementSpaceE
FNDA:0,_ZN4mfem10LinearFormC2EPNS_18FiniteElementSpaceE
FNF:1
FNH:0
DA:77,0
DA:78,0
DA:214,0
LF:3
LH:0
end_of_record
TN:
SF:/root/mfem/fem/lininteg.hpp
FN:43,_ZN4mfem20LinearFormIntegrator10SetIntRuleEPKNS_15IntegrationRuleE
FN:104,_ZN4mfem18DomainLFIntegratorC2ERNS_11CoefficientEii
FN:223,_ZN4mfem24VectorDomainLFIntegratorC2ERNS_17VectorCoefficientE
FN:274,_ZN4mfem26VectorFEDomainLFIntegratorC2ERNS_17VectorCoefficientE
FNDA:0,_ZN4mfem18DomainLFIntegratorC2ERNS_11CoefficientEii
FNDA:0,_ZN4mfem20LinearFormIntegrator10SetIntRuleEPKNS_15IntegrationRuleE
FNDA:0,_ZN4mfem24VectorDomainLFIntegratorC2ERNS_17VectorCoefficientE
FNDA:0,_ZN4mfem26VectorFEDomainLFIntegratorC2ERNS_17VectorCoefficientE
FNF:4
FNH:0
DA:27,0
DA:43,0
DA:59,0
DA:60,0
DA:61,0
DA:62,0
DA:66,0
DA:68,0
DA:70,0
DA:104,0
DA:107,0
DA:162,0
DA:163,0
DA:185,0
DA:186,0
DA:223,0
DA:224,0
DA:274,0
DA:275,0
DA:371,0
DA:372,0
DA:389,0
DA:391,0
DA:529,0
DA:531,0
DA:533,0
DA:560,0
DA:562,0
DA:564,0
LF:29
LH:0
end_of_record
TN:
SF:/root/mfem/fem/nonlinearform.hpp
FN:73,_ZN4mfem13NonlinearFormC2EPNS_18FiniteElementSpaceE
FN:209,_ZNK4mfem13NonlinearForm15GetProlongationEv
FN:211,_ZNK4mfem13NonlinearForm14GetRestrictionEv
FNDA:0,_ZN4mfem13NonlinearFormC2EPNS_18FiniteElementSpaceE
FNDA:0,_ZNK4mfem13NonlinearForm14GetRestrictionEv
FNDA:0,_ZNK4mfem13NonlinearForm15GetProlongationEv
FNF:3
FNH:0
DA:73,0
DA:74,0
DA:76,0
DA:77,0
DA:78,0
DA:110,0
DA:111,0
DA:209,0
DA:211,0
DA:212,0
LF:10
LH:0
end_of_record
TN:
SF:/root/mfem/fem/nonlinearform_ext.hpp
FN:81,_ZNK4mfem24PANonlinearFormExtension8Gradient15GetProlongationEv
FNDA:0,_ZNK4mfem24PANonlinearFormExtension8Gradient15GetProlongationEv
FNF:1
FNH:0
DA:81,0
DA:83,0
LF:2
LH:0
end_of_record
TN:
SF:/root/mfem/fem/nonlininteg.hpp
FN:43,_ZN4mfem23NonlinearFormIntegrator10SetIntRuleEPKNS_15IntegrationRuleE
FN:132,_ZNK4mfem23NonlinearFormIntegrator12SupportsCeedEv
FN:383,_ZN4mfem29VectorConvectionNLFIntegratorC2Ev
FNDA:0,_ZN4mfem23NonlinearFormIntegrator10SetIntRuleEPKNS_15IntegrationRuleE
FNDA:0,_ZN4mfem29VectorConvectionNLFIntegratorC2Ev
FNDA:0,_ZNK4mfem23NonlinearFormIntegrator12SupportsCeedEv
FNF:3
FNH:0
DA:37,0
DA:38,0
DA:43,0
DA:132,0
DA:147,0
DA:148,0
DA:149,0
DA:383,0
LF:8
LH:0
end_of_record
TN:
SF:/root/mfem/fem/quadinterpolator.hpp
FNF:0
FNH:0
DA:79,0
DA:80,0
DA:85,0
DA:99,0
LF:4
LH:0
end_of_record
TN:
SF:/root/mfem/fem/restriction.hpp
FN:161,_ZNK4mfem15FaceRestriction13MultTransposeERKNS_6VectorERS1_
FNDA:0,_ZNK4mfem15FaceRestriction13MultTransposeERKNS_6VectorERS1_
FNF:1
FNH:0
DA:161,0
DA:163,0
DA:164,0
DA:165,0
LF:4
LH:0
end_of_record
TN:
SF:/root/mfem/fem/tmop_tools.hpp
FN:187,_ZNK4mfem16TMOPNewtonSolver4MultERKNS_6VectorERS1_
FNDA:0,_ZNK4mfem16TMOPNewtonSolver4MultERKNS_6VectorERS1_
FNF:1
FNH:0
DA:187,0
DA:189,0
DA:191,0
DA:193,0
DA:195,0
DA:197,0
DA:198,0
LF:7
LH:0
end_of_record
TN:
SF:/root/mfem/fem/transfer.hpp
FN:322,_ZNK4mfem24L2ProjectionGridTransfer14L2Prolongation4MultERKNS_6VectorERS2_
FN:326,_ZNK4mfem24L2ProjectionGridTransfer14L2Prolongation13MultTransposeERKNS_6VectorERS2_
FN:330,_ZN4mfem24L2ProjectionGridTransfer14L2ProlongationD0Ev
FN:330,_ZN4mfem24L2ProjectionGridTransfer14L2ProlongationD2Ev
FNDA:0,_ZN4mfem24L2ProjectionGridTransfer14L2ProlongationD0Ev
FNDA:0,_ZN4mfem24L2ProjectionGridTransfer14L2ProlongationD2Ev
FNDA:0,_ZNK4mfem24L2ProjectionGridTransfer14L2Prolongation13MultTransposeERKNS_6VectorERS2_
FNDA:0,_ZNK4mfem24L2ProjectionGridTransfer14L2Prolongation4MultERKNS_6VectorERS2_
FNF:4
FNH:0
DA:322,0
DA:324,0
DA:325,0
DA:326,0
DA:328,0
DA:329,0
DA:330,0
LF:7
LH:0
end_of_record
TN:
SF:/root/mfem/general/array.hpp
FN:636,_ZN4mfem5ArrayINS_16IntegrationPointEEC2ERKS2_
FN:636,_ZN4mfem5ArrayIdEC2ERKS1_
FN:653,_ZN4mfem5ArrayIiEC2IdLi6EEERAT0__KT_
FN:659,_ZN4mfem5ArrayINS_10RefinementEE8GrowSizeEi
FN:659,_ZN4mfem5ArrayINS_16IntegrationPointEE8GrowSizeEi
FN:659,_ZN4mfem5ArrayIPNS_11CoefficientEE8GrowSizeEi
FN:659,_ZN4mfem5ArrayIPNS_17MatrixCoefficientEE8GrowSizeEi
FN:659,_ZN4mfem5ArrayIPNS_17VectorCoefficientEE8GrowSizeEi
FN:659,_ZN4mfem5ArrayIPNS_22BilinearFormIntegratorEE8GrowSizeEi
FN:659,_ZN4mfem5ArrayIPNS_23NonlinearFormIntegratorEE8GrowSizeEi
FN:659,_ZN4mfem5ArrayIbE8GrowSizeEi
FN:659,_ZN4mfem5ArrayIiE8GrowSizeEi
FN:689,_ZN4mfem5ArrayIbE7SetSizeEiRKb
FN:707,_ZN4mfem5ArrayIiE7SetSizeEiNS_10MemoryTypeE
FN:750,_ZN4mfem5ArrayINS_10RefinementEE6AppendERKS1_
FN:750,_ZN4mfem5ArrayIPNS_11CoefficientEE6AppendERKS2_
FN:750,_ZN4mfem5ArrayIPNS_17MatrixCoefficientEE6AppendERKS2_
FN:750,_ZN4mfem5ArrayIPNS_17VectorCoefficientEE6AppendERKS2_
FN:750,_ZN4mfem5ArrayIPNS_22BilinearFormIntegratorEE6AppendERKS2_
FN:750,_ZN4mfem5ArrayIPNS_23NonlinearFormIntegratorEE6AppendERKS2_
FN:750,_ZN4mfem5ArrayIiE6AppendERKi
FN:855,_ZNK4mfem5ArrayIiE4CopyERS1_
FNDA:0,_ZN4mfem5ArrayINS_10RefinementEE6AppendERKS1_
FNDA:0,_ZN4mfem5ArrayINS_10RefinementEE8GrowSizeEi
FNDA:0,_ZN4mfem5ArrayINS_16IntegrationPointEE8GrowSizeEi
FNDA:0,_ZN4mfem5ArrayINS_16IntegrationPointEEC2ERKS2_
FNDA:0,_ZN4mfem5ArrayIPNS_11CoefficientEE6AppendERKS2_
FNDA:0,_ZN4mfem5ArrayIPNS_11CoefficientEE8GrowSizeEi
FNDA:0,_ZN4mfem5ArrayIPNS_17MatrixCoefficientEE6AppendERKS2_
FNDA:0,_ZN4mfem5ArrayIPNS_17MatrixCoefficientEE8GrowSizeEi
FNDA:0,_ZN4mfem5ArrayIPNS_17VectorCoefficientEE6AppendERKS2_
FNDA:0,_ZN4mfem5ArrayIPNS_17VectorCoefficientEE8GrowSizeEi
FNDA:0,_ZN4mfem5ArrayIPNS_22BilinearFormIntegratorEE6AppendERKS2_
FNDA:0,_ZN4mfem5ArrayIPNS_22BilinearFormIntegratorEE8GrowSizeEi
FNDA:0,_ZN4mfem5ArrayIPNS_23NonlinearFormIntegratorEE6AppendERKS2_
FNDA:0,_ZN4mfem5ArrayIPNS_23NonlinearFormIntegratorEE8GrowSizeEi
FNDA:0,_ZN4mfem5ArrayIbE7SetSizeEiRKb
FNDA:0,_ZN4mfem5ArrayIbE8GrowSizeEi
FNDA:0,_ZN4mfem5ArrayIdEC2ERKS1_
FNDA:0,_ZN4mfem5ArrayIiE6AppendERKi
FNDA:0,_ZN4mfem5ArrayIiE7SetSizeEiNS_10MemoryTypeE
FNDA:0,_ZN4mfem5ArrayIiE8GrowSizeEi
FNDA:0,_ZN4mfem5ArrayIiEC2IdLi6EEERAT0__KT_
FNDA:0,_ZNK4mfem5ArrayIiE4CopyERS1_
FNF:22
FNH:0
DA:55,0
DA:64,0
DA:70,0
DA:71,0
DA:80,0
DA:81,0
DA:96,0
DA:99,0
DA:106,0
DA:112,0
DA:138,0
DA:153,0
DA:308,0
DA:309,0
DA:347,0
DA:636,0
DA:637,0
DA:639,0
DA:640,0
DA:641,0
DA:642,0
DA:653,0
DA:655,0
DA:656,0
DA:659,0
DA:661,0
DA:662,0
DA:663,0
DA:664,0
DA:665,0
DA:666,0
DA:667,0
DA:678,0
DA:681,0
DA:683,0
DA:685,0
DA:689,0
DA:692,0
DA:694,0
DA:696,0
DA:698,0
DA:700,0
DA:703,0
DA:704,0
DA:707,0
DA:710,0
DA:712,0
DA:714,0
DA:715,0
DA:718,0
DA:719,0
DA:720,0
DA:722,0
DA:723,0
DA:727,0
DA:728,0
DA:730,0
DA:734,0
DA:738,0
DA:742,0
DA:746,0
DA:750,0
DA:752,0
DA:753,0
DA:754,0
DA:845,0
DA:847,0
DA:848,0
DA:849,0
DA:850,0
DA:851,0
DA:855,0
DA:857,0
DA:858,0
DA:859,0
DA:860,0
DA:892,0
DA:894,0
LF:78
LH:0
end_of_record
TN:
SF:/root/mfem/general/device.hpp
FNF:0
FNH:0
DA:150,0
DA:264,0
DA:268,0
DA:281,0
DA:301,0
DA:303,0
DA:305,0
DA:309,0
DA:310,0
DA:319,0
DA:321,0
DA:336,0
DA:338,0
DA:353,0
DA:355,0
LF:15
LH:0
end_of_record
TN:
SF:/root/mfem/general/forall.hpp
FNF:0
FNH:0
LF:0
LH:0
end_of_record
TN:
SF:/root/mfem/general/mem_alloc.hpp
FN:93,_ZN4mfem5StackIPNS_11TetrahedronELi1024EE5ClearEv
FN:190,_ZN4mfem8MemAllocINS_11TetrahedronELi1024EE5ClearEv
FNDA:0,_ZN4mfem5StackIPNS_11TetrahedronELi1024EE5ClearEv
FNDA:0,_ZN4mfem8MemAllocINS_11TetrahedronELi1024EE5ClearEv
FNF:2
FNH:0
DA:37,0
DA:52,0
DA:93,0
DA:96,0
DA:98,0
DA:99,0
DA:101,0
DA:103,0
DA:104,0
DA:106,0
DA:107,0
DA:108,0
DA:141,0
DA:156,0
DA:162,0
DA:190,0
DA:193,0
DA:195,0
DA:196,0
DA:197,0
DA:199,0
DA:200,0
DA:201,0
LF:23
LH:0
end_of_record
TN:
SF:/root/mfem/general/mem_manager.hpp
FN:830,_ZN4mfem6MemoryINS_16IntegrationPointEE3NewEi
FN:830,_ZN4mfem6MemoryIdE3NewEi
FN:830,_ZN4mfem6MemoryIiE3NewEi
FN:840,_ZN4mfem6MemoryINS_10RefinementEE3NewEiNS_10MemoryTypeE
FN:840,_ZN4mfem6MemoryINS_16IntegrationPointEE3NewEiNS_10MemoryTypeE
FN:840,_ZN4mfem6MemoryIPNS_11CoefficientEE3NewEiNS_10MemoryTypeE
FN:840,_ZN4mfem6MemoryIPNS_17MatrixCoefficientEE3NewEiNS_10MemoryTypeE
FN:840,_ZN4mfem6MemoryIPNS_17VectorCoefficientEE3NewEiNS_10MemoryTypeE
FN:840,_ZN4mfem6MemoryIPNS_22BilinearFormIntegratorEE3NewEiNS_10MemoryTypeE
FN:840,_ZN4mfem6MemoryIPNS_23NonlinearFormIntegratorEE3NewEiNS_10MemoryTypeE
FN:840,_ZN4mfem6MemoryIbE3NewEiNS_10MemoryTypeE
FN:840,_ZN4mfem6MemoryIdE3NewEiNS_10MemoryTypeE
FN:840,_ZN4mfem6MemoryIiE3NewEiNS_10MemoryTypeE
FN:863,_ZN4mfem6MemoryIdE4WrapEPdib
FN:863,_ZN4mfem6MemoryIiE4WrapEPiib
FN:924,_ZN4mfem6MemoryIdE9MakeAliasERKS1_ii
FN:979,_ZN4mfem6MemoryINS_10RefinementEE6DeleteEv
FN:979,_ZN4mfem6MemoryINS_16IntegrationPointEE6DeleteEv
FN:979,_ZN4mfem6MemoryINS_4Mesh10NCFaceInfoEE6DeleteEv
FN:979,_ZN4mfem6MemoryINS_4Mesh8FaceInfoEE6DeleteEv
FN:979,_ZN4mfem6MemoryINS_6TripleIiiiEEE6DeleteEv
FN:979,_ZN4mfem6MemoryINS_6VertexEE6DeleteEv
FN:979,_ZN4mfem6MemoryINS_8Geometry4TypeEE6DeleteEv
FN:979,_ZN4mfem6MemoryINS_9EmbeddingEE6DeleteEv
FN:979,_ZN4mfem6MemoryIPNS_11CoefficientEE6DeleteEv
FN:979,_ZN4mfem6MemoryIPNS_16GeometricFactorsEE6DeleteEv
FN:979,_ZN4mfem6MemoryIPNS_17DofTransformationEE6DeleteEv
FN:979,_ZN4mfem6MemoryIPNS_17MatrixCoefficientEE6DeleteEv
FN:979,_ZN4mfem6MemoryIPNS_17VectorCoefficientEE6DeleteEv
FN:979,_ZN4mfem6MemoryIPNS_20FaceGeometricFactorsEE6DeleteEv
FN:979,_ZN4mfem6MemoryIPNS_22BilinearFormIntegratorEE6DeleteEv
FN:979,_ZN4mfem6MemoryIPNS_22QuadratureInterpolatorEE6DeleteEv
FN:979,_ZN4mfem6MemoryIPNS_23NonlinearFormIntegratorEE6DeleteEv
FN:979,_ZN4mfem6MemoryIPNS_26FaceQuadratureInterpolatorEE6DeleteEv
FN:979,_ZN4mfem6MemoryIPNS_5ArrayIiEEE6DeleteEv
FN:979,_ZN4mfem6MemoryIPNS_6VectorEE6DeleteEv
FN:979,_ZN4mfem6MemoryIPNS_7ElementEE6DeleteEv
FN:979,_ZN4mfem6MemoryIbE6DeleteEv
FN:979,_ZN4mfem6MemoryIcE6DeleteEv
FN:979,_ZN4mfem6MemoryIdE6DeleteEv
FN:979,_ZN4mfem6MemoryIiE6DeleteEv
FN:1053,_ZN4mfem6MemoryIdE9ReadWriteENS_11MemoryClassEi
FN:1066,_ZNK4mfem6MemoryIdE4ReadENS_11MemoryClassEi
FN:1066,_ZNK4mfem6MemoryIiE4ReadENS_11MemoryClassEi
FN:1079,_ZN4mfem6MemoryIdE5WriteENS_11MemoryClassEi
FN:1117,_ZNK4mfem6MemoryINS_10RefinementEE13GetMemoryTypeEv
FN:1117,_ZNK4mfem6MemoryINS_16IntegrationPointEE13GetMemoryTypeEv
FN:1117,_ZNK4mfem6MemoryIPNS_11CoefficientEE13GetMemoryTypeEv
FN:1117,_ZNK4mfem6MemoryIPNS_17MatrixCoefficientEE13GetMemoryTypeEv
FN:1117,_ZNK4mfem6MemoryIPNS_17VectorCoefficientEE13GetMemoryTypeEv
FN:1117,_ZNK4mfem6MemoryIPNS_22BilinearFormIntegratorEE13GetMemoryTypeEv
FN:1117,_ZNK4mfem6MemoryIPNS_23NonlinearFormIntegratorEE13GetMemoryTypeEv
FN:1117,_ZNK4mfem6MemoryIbE13GetMemoryTypeEv
FN:1117,_ZNK4mfem6MemoryIdE13GetMemoryTypeEv
FN:1117,_ZNK4mfem6MemoryIiE13GetMemoryTypeEv
FN:1143,_ZN4mfem6MemoryINS_10RefinementEE8CopyFromERKS2_i
FN:1143,_ZN4mfem6MemoryINS_16IntegrationPointEE8CopyFromERKS2_i
FN:1143,_ZN4mfem6MemoryIPNS_11CoefficientEE8CopyFromERKS3_i
FN:1143,_ZN4mfem6MemoryIPNS_17MatrixCoefficientEE8CopyFromERKS3_i
FN:1143,_ZN4mfem6MemoryIPNS_17VectorCoefficientEE8CopyFromERKS3_i
FN:1143,_ZN4mfem6MemoryIPNS_22BilinearFormIntegratorEE8CopyFromERKS3_i
FN:1143,_ZN4mfem6MemoryIPNS_23NonlinearFormIntegratorEE8CopyFromERKS3_i
FN:1143,_ZN4mfem6MemoryIbE8CopyFromERKS1_i
FN:1143,_ZN4mfem6MemoryIdE8CopyFromERKS1_i
FN:1143,_ZN4mfem6MemoryIiE8CopyFromERKS1_i
FN:1183,_ZNK4mfem6MemoryIiE6CopyToERS1_i
FNDA:0,_ZN4mfem6MemoryINS_10RefinementEE3NewEiNS_10MemoryTypeE
FNDA:0,_ZN4mfem6MemoryINS_10RefinementEE6DeleteEv
FNDA:0,_ZN4mfem6MemoryINS_10RefinementEE8CopyFromERKS2_i
FNDA:0,_ZN4mfem6MemoryINS_16IntegrationPointEE3NewEi
FNDA:0,_ZN4mfem6MemoryINS_16IntegrationPointEE3NewEiNS_10MemoryTypeE
FNDA:0,_ZN4mfem6MemoryINS_16IntegrationPointEE6DeleteEv
FNDA:0,_ZN4mfem6MemoryINS_16IntegrationPointEE8CopyFromERKS2_i
FNDA:0,_ZN4mfem6MemoryINS_4Mesh10NCFaceInfoEE6DeleteEv
FNDA:0,_ZN4mfem6MemoryINS_4Mesh8FaceInfoEE6DeleteEv
FNDA:0,_ZN4mfem6MemoryINS_6TripleIiiiEEE6DeleteEv
FNDA:0,_ZN4mfem6MemoryINS_6VertexEE6DeleteEv
FNDA:0,_ZN4mfem6MemoryINS_8Geometry4TypeEE6DeleteEv
FNDA:0,_ZN4mfem6MemoryINS_9EmbeddingEE6DeleteEv
FNDA:0,_ZN4mfem6MemoryIPNS_11CoefficientEE3NewEiNS_10MemoryTypeE
FNDA:0,_ZN4mfem6MemoryIPNS_11CoefficientEE6DeleteEv
FNDA:0,_ZN4mfem6MemoryIPNS_11CoefficientEE8CopyFromERKS3_i
FNDA:0,_ZN4mfem6MemoryIPNS_16GeometricFactorsEE6DeleteEv
FNDA:0,_ZN4mfem6MemoryIPNS_17DofTransformationEE6DeleteEv
FNDA:0,_ZN4mfem6MemoryIPNS_17MatrixCoefficientEE3NewEiNS_10MemoryTypeE
FNDA:0,_ZN4mfem6MemoryIPNS_17MatrixCoefficientEE6DeleteEv
FNDA:0,_ZN4mfem6MemoryIPNS_17MatrixCoefficientEE8CopyFromERKS3_i
FNDA:0,_ZN4mfem6MemoryIPNS_17VectorCoefficientEE3NewEiNS_10MemoryTypeE
FNDA:0,_ZN4mfem6MemoryIPNS_17VectorCoefficientEE6DeleteEv
FNDA:0,_ZN4mfem6MemoryIPNS_17VectorCoefficientEE8CopyFromERKS3_i
FNDA:0,_ZN4mfem6MemoryIPNS_20FaceGeometricFactorsEE6DeleteEv
FNDA:0,_ZN4mfem6MemoryIPNS_22BilinearFormIntegratorEE3NewEiNS_10MemoryTypeE
FNDA:0,_ZN4mfem6MemoryIPNS_22BilinearFormIntegratorEE6DeleteEv
FNDA:0,_ZN4mfem6MemoryIPNS_22BilinearFormIntegratorEE8CopyFromERKS3_i
FNDA:0,_ZN4mfem6MemoryIPNS_22QuadratureInterpolatorEE6DeleteEv
FNDA:0,_ZN4mfem6MemoryIPNS_23NonlinearFormIntegratorEE3NewEiNS_10MemoryTypeE
FNDA:0,_ZN4mfem6MemoryIPNS_23NonlinearFormIntegratorEE6DeleteEv
FNDA:0,_ZN4mfem6MemoryIPNS_23NonlinearFormIntegratorEE8CopyFromERKS3_i
FNDA:0,_ZN4mfem6MemoryIPNS_26FaceQuadratureInterpolatorEE6DeleteEv
FNDA:0,_ZN4mfem6MemoryIPNS_5ArrayIiEEE6DeleteEv
FNDA:0,_ZN4mfem6MemoryIPNS_6VectorEE6DeleteEv
FNDA:0,_ZN4mfem6MemoryIPNS_7ElementEE6DeleteEv
FNDA:0,_ZN4mfem6MemoryIbE3NewEiNS_10MemoryTypeE
FNDA:0,_ZN4mfem6MemoryIbE6DeleteEv
FNDA:0,_ZN4mfem6MemoryIbE8CopyFromERKS1_i
FNDA:0,_ZN4mfem6MemoryIcE6DeleteEv
FNDA:0,_ZN4mfem6MemoryIdE3NewEi
FNDA:0,_ZN4mfem6MemoryIdE3NewEiNS_10MemoryTypeE
FNDA:0,_ZN4mfem6MemoryIdE4WrapEPdib
FNDA:0,_ZN4mfem6MemoryIdE5WriteENS_11MemoryClassEi
FNDA:0,_ZN4mfem6MemoryIdE6DeleteEv
FNDA:0,_ZN4mfem6MemoryIdE8CopyFromERKS1_i
FNDA:0,_ZN4mfem6MemoryIdE9MakeAliasERKS1_ii
FNDA:0,_ZN4mfem6MemoryIdE9ReadWriteENS_11MemoryClassEi
FNDA:0,_ZN4mfem6MemoryIiE3NewEi
FNDA:0,_ZN4mfem6MemoryIiE3NewEiNS_10MemoryTypeE
FNDA:0,_ZN4mfem6MemoryIiE4WrapEPiib
FNDA:0,_ZN4mfem6MemoryIiE6DeleteEv
FNDA:0,_ZNK4mfem6MemoryINS_10RefinementEE13GetMemoryTypeEv
FNDA:0,_ZNK4mfem6MemoryINS_16IntegrationPointEE13GetMemoryTypeEv
FNDA:0,_ZNK4mfem6MemoryIPNS_11CoefficientEE13GetMemoryTypeEv
FNDA:0,_ZNK4mfem6MemoryIPNS_17MatrixCoefficientEE13GetMemoryTypeEv
FNDA:0,_ZNK4mfem6MemoryIPNS_17VectorCoefficientEE13GetMemoryTypeEv
FNDA:0,_ZNK4mfem6MemoryIPNS_22BilinearFormIntegratorEE13GetMemoryTypeEv
FNDA:0,_ZNK4mfem6MemoryIPNS_23NonlinearFormIntegratorEE13GetMemoryTypeEv
FNDA:0,_ZNK4mfem6MemoryIbE13GetMemoryTypeEv
FNDA:0,_ZNK4mfem6MemoryIdE13GetMemoryTypeEv
FNDA:0,_ZNK4mfem6MemoryIdE4ReadENS_11MemoryClassEi
FNDA:0,_ZNK4mfem6MemoryIiE13GetMemoryTypeEv
FNDA:0,_ZNK4mfem6MemoryIiE4ReadENS_11MemoryClassEi
FNDA:0,_ZNK4mfem6MemoryIiE6CopyToERS1_i
FNDA:1,_ZN4mfem6MemoryIiE8CopyFromERKS1_i
FNF:66
FNH:1
DA:85,0
DA:88,0
DA:90,0
DA:180,0
DA:203,0
DA:240,0
DA:262,0
DA:265,0
DA:266,0
DA:269,0
DA:541,0
DA:546,0
DA:548,0
DA:748,0
DA:749,0
DA:788,0
DA:804,0
DA:805,0
DA:812,0
DA:814,0
DA:815,0
DA:816,0
DA:817,0
DA:821,0
DA:823,0
DA:825,0
DA:826,0
DA:830,0
DA:832,0
DA:833,0
DA:834,0
DA:835,0
DA:836,0
DA:837,0
DA:840,0
DA:842,0
DA:843,0
DA:844,0
DA:845,0
DA:846,0
DA:847,0
DA:848,0
DA:849,0
DA:863,0
DA:865,0
DA:866,0
DA:867,0
DA:868,0
DA:877,0
DA:879,0
DA:880,0
DA:882,0
DA:924,0
DA:931,0
DA:932,0
DA:933,0
DA:934,0
DA:936,0
DA:940,0
DA:949,0
DA:950,0
DA:951,0
DA:957,0
DA:958,0
DA:961,0
DA:962,0
DA:963,0
DA:979,0
DA:981,0
DA:982,0
DA:983,0
DA:985,0
DA:986,0
DA:988,0
DA:990,0
DA:991,0
DA:1004,0
DA:1008,0
DA:1012,0
DA:1015,0
DA:1019,0
DA:1025,0
DA:1029,0
DA:1032,0
DA:1053,0
DA:1055,0
DA:1056,0
DA:1058,0
DA:1059,0
DA:1060,0
DA:1062,0
DA:1066,0
DA:1068,0
DA:1069,0
DA:1071,0
DA:1072,0
DA:1073,0
DA:1075,0
DA:1079,0
DA:1081,0
DA:1082,0
DA:1084,0
DA:1085,0
DA:1086,0
DA:1088,0
DA:1092,0
DA:1094,0
DA:1099,0
DA:1101,0
DA:1102,0
DA:1117,0
DA:1119,0
DA:1120,0
DA:1143,1
DA:1145,1
DA:1146,1
DA:1148,1
DA:1152,0
DA:1158,0
DA:1160,1
DA:1183,0
DA:1185,0
DA:1186,0
DA:1187,0
LF:124
LH:5
end_of_record
TN:
SF:/root/mfem/general/table.hpp
FNF:0
FNH:0
DA:56,0
DA:108,0
DA:110,0
LF:3
LH:0
end_of_record
TN:
SF:/root/mfem/general/text.hpp
FN:62,_ZN4mfem6to_intERKNSt7__cxx1112basic_stringIcSt11char_traitsIcESaIcEEE
FNDA:0,_ZN4mfem6to_intERKNSt7__cxx1112basic_stringIcSt11char_traitsIcESaIcEEE
FNF:1
FNH:0
DA:62,0
DA:64,0
[...]
FNDA:0,_ZNSt6vectorIN5Catch10Generators16GeneratorWrapperIN4mfem7Element4TypeEEESaIS6_EE17_M_realloc_insertIJS6_EEEvN9__gnu_cxx17__normal_iteratorIPS6_S8_EEDpOT_
FNDA:0,_ZNSt6vectorIN5Catch10Generators16GeneratorWrapperIN4mfem7Element4TypeEEESaIS6_EE7reserveEm
FNDA:0,_ZNSt6vectorIN5Catch10Generators16GeneratorWrapperIRA21_KcEESaIS6_EE12emplace_backIJS6_EEEvDpOT_
FNDA:0,_ZNSt6vectorIN5Catch10Generators16GeneratorWrapperIRA21_KcEESaIS6_EE17_M_realloc_insertIJS6_EEEvN9__gnu_cxx17__normal_iteratorIPS6_S8_EEDpOT_
FNDA:0,_ZNSt6vectorIN5Catch10Generators16GeneratorWrapperIRA21_KcEESaIS6_EE7reserveEm
FNDA:0,_ZNSt6vectorIN5Catch10Generators16GeneratorWrapperIbEESaIS3_EE12emplace_backIJS3_EEEvDpOT_
FNDA:0,_ZNSt6vectorIN5Catch10Generators16GeneratorWrapperIbEESaIS3_EE17_M_realloc_insertIJS3_EEEvN9__gnu_cxx17__normal_iteratorIPS3_S5_EEDpOT_
FNDA:0,_ZNSt6vectorIN5Catch10Generators16GeneratorWrapperIbEESaIS3_EE7reserveEm
FNDA:0,_ZNSt6vectorIN5Catch10Generators16GeneratorWrapperIiEESaIS3_EE17_M_realloc_insertIJS3_EEEvN9__gnu_cxx17__normal_iteratorIPS3_S5_EEDpOT_
FNDA:0,_ZNSt6vectorIN5Catch11MessageInfoESaIS1_EE12emplace_backIJRNS0_9StringRefERKNS0_14SourceLineInfoERNS0_9ResultWas6OfTypeEEEEvDpOT_
FNDA:0,_ZNSt6vectorIN5Catch11MessageInfoESaIS1_EE17_M_realloc_insertIJRKS1_EEEvN9__gnu_cxx17__normal_iteratorIPS1_S3_EEDpOT_
FNDA:0,_ZNSt6vectorIN5Catch11MessageInfoESaIS1_EE17_M_realloc_insertIJRNS0_9StringRefERKNS0_14SourceLineInfoERNS0_9ResultWas6OfTypeEEEEvN9__gnu_cxx17__normal_iteratorIPS1_S3_EEDpOT_
FNDA:0,_ZNSt6vectorIN5Catch11MessageInfoESaIS1_EE8_M_eraseEN9__gnu_cxx17__normal_iteratorIPS1_S3_EES7_
FNDA:0,_ZNSt6vectorIN5Catch13ScopedMessageESaIS1_EE12emplace_backIJRKNS0_14MessageBuilderEEEEvDpOT_
FNDA:0,_ZNSt6vectorIN5Catch13ScopedMessageESaIS1_EE17_M_realloc_insertIJRKNS0_14MessageBuilderEEEEvN9__gnu_cxx17__normal_iteratorIPS1_S3_EEDpOT_
FNDA:0,_ZNSt6vectorIN5Catch13SummaryColumnESaIS1_EE12emplace_backIJS1_EEEvDpOT_
FNDA:0,_ZNSt6vectorIN5Catch13SummaryColumnESaIS1_EE17_M_realloc_insertIJS1_EEEvN9__gnu_cxx17__normal_iteratorIPS1_S3_EEDpOT_
FNDA:0,_ZNSt6vectorIN5Catch14AssertionStatsESaIS1_EE17_M_realloc_insertIJRKS1_EEEvN9__gnu_cxx17__normal_iteratorIPS1_S3_EEDpOT_
FNDA:0,_ZNSt6vectorIN5Catch14SectionEndInfoESaIS1_EE17_M_realloc_insertIJRKS1_EEEvN9__gnu_cxx17__normal_iteratorIPS1_S3_EEDpOT_
FNDA:0,_ZNSt6vectorIN5Catch5clara6detail11HelpColumnsESaIS3_EE15_M_range_insertIN9__gnu_cxx17__normal_iteratorIPS3_S5_EEEEvSA_T_SB_St20forward_iterator_tag
FNDA:0,_ZNSt6vectorIN5Catch5clara6detail5TokenESaIS3_EE17_M_default_appendEm
FNDA:0,_ZNSt6vectorIN5Catch5clara6detail5TokenESaIS3_EE8_M_eraseEN9__gnu_cxx17__normal_iteratorIPS3_S5_EE
FNDA:0,_ZNSt6vectorIN5Catch5clara8TextFlow6Column8iteratorESaIS4_EE12emplace_backIJS4_EEEvDpOT_
FNDA:0,_ZNSt6vectorIN5Catch5clara8TextFlow6Column8iteratorESaIS4_EE17_M_realloc_insertIJS4_EEEvN9__gnu_cxx17__normal_iteratorIPS4_S6_EEDpOT_
FNDA:0,_ZNSt6vectorIN5Catch5clara8TextFlow6Column8iteratorESaIS4_EE7reserveEm
FNDA:0,_ZNSt6vectorIN5Catch5clara8TextFlow6ColumnESaIS3_EE17_M_realloc_insertIJRKS3_EEEvN9__gnu_cxx17__normal_iteratorIPS3_S5_EEDpOT_
FNDA:0,_ZNSt6vectorIN5Catch8TestCaseESaIS1_EE12emplace_backIJRKS1_EEEvDpOT_
FNDA:0,_ZNSt6vectorIN5Catch8TestCaseESaIS1_EE7reserveEm
FNDA:0,_ZNSt6vectorIN5Catch9StringRefESaIS1_EE12emplace_backIJS1_EEEvDpOT_
FNDA:0,_ZNSt6vectorIN5Catch9StringRefESaIS1_EE17_M_realloc_insertIJS1_EEEvN9__gnu_cxx17__normal_iteratorIPS1_S3_EEDpOT_
FNDA:0,_ZNSt6vectorIN5Catch9StringRefESaIS1_EE7reserveEm
FNDA:0,_ZNSt6vectorINSt15__exception_ptr13exception_ptrESaIS1_EE17_M_realloc_insertIJRKS1_EEEvN9__gnu_cxx17__normal_iteratorIPS1_S3_EEDpOT_
FNDA:0,_ZNSt6vectorINSt7__cxx1112basic_stringIcSt11char_traitsIcESaIcEEESaIS5_EE12emplace_backIJRA1_KcEEEvDpOT_
FNDA:0,_ZNSt6vectorINSt7__cxx1112basic_stringIcSt11char_traitsIcESaIcEEESaIS5_EE12emplace_backIJRA2_KcEEEvDpOT_
FNDA:0,_ZNSt6vectorINSt7__cxx1112basic_stringIcSt11char_traitsIcESaIcEEESaIS5_EE15_M_range_insertIPKS5_EEvN9__gnu_cxx17__normal_iteratorIPS5_S7_EET_SF_St20forward_iterator_tag
FNDA:0,_ZNSt6vectorINSt7__cxx1112basic_stringIcSt11char_traitsIcESaIcEEESaIS5_EE17_M_realloc_insertIJRA1_KcEEEvN9__gnu_cxx17__normal_iteratorIPS5_S7_EEDpOT_
FNDA:0,_ZNSt6vectorINSt7__cxx1112basic_stringIcSt11char_traitsIcESaIcEEESaIS5_EE17_M_realloc_insertIJRA2_KcEEEvN9__gnu_cxx17__normal_iteratorIPS5_S7_EEDpOT_
FNDA:0,_ZNSt6vectorINSt7__cxx1112basic_stringIcSt11char_traitsIcESaIcEEESaIS5_EE7reserveEm
FNDA:0,_ZNSt6vectorINSt7__cxx1112basic_stringIcSt11char_traitsIcESaIcEEESaIS5_EE8_M_eraseEN9__gnu_cxx17__normal_iteratorIPS5_S7_EE
FNDA:0,_ZNSt6vectorINSt7__cxx1112regex_traitsIcE10_RegexMaskESaIS3_EE17_M_realloc_insertIJRKS3_EEEvN9__gnu_cxx17__normal_iteratorIPS3_S5_EEDpOT_
FNDA:0,_ZNSt6vectorINSt7__cxx119sub_matchIN9__gnu_cxx17__normal_iteratorIPKcNS0_12basic_stringIcSt11char_traitsIcESaIcEEEEEEESaISC_EE14_M_fill_assignEmRKSC_
FNDA:0,_ZNSt6vectorINSt7__cxx119sub_matchIN9__gnu_cxx17__normal_iteratorIPKcNS0_12basic_stringIcSt11char_traitsIcESaIcEEEEEEESaISC_EEaSERKSE_
FNDA:0,_ZNSt6vectorINSt8__detail6_StateIcEESaIS2_EE12emplace_backIJS2_EEEvDpOT_
FNDA:0,_ZNSt6vectorINSt8__detail6_StateIcEESaIS2_EE17_M_realloc_insertIJS2_EEEvN9__gnu_cxx17__normal_iteratorIPS2_S4_EEDpOT_
FNDA:0,_ZNSt6vectorISt10shared_ptrIN5Catch16IReporterFactoryEESaIS3_EE17_M_realloc_insertIJRKS3_EEEvN9__gnu_cxx17__normal_iteratorIPS3_S5_EEDpOT_
FNDA:0,_ZNSt6vectorISt10shared_ptrIN5Catch22CumulativeReporterBaseINS1_13JunitReporterEE11SectionNodeEESaIS6_EE17_M_realloc_insertIJRKS6_EEEvN9__gnu_cxx17__normal_iteratorIPS6_S8_EEDpOT_
FNDA:0,_ZNSt6vectorISt10shared_ptrIN5Catch22CumulativeReporterBaseINS1_13JunitReporterEE4NodeINS1_12TestRunStatsENS5_INS1_14TestGroupStatsENS5_INS1_13TestCaseStatsENS4_11SectionNodeEEEEEEEESaISD_EE17_M_realloc_insertIJRKSD_EEEvN9__gnu_cxx17__normal_iteratorIPSD_SF_EEDpOT_
FNDA:0,_ZNSt6vectorISt10shared_ptrIN5Catch22CumulativeReporterBaseINS1_13JunitReporterEE4NodeINS1_13TestCaseStatsENS4_11SectionNodeEEEESaIS9_EE17_M_realloc_insertIJRKS9_EEEvN9__gnu_cxx17__normal_iteratorIPS9_SB_EEDpOT_
FNDA:0,_ZNSt6vectorISt10shared_ptrIN5Catch22CumulativeReporterBaseINS1_13JunitReporterEE4NodeINS1_14TestGroupStatsENS5_INS1_13TestCaseStatsENS4_11SectionNodeEEEEEESaISB_EE17_M_realloc_insertIJRKSB_EEEvN9__gnu_cxx17__normal_iteratorIPSB_SD_EEDpOT_
FNDA:0,_ZNSt6vectorISt10unique_ptrIKN5Catch20IExceptionTranslatorESt14default_deleteIS3_EESaIS6_EE12emplace_backIJS6_EEEvDpOT_
FNDA:0,_ZNSt6vectorISt10unique_ptrIKN5Catch20IExceptionTranslatorESt14default_deleteIS3_EESaIS6_EE17_M_realloc_insertIJS6_EEEvN9__gnu_cxx17__normal_iteratorIPS6_S8_EEDpOT_
FNDA:0,_ZNSt6vectorISt10unique_ptrIN5Catch18IStreamingReporterESt14default_deleteIS2_EESaIS5_EE12emplace_backIJS5_EEEvDpOT_
FNDA:0,_ZNSt6vectorISt10unique_ptrIN5Catch18IStreamingReporterESt14default_deleteIS2_EESaIS5_EE17_M_realloc_insertIJS5_EEEvN9__gnu_cxx17__normal_iteratorIPS5_S7_EEDpOT_
FNDA:0,_ZNSt6vectorISt10unique_ptrIN5Catch6Detail8EnumInfoESt14default_deleteIS3_EESaIS6_EE12emplace_backIJS6_EEEvDpOT_
FNDA:0,_ZNSt6vectorISt10unique_ptrIN5Catch6Detail8EnumInfoESt14default_deleteIS3_EESaIS6_EE17_M_realloc_insertIJS6_EEEvN9__gnu_cxx17__normal_iteratorIPS6_S8_EEDpOT_
FNDA:0,_ZNSt6vectorISt4pairINSt7__cxx1112basic_stringIcSt11char_traitsIcESaIcEEES6_ESaIS7_EE12emplace_backIJS7_EEEvDpOT_
FNDA:0,_ZNSt6vectorISt4pairINSt7__cxx1112basic_stringIcSt11char_traitsIcESaIcEEES6_ESaIS7_EE17_M_realloc_insertIJS7_EEEvN9__gnu_cxx17__normal_iteratorIPS7_S9_EEDpOT_
FNDA:0,_ZNSt6vectorISt4pairIccESaIS1_EE12emplace_backIJS1_EEEvDpOT_
FNDA:0,_ZNSt6vectorISt4pairIccESaIS1_EE17_M_realloc_insertIJS1_EEEvN9__gnu_cxx17__normal_iteratorIPS1_S3_EEDpOT_
FNDA:0,_ZNSt6vectorISt4pairIiN5Catch9StringRefEESaIS3_EE12emplace_backIJRiRKS2_EEEvDpOT_
FNDA:0,_ZNSt6vectorISt4pairIiN5Catch9StringRefEESaIS3_EE17_M_realloc_insertIJRiRKS2_EEEvN9__gnu_cxx17__normal_iteratorIPS3_S5_EEDpOT_
FNDA:0,_ZNSt6vectorISt4pairIiN5Catch9StringRefEESaIS3_EE7reserveEm
FNDA:0,_ZNSt6vectorISt4pairIlS_INSt7__cxx119sub_matchIN9__gnu_cxx17__normal_iteratorIPKcNS1_12basic_stringIcSt11char_traitsIcESaIcEEEEEEESaISD_EEESaISG_EE12emplace_backIJRlRKSF_EEEvDpOT_
FNDA:0,_ZNSt6vectorISt4pairIlS_INSt7__cxx119sub_matchIN9__gnu_cxx17__normal_iteratorIPKcNS1_12basic_stringIcSt11char_traitsIcESaIcEEEEEEESaISD_EEESaISG_EE17_M_realloc_insertIJRlRKSF_EEEvNS4_IPSG_SI_EEDpOT_
FNDA:0,_ZNSt6vectorISt4pairImPKN5Catch8TestCaseEESaIS5_EE12emplace_backIJmS4_EEEvDpOT_
FNDA:0,_ZNSt6vectorISt4pairImPKN5Catch8TestCaseEESaIS5_EE17_M_realloc_insertIJmS4_EEEvN9__gnu_cxx17__normal_iteratorIPS5_S7_EEDpOT_
FNDA:0,_ZNSt6vectorISt4pairImPKN5Catch8TestCaseEESaIS5_EE7reserveEm
FNDA:0,_ZNSt6vectorIcSaIcEE12emplace_backIJcEEEvDpOT_
FNDA:0,_ZNSt6vectorIcSaIcEE17_M_realloc_insertIJcEEEvN9__gnu_cxx17__normal_iteratorIPcS1_EEDpOT_
FNDA:0,_ZNSt6vectorIcSaIcEE8_M_eraseEN9__gnu_cxx17__normal_iteratorIPcS1_EES5_
FNDA:0,_ZNSt6vectorIdSaIdEE17_M_default_appendEm
FNDA:0,_ZNSt6vectorIiSaIiEE13_M_assign_auxIPKiEEvT_S5_St20forward_iterator_tag
FNDA:1,_ZNSt6vectorIN5Catch5clara6detail3ArgESaIS3_EE17_M_realloc_insertIJRKS3_EEEvN9__gnu_cxx17__normal_iteratorIPS3_S5_EEDpOT_
FNDA:1,_ZNSt6vectorIN5Catch5clara6detail3ArgESaIS3_EEaSERKS5_
FNDA:1,_ZNSt6vectorIN5Catch5clara6detail3OptESaIS3_EEaSERKS5_
FNDA:1,_ZNSt6vectorIN5Catch5clara6detail5TokenESaIS3_EE12emplace_backIJS3_EEEvDpOT_
FNDA:1,_ZNSt6vectorIN5Catch5clara6detail5TokenESaIS3_EE17_M_realloc_insertIJS3_EEEvN9__gnu_cxx17__normal_iteratorIPS3_S5_EEDpOT_
FNDA:1,_ZNSt6vectorIN5Catch8TestSpec6FilterESaIS2_EE17_M_realloc_insertIJRKS2_EEEvN9__gnu_cxx17__normal_iteratorIPS2_S4_EEDpOT_
FNDA:1,_ZNSt6vectorINSt7__cxx1112basic_stringIcSt11char_traitsIcESaIcEEESaIS5_EE12emplace_backIJS5_EEEvDpOT_
FNDA:1,_ZNSt6vectorINSt7__cxx1112basic_stringIcSt11char_traitsIcESaIcEEESaIS5_EE15_M_range_insertIN9__gnu_cxx17__normal_iteratorIPKS5_S7_EEEEvNSA_IPS5_S7_EET_SG_St20forward_iterator_tag
FNDA:1,_ZNSt6vectorINSt7__cxx1112basic_stringIcSt11char_traitsIcESaIcEEESaIS5_EE17_M_realloc_insertIJS5_EEEvN9__gnu_cxx17__normal_iteratorIPS5_S7_EEDpOT_
FNDA:1,_ZNSt6vectorIPKN5Catch8TestCaseESaIS3_EE12emplace_backIJS3_EEEvDpOT_
FNDA:1,_ZNSt6vectorIPKN5Catch8TestCaseESaIS3_EE17_M_realloc_insertIJS3_EEEvN9__gnu_cxx17__normal_iteratorIPS3_S5_EEDpOT_
FNDA:1,_ZNSt6vectorIPN5Catch16TestCaseTracking8ITrackerESaIS3_EE12emplace_backIJS3_EEEvDpOT_
FNDA:1,_ZNSt6vectorIPN5Catch16TestCaseTracking8ITrackerESaIS3_EE17_M_realloc_insertIJS3_EEEvN9__gnu_cxx17__normal_iteratorIPS3_S5_EEDpOT_
FNDA:1,_ZNSt6vectorISt10unique_ptrINSt7__cxx1119basic_ostringstreamIcSt11char_traitsIcESaIcEEESt14default_deleteIS6_EESaIS9_EE12emplace_backIJS9_EEEvDpOT_
FNDA:1,_ZNSt6vectorISt10unique_ptrINSt7__cxx1119basic_ostringstreamIcSt11char_traitsIcESaIcEEESt14default_deleteIS6_EESaIS9_EE17_M_realloc_insertIJS9_EEEvN9__gnu_cxx17__normal_iteratorIPS9_SB_EEDpOT_
FNDA:1,_ZNSt6vectorImSaImEE17_M_realloc_insertIJRKmEEEvN9__gnu_cxx17__normal_iteratorIPmS1_EEDpOT_
FNDA:2,_ZNSt6vectorIN5Catch11SectionInfoESaIS1_EE17_M_realloc_insertIJRKS1_EEEvN9__gnu_cxx17__normal_iteratorIPS1_S3_EEDpOT_
FNDA:2,_ZNSt6vectorINSt7__cxx1112basic_stringIcSt11char_traitsIcESaIcEEESaIS5_EEaSERKS7_
FNDA:2,_ZNSt6vectorIPN5Catch10ISingletonESaIS2_EE17_M_realloc_insertIJRKS2_EEEvN9__gnu_cxx17__normal_iteratorIPS2_S4_EEDpOT_
FNDA:3,_ZNSt6vectorIN5Catch10Generators16GeneratorWrapperIiEESaIS3_EE7reserveEm
FNDA:3,_ZNSt6vectorISt10shared_ptrIN5Catch8TestSpec7PatternEESaIS4_EE17_M_realloc_insertIJRKS4_EEEvN9__gnu_cxx17__normal_iteratorIPS4_S6_EEDpOT_
FNDA:5,_ZNSt6vectorISt10shared_ptrIN5Catch16TestCaseTracking8ITrackerEESaIS4_EE17_M_realloc_insertIJRKS4_EEEvN9__gnu_cxx17__normal_iteratorIPS4_S6_EEDpOT_
FNDA:7,_ZNSt6vectorIN5Catch10Generators16GeneratorWrapperIiEESaIS3_EE12emplace_backIJS3_EEEvDpOT_
FNDA:9,_ZNSt6vectorIN5Catch8TestCaseESaIS1_EE17_M_realloc_insertIJRKS1_EEEvN9__gnu_cxx17__normal_iteratorIPS1_S3_EEDpOT_
FNDA:33,_ZNSt6vectorIN5Catch5clara6detail3OptESaIS3_EE17_M_realloc_insertIJRKS3_EEEvN9__gnu_cxx17__normal_iteratorIPS3_S5_EEDpOT_
FNDA:192,_ZNSt6vectorINSt7__cxx1112basic_stringIcSt11char_traitsIcESaIcEEESaIS5_EE8_M_eraseEN9__gnu_cxx17__normal_iteratorIPS5_S7_EESB_
FNDA:936,_ZNSt6vectorINSt7__cxx1112basic_stringIcSt11char_traitsIcESaIcEEESaIS5_EE17_M_realloc_insertIJRKS5_EEEvN9__gnu_cxx17__normal_iteratorIPS5_S7_EEDpOT_
FNF:112
FNH:27
DA:66,3
DA:69,3
DA:70,0
DA:71,3
DA:73,3
DA:78,3
DA:79,3
DA:80,3
DA:92,6
DA:93,3
DA:94,3
DA:95,3
DA:96,3
DA:97,3
DA:99,3
DA:109,12
DA:112,12
DA:115,7
DA:117,7
DA:121,5
DA:125,12
DA:171,0
DA:174,0
DA:175,0
DA:176,0
DA:177,0
DA:179,0
DA:184,192
DA:187,192
DA:189,0
DA:190,0
DA:191,0
DA:193,192
DA:198,4
DA:201,4
DA:223,4
DA:224,4
DA:226,2
DA:228,2
DA:229,2
DA:230,4
DA:231,2
DA:232,2
DA:233,2
DA:234,2
DA:236,2
DA:238,5
DA:239,3
DA:243,0
DA:245,4
DA:246,0
DA:248,0
DA:250,4
DA:252,4
DA:257,0
DA:260,0
DA:262,0
DA:263,0
DA:265,0
DA:267,0
DA:268,0
DA:270,0
DA:271,0
DA:272,0
DA:276,0
DA:277,0
DA:300,0
DA:304,0
DA:306,0
DA:308,0
DA:309,0
DA:310,0
DA:311,0
DA:313,0
DA:314,0
DA:315,0
DA:316,0
DA:317,0
DA:318,0
DA:320,0
DA:321,0
DA:324,0
DA:325,0
DA:326,0
DA:327,0
DA:329,0
DA:330,0
DA:332,0
DA:335,0
DA:426,998
DA:436,998
DA:437,998
DA:438,998
DA:439,998
DA:440,998
DA:441,998
DA:449,2899
DA:450,998
DA:456,1907
DA:461,1907
DA:462,1907
DA:464,998
DA:466,998
DA:467,998
DA:474,0
DA:475,0
DA:477,0
DA:481,0
DA:482,0
DA:485,0
DA:487,0
DA:488,0
DA:491,0
DA:492,0
DA:493,0
DA:498,0
DA:500,1996
DA:501,998
DA:502,998
DA:503,998
DA:504,998
DA:505,998
DA:611,0
DA:614,0
DA:616,0
DA:617,0
DA:618,0
DA:620,0
DA:621,0
DA:623,0
DA:626,0
DA:627,0
DA:628,0
DA:634,0
DA:635,0
DA:640,0
DA:641,0
DA:648,0
DA:649,0
DA:675,0
DA:676,0
DA:677,0
DA:678,0
DA:679,0
DA:680,0
DA:683,0
DA:721,1
DA:725,1
DA:727,1
DA:728,1
DA:729,1
DA:731,0
DA:732,0
DA:733,0
DA:736,0
DA:739,0
DA:740,0
DA:742,0
DA:744,1
DA:748,0
DA:749,0
DA:751,0
DA:753,0
DA:754,0
DA:756,0
DA:759,0
DA:760,0
DA:762,1
DA:768,1
DA:769,1
DA:770,1
DA:775,1
DA:776,1
DA:778,1
DA:780,1
DA:783,1
DA:784,1
DA:786,0
DA:788,0
DA:789,0
DA:790,0
DA:791,0
DA:793,1
DA:794,1
DA:796,2
DA:797,1
DA:798,1
DA:799,1
DA:800,1
DA:801,1
DA:804,1
LF:191
LH:87
end_of_record
TN:
SF:/usr/include/c++/10/bitset
FNF:0
FNH:0
DA:82,0
DA:83,0
DA:99,0
DA:100,0
DA:107,0
DA:108,0
DA:111,0
DA:112,0
DA:115,0
DA:116,0
DA:119,0
DA:120,0
DA:813,0
DA:815,0
DA:816,0
DA:823,0
DA:828,0
DA:830,0
DA:831,0
DA:833,0
DA:869,0
DA:870,0
DA:1065,0
DA:1066,0
DA:1067,0
DA:1163,0
DA:1164,0
DA:1167,0
DA:1168,0
DA:1300,0
LF:30
LH:0
end_of_record
TN:
SF:/usr/include/c++/10/chrono
FNF:0
FNH:0
DA:198,3
DA:201,3
DA:254,3
DA:263,3
DA:470,3
DA:471,0
DA:486,3
DA:838,3
DA:839,3
LF:9
LH:8
end_of_record
TN:
SF:/usr/include/c++/10/cmath
FNF:0
FNH:0
DA:415,0
DA:418,0
DA:592,0
DA:593,0
DA:611,0
DA:612,0
DA:619,0
DA:620,0
DA:1660,0
DA:1661,0
LF:10
LH:0
end_of_record
TN:
SF:/usr/include/c++/10/ext/aligned_buffer.h
FNF:0
FNH:0
DA:64,0
DA:65,0
DA:68,1789
DA:69,0
DA:72,391
DA:73,391
DA:76,1789
DA:77,1789
DA:102,71
DA:104,59
DA:114,71
DA:115,53
LF:12
LH:9
end_of_record
TN:
SF:/usr/include/c++/10/ext/alloc_traits.h
FNF:0
FNH:0
DA:97,11602
DA:98,11602
DA:100,0
DA:101,0
LF:4
LH:2
end_of_record
TN:
SF:/usr/include/c++/10/ext/atomicity.h
FNF:0
FNH:0
DA:49,1761
DA:50,1761
DA:54,51
DA:55,51
DA:80,1761
DA:83,1761
DA:84,1761
DA:91,51
DA:94,51
DA:96,51
DA:97,51
DA:100,51
LF:12
LH:12
end_of_record
TN:
SF:/usr/include/c++/10/ext/concurrence.h
FN:68,_ZNK9__gnu_cxx24__concurrence_lock_error4whatEv
FN:76,_ZNK9__gnu_cxx26__concurrence_unlock_error4whatEv
FN:84,_ZNK9__gnu_cxx29__concurrence_broadcast_error4whatEv
FN:92,_ZNK9__gnu_cxx24__concurrence_wait_error4whatEv
FNDA:0,_ZNK9__gnu_cxx24__concurrence_lock_error4whatEv
FNDA:0,_ZNK9__gnu_cxx24__concurrence_wait_error4whatEv
FNDA:0,_ZNK9__gnu_cxx26__concurrence_unlock_error4whatEv
FNDA:0,_ZNK9__gnu_cxx29__concurrence_broadcast_error4whatEv
FNF:4
FNH:0
DA:68,0
DA:69,0
DA:76,0
DA:77,0
DA:84,0
DA:85,0
DA:92,0
DA:93,0
LF:8
LH:0
end_of_record
TN:
SF:/usr/include/c++/10/ext/new_allocator.h
FN:154,_ZN9__gnu_cxx13new_allocatorIN5Catch8TestSpec10TagPatternEE9constructIS3_JRA2_KcRNSt7__cxx1112basic_stringIcSt11char_traitsIcESaIcEEEEEEvPT_DpOT0_
FNDA:0,_ZN9__gnu_cxx13new_allocatorIN5Catch8TestSpec10TagPatternEE9constructIS3_JRA2_KcRNSt7__cxx1112basic_stringIcSt11char_traitsIcESaIcEEEEEEvPT_DpOT0_
FNF:1
FNH:0
DA:79,1039
DA:82,14311
DA:89,19594
DA:103,4016
DA:111,4016
DA:112,0
DA:121,3764
DA:126,6458
DA:139,6458
DA:148,2005
DA:149,3004
DA:154,7
DA:156,4272
DA:160,918
DA:162,1891
DA:191,6021
LF:16
LH:15
end_of_record
TN:
SF:/usr/include/c++/10/ext/string_conversions.h
FN:54,_ZN9__gnu_cxx6__stoaIddcJEEET0_PFT_PKT1_PPS3_DpT2_EPKcS5_PmS9_
FNDA:0,_ZN9__gnu_cxx6__stoaIddcJEEET0_PFT_PKT1_PPS3_DpT2_EPKcS5_PmS9_
FNF:1
FNH:0
DA:54,0
DA:63,0
DA:64,0
DA:66,0
DA:70,0
DA:80,0
DA:82,0
DA:83,0
DA:84,0
DA:85,0
DA:86,0
DA:88,0
DA:90,0
DA:91,0
DA:93,0
LF:15
LH:0
end_of_record
TN:
SF:/usr/include/c++/10/ext/type_traits.h
FNF:0
FNH:0
DA:152,13820
DA:157,0
LF:2
LH:1
end_of_record
TN:
SF:/usr/include/c++/10/fstream
FNF:0
FNH:0
DA:265,0
DA:266,0
DA:640,0
DA:641,0
LF:4
LH:0
end_of_record
TN:
SF:/usr/include/c++/10/initializer_list
FNF:0
FNH:0
DA:71,3
DA:75,3
DA:79,3
LF:3
LH:3
end_of_record
TN:
SF:/usr/include/c++/10/iomanip
FNF:0
FNH:0
DA:96,0
DA:97,0
DA:109,0
DA:111,0
DA:165,0
DA:178,0
DA:180,0
DA:195,0
DA:196,0
DA:208,0
DA:210,0
DA:225,0
DA:226,0
DA:238,0
DA:240,0
LF:15
LH:0
end_of_record
TN:
SF:/usr/include/c++/10/iostream
FNF:0
FNH:0
LF:0
LH:0
end_of_record
TN:
SF:/usr/include/c++/10/istream
FNF:0
FNH:0
DA:131,0
DA:133,0
DA:134,0
DA:182,0
DA:183,0
DA:186,0
DA:187,0
DA:218,0
DA:219,0
DA:980,0
DA:982,0
DA:983,0
DA:984,0
LF:13
LH:0
end_of_record
TN:
SF:/usr/include/c++/10/new
FNF:0
FNH:0
DA:174,11012
DA:175,10999
LF:2
LH:2
end_of_record
TN:
SF:/usr/include/c++/10/ostream
FNF:0
FNH:0
DA:93,0
DA:108,1
DA:113,1
DA:127,0
DA:132,0
DA:170,0
DA:171,0
DA:174,0
DA:175,0
DA:192,0
DA:196,0
DA:201,0
DA:202,0
DA:205,0
DA:206,0
DA:220,0
DA:221,0
DA:224,0
DA:228,0
DA:517,5
DA:518,5
DA:528,0
DA:529,0
DA:606,1
DA:609,1
DA:611,1
DA:612,1
LF:27
LH:8
end_of_record
TN:
SF:/usr/include/c++/10/sstream
FNF:0
FNH:0
DA:677,1
DA:678,1
DA:687,1
DA:688,1
DA:831,0
DA:832,0
LF:6
LH:4
end_of_record
TN:
SF:/usr/include/c++/10/stdexcept
FNF:0
FNH:0
DA:159,0
LF:1
LH:0
end_of_record
TN:
SF:/usr/include/c++/10/streambuf
FNF:0
FNH:0
DA:204,0
DA:205,0
DA:431,0
DA:434,0
DA:436,0
DA:437,0
DA:438,0
DA:441,0
DA:470,0
DA:473,0
DA:536,0
DA:539,0
DA:542,0
DA:552,0
DA:562,0
DA:564,0
DA:565,0
DA:566,0
LF:18
LH:0
end_of_record
TN:
SF:/usr/include/c++/10/tuple
FNF:0
FNH:0
DA:80,17
DA:90,20
DA:91,20
DA:123,23
DA:132,17
DA:133,3
DA:135,0
DA:136,0
DA:142,20
DA:143,11
DA:176,51
DA:179,26
DA:211,14
DA:214,26
DA:217,16
DA:222,17
DA:223,17
DA:232,11
DA:234,11
DA:243,16
DA:246,16
DA:247,15
DA:360,8
DA:365,17
DA:366,17
DA:369,0
DA:370,0
DA:374,11
DA:375,11
DA:384,16
DA:386,16
DA:650,0
DA:652,0
DA:679,0
DA:972,17
DA:974,14
DA:1000,11
DA:1002,11
DA:1013,16
DA:1300,54
DA:1301,54
DA:1305,26
DA:1306,26
DA:1311,54
DA:1312,41
DA:1317,26
DA:1318,22
DA:1690,0
DA:1695,0
DA:1702,0
DA:1705,0
DA:1706,0
LF:52
LH:40
end_of_record
TN:
SF:/usr/include/c++/10/typeinfo
FN:120,_ZNKSt9type_infoeqERKS_
FNDA:0,_ZNKSt9type_infoeqERKS_
FNF:1
FNH:0
DA:120,0
DA:122,0
DA:123,0
DA:124,0
LF:4
LH:0
end_of_record
TN:
SF:/usr/include/string.h
FNF:0
FNH:0
DA:239,0
DA:241,0
LF:2
LH:0
end_of_record
TN:
SF:/usr/include/x86_64-linux-gnu/bits/stdio.h
FNF:0
FNH:0
DA:47,0
DA:49,0
LF:2
LH:0
end_of_record
TN:
SF:/usr/include/x86_64-linux-gnu/bits/stdio2.h
FNF:0
FNH:0
DA:36,0
DA:38,0
LF:2
LH:0
end_of_record
TN:
SF:/usr/include/x86_64-linux-gnu/bits/string_fortified.h
FNF:0
FNH:0
DA:26,0
DA:29,0
DA:30,0
DA:57,0
DA:59,0
LF:5
LH:0
end_of_record
TN:
SF:/usr/include/x86_64-linux-gnu/bits/wchar2.h
FNF:0
FNH:0
DA:39,0
DA:42,0
LF:2
LH:0
end_of_record
TN:
SF:/usr/include/x86_64-linux-gnu/c++/10/bits/ctype_inline.h
FNF:0
FNH:0
DA:42,0
DA:44,0
LF:2
LH:0
end_of_record
TN:
SF:/usr/include/x86_64-linux-gnu/c++/10/bits/gthr-default.h
FNF:0
FNH:0
DA:300,1812
DA:302,1812
LF:2
LH:2
end_of_record
